-- Install configuration: ""
-- Execute custom install script
-- Up-to-date symlink: /home/zech/exia_ws/install/exia_ground_description/share/exia_ground_description/urdf/exia_ground.urdf.xacro
-- Symlinking: /home/zech/exia_ws/install/exia_ground_description/share/exia_ground_description/launch/__pycache__/exia_ground_sim.launch.cpython-310.pyc
-- Up-to-date symlink: /home/zech/exia_ws/install/exia_ground_description/share/exia_ground_description/launch/dynamic_nav.launch.py
-- Up-to-date symlink: /home/zech/exia_ws/install/exia_ground_description/share/exia_ground_description/launch/exia_ground_sim.launch.py
-- Up-to-date symlink: /home/zech/exia_ws/install/exia_ground_description/share/exia_ground_description/launch/exia_ground_state.launch.py
-- Up-to-date symlink: /home/zech/exia_ws/install/exia_ground_description/share/exia_ground_description/rviz/exia_ground.rviz
-- Up-to-date symlink: /home/zech/exia_ws/install/exia_ground_description/share/exia_ground_description/rviz/exia_slam_nav.rviz
-- Up-to-date symlink: /home/zech/exia_ws/install/exia_ground_description/share/exia_ground_description/config/ackermann_controllers.yaml
-- Up-to-date symlink: /home/zech/exia_ws/install/exia_ground_description/share/exia_ground_description/config/hardware_config.yaml
-- Up-to-date symlink: /home/zech/exia_ws/install/exia_ground_description/share/exia_ground_description/config/nav2_params.yaml
-- Up-to-date symlink: /home/zech/exia_ws/install/exia_ground_description/share/exia_ground_description/config/slam_toolbox_params.yaml
-- Up-to-date symlink: /home/zech/exia_ws/install/exia_ground_description/share/exia_ground_description/worlds/exia_world.sdf
-- Up-to-date symlink: /home/zech/exia_ws/install/exia_ground_description/lib/exia_ground_description/ackermann_drive_node.py
-- Up-to-date symlink: /home/zech/exia_ws/install/exia_ground_description/lib/exia_ground_description/ackermann_odometry.py
-- Up-to-date symlink: /home/zech/exia_ws/install/exia_ground_description/lib/exia_ground_description/path_follower_node.py
-- Up-to-date symlink: /home/zech/exia_ws/install/exia_ground_description/lib/exia_ground_description/dynamic_navigator_node.py
-- Up-to-date symlink: /home/zech/exia_ws/install/exia_ground_description/lib/exia_ground_description/xbox_teleop_node.py
-- Up-to-date symlink: /home/zech/exia_ws/install/exia_ground_description/share/ament_index/resource_index/package_run_dependencies/exia_ground_description
-- Up-to-date symlink: /home/zech/exia_ws/install/exia_ground_description/share/ament_index/resource_index/parent_prefix_path/exia_ground_description
-- Up-to-date symlink: /home/zech/exia_ws/install/exia_ground_description/share/exia_ground_description/environment/ament_prefix_path.sh
-- Up-to-date symlink: /home/zech/exia_ws/install/exia_ground_description/share/exia_ground_description/environment/ament_prefix_path.dsv
-- Up-to-date symlink: /home/zech/exia_ws/install/exia_ground_description/share/exia_ground_description/environment/path.sh
-- Up-to-date symlink: /home/zech/exia_ws/install/exia_ground_description/share/exia_ground_description/environment/path.dsv
-- Up-to-date symlink: /home/zech/exia_ws/install/exia_ground_description/share/exia_ground_description/local_setup.bash
-- Up-to-date symlink: /home/zech/exia_ws/install/exia_ground_description/share/exia_ground_description/local_setup.sh
-- Up-to-date symlink: /home/zech/exia_ws/install/exia_ground_description/share/exia_ground_description/local_setup.zsh
-- Up-to-date symlink: /home/zech/exia_ws/install/exia_ground_description/share/exia_ground_description/local_setup.dsv
-- Symlinking: /home/zech/exia_ws/install/exia_ground_description/share/exia_ground_description/package.dsv
-- Up-to-date symlink: /home/zech/exia_ws/install/exia_ground_description/share/ament_index/resource_index/packages/exia_ground_description
-- Up-to-date symlink: /home/zech/exia_ws/install/exia_ground_description/share/exia_ground_description/cmake/exia_ground_descriptionConfig.cmake
-- Up-to-date symlink: /home/zech/exia_ws/install/exia_ground_description/share/exia_ground_description/cmake/exia_ground_descriptionConfig-version.cmake
-- Up-to-date symlink: /home/zech/exia_ws/install/exia_ground_description/share/exia_ground_description/package.xml
-- Up-to-date: /home/zech/exia_ws/install/exia_ground_description/lib/exia_ground_description/exia_control
-- Up-to-date: /home/zech/exia_ws/install/exia_ground_description/lib/exia_ground_description/exia_control/control
-- Up-to-date: /home/zech/exia_ws/install/exia_ground_description/lib/exia_ground_description/exia_control/control/__init__.py
-- Up-to-date: /home/zech/exia_ws/install/exia_ground_description/lib/exia_ground_description/exia_control/control/ackermann_drive.py
-- Up-to-date: /home/zech/exia_ws/install/exia_ground_description/lib/exia_ground_description/exia_control/hal
-- Up-to-date: /home/zech/exia_ws/install/exia_ground_description/lib/exia_ground_description/exia_control/hal/simulation.py
-- Up-to-date: /home/zech/exia_ws/install/exia_ground_description/lib/exia_ground_description/exia_control/hal/__init__.py
-- Up-to-date: /home/zech/exia_ws/install/exia_ground_description/lib/exia_ground_description/exia_control/hal/base.py
-- Up-to-date: /home/zech/exia_ws/install/exia_ground_description/lib/exia_ground_description/exia_control/__init__.py
-- Up-to-date: /home/zech/exia_ws/install/exia_ground_description/lib/exia_ground_description/exia_control/navigation
-- Up-to-date: /home/zech/exia_ws/install/exia_ground_description/lib/exia_ground_description/exia_control/navigation/planner_interface.py
-- Up-to-date: /home/zech/exia_ws/install/exia_ground_description/lib/exia_ground_description/exia_control/navigation/__init__.py
-- Up-to-date: /home/zech/exia_ws/install/exia_ground_description/lib/exia_ground_description/exia_control/navigation/path_validator.py
-- Up-to-date: /home/zech/exia_ws/install/exia_ground_description/lib/exia_ground_description/exia_control/planning
-- Up-to-date: /home/zech/exia_ws/install/exia_ground_description/lib/exia_ground_description/exia_control/planning/paths.py
-- Up-to-date: /home/zech/exia_ws/install/exia_ground_description/lib/exia_ground_description/exia_control/planning/__init__.py
-- Up-to-date: /home/zech/exia_ws/install/exia_ground_description/lib/exia_ground_description/exia_control/planning/pure_pursuit.py
-- Up-to-date: /home/zech/exia_ws/install/exia_ground_description/lib/exia_ground_description/exia_control/planning/__pycache__
-- Up-to-date: /home/zech/exia_ws/install/exia_ground_description/lib/exia_ground_description/exia_control/__pycache__
