[0.008s] Invoking command in '/home/zech/exia_ws/build/exia_msgs': CMAKE_PREFIX_PATH=${CMAKE_PREFIX_PATH}:/home/zech/exia_ws/install/exia_control:/home/zech/exia_ws/install/exia_driver:/opt/ros/humble VIRTUAL_ENV_PROMPT=(.venv) /usr/bin/cmake --build /home/zech/exia_ws/build/exia_msgs -- -j20 -l20
[0.042s] -- Found ament_cmake: 1.3.12 (/opt/ros/humble/share/ament_cmake/cmake)
[0.145s] -- Found rosidl_default_generators: 1.2.0 (/opt/ros/humble/share/rosidl_default_generators/cmake)
[0.147s] -- Using all available rosidl_typesupport_c: rosidl_typesupport_fastrtps_c;rosidl_typesupport_introspection_c
[0.149s] -- Found rosidl_adapter: 3.1.8 (/opt/ros/humble/share/rosidl_adapter/cmake)
[0.172s] -- Using all available rosidl_typesupport_cpp: rosidl_typesupport_fastrtps_cpp;rosidl_typesupport_introspection_cpp
[0.357s] -- Found ament_cmake_ros: 0.10.0 (/opt/ros/humble/share/ament_cmake_ros/cmake)
[0.488s] -- Using all available rosidl_typesupport_c: rosidl_typesupport_fastrtps_c;rosidl_typesupport_introspection_c
[0.635s] -- Using all available rosidl_typesupport_cpp: rosidl_typesupport_fastrtps_cpp;rosidl_typesupport_introspection_cpp
[0.654s] -- Found python_cmake_module: 0.10.0 (/opt/ros/humble/share/python_cmake_module/cmake)
[0.669s] -- Using PYTHON_EXECUTABLE: /home/zech/exia_ws/.venv/bin/python3
[0.669s] -- Using PYTHON_INCLUDE_DIRS: /usr/include/python3.10
[0.669s] -- Using PYTHON_LIBRARIES: /usr/lib/x86_64-linux-gnu/libpython3.10.so
[0.683s] -- Configuring done
[0.700s] -- Generating done
[0.705s] -- Build files have been written to: /home/zech/exia_ws/build/exia_msgs
[0.722s] [  3%] Generating C code for ROS interfaces
[0.730s] [  6%] Generating C++ code for ROS interfaces
[0.733s] [  6%] Built target ament_cmake_python_copy_exia_msgs
[0.853s] running egg_info
[0.853s] writing exia_msgs.egg-info/PKG-INFO
[0.854s] writing dependency_links to exia_msgs.egg-info/dependency_links.txt
[0.854s] writing top-level names to exia_msgs.egg-info/top_level.txt
[0.857s] reading manifest file 'exia_msgs.egg-info/SOURCES.txt'
[0.857s] writing manifest file 'exia_msgs.egg-info/SOURCES.txt'
[0.862s] Consolidate compiler generated dependencies of target exia_msgs__rosidl_generator_c
[0.864s] [  6%] Built target exia_msgs__cpp
[0.871s] [  9%] Generating C++ type support dispatch for ROS interfaces
[0.871s] [ 12%] Generating C++ introspection for ROS interfaces
[0.871s] [ 16%] Generating C++ type support for eProsima Fast-RTPS
[0.873s] [ 19%] Building C object CMakeFiles/exia_msgs__rosidl_generator_c.dir/rosidl_generator_c/exia_msgs/msg/detail/navigation_goal__functions.c.o
[0.879s] [ 19%] Built target ament_cmake_python_build_exia_msgs_egg
[0.922s] [ 22%] Linking C shared library libexia_msgs__rosidl_generator_c.so
[0.954s] [ 22%] Built target exia_msgs__rosidl_generator_c
[0.962s] [ 32%] Generating C type support dispatch for ROS interfaces
[0.963s] [ 32%] Generating C introspection for ROS interfaces
[0.963s] [ 32%] Generating C type support for eProsima Fast-RTPS
[0.994s] Consolidate compiler generated dependencies of target exia_msgs__rosidl_typesupport_cpp
[1.005s] [ 35%] Building CXX object CMakeFiles/exia_msgs__rosidl_typesupport_cpp.dir/rosidl_typesupport_cpp/exia_msgs/msg/navigation_goal__type_support.cpp.o
[1.007s] Consolidate compiler generated dependencies of target exia_msgs__rosidl_typesupport_fastrtps_cpp
[1.009s] Consolidate compiler generated dependencies of target exia_msgs__rosidl_typesupport_introspection_cpp
[1.014s] [ 38%] Building CXX object CMakeFiles/exia_msgs__rosidl_typesupport_fastrtps_cpp.dir/rosidl_typesupport_fastrtps_cpp/exia_msgs/msg/detail/dds_fastrtps/navigation_goal__type_support.cpp.o
[1.016s] [ 41%] Building CXX object CMakeFiles/exia_msgs__rosidl_typesupport_introspection_cpp.dir/rosidl_typesupport_introspection_cpp/exia_msgs/msg/detail/navigation_goal__type_support.cpp.o
[1.083s] Consolidate compiler generated dependencies of target exia_msgs__rosidl_typesupport_c
[1.093s] [ 45%] Building CXX object CMakeFiles/exia_msgs__rosidl_typesupport_c.dir/rosidl_typesupport_c/exia_msgs/msg/navigation_goal__type_support.cpp.o
[1.104s] Consolidate compiler generated dependencies of target exia_msgs__rosidl_typesupport_introspection_c
[1.112s] [ 48%] Building C object CMakeFiles/exia_msgs__rosidl_typesupport_introspection_c.dir/rosidl_typesupport_introspection_c/exia_msgs/msg/detail/navigation_goal__type_support.c.o
[1.116s] [ 51%] Linking CXX shared library libexia_msgs__rosidl_typesupport_c.so
[1.121s] Consolidate compiler generated dependencies of target exia_msgs__rosidl_typesupport_fastrtps_c
[1.132s] [ 54%] Building CXX object CMakeFiles/exia_msgs__rosidl_typesupport_fastrtps_c.dir/rosidl_typesupport_fastrtps_c/exia_msgs/msg/detail/navigation_goal__type_support_c.cpp.o
[1.139s] [ 58%] Linking C shared library libexia_msgs__rosidl_typesupport_introspection_c.so
[1.148s] [ 58%] Built target exia_msgs__rosidl_typesupport_c
[1.168s] [ 58%] Built target exia_msgs__rosidl_typesupport_introspection_c
[1.177s] [ 61%] Linking CXX shared library libexia_msgs__rosidl_typesupport_cpp.so
[1.206s] [ 61%] Built target exia_msgs__rosidl_typesupport_cpp
[1.239s] [ 64%] Linking CXX shared library libexia_msgs__rosidl_typesupport_introspection_cpp.so
[1.247s] [ 67%] Linking CXX shared library libexia_msgs__rosidl_typesupport_fastrtps_cpp.so
[1.281s] [ 67%] Built target exia_msgs__rosidl_typesupport_introspection_cpp
[1.293s] [ 67%] Built target exia_msgs__rosidl_typesupport_fastrtps_cpp
[1.313s] [ 70%] Linking CXX shared library libexia_msgs__rosidl_typesupport_fastrtps_c.so
[1.364s] [ 70%] Built target exia_msgs__rosidl_typesupport_fastrtps_c
[1.382s] [ 70%] Built target exia_msgs
[1.398s] [ 74%] Generating Python code for ROS interfaces
[1.583s] [ 74%] Built target exia_msgs__py
[1.591s] Consolidate compiler generated dependencies of target exia_msgs__rosidl_generator_py
[1.601s] [ 77%] Building C object CMakeFiles/exia_msgs__rosidl_generator_py.dir/rosidl_generator_py/exia_msgs/msg/_navigation_goal_s.c.o
[1.675s] [ 80%] Linking C shared library rosidl_generator_py/exia_msgs/libexia_msgs__rosidl_generator_py.so
[1.704s] [ 80%] Built target exia_msgs__rosidl_generator_py
[1.716s] Consolidate compiler generated dependencies of target exia_msgs__rosidl_typesupport_c__pyext
[1.716s] Consolidate compiler generated dependencies of target exia_msgs__rosidl_typesupport_fastrtps_c__pyext
[1.716s] Consolidate compiler generated dependencies of target exia_msgs__rosidl_typesupport_introspection_c__pyext
[1.725s] [ 83%] Building C object CMakeFiles/exia_msgs__rosidl_typesupport_c__pyext.dir/rosidl_generator_py/exia_msgs/_exia_msgs_s.ep.rosidl_typesupport_c.c.o
[1.729s] [ 87%] Building C object CMakeFiles/exia_msgs__rosidl_typesupport_introspection_c__pyext.dir/rosidl_generator_py/exia_msgs/_exia_msgs_s.ep.rosidl_typesupport_introspection_c.c.o
[1.729s] [ 90%] Building C object CMakeFiles/exia_msgs__rosidl_typesupport_fastrtps_c__pyext.dir/rosidl_generator_py/exia_msgs/_exia_msgs_s.ep.rosidl_typesupport_fastrtps_c.c.o
[1.777s] [ 93%] Linking C shared library rosidl_generator_py/exia_msgs/exia_msgs_s__rosidl_typesupport_c.cpython-310-x86_64-linux-gnu.so
[1.779s] [ 96%] Linking C shared library rosidl_generator_py/exia_msgs/exia_msgs_s__rosidl_typesupport_introspection_c.cpython-310-x86_64-linux-gnu.so
[1.779s] [100%] Linking C shared library rosidl_generator_py/exia_msgs/exia_msgs_s__rosidl_typesupport_fastrtps_c.cpython-310-x86_64-linux-gnu.so
[1.798s] [100%] Built target exia_msgs__rosidl_typesupport_c__pyext
[1.800s] [100%] Built target exia_msgs__rosidl_typesupport_introspection_c__pyext
[1.802s] [100%] Built target exia_msgs__rosidl_typesupport_fastrtps_c__pyext
[1.808s] Invoked command in '/home/zech/exia_ws/build/exia_msgs' returned '0': CMAKE_PREFIX_PATH=${CMAKE_PREFIX_PATH}:/home/zech/exia_ws/install/exia_control:/home/zech/exia_ws/install/exia_driver:/opt/ros/humble VIRTUAL_ENV_PROMPT=(.venv) /usr/bin/cmake --build /home/zech/exia_ws/build/exia_msgs -- -j20 -l20
[1.814s] Invoking command in '/home/zech/exia_ws/build/exia_msgs': CMAKE_PREFIX_PATH=${CMAKE_PREFIX_PATH}:/home/zech/exia_ws/install/exia_control:/home/zech/exia_ws/install/exia_driver:/opt/ros/humble VIRTUAL_ENV_PROMPT=(.venv) /usr/bin/cmake --install /home/zech/exia_ws/build/exia_msgs
[1.819s] -- Install configuration: ""
[1.819s] -- Up-to-date: /home/zech/exia_ws/install/exia_msgs/share/ament_index/resource_index/rosidl_interfaces/exia_msgs
[1.819s] -- Up-to-date: /home/zech/exia_ws/install/exia_msgs/include/exia_msgs/exia_msgs
[1.819s] -- Up-to-date: /home/zech/exia_ws/install/exia_msgs/include/exia_msgs/exia_msgs/msg
[1.820s] -- Up-to-date: /home/zech/exia_ws/install/exia_msgs/include/exia_msgs/exia_msgs/msg/rosidl_generator_c__visibility_control.h
[1.820s] -- Installing: /home/zech/exia_ws/install/exia_msgs/include/exia_msgs/exia_msgs/msg/navigation_goal.h
[1.820s] -- Up-to-date: /home/zech/exia_ws/install/exia_msgs/include/exia_msgs/exia_msgs/msg/detail
[1.820s] -- Installing: /home/zech/exia_ws/install/exia_msgs/include/exia_msgs/exia_msgs/msg/detail/navigation_goal__functions.c
[1.820s] -- Installing: /home/zech/exia_ws/install/exia_msgs/include/exia_msgs/exia_msgs/msg/detail/navigation_goal__type_support.h
[1.820s] -- Installing: /home/zech/exia_ws/install/exia_msgs/include/exia_msgs/exia_msgs/msg/detail/navigation_goal__struct.h
[1.820s] -- Installing: /home/zech/exia_ws/install/exia_msgs/include/exia_msgs/exia_msgs/msg/detail/navigation_goal__functions.h
[1.820s] -- Up-to-date: /home/zech/exia_ws/install/exia_msgs/share/exia_msgs/environment/library_path.sh
[1.820s] -- Installing: /home/zech/exia_ws/install/exia_msgs/share/exia_msgs/environment/library_path.dsv
[1.820s] -- Installing: /home/zech/exia_ws/install/exia_msgs/lib/libexia_msgs__rosidl_generator_c.so
[1.820s] -- Set runtime path of "/home/zech/exia_ws/install/exia_msgs/lib/libexia_msgs__rosidl_generator_c.so" to ""
[1.820s] -- Up-to-date: /home/zech/exia_ws/install/exia_msgs/include/exia_msgs/exia_msgs
[1.821s] -- Up-to-date: /home/zech/exia_ws/install/exia_msgs/include/exia_msgs/exia_msgs/msg
[1.821s] -- Up-to-date: /home/zech/exia_ws/install/exia_msgs/include/exia_msgs/exia_msgs/msg/rosidl_typesupport_fastrtps_c__visibility_control.h
[1.821s] -- Up-to-date: /home/zech/exia_ws/install/exia_msgs/include/exia_msgs/exia_msgs/msg/detail
[1.821s] -- Installing: /home/zech/exia_ws/install/exia_msgs/include/exia_msgs/exia_msgs/msg/detail/navigation_goal__rosidl_typesupport_fastrtps_c.h
[1.821s] -- Installing: /home/zech/exia_ws/install/exia_msgs/lib/libexia_msgs__rosidl_typesupport_fastrtps_c.so
[1.821s] -- Set runtime path of "/home/zech/exia_ws/install/exia_msgs/lib/libexia_msgs__rosidl_typesupport_fastrtps_c.so" to ""
[1.821s] -- Up-to-date: /home/zech/exia_ws/install/exia_msgs/include/exia_msgs/exia_msgs
[1.821s] -- Up-to-date: /home/zech/exia_ws/install/exia_msgs/include/exia_msgs/exia_msgs/msg
[1.821s] -- Up-to-date: /home/zech/exia_ws/install/exia_msgs/include/exia_msgs/exia_msgs/msg/rosidl_typesupport_introspection_c__visibility_control.h
[1.821s] -- Up-to-date: /home/zech/exia_ws/install/exia_msgs/include/exia_msgs/exia_msgs/msg/detail
[1.821s] -- Installing: /home/zech/exia_ws/install/exia_msgs/include/exia_msgs/exia_msgs/msg/detail/navigation_goal__rosidl_typesupport_introspection_c.h
[1.821s] -- Installing: /home/zech/exia_ws/install/exia_msgs/include/exia_msgs/exia_msgs/msg/detail/navigation_goal__type_support.c
[1.821s] -- Installing: /home/zech/exia_ws/install/exia_msgs/lib/libexia_msgs__rosidl_typesupport_introspection_c.so
[1.821s] -- Set runtime path of "/home/zech/exia_ws/install/exia_msgs/lib/libexia_msgs__rosidl_typesupport_introspection_c.so" to ""
[1.821s] -- Installing: /home/zech/exia_ws/install/exia_msgs/lib/libexia_msgs__rosidl_typesupport_c.so
[1.821s] -- Set runtime path of "/home/zech/exia_ws/install/exia_msgs/lib/libexia_msgs__rosidl_typesupport_c.so" to ""
[1.822s] -- Up-to-date: /home/zech/exia_ws/install/exia_msgs/include/exia_msgs/exia_msgs
[1.822s] -- Up-to-date: /home/zech/exia_ws/install/exia_msgs/include/exia_msgs/exia_msgs/msg
[1.822s] -- Up-to-date: /home/zech/exia_ws/install/exia_msgs/include/exia_msgs/exia_msgs/msg/rosidl_generator_cpp__visibility_control.hpp
[1.822s] -- Installing: /home/zech/exia_ws/install/exia_msgs/include/exia_msgs/exia_msgs/msg/navigation_goal.hpp
[1.822s] -- Up-to-date: /home/zech/exia_ws/install/exia_msgs/include/exia_msgs/exia_msgs/msg/detail
[1.822s] -- Installing: /home/zech/exia_ws/install/exia_msgs/include/exia_msgs/exia_msgs/msg/detail/navigation_goal__struct.hpp
[1.822s] -- Installing: /home/zech/exia_ws/install/exia_msgs/include/exia_msgs/exia_msgs/msg/detail/navigation_goal__traits.hpp
[1.822s] -- Installing: /home/zech/exia_ws/install/exia_msgs/include/exia_msgs/exia_msgs/msg/detail/navigation_goal__type_support.hpp
[1.822s] -- Installing: /home/zech/exia_ws/install/exia_msgs/include/exia_msgs/exia_msgs/msg/detail/navigation_goal__builder.hpp
[1.822s] -- Up-to-date: /home/zech/exia_ws/install/exia_msgs/include/exia_msgs/exia_msgs
[1.822s] -- Up-to-date: /home/zech/exia_ws/install/exia_msgs/include/exia_msgs/exia_msgs/msg
[1.822s] -- Up-to-date: /home/zech/exia_ws/install/exia_msgs/include/exia_msgs/exia_msgs/msg/rosidl_typesupport_fastrtps_cpp__visibility_control.h
[1.822s] -- Up-to-date: /home/zech/exia_ws/install/exia_msgs/include/exia_msgs/exia_msgs/msg/detail
[1.823s] -- Installing: /home/zech/exia_ws/install/exia_msgs/include/exia_msgs/exia_msgs/msg/detail/navigation_goal__rosidl_typesupport_fastrtps_cpp.hpp
[1.823s] -- Up-to-date: /home/zech/exia_ws/install/exia_msgs/include/exia_msgs/exia_msgs/msg/detail/dds_fastrtps
[1.823s] -- Installing: /home/zech/exia_ws/install/exia_msgs/lib/libexia_msgs__rosidl_typesupport_fastrtps_cpp.so
[1.823s] -- Set runtime path of "/home/zech/exia_ws/install/exia_msgs/lib/libexia_msgs__rosidl_typesupport_fastrtps_cpp.so" to ""
[1.823s] -- Up-to-date: /home/zech/exia_ws/install/exia_msgs/include/exia_msgs/exia_msgs
[1.823s] -- Up-to-date: /home/zech/exia_ws/install/exia_msgs/include/exia_msgs/exia_msgs/msg
[1.823s] -- Up-to-date: /home/zech/exia_ws/install/exia_msgs/include/exia_msgs/exia_msgs/msg/detail
[1.823s] -- Installing: /home/zech/exia_ws/install/exia_msgs/include/exia_msgs/exia_msgs/msg/detail/navigation_goal__rosidl_typesupport_introspection_cpp.hpp
[1.823s] -- Installing: /home/zech/exia_ws/install/exia_msgs/include/exia_msgs/exia_msgs/msg/detail/navigation_goal__type_support.cpp
[1.823s] -- Installing: /home/zech/exia_ws/install/exia_msgs/lib/libexia_msgs__rosidl_typesupport_introspection_cpp.so
[1.823s] -- Set runtime path of "/home/zech/exia_ws/install/exia_msgs/lib/libexia_msgs__rosidl_typesupport_introspection_cpp.so" to ""
[1.823s] -- Installing: /home/zech/exia_ws/install/exia_msgs/lib/libexia_msgs__rosidl_typesupport_cpp.so
[1.823s] -- Set runtime path of "/home/zech/exia_ws/install/exia_msgs/lib/libexia_msgs__rosidl_typesupport_cpp.so" to ""
[1.823s] -- Up-to-date: /home/zech/exia_ws/install/exia_msgs/share/exia_msgs/environment/pythonpath.sh
[1.823s] -- Installing: /home/zech/exia_ws/install/exia_msgs/share/exia_msgs/environment/pythonpath.dsv
[1.823s] -- Up-to-date: /home/zech/exia_ws/install/exia_msgs/local/lib/python3.10/dist-packages/exia_msgs-1.0.0-py3.10.egg-info
[1.823s] -- Installing: /home/zech/exia_ws/install/exia_msgs/local/lib/python3.10/dist-packages/exia_msgs-1.0.0-py3.10.egg-info/SOURCES.txt
[1.823s] -- Installing: /home/zech/exia_ws/install/exia_msgs/local/lib/python3.10/dist-packages/exia_msgs-1.0.0-py3.10.egg-info/dependency_links.txt
[1.823s] -- Installing: /home/zech/exia_ws/install/exia_msgs/local/lib/python3.10/dist-packages/exia_msgs-1.0.0-py3.10.egg-info/PKG-INFO
[1.823s] -- Installing: /home/zech/exia_ws/install/exia_msgs/local/lib/python3.10/dist-packages/exia_msgs-1.0.0-py3.10.egg-info/top_level.txt
[1.824s] -- Up-to-date: /home/zech/exia_ws/install/exia_msgs/local/lib/python3.10/dist-packages/exia_msgs
[1.824s] -- Installing: /home/zech/exia_ws/install/exia_msgs/local/lib/python3.10/dist-packages/exia_msgs/exia_msgs_s__rosidl_typesupport_fastrtps_c.cpython-310-x86_64-linux-gnu.so
[1.824s] -- Installing: /home/zech/exia_ws/install/exia_msgs/local/lib/python3.10/dist-packages/exia_msgs/_exia_msgs_s.ep.rosidl_typesupport_fastrtps_c.c
[1.824s] -- Installing: /home/zech/exia_ws/install/exia_msgs/local/lib/python3.10/dist-packages/exia_msgs/__init__.py
[1.824s] -- Installing: /home/zech/exia_ws/install/exia_msgs/local/lib/python3.10/dist-packages/exia_msgs/libexia_msgs__rosidl_generator_py.so
[1.824s] -- Installing: /home/zech/exia_ws/install/exia_msgs/local/lib/python3.10/dist-packages/exia_msgs/exia_msgs_s__rosidl_typesupport_c.cpython-310-x86_64-linux-gnu.so
[1.824s] -- Installing: /home/zech/exia_ws/install/exia_msgs/local/lib/python3.10/dist-packages/exia_msgs/_exia_msgs_s.ep.rosidl_typesupport_c.c
[1.824s] -- Up-to-date: /home/zech/exia_ws/install/exia_msgs/local/lib/python3.10/dist-packages/exia_msgs/msg
[1.824s] -- Installing: /home/zech/exia_ws/install/exia_msgs/local/lib/python3.10/dist-packages/exia_msgs/msg/_navigation_goal_s.c
[1.824s] -- Installing: /home/zech/exia_ws/install/exia_msgs/local/lib/python3.10/dist-packages/exia_msgs/msg/__init__.py
[1.824s] -- Installing: /home/zech/exia_ws/install/exia_msgs/local/lib/python3.10/dist-packages/exia_msgs/msg/_navigation_goal.py
[1.824s] -- Installing: /home/zech/exia_ws/install/exia_msgs/local/lib/python3.10/dist-packages/exia_msgs/exia_msgs_s__rosidl_typesupport_introspection_c.cpython-310-x86_64-linux-gnu.so
[1.824s] -- Installing: /home/zech/exia_ws/install/exia_msgs/local/lib/python3.10/dist-packages/exia_msgs/_exia_msgs_s.ep.rosidl_typesupport_introspection_c.c
[1.852s] Listing '/home/zech/exia_ws/install/exia_msgs/local/lib/python3.10/dist-packages/exia_msgs'...
[1.852s] Compiling '/home/zech/exia_ws/install/exia_msgs/local/lib/python3.10/dist-packages/exia_msgs/__init__.py'...
[1.852s] Listing '/home/zech/exia_ws/install/exia_msgs/local/lib/python3.10/dist-packages/exia_msgs/msg'...
[1.852s] Compiling '/home/zech/exia_ws/install/exia_msgs/local/lib/python3.10/dist-packages/exia_msgs/msg/__init__.py'...
[1.853s] Compiling '/home/zech/exia_ws/install/exia_msgs/local/lib/python3.10/dist-packages/exia_msgs/msg/_navigation_goal.py'...
[1.857s] -- Installing: /home/zech/exia_ws/install/exia_msgs/local/lib/python3.10/dist-packages/exia_msgs/exia_msgs_s__rosidl_typesupport_fastrtps_c.cpython-310-x86_64-linux-gnu.so
[1.857s] -- Set runtime path of "/home/zech/exia_ws/install/exia_msgs/local/lib/python3.10/dist-packages/exia_msgs/exia_msgs_s__rosidl_typesupport_fastrtps_c.cpython-310-x86_64-linux-gnu.so" to ""
[1.857s] -- Installing: /home/zech/exia_ws/install/exia_msgs/local/lib/python3.10/dist-packages/exia_msgs/exia_msgs_s__rosidl_typesupport_introspection_c.cpython-310-x86_64-linux-gnu.so
[1.857s] -- Set runtime path of "/home/zech/exia_ws/install/exia_msgs/local/lib/python3.10/dist-packages/exia_msgs/exia_msgs_s__rosidl_typesupport_introspection_c.cpython-310-x86_64-linux-gnu.so" to ""
[1.857s] -- Installing: /home/zech/exia_ws/install/exia_msgs/local/lib/python3.10/dist-packages/exia_msgs/exia_msgs_s__rosidl_typesupport_c.cpython-310-x86_64-linux-gnu.so
[1.857s] -- Set runtime path of "/home/zech/exia_ws/install/exia_msgs/local/lib/python3.10/dist-packages/exia_msgs/exia_msgs_s__rosidl_typesupport_c.cpython-310-x86_64-linux-gnu.so" to ""
[1.858s] -- Installing: /home/zech/exia_ws/install/exia_msgs/lib/libexia_msgs__rosidl_generator_py.so
[1.858s] -- Set runtime path of "/home/zech/exia_ws/install/exia_msgs/lib/libexia_msgs__rosidl_generator_py.so" to ""
[1.858s] -- Installing: /home/zech/exia_ws/install/exia_msgs/share/exia_msgs/msg/NavigationGoal.idl
[1.858s] -- Installing: /home/zech/exia_ws/install/exia_msgs/share/exia_msgs/msg/NavigationGoal.msg
[1.858s] -- Up-to-date: /home/zech/exia_ws/install/exia_msgs/share/ament_index/resource_index/package_run_dependencies/exia_msgs
[1.858s] -- Installing: /home/zech/exia_ws/install/exia_msgs/share/ament_index/resource_index/parent_prefix_path/exia_msgs
[1.858s] -- Up-to-date: /home/zech/exia_ws/install/exia_msgs/share/exia_msgs/environment/ament_prefix_path.sh
[1.859s] -- Installing: /home/zech/exia_ws/install/exia_msgs/share/exia_msgs/environment/ament_prefix_path.dsv
[1.859s] -- Up-to-date: /home/zech/exia_ws/install/exia_msgs/share/exia_msgs/environment/path.sh
[1.859s] -- Installing: /home/zech/exia_ws/install/exia_msgs/share/exia_msgs/environment/path.dsv
[1.859s] -- Up-to-date: /home/zech/exia_ws/install/exia_msgs/share/exia_msgs/local_setup.bash
[1.859s] -- Up-to-date: /home/zech/exia_ws/install/exia_msgs/share/exia_msgs/local_setup.sh
[1.859s] -- Up-to-date: /home/zech/exia_ws/install/exia_msgs/share/exia_msgs/local_setup.zsh
[1.859s] -- Installing: /home/zech/exia_ws/install/exia_msgs/share/exia_msgs/local_setup.dsv
[1.859s] -- Installing: /home/zech/exia_ws/install/exia_msgs/share/exia_msgs/package.dsv
[1.860s] -- Up-to-date: /home/zech/exia_ws/install/exia_msgs/share/ament_index/resource_index/packages/exia_msgs
[1.860s] -- Up-to-date: /home/zech/exia_ws/install/exia_msgs/share/exia_msgs/cmake/export_exia_msgs__rosidl_generator_cExport.cmake
[1.860s] -- Up-to-date: /home/zech/exia_ws/install/exia_msgs/share/exia_msgs/cmake/export_exia_msgs__rosidl_generator_cExport-noconfig.cmake
[1.860s] -- Up-to-date: /home/zech/exia_ws/install/exia_msgs/share/exia_msgs/cmake/export_exia_msgs__rosidl_typesupport_fastrtps_cExport.cmake
[1.861s] -- Up-to-date: /home/zech/exia_ws/install/exia_msgs/share/exia_msgs/cmake/export_exia_msgs__rosidl_typesupport_fastrtps_cExport-noconfig.cmake
[1.861s] -- Up-to-date: /home/zech/exia_ws/install/exia_msgs/share/exia_msgs/cmake/exia_msgs__rosidl_typesupport_introspection_cExport.cmake
[1.861s] -- Up-to-date: /home/zech/exia_ws/install/exia_msgs/share/exia_msgs/cmake/exia_msgs__rosidl_typesupport_introspection_cExport-noconfig.cmake
[1.862s] -- Up-to-date: /home/zech/exia_ws/install/exia_msgs/share/exia_msgs/cmake/exia_msgs__rosidl_typesupport_cExport.cmake
[1.862s] -- Up-to-date: /home/zech/exia_ws/install/exia_msgs/share/exia_msgs/cmake/exia_msgs__rosidl_typesupport_cExport-noconfig.cmake
[1.862s] -- Up-to-date: /home/zech/exia_ws/install/exia_msgs/share/exia_msgs/cmake/export_exia_msgs__rosidl_generator_cppExport.cmake
[1.862s] -- Up-to-date: /home/zech/exia_ws/install/exia_msgs/share/exia_msgs/cmake/export_exia_msgs__rosidl_typesupport_fastrtps_cppExport.cmake
[1.862s] -- Up-to-date: /home/zech/exia_ws/install/exia_msgs/share/exia_msgs/cmake/export_exia_msgs__rosidl_typesupport_fastrtps_cppExport-noconfig.cmake
[1.862s] -- Up-to-date: /home/zech/exia_ws/install/exia_msgs/share/exia_msgs/cmake/exia_msgs__rosidl_typesupport_introspection_cppExport.cmake
[1.862s] -- Up-to-date: /home/zech/exia_ws/install/exia_msgs/share/exia_msgs/cmake/exia_msgs__rosidl_typesupport_introspection_cppExport-noconfig.cmake
[1.862s] -- Up-to-date: /home/zech/exia_ws/install/exia_msgs/share/exia_msgs/cmake/exia_msgs__rosidl_typesupport_cppExport.cmake
[1.862s] -- Up-to-date: /home/zech/exia_ws/install/exia_msgs/share/exia_msgs/cmake/exia_msgs__rosidl_typesupport_cppExport-noconfig.cmake
[1.863s] -- Up-to-date: /home/zech/exia_ws/install/exia_msgs/share/exia_msgs/cmake/export_exia_msgs__rosidl_generator_pyExport.cmake
[1.863s] -- Up-to-date: /home/zech/exia_ws/install/exia_msgs/share/exia_msgs/cmake/export_exia_msgs__rosidl_generator_pyExport-noconfig.cmake
[1.863s] -- Up-to-date: /home/zech/exia_ws/install/exia_msgs/share/exia_msgs/cmake/rosidl_cmake-extras.cmake
[1.863s] -- Up-to-date: /home/zech/exia_ws/install/exia_msgs/share/exia_msgs/cmake/ament_cmake_export_include_directories-extras.cmake
[1.863s] -- Up-to-date: /home/zech/exia_ws/install/exia_msgs/share/exia_msgs/cmake/ament_cmake_export_libraries-extras.cmake
[1.863s] -- Up-to-date: /home/zech/exia_ws/install/exia_msgs/share/exia_msgs/cmake/ament_cmake_export_targets-extras.cmake
[1.863s] -- Up-to-date: /home/zech/exia_ws/install/exia_msgs/share/exia_msgs/cmake/rosidl_cmake_export_typesupport_targets-extras.cmake
[1.863s] -- Up-to-date: /home/zech/exia_ws/install/exia_msgs/share/exia_msgs/cmake/ament_cmake_export_dependencies-extras.cmake
[1.863s] -- Up-to-date: /home/zech/exia_ws/install/exia_msgs/share/exia_msgs/cmake/rosidl_cmake_export_typesupport_libraries-extras.cmake
[1.863s] -- Up-to-date: /home/zech/exia_ws/install/exia_msgs/share/exia_msgs/cmake/exia_msgsConfig.cmake
[1.864s] -- Up-to-date: /home/zech/exia_ws/install/exia_msgs/share/exia_msgs/cmake/exia_msgsConfig-version.cmake
[1.864s] -- Up-to-date: /home/zech/exia_ws/install/exia_msgs/share/exia_msgs/package.xml
[1.865s] Invoked command in '/home/zech/exia_ws/build/exia_msgs' returned '0': CMAKE_PREFIX_PATH=${CMAKE_PREFIX_PATH}:/home/zech/exia_ws/install/exia_control:/home/zech/exia_ws/install/exia_driver:/opt/ros/humble VIRTUAL_ENV_PROMPT=(.venv) /usr/bin/cmake --install /home/zech/exia_ws/build/exia_msgs
