[0.007s] Invoking command in '/home/zech/exia_ws/build/exia_ground_description': CMAKE_PREFIX_PATH=${CMAKE_PREFIX_PATH}:/opt/ros/humble /usr/bin/cmake --build /home/zech/exia_ws/build/exia_ground_description -- -j20 -l20
[0.030s] Invoked command in '/home/zech/exia_ws/build/exia_ground_description' returned '0': CMAKE_PREFIX_PATH=${CMAKE_PREFIX_PATH}:/opt/ros/humble /usr/bin/cmake --build /home/zech/exia_ws/build/exia_ground_description -- -j20 -l20
[0.046s] Invoking command in '/home/zech/exia_ws/build/exia_ground_description': CMAKE_PREFIX_PATH=${CMAKE_PREFIX_PATH}:/opt/ros/humble /usr/bin/cmake --install /home/zech/exia_ws/build/exia_ground_description
[0.055s] -- Install configuration: ""
[0.056s] -- Up-to-date: /home/zech/exia_ws/install/exia_ground_description/share/exia_ground_description/urdf
[0.056s] -- Up-to-date: /home/zech/exia_ws/install/exia_ground_description/share/exia_ground_description/urdf/exia_ground.urdf.xacro
[0.056s] -- Up-to-date: /home/zech/exia_ws/install/exia_ground_description/share/exia_ground_description/launch
[0.056s] -- Up-to-date: /home/zech/exia_ws/install/exia_ground_description/share/exia_ground_description/launch/exia_ground_sim.launch.py
[0.056s] -- Up-to-date: /home/zech/exia_ws/install/exia_ground_description/share/exia_ground_description/launch/exia_ground_state.launch.py
[0.056s] -- Up-to-date: /home/zech/exia_ws/install/exia_ground_description/share/exia_ground_description/rviz
[0.056s] -- Up-to-date: /home/zech/exia_ws/install/exia_ground_description/share/exia_ground_description/rviz/exia_ground.rviz
[0.057s] -- Up-to-date: /home/zech/exia_ws/install/exia_ground_description/share/exia_ground_description/config
[0.057s] -- Up-to-date: /home/zech/exia_ws/install/exia_ground_description/share/exia_ground_description/config/hardware_config.yaml
[0.057s] -- Up-to-date: /home/zech/exia_ws/install/exia_ground_description/share/exia_ground_description/config/ackermann_controllers.yaml
[0.057s] -- Up-to-date: /home/zech/exia_ws/install/exia_ground_description/lib/exia_ground_description/exia_control
[0.057s] -- Up-to-date: /home/zech/exia_ws/install/exia_ground_description/lib/exia_ground_description/exia_control/control
[0.057s] -- Up-to-date: /home/zech/exia_ws/install/exia_ground_description/lib/exia_ground_description/exia_control/control/__init__.py
[0.058s] -- Up-to-date: /home/zech/exia_ws/install/exia_ground_description/lib/exia_ground_description/exia_control/control/ackermann_drive.py
[0.058s] -- Up-to-date: /home/zech/exia_ws/install/exia_ground_description/lib/exia_ground_description/exia_control/hal
[0.059s] -- Up-to-date: /home/zech/exia_ws/install/exia_ground_description/lib/exia_ground_description/exia_control/hal/simulation.py
[0.059s] -- Up-to-date: /home/zech/exia_ws/install/exia_ground_description/lib/exia_ground_description/exia_control/hal/__init__.py
[0.059s] -- Up-to-date: /home/zech/exia_ws/install/exia_ground_description/lib/exia_ground_description/exia_control/hal/base.py
[0.060s] -- Up-to-date: /home/zech/exia_ws/install/exia_ground_description/lib/exia_ground_description/exia_control/__init__.py
[0.060s] -- Up-to-date: /home/zech/exia_ws/install/exia_ground_description/lib/exia_ground_description/exia_control/planning
[0.060s] -- Up-to-date: /home/zech/exia_ws/install/exia_ground_description/lib/exia_ground_description/exia_control/planning/paths.py
[0.060s] -- Up-to-date: /home/zech/exia_ws/install/exia_ground_description/lib/exia_ground_description/exia_control/planning/__init__.py
[0.060s] -- Up-to-date: /home/zech/exia_ws/install/exia_ground_description/lib/exia_ground_description/exia_control/planning/pure_pursuit.py
[0.061s] -- Up-to-date: /home/zech/exia_ws/install/exia_ground_description/lib/exia_ground_description/exia_control/planning/__pycache__
[0.061s] -- Up-to-date: /home/zech/exia_ws/install/exia_ground_description/lib/exia_ground_description/exia_control/__pycache__
[0.061s] -- Installing: /home/zech/exia_ws/install/exia_ground_description/lib/exia_ground_description/ackermann_drive_node.py
[0.061s] -- Installing: /home/zech/exia_ws/install/exia_ground_description/lib/exia_ground_description/path_follower_node.py
[0.062s] -- Up-to-date: /home/zech/exia_ws/install/exia_ground_description/lib/exia_ground_description/ackermann_odometry.py
[0.062s] -- Up-to-date: /home/zech/exia_ws/install/exia_ground_description/share/ament_index/resource_index/package_run_dependencies/exia_ground_description
[0.062s] -- Up-to-date: /home/zech/exia_ws/install/exia_ground_description/share/ament_index/resource_index/parent_prefix_path/exia_ground_description
[0.062s] -- Up-to-date: /home/zech/exia_ws/install/exia_ground_description/share/exia_ground_description/environment/ament_prefix_path.sh
[0.062s] -- Up-to-date: /home/zech/exia_ws/install/exia_ground_description/share/exia_ground_description/environment/ament_prefix_path.dsv
[0.063s] -- Up-to-date: /home/zech/exia_ws/install/exia_ground_description/share/exia_ground_description/environment/path.sh
[0.064s] -- Up-to-date: /home/zech/exia_ws/install/exia_ground_description/share/exia_ground_description/environment/path.dsv
[0.064s] -- Up-to-date: /home/zech/exia_ws/install/exia_ground_description/share/exia_ground_description/local_setup.bash
[0.064s] -- Up-to-date: /home/zech/exia_ws/install/exia_ground_description/share/exia_ground_description/local_setup.sh
[0.064s] -- Up-to-date: /home/zech/exia_ws/install/exia_ground_description/share/exia_ground_description/local_setup.zsh
[0.064s] -- Up-to-date: /home/zech/exia_ws/install/exia_ground_description/share/exia_ground_description/local_setup.dsv
[0.065s] -- Up-to-date: /home/zech/exia_ws/install/exia_ground_description/share/exia_ground_description/package.dsv
[0.065s] -- Up-to-date: /home/zech/exia_ws/install/exia_ground_description/share/ament_index/resource_index/packages/exia_ground_description
[0.065s] -- Up-to-date: /home/zech/exia_ws/install/exia_ground_description/share/exia_ground_description/cmake/exia_ground_descriptionConfig.cmake
[0.065s] -- Up-to-date: /home/zech/exia_ws/install/exia_ground_description/share/exia_ground_description/cmake/exia_ground_descriptionConfig-version.cmake
[0.065s] -- Up-to-date: /home/zech/exia_ws/install/exia_ground_description/share/exia_ground_description/package.xml
[0.065s] Invoked command in '/home/zech/exia_ws/build/exia_ground_description' returned '0': CMAKE_PREFIX_PATH=${CMAKE_PREFIX_PATH}:/opt/ros/humble /usr/bin/cmake --install /home/zech/exia_ws/build/exia_ground_description
