[0.303s] Invoking command in '/home/zech/exia_ws/src/exia_control': PYTHONPATH=/home/zech/exia_ws/build/exia_control/prefix_override:/usr/lib/python3/dist-packages/colcon_core/task/python/colcon_distutils_commands:/home/zech/exia_ws/install/exia_control/lib/python3.10/site-packages:${PYTHONPATH} /usr/bin/python3 -W ignore:setup.py install is deprecated -W ignore:easy_install command is deprecated setup.py egg_info --egg-base ../../build/exia_control build --build-base /home/zech/exia_ws/build/exia_control/build install --record /home/zech/exia_ws/build/exia_control/install.log --single-version-externally-managed install_data
[0.410s] running egg_info
[0.411s] writing ../../build/exia_control/exia_control.egg-info/PKG-INFO
[0.411s] writing dependency_links to ../../build/exia_control/exia_control.egg-info/dependency_links.txt
[0.411s] writing entry points to ../../build/exia_control/exia_control.egg-info/entry_points.txt
[0.411s] writing requirements to ../../build/exia_control/exia_control.egg-info/requires.txt
[0.411s] writing top-level names to ../../build/exia_control/exia_control.egg-info/top_level.txt
[0.412s] reading manifest file '../../build/exia_control/exia_control.egg-info/SOURCES.txt'
[0.412s] writing manifest file '../../build/exia_control/exia_control.egg-info/SOURCES.txt'
[0.412s] running build
[0.412s] running build_py
[0.412s] copying exia_control/drive_forward_test_node.py -> /home/zech/exia_ws/build/exia_control/build/lib/exia_control
[0.412s] copying exia_control/turn_to_heading_test_node.py -> /home/zech/exia_ws/build/exia_control/build/lib/exia_control
[0.413s] running install
[0.413s] running install_lib
[0.413s] copying /home/zech/exia_ws/build/exia_control/build/lib/exia_control/drive_forward_test_node.py -> /home/zech/exia_ws/install/exia_control/lib/python3.10/site-packages/exia_control
[0.413s] copying /home/zech/exia_ws/build/exia_control/build/lib/exia_control/turn_to_heading_test_node.py -> /home/zech/exia_ws/install/exia_control/lib/python3.10/site-packages/exia_control
[0.414s] byte-compiling /home/zech/exia_ws/install/exia_control/lib/python3.10/site-packages/exia_control/drive_forward_test_node.py to drive_forward_test_node.cpython-310.pyc
[0.415s] byte-compiling /home/zech/exia_ws/install/exia_control/lib/python3.10/site-packages/exia_control/turn_to_heading_test_node.py to turn_to_heading_test_node.cpython-310.pyc
[0.415s] running install_data
[0.415s] running install_egg_info
[0.416s] removing '/home/zech/exia_ws/install/exia_control/lib/python3.10/site-packages/exia_control-1.0.0-py3.10.egg-info' (and everything under it)
[0.416s] Copying ../../build/exia_control/exia_control.egg-info to /home/zech/exia_ws/install/exia_control/lib/python3.10/site-packages/exia_control-1.0.0-py3.10.egg-info
[0.417s] running install_scripts
[0.428s] Installing ackermann_drive_node script to /home/zech/exia_ws/install/exia_control/lib/exia_control
[0.428s] Installing drive_forward_test_node script to /home/zech/exia_ws/install/exia_control/lib/exia_control
[0.428s] Installing dynamic_navigator_node script to /home/zech/exia_ws/install/exia_control/lib/exia_control
[0.428s] Installing turn_to_heading_test_node script to /home/zech/exia_ws/install/exia_control/lib/exia_control
[0.428s] writing list of installed files to '/home/zech/exia_ws/build/exia_control/install.log'
[0.441s] Invoked command in '/home/zech/exia_ws/src/exia_control' returned '0': PYTHONPATH=/home/zech/exia_ws/build/exia_control/prefix_override:/usr/lib/python3/dist-packages/colcon_core/task/python/colcon_distutils_commands:/home/zech/exia_ws/install/exia_control/lib/python3.10/site-packages:${PYTHONPATH} /usr/bin/python3 -W ignore:setup.py install is deprecated -W ignore:easy_install command is deprecated setup.py egg_info --egg-base ../../build/exia_control build --build-base /home/zech/exia_ws/build/exia_control/build install --record /home/zech/exia_ws/build/exia_control/install.log --single-version-externally-managed install_data
