[0.332s] Invoking command in '/home/zech/exia_ws/src/exia_driver': CMAKE_PREFIX_PATH=/home/zech/exia_ws/install/exia_msgs:/home/zech/exia_ws/install/exia_bringup:/home/zech/exia_ws/install/exia_ground_description:/home/zech/ros2_ws/install/eclipse_diffdrive:/home/zech/ros2_ws/install/eclipse_ackermann PYTHONPATH=/home/zech/exia_ws/build/exia_driver/prefix_override:/usr/lib/python3/dist-packages/colcon_core/task/python/colcon_distutils_commands:/home/zech/exia_ws/install/exia_driver/lib/python3.10/site-packages:${PYTHONPATH} VIRTUAL_ENV_PROMPT=(.venv) /usr/bin/python3 -W ignore:setup.py install is deprecated -W ignore:easy_install command is deprecated setup.py egg_info --egg-base ../../build/exia_driver build --build-base /home/zech/exia_ws/build/exia_driver/build install --record /home/zech/exia_ws/build/exia_driver/install.log --single-version-externally-managed install_data
[0.447s] running egg_info
[0.447s] writing ../../build/exia_driver/exia_driver.egg-info/PKG-INFO
[0.447s] writing dependency_links to ../../build/exia_driver/exia_driver.egg-info/dependency_links.txt
[0.447s] writing entry points to ../../build/exia_driver/exia_driver.egg-info/entry_points.txt
[0.447s] writing requirements to ../../build/exia_driver/exia_driver.egg-info/requires.txt
[0.447s] writing top-level names to ../../build/exia_driver/exia_driver.egg-info/top_level.txt
[0.448s] reading manifest file '../../build/exia_driver/exia_driver.egg-info/SOURCES.txt'
[0.449s] writing manifest file '../../build/exia_driver/exia_driver.egg-info/SOURCES.txt'
[0.449s] running build
[0.449s] running build_py
[0.449s] copying exia_driver/rc_driver_node.py -> /home/zech/exia_ws/build/exia_driver/build/lib/exia_driver
[0.449s] running install
[0.449s] running install_lib
[0.450s] copying /home/zech/exia_ws/build/exia_driver/build/lib/exia_driver/rc_driver_node.py -> /home/zech/exia_ws/install/exia_driver/lib/python3.10/site-packages/exia_driver
[0.450s] byte-compiling /home/zech/exia_ws/install/exia_driver/lib/python3.10/site-packages/exia_driver/rc_driver_node.py to rc_driver_node.cpython-310.pyc
[0.453s] running install_data
[0.453s] running install_egg_info
[0.454s] removing '/home/zech/exia_ws/install/exia_driver/lib/python3.10/site-packages/exia_driver-1.0.0-py3.10.egg-info' (and everything under it)
[0.454s] Copying ../../build/exia_driver/exia_driver.egg-info to /home/zech/exia_ws/install/exia_driver/lib/python3.10/site-packages/exia_driver-1.0.0-py3.10.egg-info
[0.454s] running install_scripts
[0.465s] Installing gps_transform_node script to /home/zech/exia_ws/install/exia_driver/lib/exia_driver
[0.465s] Installing radio_bridge_node script to /home/zech/exia_ws/install/exia_driver/lib/exia_driver
[0.466s] Installing rc_driver_node script to /home/zech/exia_ws/install/exia_driver/lib/exia_driver
[0.466s] writing list of installed files to '/home/zech/exia_ws/build/exia_driver/install.log'
[0.480s] Invoked command in '/home/zech/exia_ws/src/exia_driver' returned '0': CMAKE_PREFIX_PATH=/home/zech/exia_ws/install/exia_msgs:/home/zech/exia_ws/install/exia_bringup:/home/zech/exia_ws/install/exia_ground_description:/home/zech/ros2_ws/install/eclipse_diffdrive:/home/zech/ros2_ws/install/eclipse_ackermann PYTHONPATH=/home/zech/exia_ws/build/exia_driver/prefix_override:/usr/lib/python3/dist-packages/colcon_core/task/python/colcon_distutils_commands:/home/zech/exia_ws/install/exia_driver/lib/python3.10/site-packages:${PYTHONPATH} VIRTUAL_ENV_PROMPT=(.venv) /usr/bin/python3 -W ignore:setup.py install is deprecated -W ignore:easy_install command is deprecated setup.py egg_info --egg-base ../../build/exia_driver build --build-base /home/zech/exia_ws/build/exia_driver/build install --record /home/zech/exia_ws/build/exia_driver/install.log --single-version-externally-managed install_data
