[0.008s] Invoking command in '/home/zech/exia_ws/build/exia_bringup': AMENT_PREFIX_PATH=/home/zech/exia_ws/install/exia_driver:/home/zech/exia_ws/install/exia_control:${AMENT_PREFIX_PATH} CMAKE_PREFIX_PATH=${CMAKE_PREFIX_PATH}:/opt/ros/humble PYTHONPATH=/home/zech/exia_ws/install/exia_driver/lib/python3.10/site-packages:/home/zech/exia_ws/install/exia_control/lib/python3.10/site-packages:${PYTHONPATH} /usr/bin/cmake --build /home/zech/exia_ws/build/exia_bringup -- -j20 -l20
[0.036s] Invoked command in '/home/zech/exia_ws/build/exia_bringup' returned '0': AMENT_PREFIX_PATH=/home/zech/exia_ws/install/exia_driver:/home/zech/exia_ws/install/exia_control:${AMENT_PREFIX_PATH} CMAKE_PREFIX_PATH=${CMAKE_PREFIX_PATH}:/opt/ros/humble PYTHONPATH=/home/zech/exia_ws/install/exia_driver/lib/python3.10/site-packages:/home/zech/exia_ws/install/exia_control/lib/python3.10/site-packages:${PYTHONPATH} /usr/bin/cmake --build /home/zech/exia_ws/build/exia_bringup -- -j20 -l20
[0.044s] Invoking command in '/home/zech/exia_ws/build/exia_bringup': AMENT_PREFIX_PATH=/home/zech/exia_ws/install/exia_driver:/home/zech/exia_ws/install/exia_control:${AMENT_PREFIX_PATH} CMAKE_PREFIX_PATH=${CMAKE_PREFIX_PATH}:/opt/ros/humble PYTHONPATH=/home/zech/exia_ws/install/exia_driver/lib/python3.10/site-packages:/home/zech/exia_ws/install/exia_control/lib/python3.10/site-packages:${PYTHONPATH} /usr/bin/cmake --install /home/zech/exia_ws/build/exia_bringup
[0.052s] -- Install configuration: ""
[0.052s] -- Up-to-date: /home/zech/exia_ws/install/exia_bringup/share/exia_bringup/launch
[0.052s] -- Up-to-date: /home/zech/exia_ws/install/exia_bringup/share/exia_bringup/launch/autonomous.launch.py
[0.052s] -- Installing: /home/zech/exia_ws/install/exia_bringup/share/exia_bringup/launch/sim.launch.py
[0.052s] -- Up-to-date: /home/zech/exia_ws/install/exia_bringup/share/exia_bringup/launch/rc_control.launch.py
[0.052s] -- Up-to-date: /home/zech/exia_ws/install/exia_bringup/share/exia_bringup/config
[0.052s] -- Up-to-date: /home/zech/exia_ws/install/exia_bringup/share/exia_bringup/config/slam_toolbox_params.yaml
[0.052s] -- Up-to-date: /home/zech/exia_ws/install/exia_bringup/share/exia_bringup/config/ackermann_controllers.yaml
[0.053s] -- Up-to-date: /home/zech/exia_ws/install/exia_bringup/share/exia_bringup/config/nav2_params.yaml
[0.053s] -- Up-to-date: /home/zech/exia_ws/install/exia_bringup/share/exia_bringup/urdf
[0.053s] -- Up-to-date: /home/zech/exia_ws/install/exia_bringup/share/exia_bringup/urdf/exia_ground.urdf.xacro
[0.053s] -- Up-to-date: /home/zech/exia_ws/install/exia_bringup/share/exia_bringup/worlds
[0.053s] -- Up-to-date: /home/zech/exia_ws/install/exia_bringup/share/exia_bringup/worlds/exia_world.sdf
[0.053s] -- Up-to-date: /home/zech/exia_ws/install/exia_bringup/share/exia_bringup/worlds/hills_world.sdf
[0.054s] -- Up-to-date: /home/zech/exia_ws/install/exia_bringup/share/exia_bringup/worlds/forest_world.sdf
[0.054s] -- Up-to-date: /home/zech/exia_ws/install/exia_bringup/share/exia_bringup/worlds/heightmaps
[0.054s] -- Up-to-date: /home/zech/exia_ws/install/exia_bringup/share/exia_bringup/worlds/heightmaps/terrain_heightmap.png
[0.054s] -- Up-to-date: /home/zech/exia_ws/install/exia_bringup/share/exia_bringup/worlds/heightmaps/hills_heightmap.png
[0.054s] -- Up-to-date: /home/zech/exia_ws/install/exia_bringup/share/exia_bringup/worlds/terrain_world.sdf
[0.054s] -- Up-to-date: /home/zech/exia_ws/install/exia_bringup/share/ament_index/resource_index/package_run_dependencies/exia_bringup
[0.054s] -- Up-to-date: /home/zech/exia_ws/install/exia_bringup/share/ament_index/resource_index/parent_prefix_path/exia_bringup
[0.054s] -- Up-to-date: /home/zech/exia_ws/install/exia_bringup/share/exia_bringup/environment/ament_prefix_path.sh
[0.055s] -- Up-to-date: /home/zech/exia_ws/install/exia_bringup/share/exia_bringup/environment/ament_prefix_path.dsv
[0.055s] -- Up-to-date: /home/zech/exia_ws/install/exia_bringup/share/exia_bringup/environment/path.sh
[0.055s] -- Up-to-date: /home/zech/exia_ws/install/exia_bringup/share/exia_bringup/environment/path.dsv
[0.055s] -- Up-to-date: /home/zech/exia_ws/install/exia_bringup/share/exia_bringup/local_setup.bash
[0.055s] -- Up-to-date: /home/zech/exia_ws/install/exia_bringup/share/exia_bringup/local_setup.sh
[0.055s] -- Up-to-date: /home/zech/exia_ws/install/exia_bringup/share/exia_bringup/local_setup.zsh
[0.055s] -- Up-to-date: /home/zech/exia_ws/install/exia_bringup/share/exia_bringup/local_setup.dsv
[0.056s] -- Installing: /home/zech/exia_ws/install/exia_bringup/share/exia_bringup/package.dsv
[0.056s] -- Up-to-date: /home/zech/exia_ws/install/exia_bringup/share/ament_index/resource_index/packages/exia_bringup
[0.056s] -- Up-to-date: /home/zech/exia_ws/install/exia_bringup/share/exia_bringup/cmake/exia_bringupConfig.cmake
[0.056s] -- Up-to-date: /home/zech/exia_ws/install/exia_bringup/share/exia_bringup/cmake/exia_bringupConfig-version.cmake
[0.056s] -- Up-to-date: /home/zech/exia_ws/install/exia_bringup/share/exia_bringup/package.xml
[0.056s] Invoked command in '/home/zech/exia_ws/build/exia_bringup' returned '0': AMENT_PREFIX_PATH=/home/zech/exia_ws/install/exia_driver:/home/zech/exia_ws/install/exia_control:${AMENT_PREFIX_PATH} CMAKE_PREFIX_PATH=${CMAKE_PREFIX_PATH}:/opt/ros/humble PYTHONPATH=/home/zech/exia_ws/install/exia_driver/lib/python3.10/site-packages:/home/zech/exia_ws/install/exia_control/lib/python3.10/site-packages:${PYTHONPATH} /usr/bin/cmake --install /home/zech/exia_ws/build/exia_bringup
