[0.155s] DEBUG:colcon:Command line arguments: ['/usr/bin/colcon', 'build']
[0.155s] DEBUG:colcon:Parsed command line arguments: Namespace(log_base=None, log_level=None, verb_name='build', build_base='build', install_base='install', merge_install=False, symlink_install=False, test_result_base=None, continue_on_error=False, executor='parallel', parallel_workers=20, event_handlers=None, ignore_user_meta=False, metas=['./colcon.meta'], base_paths=['.'], packages_ignore=None, packages_ignore_regex=None, paths=None, packages_up_to=None, packages_up_to_regex=None, packages_above=None, packages_above_and_dependencies=None, packages_above_depth=None, packages_select_by_dep=None, packages_skip_by_dep=None, packages_skip_up_to=None, packages_select_build_failed=False, packages_skip_build_finished=False, packages_select_test_failures=False, packages_skip_test_passed=False, packages_select=None, packages_skip=None, packages_select_regex=None, packages_skip_regex=None, packages_start=None, packages_end=None, allow_overriding=[], cmake_args=None, cmake_target=None, cmake_target_skip_unavailable=False, cmake_clean_cache=False, cmake_clean_first=False, cmake_force_configure=False, ament_cmake_args=None, catkin_cmake_args=None, catkin_skip_building_tests=False, verb_parser=<colcon_defaults.argument_parser.defaults.DefaultArgumentsDecorator object at 0x762a3f12fb80>, verb_extension=<colcon_core.verb.build.BuildVerb object at 0x762a3f12eb60>, main=<bound method BuildVerb.main of <colcon_core.verb.build.BuildVerb object at 0x762a3f12eb60>>)
[0.296s] Level 1:colcon.colcon_core.package_discovery:discover_packages(colcon_meta) check parameters
[0.296s] Level 1:colcon.colcon_core.package_discovery:discover_packages(recursive) check parameters
[0.296s] Level 1:colcon.colcon_core.package_discovery:discover_packages(ignore) check parameters
[0.296s] Level 1:colcon.colcon_core.package_discovery:discover_packages(path) check parameters
[0.296s] Level 1:colcon.colcon_core.package_discovery:discover_packages(colcon_meta) discover
[0.296s] Level 1:colcon.colcon_core.package_discovery:discover_packages(recursive) discover
[0.296s] INFO:colcon.colcon_core.package_discovery:Crawling recursively for packages in '/home/zech/exia_ws'
[0.296s] Level 1:colcon.colcon_core.package_identification:_identify(.) by extensions ['ignore', 'ignore_ament_install']
[0.296s] Level 1:colcon.colcon_core.package_identification:_identify(.) by extension 'ignore'
[0.296s] Level 1:colcon.colcon_core.package_identification:_identify(.) by extension 'ignore_ament_install'
[0.296s] Level 1:colcon.colcon_core.package_identification:_identify(.) by extensions ['colcon_pkg']
[0.296s] Level 1:colcon.colcon_core.package_identification:_identify(.) by extension 'colcon_pkg'
[0.296s] Level 1:colcon.colcon_core.package_identification:_identify(.) by extensions ['colcon_meta']
[0.296s] Level 1:colcon.colcon_core.package_identification:_identify(.) by extension 'colcon_meta'
[0.296s] Level 1:colcon.colcon_core.package_identification:_identify(.) by extensions ['ros']
[0.296s] Level 1:colcon.colcon_core.package_identification:_identify(.) by extension 'ros'
[0.303s] Level 1:colcon.colcon_core.package_identification:_identify(.) by extensions ['cmake', 'python']
[0.304s] Level 1:colcon.colcon_core.package_identification:_identify(.) by extension 'cmake'
[0.304s] Level 1:colcon.colcon_core.package_identification:_identify(.) by extension 'python'
[0.304s] Level 1:colcon.colcon_core.package_identification:_identify(.) by extensions ['python_setup_py']
[0.304s] Level 1:colcon.colcon_core.package_identification:_identify(.) by extension 'python_setup_py'
[0.304s] Level 1:colcon.colcon_core.package_identification:_identify(arduino) by extensions ['ignore', 'ignore_ament_install']
[0.304s] Level 1:colcon.colcon_core.package_identification:_identify(arduino) by extension 'ignore'
[0.304s] Level 1:colcon.colcon_core.package_identification:_identify(arduino) by extension 'ignore_ament_install'
[0.304s] Level 1:colcon.colcon_core.package_identification:_identify(arduino) by extensions ['colcon_pkg']
[0.304s] Level 1:colcon.colcon_core.package_identification:_identify(arduino) by extension 'colcon_pkg'
[0.304s] Level 1:colcon.colcon_core.package_identification:_identify(arduino) by extensions ['colcon_meta']
[0.304s] Level 1:colcon.colcon_core.package_identification:_identify(arduino) by extension 'colcon_meta'
[0.304s] Level 1:colcon.colcon_core.package_identification:_identify(arduino) by extensions ['ros']
[0.304s] Level 1:colcon.colcon_core.package_identification:_identify(arduino) by extension 'ros'
[0.304s] Level 1:colcon.colcon_core.package_identification:_identify(arduino) by extensions ['cmake', 'python']
[0.304s] Level 1:colcon.colcon_core.package_identification:_identify(arduino) by extension 'cmake'
[0.304s] Level 1:colcon.colcon_core.package_identification:_identify(arduino) by extension 'python'
[0.304s] Level 1:colcon.colcon_core.package_identification:_identify(arduino) by extensions ['python_setup_py']
[0.304s] Level 1:colcon.colcon_core.package_identification:_identify(arduino) by extension 'python_setup_py'
[0.304s] Level 1:colcon.colcon_core.package_identification:_identify(arduino/exia_servo_controller) by extensions ['ignore', 'ignore_ament_install']
[0.304s] Level 1:colcon.colcon_core.package_identification:_identify(arduino/exia_servo_controller) by extension 'ignore'
[0.304s] Level 1:colcon.colcon_core.package_identification:_identify(arduino/exia_servo_controller) by extension 'ignore_ament_install'
[0.304s] Level 1:colcon.colcon_core.package_identification:_identify(arduino/exia_servo_controller) by extensions ['colcon_pkg']
[0.304s] Level 1:colcon.colcon_core.package_identification:_identify(arduino/exia_servo_controller) by extension 'colcon_pkg'
[0.304s] Level 1:colcon.colcon_core.package_identification:_identify(arduino/exia_servo_controller) by extensions ['colcon_meta']
[0.304s] Level 1:colcon.colcon_core.package_identification:_identify(arduino/exia_servo_controller) by extension 'colcon_meta'
[0.304s] Level 1:colcon.colcon_core.package_identification:_identify(arduino/exia_servo_controller) by extensions ['ros']
[0.304s] Level 1:colcon.colcon_core.package_identification:_identify(arduino/exia_servo_controller) by extension 'ros'
[0.304s] Level 1:colcon.colcon_core.package_identification:_identify(arduino/exia_servo_controller) by extensions ['cmake', 'python']
[0.304s] Level 1:colcon.colcon_core.package_identification:_identify(arduino/exia_servo_controller) by extension 'cmake'
[0.304s] Level 1:colcon.colcon_core.package_identification:_identify(arduino/exia_servo_controller) by extension 'python'
[0.304s] Level 1:colcon.colcon_core.package_identification:_identify(arduino/exia_servo_controller) by extensions ['python_setup_py']
[0.304s] Level 1:colcon.colcon_core.package_identification:_identify(arduino/exia_servo_controller) by extension 'python_setup_py'
[0.304s] Level 1:colcon.colcon_core.package_identification:_identify(build) by extensions ['ignore', 'ignore_ament_install']
[0.304s] Level 1:colcon.colcon_core.package_identification:_identify(build) by extension 'ignore'
[0.304s] Level 1:colcon.colcon_core.package_identification:_identify(build) ignored
[0.304s] Level 1:colcon.colcon_core.package_identification:_identify(install) by extensions ['ignore', 'ignore_ament_install']
[0.304s] Level 1:colcon.colcon_core.package_identification:_identify(install) by extension 'ignore'
[0.304s] Level 1:colcon.colcon_core.package_identification:_identify(install) ignored
[0.305s] Level 1:colcon.colcon_core.package_identification:_identify(log) by extensions ['ignore', 'ignore_ament_install']
[0.305s] Level 1:colcon.colcon_core.package_identification:_identify(log) by extension 'ignore'
[0.305s] Level 1:colcon.colcon_core.package_identification:_identify(log) ignored
[0.305s] Level 1:colcon.colcon_core.package_identification:_identify(scripts) by extensions ['ignore', 'ignore_ament_install']
[0.305s] Level 1:colcon.colcon_core.package_identification:_identify(scripts) by extension 'ignore'
[0.305s] Level 1:colcon.colcon_core.package_identification:_identify(scripts) by extension 'ignore_ament_install'
[0.305s] Level 1:colcon.colcon_core.package_identification:_identify(scripts) by extensions ['colcon_pkg']
[0.305s] Level 1:colcon.colcon_core.package_identification:_identify(scripts) by extension 'colcon_pkg'
[0.305s] Level 1:colcon.colcon_core.package_identification:_identify(scripts) by extensions ['colcon_meta']
[0.305s] Level 1:colcon.colcon_core.package_identification:_identify(scripts) by extension 'colcon_meta'
[0.305s] Level 1:colcon.colcon_core.package_identification:_identify(scripts) by extensions ['ros']
[0.305s] Level 1:colcon.colcon_core.package_identification:_identify(scripts) by extension 'ros'
[0.305s] Level 1:colcon.colcon_core.package_identification:_identify(scripts) by extensions ['cmake', 'python']
[0.305s] Level 1:colcon.colcon_core.package_identification:_identify(scripts) by extension 'cmake'
[0.305s] Level 1:colcon.colcon_core.package_identification:_identify(scripts) by extension 'python'
[0.305s] Level 1:colcon.colcon_core.package_identification:_identify(scripts) by extensions ['python_setup_py']
[0.305s] Level 1:colcon.colcon_core.package_identification:_identify(scripts) by extension 'python_setup_py'
[0.305s] Level 1:colcon.colcon_core.package_identification:_identify(src) by extensions ['ignore', 'ignore_ament_install']
[0.305s] Level 1:colcon.colcon_core.package_identification:_identify(src) by extension 'ignore'
[0.305s] Level 1:colcon.colcon_core.package_identification:_identify(src) by extension 'ignore_ament_install'
[0.305s] Level 1:colcon.colcon_core.package_identification:_identify(src) by extensions ['colcon_pkg']
[0.305s] Level 1:colcon.colcon_core.package_identification:_identify(src) by extension 'colcon_pkg'
[0.305s] Level 1:colcon.colcon_core.package_identification:_identify(src) by extensions ['colcon_meta']
[0.305s] Level 1:colcon.colcon_core.package_identification:_identify(src) by extension 'colcon_meta'
[0.305s] Level 1:colcon.colcon_core.package_identification:_identify(src) by extensions ['ros']
[0.305s] Level 1:colcon.colcon_core.package_identification:_identify(src) by extension 'ros'
[0.305s] Level 1:colcon.colcon_core.package_identification:_identify(src) by extensions ['cmake', 'python']
[0.305s] Level 1:colcon.colcon_core.package_identification:_identify(src) by extension 'cmake'
[0.305s] Level 1:colcon.colcon_core.package_identification:_identify(src) by extension 'python'
[0.305s] Level 1:colcon.colcon_core.package_identification:_identify(src) by extensions ['python_setup_py']
[0.305s] Level 1:colcon.colcon_core.package_identification:_identify(src) by extension 'python_setup_py'
[0.305s] Level 1:colcon.colcon_core.package_identification:_identify(src/exia_bringup) by extensions ['ignore', 'ignore_ament_install']
[0.305s] Level 1:colcon.colcon_core.package_identification:_identify(src/exia_bringup) by extension 'ignore'
[0.305s] Level 1:colcon.colcon_core.package_identification:_identify(src/exia_bringup) by extension 'ignore_ament_install'
[0.305s] Level 1:colcon.colcon_core.package_identification:_identify(src/exia_bringup) by extensions ['colcon_pkg']
[0.305s] Level 1:colcon.colcon_core.package_identification:_identify(src/exia_bringup) by extension 'colcon_pkg'
[0.305s] Level 1:colcon.colcon_core.package_identification:_identify(src/exia_bringup) by extensions ['colcon_meta']
[0.305s] Level 1:colcon.colcon_core.package_identification:_identify(src/exia_bringup) by extension 'colcon_meta'
[0.305s] Level 1:colcon.colcon_core.package_identification:_identify(src/exia_bringup) by extensions ['ros']
[0.305s] Level 1:colcon.colcon_core.package_identification:_identify(src/exia_bringup) by extension 'ros'
[0.307s] DEBUG:colcon.colcon_core.package_identification:Package 'src/exia_bringup' with type 'ros.ament_cmake' and name 'exia_bringup'
[0.307s] Level 1:colcon.colcon_core.package_identification:_identify(src/exia_control) by extensions ['ignore', 'ignore_ament_install']
[0.307s] Level 1:colcon.colcon_core.package_identification:_identify(src/exia_control) by extension 'ignore'
[0.307s] Level 1:colcon.colcon_core.package_identification:_identify(src/exia_control) by extension 'ignore_ament_install'
[0.307s] Level 1:colcon.colcon_core.package_identification:_identify(src/exia_control) by extensions ['colcon_pkg']
[0.307s] Level 1:colcon.colcon_core.package_identification:_identify(src/exia_control) by extension 'colcon_pkg'
[0.307s] Level 1:colcon.colcon_core.package_identification:_identify(src/exia_control) by extensions ['colcon_meta']
[0.307s] Level 1:colcon.colcon_core.package_identification:_identify(src/exia_control) by extension 'colcon_meta'
[0.307s] Level 1:colcon.colcon_core.package_identification:_identify(src/exia_control) by extensions ['ros']
[0.307s] Level 1:colcon.colcon_core.package_identification:_identify(src/exia_control) by extension 'ros'
[0.308s] DEBUG:colcon.colcon_core.package_identification:Package 'src/exia_control' with type 'ros.ament_python' and name 'exia_control'
[0.308s] Level 1:colcon.colcon_core.package_identification:_identify(src/exia_driver) by extensions ['ignore', 'ignore_ament_install']
[0.308s] Level 1:colcon.colcon_core.package_identification:_identify(src/exia_driver) by extension 'ignore'
[0.308s] Level 1:colcon.colcon_core.package_identification:_identify(src/exia_driver) by extension 'ignore_ament_install'
[0.308s] Level 1:colcon.colcon_core.package_identification:_identify(src/exia_driver) by extensions ['colcon_pkg']
[0.308s] Level 1:colcon.colcon_core.package_identification:_identify(src/exia_driver) by extension 'colcon_pkg'
[0.308s] Level 1:colcon.colcon_core.package_identification:_identify(src/exia_driver) by extensions ['colcon_meta']
[0.308s] Level 1:colcon.colcon_core.package_identification:_identify(src/exia_driver) by extension 'colcon_meta'
[0.308s] Level 1:colcon.colcon_core.package_identification:_identify(src/exia_driver) by extensions ['ros']
[0.308s] Level 1:colcon.colcon_core.package_identification:_identify(src/exia_driver) by extension 'ros'
[0.308s] DEBUG:colcon.colcon_core.package_identification:Package 'src/exia_driver' with type 'ros.ament_python' and name 'exia_driver'
[0.308s] Level 1:colcon.colcon_core.package_identification:_identify(src/exia_msgs) by extensions ['ignore', 'ignore_ament_install']
[0.308s] Level 1:colcon.colcon_core.package_identification:_identify(src/exia_msgs) by extension 'ignore'
[0.308s] Level 1:colcon.colcon_core.package_identification:_identify(src/exia_msgs) by extension 'ignore_ament_install'
[0.308s] Level 1:colcon.colcon_core.package_identification:_identify(src/exia_msgs) by extensions ['colcon_pkg']
[0.308s] Level 1:colcon.colcon_core.package_identification:_identify(src/exia_msgs) by extension 'colcon_pkg'
[0.308s] Level 1:colcon.colcon_core.package_identification:_identify(src/exia_msgs) by extensions ['colcon_meta']
[0.308s] Level 1:colcon.colcon_core.package_identification:_identify(src/exia_msgs) by extension 'colcon_meta'
[0.309s] Level 1:colcon.colcon_core.package_identification:_identify(src/exia_msgs) by extensions ['ros']
[0.309s] Level 1:colcon.colcon_core.package_identification:_identify(src/exia_msgs) by extension 'ros'
[0.309s] DEBUG:colcon.colcon_core.package_identification:Package 'src/exia_msgs' with type 'ros.ament_cmake' and name 'exia_msgs'
[0.309s] Level 1:colcon.colcon_core.package_discovery:discover_packages(recursive) using defaults
[0.309s] Level 1:colcon.colcon_core.package_discovery:discover_packages(ignore) discover
[0.309s] Level 1:colcon.colcon_core.package_discovery:discover_packages(ignore) using defaults
[0.309s] Level 1:colcon.colcon_core.package_discovery:discover_packages(path) discover
[0.309s] Level 1:colcon.colcon_core.package_discovery:discover_packages(path) using defaults
[0.333s] Level 1:colcon.colcon_core.package_discovery:discover_packages(prefix_path) check parameters
[0.333s] Level 1:colcon.colcon_core.package_discovery:discover_packages(prefix_path) discover
[0.335s] DEBUG:colcon.colcon_installed_package_information.package_discovery:Found 5 installed packages in /home/zech/exia_ws/install
[0.335s] DEBUG:colcon.colcon_installed_package_information.package_discovery:Found 2 installed packages in /home/zech/ros2_ws/install
[0.336s] DEBUG:colcon.colcon_installed_package_information.package_discovery:Found 337 installed packages in /opt/ros/humble
[0.337s] Level 1:colcon.colcon_core.package_discovery:discover_packages(prefix_path) using defaults
[0.357s] Level 5:colcon.colcon_core.verb:set package 'exia_msgs' build argument 'cmake_args' from command line to 'None'
[0.357s] Level 5:colcon.colcon_core.verb:set package 'exia_msgs' build argument 'cmake_target' from command line to 'None'
[0.357s] Level 5:colcon.colcon_core.verb:set package 'exia_msgs' build argument 'cmake_target_skip_unavailable' from command line to 'False'
[0.357s] Level 5:colcon.colcon_core.verb:set package 'exia_msgs' build argument 'cmake_clean_cache' from command line to 'False'
[0.357s] Level 5:colcon.colcon_core.verb:set package 'exia_msgs' build argument 'cmake_clean_first' from command line to 'False'
[0.357s] Level 5:colcon.colcon_core.verb:set package 'exia_msgs' build argument 'cmake_force_configure' from command line to 'False'
[0.357s] Level 5:colcon.colcon_core.verb:set package 'exia_msgs' build argument 'ament_cmake_args' from command line to 'None'
[0.357s] Level 5:colcon.colcon_core.verb:set package 'exia_msgs' build argument 'catkin_cmake_args' from command line to 'None'
[0.357s] Level 5:colcon.colcon_core.verb:set package 'exia_msgs' build argument 'catkin_skip_building_tests' from command line to 'False'
[0.357s] DEBUG:colcon.colcon_core.verb:Building package 'exia_msgs' with the following arguments: {'ament_cmake_args': None, 'build_base': '/home/zech/exia_ws/build/exia_msgs', 'catkin_cmake_args': None, 'catkin_skip_building_tests': False, 'cmake_args': None, 'cmake_clean_cache': False, 'cmake_clean_first': False, 'cmake_force_configure': False, 'cmake_target': None, 'cmake_target_skip_unavailable': False, 'install_base': '/home/zech/exia_ws/install/exia_msgs', 'merge_install': False, 'path': '/home/zech/exia_ws/src/exia_msgs', 'symlink_install': False, 'test_result_base': None}
[0.357s] Level 5:colcon.colcon_core.verb:set package 'exia_control' build argument 'cmake_args' from command line to 'None'
[0.357s] Level 5:colcon.colcon_core.verb:set package 'exia_control' build argument 'cmake_target' from command line to 'None'
[0.357s] Level 5:colcon.colcon_core.verb:set package 'exia_control' build argument 'cmake_target_skip_unavailable' from command line to 'False'
[0.357s] Level 5:colcon.colcon_core.verb:set package 'exia_control' build argument 'cmake_clean_cache' from command line to 'False'
[0.357s] Level 5:colcon.colcon_core.verb:set package 'exia_control' build argument 'cmake_clean_first' from command line to 'False'
[0.357s] Level 5:colcon.colcon_core.verb:set package 'exia_control' build argument 'cmake_force_configure' from command line to 'False'
[0.357s] Level 5:colcon.colcon_core.verb:set package 'exia_control' build argument 'ament_cmake_args' from command line to 'None'
[0.357s] Level 5:colcon.colcon_core.verb:set package 'exia_control' build argument 'catkin_cmake_args' from command line to 'None'
[0.357s] Level 5:colcon.colcon_core.verb:set package 'exia_control' build argument 'catkin_skip_building_tests' from command line to 'False'
[0.357s] DEBUG:colcon.colcon_core.verb:Building package 'exia_control' with the following arguments: {'ament_cmake_args': None, 'build_base': '/home/zech/exia_ws/build/exia_control', 'catkin_cmake_args': None, 'catkin_skip_building_tests': False, 'cmake_args': None, 'cmake_clean_cache': False, 'cmake_clean_first': False, 'cmake_force_configure': False, 'cmake_target': None, 'cmake_target_skip_unavailable': False, 'install_base': '/home/zech/exia_ws/install/exia_control', 'merge_install': False, 'path': '/home/zech/exia_ws/src/exia_control', 'symlink_install': False, 'test_result_base': None}
[0.357s] Level 5:colcon.colcon_core.verb:set package 'exia_driver' build argument 'cmake_args' from command line to 'None'
[0.357s] Level 5:colcon.colcon_core.verb:set package 'exia_driver' build argument 'cmake_target' from command line to 'None'
[0.357s] Level 5:colcon.colcon_core.verb:set package 'exia_driver' build argument 'cmake_target_skip_unavailable' from command line to 'False'
[0.357s] Level 5:colcon.colcon_core.verb:set package 'exia_driver' build argument 'cmake_clean_cache' from command line to 'False'
[0.357s] Level 5:colcon.colcon_core.verb:set package 'exia_driver' build argument 'cmake_clean_first' from command line to 'False'
[0.357s] Level 5:colcon.colcon_core.verb:set package 'exia_driver' build argument 'cmake_force_configure' from command line to 'False'
[0.357s] Level 5:colcon.colcon_core.verb:set package 'exia_driver' build argument 'ament_cmake_args' from command line to 'None'
[0.358s] Level 5:colcon.colcon_core.verb:set package 'exia_driver' build argument 'catkin_cmake_args' from command line to 'None'
[0.358s] Level 5:colcon.colcon_core.verb:set package 'exia_driver' build argument 'catkin_skip_building_tests' from command line to 'False'
[0.358s] DEBUG:colcon.colcon_core.verb:Building package 'exia_driver' with the following arguments: {'ament_cmake_args': None, 'build_base': '/home/zech/exia_ws/build/exia_driver', 'catkin_cmake_args': None, 'catkin_skip_building_tests': False, 'cmake_args': None, 'cmake_clean_cache': False, 'cmake_clean_first': False, 'cmake_force_configure': False, 'cmake_target': None, 'cmake_target_skip_unavailable': False, 'install_base': '/home/zech/exia_ws/install/exia_driver', 'merge_install': False, 'path': '/home/zech/exia_ws/src/exia_driver', 'symlink_install': False, 'test_result_base': None}
[0.358s] Level 5:colcon.colcon_core.verb:set package 'exia_bringup' build argument 'cmake_args' from command line to 'None'
[0.358s] Level 5:colcon.colcon_core.verb:set package 'exia_bringup' build argument 'cmake_target' from command line to 'None'
[0.358s] Level 5:colcon.colcon_core.verb:set package 'exia_bringup' build argument 'cmake_target_skip_unavailable' from command line to 'False'
[0.358s] Level 5:colcon.colcon_core.verb:set package 'exia_bringup' build argument 'cmake_clean_cache' from command line to 'False'
[0.358s] Level 5:colcon.colcon_core.verb:set package 'exia_bringup' build argument 'cmake_clean_first' from command line to 'False'
[0.358s] Level 5:colcon.colcon_core.verb:set package 'exia_bringup' build argument 'cmake_force_configure' from command line to 'False'
[0.358s] Level 5:colcon.colcon_core.verb:set package 'exia_bringup' build argument 'ament_cmake_args' from command line to 'None'
[0.358s] Level 5:colcon.colcon_core.verb:set package 'exia_bringup' build argument 'catkin_cmake_args' from command line to 'None'
[0.358s] Level 5:colcon.colcon_core.verb:set package 'exia_bringup' build argument 'catkin_skip_building_tests' from command line to 'False'
[0.358s] DEBUG:colcon.colcon_core.verb:Building package 'exia_bringup' with the following arguments: {'ament_cmake_args': None, 'build_base': '/home/zech/exia_ws/build/exia_bringup', 'catkin_cmake_args': None, 'catkin_skip_building_tests': False, 'cmake_args': None, 'cmake_clean_cache': False, 'cmake_clean_first': False, 'cmake_force_configure': False, 'cmake_target': None, 'cmake_target_skip_unavailable': False, 'install_base': '/home/zech/exia_ws/install/exia_bringup', 'merge_install': False, 'path': '/home/zech/exia_ws/src/exia_bringup', 'symlink_install': False, 'test_result_base': None}
[0.358s] INFO:colcon.colcon_core.executor:Executing jobs using 'parallel' executor
[0.358s] DEBUG:colcon.colcon_parallel_executor.executor.parallel:run_until_complete
[0.359s] INFO:colcon.colcon_ros.task.ament_cmake.build:Building ROS package in '/home/zech/exia_ws/src/exia_msgs' with build type 'ament_cmake'
[0.359s] INFO:colcon.colcon_cmake.task.cmake.build:Building CMake package in '/home/zech/exia_ws/src/exia_msgs'
[0.361s] INFO:colcon.colcon_core.plugin_system:Skipping extension 'colcon_core.shell.bat': Not used on non-Windows systems
[0.361s] INFO:colcon.colcon_core.shell:Skip shell extension 'powershell' for command environment: Not usable outside of PowerShell
[0.362s] DEBUG:colcon.colcon_core.shell:Skip shell extension 'dsv' for command environment
[0.369s] DEBUG:colcon.colcon_core.event_handler.log_command:Invoking command in '/home/zech/exia_ws/build/exia_msgs': CMAKE_PREFIX_PATH=${CMAKE_PREFIX_PATH}:/home/zech/exia_ws/install/exia_driver:/home/zech/exia_ws/install/exia_control:/opt/ros/humble VIRTUAL_ENV_PROMPT=(.venv) /usr/bin/cmake --build /home/zech/exia_ws/build/exia_msgs -- -j20 -l20
[0.592s] DEBUG:colcon.colcon_core.event_handler.log_command:Invoked command in '/home/zech/exia_ws/build/exia_msgs' returned '0': CMAKE_PREFIX_PATH=${CMAKE_PREFIX_PATH}:/home/zech/exia_ws/install/exia_driver:/home/zech/exia_ws/install/exia_control:/opt/ros/humble VIRTUAL_ENV_PROMPT=(.venv) /usr/bin/cmake --build /home/zech/exia_ws/build/exia_msgs -- -j20 -l20
[0.598s] DEBUG:colcon.colcon_core.event_handler.log_command:Invoking command in '/home/zech/exia_ws/build/exia_msgs': CMAKE_PREFIX_PATH=${CMAKE_PREFIX_PATH}:/home/zech/exia_ws/install/exia_driver:/home/zech/exia_ws/install/exia_control:/opt/ros/humble VIRTUAL_ENV_PROMPT=(.venv) /usr/bin/cmake --install /home/zech/exia_ws/build/exia_msgs
[0.630s] Level 1:colcon.colcon_core.environment:create_environment_scripts_only(exia_msgs)
[0.630s] DEBUG:colcon.colcon_core.event_handler.log_command:Invoked command in '/home/zech/exia_ws/build/exia_msgs' returned '0': CMAKE_PREFIX_PATH=${CMAKE_PREFIX_PATH}:/home/zech/exia_ws/install/exia_driver:/home/zech/exia_ws/install/exia_control:/opt/ros/humble VIRTUAL_ENV_PROMPT=(.venv) /usr/bin/cmake --install /home/zech/exia_ws/build/exia_msgs
[0.634s] Level 1:colcon.colcon_core.environment:checking '/home/zech/exia_ws/install/exia_msgs' for CMake module files
[0.635s] Level 1:colcon.colcon_core.environment:checking '/home/zech/exia_ws/install/exia_msgs' for CMake config files
[0.635s] Level 1:colcon.colcon_core.shell:create_environment_hook('exia_msgs', 'cmake_prefix_path')
[0.636s] INFO:colcon.colcon_core.shell:Creating environment hook '/home/zech/exia_ws/install/exia_msgs/share/exia_msgs/hook/cmake_prefix_path.ps1'
[0.636s] INFO:colcon.colcon_core.shell:Creating environment descriptor '/home/zech/exia_ws/install/exia_msgs/share/exia_msgs/hook/cmake_prefix_path.dsv'
[0.637s] INFO:colcon.colcon_core.shell:Creating environment hook '/home/zech/exia_ws/install/exia_msgs/share/exia_msgs/hook/cmake_prefix_path.sh'
[0.638s] Level 1:colcon.colcon_core.environment:checking '/home/zech/exia_ws/install/exia_msgs/lib'
[0.639s] Level 1:colcon.colcon_core.shell:create_environment_hook('exia_msgs', 'ld_library_path_lib')
[0.639s] INFO:colcon.colcon_core.shell:Creating environment hook '/home/zech/exia_ws/install/exia_msgs/share/exia_msgs/hook/ld_library_path_lib.ps1'
[0.639s] INFO:colcon.colcon_core.shell:Creating environment descriptor '/home/zech/exia_ws/install/exia_msgs/share/exia_msgs/hook/ld_library_path_lib.dsv'
[0.639s] INFO:colcon.colcon_core.shell:Creating environment hook '/home/zech/exia_ws/install/exia_msgs/share/exia_msgs/hook/ld_library_path_lib.sh'
[0.640s] Level 1:colcon.colcon_core.environment:checking '/home/zech/exia_ws/install/exia_msgs/bin'
[0.640s] Level 1:colcon.colcon_core.environment:checking '/home/zech/exia_ws/install/exia_msgs/lib/pkgconfig/exia_msgs.pc'
[0.640s] Level 1:colcon.colcon_core.environment:checking '/home/zech/exia_ws/install/exia_msgs/lib/python3.10/site-packages'
[0.640s] Level 1:colcon.colcon_core.environment:checking '/home/zech/exia_ws/install/exia_msgs/bin'
[0.641s] INFO:colcon.colcon_core.shell:Creating package script '/home/zech/exia_ws/install/exia_msgs/share/exia_msgs/package.ps1'
[0.641s] INFO:colcon.colcon_core.shell:Creating package descriptor '/home/zech/exia_ws/install/exia_msgs/share/exia_msgs/package.dsv'
[0.642s] INFO:colcon.colcon_core.shell:Creating package script '/home/zech/exia_ws/install/exia_msgs/share/exia_msgs/package.sh'
[0.642s] INFO:colcon.colcon_core.shell:Creating package script '/home/zech/exia_ws/install/exia_msgs/share/exia_msgs/package.bash'
[0.643s] INFO:colcon.colcon_core.shell:Creating package script '/home/zech/exia_ws/install/exia_msgs/share/exia_msgs/package.zsh'
[0.644s] Level 1:colcon.colcon_core.environment:create_file_with_runtime_dependencies(/home/zech/exia_ws/install/exia_msgs/share/colcon-core/packages/exia_msgs)
[0.644s] Level 1:colcon.colcon_core.environment:create_environment_scripts_only(exia_msgs)
[0.644s] Level 1:colcon.colcon_core.environment:checking '/home/zech/exia_ws/install/exia_msgs' for CMake module files
[0.645s] Level 1:colcon.colcon_core.environment:checking '/home/zech/exia_ws/install/exia_msgs' for CMake config files
[0.645s] Level 1:colcon.colcon_core.shell:create_environment_hook('exia_msgs', 'cmake_prefix_path')
[0.645s] INFO:colcon.colcon_core.shell:Creating environment hook '/home/zech/exia_ws/install/exia_msgs/share/exia_msgs/hook/cmake_prefix_path.ps1'
[0.645s] INFO:colcon.colcon_core.shell:Creating environment descriptor '/home/zech/exia_ws/install/exia_msgs/share/exia_msgs/hook/cmake_prefix_path.dsv'
[0.645s] INFO:colcon.colcon_core.shell:Creating environment hook '/home/zech/exia_ws/install/exia_msgs/share/exia_msgs/hook/cmake_prefix_path.sh'
[0.646s] Level 1:colcon.colcon_core.environment:checking '/home/zech/exia_ws/install/exia_msgs/lib'
[0.646s] Level 1:colcon.colcon_core.shell:create_environment_hook('exia_msgs', 'ld_library_path_lib')
[0.646s] INFO:colcon.colcon_core.shell:Creating environment hook '/home/zech/exia_ws/install/exia_msgs/share/exia_msgs/hook/ld_library_path_lib.ps1'
[0.646s] INFO:colcon.colcon_core.shell:Creating environment descriptor '/home/zech/exia_ws/install/exia_msgs/share/exia_msgs/hook/ld_library_path_lib.dsv'
[0.647s] INFO:colcon.colcon_core.shell:Creating environment hook '/home/zech/exia_ws/install/exia_msgs/share/exia_msgs/hook/ld_library_path_lib.sh'
[0.647s] Level 1:colcon.colcon_core.environment:checking '/home/zech/exia_ws/install/exia_msgs/bin'
[0.647s] Level 1:colcon.colcon_core.environment:checking '/home/zech/exia_ws/install/exia_msgs/lib/pkgconfig/exia_msgs.pc'
[0.647s] Level 1:colcon.colcon_core.environment:checking '/home/zech/exia_ws/install/exia_msgs/lib/python3.10/site-packages'
[0.647s] Level 1:colcon.colcon_core.environment:checking '/home/zech/exia_ws/install/exia_msgs/bin'
[0.647s] INFO:colcon.colcon_core.shell:Creating package script '/home/zech/exia_ws/install/exia_msgs/share/exia_msgs/package.ps1'
[0.648s] INFO:colcon.colcon_core.shell:Creating package descriptor '/home/zech/exia_ws/install/exia_msgs/share/exia_msgs/package.dsv'
[0.648s] INFO:colcon.colcon_core.shell:Creating package script '/home/zech/exia_ws/install/exia_msgs/share/exia_msgs/package.sh'
[0.648s] INFO:colcon.colcon_core.shell:Creating package script '/home/zech/exia_ws/install/exia_msgs/share/exia_msgs/package.bash'
[0.649s] INFO:colcon.colcon_core.shell:Creating package script '/home/zech/exia_ws/install/exia_msgs/share/exia_msgs/package.zsh'
[0.649s] Level 1:colcon.colcon_core.environment:create_file_with_runtime_dependencies(/home/zech/exia_ws/install/exia_msgs/share/colcon-core/packages/exia_msgs)
[0.649s] INFO:colcon.colcon_ros.task.ament_python.build:Building ROS package in '/home/zech/exia_ws/src/exia_control' with build type 'ament_python'
[0.649s] Level 1:colcon.colcon_core.shell:create_environment_hook('exia_control', 'ament_prefix_path')
[0.649s] INFO:colcon.colcon_core.shell:Creating environment hook '/home/zech/exia_ws/install/exia_control/share/exia_control/hook/ament_prefix_path.ps1'
[0.650s] INFO:colcon.colcon_core.shell:Creating environment descriptor '/home/zech/exia_ws/install/exia_control/share/exia_control/hook/ament_prefix_path.dsv'
[0.650s] INFO:colcon.colcon_core.shell:Creating environment hook '/home/zech/exia_ws/install/exia_control/share/exia_control/hook/ament_prefix_path.sh'
[0.651s] INFO:colcon.colcon_core.shell:Skip shell extension 'powershell' for command environment: Not usable outside of PowerShell
[0.651s] DEBUG:colcon.colcon_core.shell:Skip shell extension 'dsv' for command environment
[0.653s] INFO:colcon.colcon_ros.task.ament_python.build:Building ROS package in '/home/zech/exia_ws/src/exia_driver' with build type 'ament_python'
[0.653s] Level 1:colcon.colcon_core.shell:create_environment_hook('exia_driver', 'ament_prefix_path')
[0.653s] INFO:colcon.colcon_core.shell:Creating environment hook '/home/zech/exia_ws/install/exia_driver/share/exia_driver/hook/ament_prefix_path.ps1'
[0.654s] INFO:colcon.colcon_core.shell:Creating environment descriptor '/home/zech/exia_ws/install/exia_driver/share/exia_driver/hook/ament_prefix_path.dsv'
[0.654s] INFO:colcon.colcon_core.shell:Creating environment hook '/home/zech/exia_ws/install/exia_driver/share/exia_driver/hook/ament_prefix_path.sh'
[0.654s] INFO:colcon.colcon_core.shell:Skip shell extension 'powershell' for command environment: Not usable outside of PowerShell
[0.654s] DEBUG:colcon.colcon_core.shell:Skip shell extension 'dsv' for command environment
[0.794s] INFO:colcon.colcon_core.task.python.build:Building Python package in '/home/zech/exia_ws/src/exia_control'
[0.795s] INFO:colcon.colcon_core.shell:Skip shell extension 'powershell' for command environment: Not usable outside of PowerShell
[0.795s] DEBUG:colcon.colcon_core.shell:Skip shell extension 'dsv' for command environment
[0.941s] INFO:colcon.colcon_core.task.python.build:Building Python package in '/home/zech/exia_ws/src/exia_driver'
[0.941s] INFO:colcon.colcon_core.shell:Skip shell extension 'powershell' for command environment: Not usable outside of PowerShell
[0.941s] DEBUG:colcon.colcon_core.shell:Skip shell extension 'dsv' for command environment
[1.205s] DEBUG:colcon.colcon_core.event_handler.log_command:Invoking command in '/home/zech/exia_ws/src/exia_control': CMAKE_PREFIX_PATH=/home/zech/exia_ws/install/exia_msgs:/home/zech/exia_ws/install/exia_bringup:/home/zech/exia_ws/install/exia_ground_description:/home/zech/ros2_ws/install/eclipse_diffdrive:/home/zech/ros2_ws/install/eclipse_ackermann PYTHONPATH=/home/zech/exia_ws/build/exia_control/prefix_override:/usr/lib/python3/dist-packages/colcon_core/task/python/colcon_distutils_commands:/home/zech/exia_ws/install/exia_control/lib/python3.10/site-packages:${PYTHONPATH} VIRTUAL_ENV_PROMPT=(.venv) /usr/bin/python3 -W ignore:setup.py install is deprecated -W ignore:easy_install command is deprecated setup.py egg_info --egg-base ../../build/exia_control build --build-base /home/zech/exia_ws/build/exia_control/build install --record /home/zech/exia_ws/build/exia_control/install.log --single-version-externally-managed install_data
[1.206s] DEBUG:colcon.colcon_core.event_handler.log_command:Invoking command in '/home/zech/exia_ws/src/exia_driver': CMAKE_PREFIX_PATH=/home/zech/exia_ws/install/exia_msgs:/home/zech/exia_ws/install/exia_bringup:/home/zech/exia_ws/install/exia_ground_description:/home/zech/ros2_ws/install/eclipse_diffdrive:/home/zech/ros2_ws/install/eclipse_ackermann PYTHONPATH=/home/zech/exia_ws/build/exia_driver/prefix_override:/usr/lib/python3/dist-packages/colcon_core/task/python/colcon_distutils_commands:/home/zech/exia_ws/install/exia_driver/lib/python3.10/site-packages:${PYTHONPATH} VIRTUAL_ENV_PROMPT=(.venv) /usr/bin/python3 -W ignore:setup.py install is deprecated -W ignore:easy_install command is deprecated setup.py egg_info --egg-base ../../build/exia_driver build --build-base /home/zech/exia_ws/build/exia_driver/build install --record /home/zech/exia_ws/build/exia_driver/install.log --single-version-externally-managed install_data
[1.357s] Level 1:colcon.colcon_core.environment:checking '/home/zech/exia_ws/install/exia_driver' for CMake module files
[1.358s] DEBUG:colcon.colcon_core.event_handler.log_command:Invoked command in '/home/zech/exia_ws/src/exia_driver' returned '0': CMAKE_PREFIX_PATH=/home/zech/exia_ws/install/exia_msgs:/home/zech/exia_ws/install/exia_bringup:/home/zech/exia_ws/install/exia_ground_description:/home/zech/ros2_ws/install/eclipse_diffdrive:/home/zech/ros2_ws/install/eclipse_ackermann PYTHONPATH=/home/zech/exia_ws/build/exia_driver/prefix_override:/usr/lib/python3/dist-packages/colcon_core/task/python/colcon_distutils_commands:/home/zech/exia_ws/install/exia_driver/lib/python3.10/site-packages:${PYTHONPATH} VIRTUAL_ENV_PROMPT=(.venv) /usr/bin/python3 -W ignore:setup.py install is deprecated -W ignore:easy_install command is deprecated setup.py egg_info --egg-base ../../build/exia_driver build --build-base /home/zech/exia_ws/build/exia_driver/build install --record /home/zech/exia_ws/build/exia_driver/install.log --single-version-externally-managed install_data
[1.358s] Level 1:colcon.colcon_core.environment:checking '/home/zech/exia_ws/install/exia_driver' for CMake config files
[1.358s] Level 1:colcon.colcon_core.environment:checking '/home/zech/exia_ws/install/exia_driver/lib'
[1.358s] Level 1:colcon.colcon_core.environment:checking '/home/zech/exia_ws/install/exia_driver/bin'
[1.358s] Level 1:colcon.colcon_core.environment:checking '/home/zech/exia_ws/install/exia_driver/lib/pkgconfig/exia_driver.pc'
[1.358s] Level 1:colcon.colcon_core.environment:checking '/home/zech/exia_ws/install/exia_driver/lib/python3.10/site-packages'
[1.358s] Level 1:colcon.colcon_core.shell:create_environment_hook('exia_driver', 'pythonpath')
[1.359s] INFO:colcon.colcon_core.shell:Creating environment hook '/home/zech/exia_ws/install/exia_driver/share/exia_driver/hook/pythonpath.ps1'
[1.359s] INFO:colcon.colcon_core.shell:Creating environment descriptor '/home/zech/exia_ws/install/exia_driver/share/exia_driver/hook/pythonpath.dsv'
[1.359s] INFO:colcon.colcon_core.shell:Creating environment hook '/home/zech/exia_ws/install/exia_driver/share/exia_driver/hook/pythonpath.sh'
[1.359s] Level 1:colcon.colcon_core.environment:checking '/home/zech/exia_ws/install/exia_driver/bin'
[1.359s] Level 1:colcon.colcon_core.environment:create_environment_scripts_only(exia_driver)
[1.360s] INFO:colcon.colcon_core.shell:Creating package script '/home/zech/exia_ws/install/exia_driver/share/exia_driver/package.ps1'
[1.360s] INFO:colcon.colcon_core.shell:Creating package descriptor '/home/zech/exia_ws/install/exia_driver/share/exia_driver/package.dsv'
[1.360s] INFO:colcon.colcon_core.shell:Creating package script '/home/zech/exia_ws/install/exia_driver/share/exia_driver/package.sh'
[1.360s] INFO:colcon.colcon_core.shell:Creating package script '/home/zech/exia_ws/install/exia_driver/share/exia_driver/package.bash'
[1.361s] INFO:colcon.colcon_core.shell:Creating package script '/home/zech/exia_ws/install/exia_driver/share/exia_driver/package.zsh'
[1.361s] Level 1:colcon.colcon_core.environment:create_file_with_runtime_dependencies(/home/zech/exia_ws/install/exia_driver/share/colcon-core/packages/exia_driver)
[1.362s] Level 1:colcon.colcon_core.environment:checking '/home/zech/exia_ws/install/exia_control' for CMake module files
[1.362s] DEBUG:colcon.colcon_core.event_handler.log_command:Invoked command in '/home/zech/exia_ws/src/exia_control' returned '0': CMAKE_PREFIX_PATH=/home/zech/exia_ws/install/exia_msgs:/home/zech/exia_ws/install/exia_bringup:/home/zech/exia_ws/install/exia_ground_description:/home/zech/ros2_ws/install/eclipse_diffdrive:/home/zech/ros2_ws/install/eclipse_ackermann PYTHONPATH=/home/zech/exia_ws/build/exia_control/prefix_override:/usr/lib/python3/dist-packages/colcon_core/task/python/colcon_distutils_commands:/home/zech/exia_ws/install/exia_control/lib/python3.10/site-packages:${PYTHONPATH} VIRTUAL_ENV_PROMPT=(.venv) /usr/bin/python3 -W ignore:setup.py install is deprecated -W ignore:easy_install command is deprecated setup.py egg_info --egg-base ../../build/exia_control build --build-base /home/zech/exia_ws/build/exia_control/build install --record /home/zech/exia_ws/build/exia_control/install.log --single-version-externally-managed install_data
[1.362s] Level 1:colcon.colcon_core.environment:checking '/home/zech/exia_ws/install/exia_control' for CMake config files
[1.363s] Level 1:colcon.colcon_core.environment:checking '/home/zech/exia_ws/install/exia_control/lib'
[1.363s] Level 1:colcon.colcon_core.environment:checking '/home/zech/exia_ws/install/exia_control/bin'
[1.363s] Level 1:colcon.colcon_core.environment:checking '/home/zech/exia_ws/install/exia_control/lib/pkgconfig/exia_control.pc'
[1.363s] Level 1:colcon.colcon_core.environment:checking '/home/zech/exia_ws/install/exia_control/lib/python3.10/site-packages'
[1.363s] Level 1:colcon.colcon_core.shell:create_environment_hook('exia_control', 'pythonpath')
[1.363s] INFO:colcon.colcon_core.shell:Creating environment hook '/home/zech/exia_ws/install/exia_control/share/exia_control/hook/pythonpath.ps1'
[1.363s] INFO:colcon.colcon_core.shell:Creating environment descriptor '/home/zech/exia_ws/install/exia_control/share/exia_control/hook/pythonpath.dsv'
[1.363s] INFO:colcon.colcon_core.shell:Creating environment hook '/home/zech/exia_ws/install/exia_control/share/exia_control/hook/pythonpath.sh'
[1.364s] Level 1:colcon.colcon_core.environment:checking '/home/zech/exia_ws/install/exia_control/bin'
[1.364s] Level 1:colcon.colcon_core.environment:create_environment_scripts_only(exia_control)
[1.364s] INFO:colcon.colcon_core.shell:Creating package script '/home/zech/exia_ws/install/exia_control/share/exia_control/package.ps1'
[1.364s] INFO:colcon.colcon_core.shell:Creating package descriptor '/home/zech/exia_ws/install/exia_control/share/exia_control/package.dsv'
[1.364s] INFO:colcon.colcon_core.shell:Creating package script '/home/zech/exia_ws/install/exia_control/share/exia_control/package.sh'
[1.365s] INFO:colcon.colcon_core.shell:Creating package script '/home/zech/exia_ws/install/exia_control/share/exia_control/package.bash'
[1.365s] INFO:colcon.colcon_core.shell:Creating package script '/home/zech/exia_ws/install/exia_control/share/exia_control/package.zsh'
[1.365s] Level 1:colcon.colcon_core.environment:create_file_with_runtime_dependencies(/home/zech/exia_ws/install/exia_control/share/colcon-core/packages/exia_control)
[1.365s] INFO:colcon.colcon_ros.task.ament_cmake.build:Building ROS package in '/home/zech/exia_ws/src/exia_bringup' with build type 'ament_cmake'
[1.365s] INFO:colcon.colcon_cmake.task.cmake.build:Building CMake package in '/home/zech/exia_ws/src/exia_bringup'
[1.365s] INFO:colcon.colcon_core.shell:Skip shell extension 'powershell' for command environment: Not usable outside of PowerShell
[1.365s] DEBUG:colcon.colcon_core.shell:Skip shell extension 'dsv' for command environment
[1.373s] DEBUG:colcon.colcon_core.event_handler.log_command:Invoking command in '/home/zech/exia_ws/build/exia_bringup': AMENT_PREFIX_PATH=/home/zech/exia_ws/install/exia_driver:/home/zech/exia_ws/install/exia_control:/home/zech/exia_ws/install/exia_bringup:/home/zech/exia_ws/install/exia_msgs:/home/zech/exia_ws/install/exia_ground_description:/home/zech/ros2_ws/install/eclipse_diffdrive:/home/zech/ros2_ws/install/eclipse_ackermann:/opt/ros/humble CMAKE_PREFIX_PATH=/home/zech/exia_ws/install/exia_msgs:/home/zech/exia_ws/install/exia_bringup:/home/zech/exia_ws/install/exia_ground_description:/home/zech/ros2_ws/install/eclipse_diffdrive:/home/zech/ros2_ws/install/eclipse_ackermann:/home/zech/exia_ws/install/exia_driver:/home/zech/exia_ws/install/exia_control:/opt/ros/humble VIRTUAL_ENV_PROMPT=(.venv) /usr/bin/cmake --build /home/zech/exia_ws/build/exia_bringup -- -j20 -l20
[1.401s] DEBUG:colcon.colcon_core.event_handler.log_command:Invoked command in '/home/zech/exia_ws/build/exia_bringup' returned '0': AMENT_PREFIX_PATH=/home/zech/exia_ws/install/exia_driver:/home/zech/exia_ws/install/exia_control:/home/zech/exia_ws/install/exia_bringup:/home/zech/exia_ws/install/exia_msgs:/home/zech/exia_ws/install/exia_ground_description:/home/zech/ros2_ws/install/eclipse_diffdrive:/home/zech/ros2_ws/install/eclipse_ackermann:/opt/ros/humble CMAKE_PREFIX_PATH=/home/zech/exia_ws/install/exia_msgs:/home/zech/exia_ws/install/exia_bringup:/home/zech/exia_ws/install/exia_ground_description:/home/zech/ros2_ws/install/eclipse_diffdrive:/home/zech/ros2_ws/install/eclipse_ackermann:/home/zech/exia_ws/install/exia_driver:/home/zech/exia_ws/install/exia_control:/opt/ros/humble VIRTUAL_ENV_PROMPT=(.venv) /usr/bin/cmake --build /home/zech/exia_ws/build/exia_bringup -- -j20 -l20
[1.403s] DEBUG:colcon.colcon_core.event_handler.log_command:Invoking command in '/home/zech/exia_ws/build/exia_bringup': AMENT_PREFIX_PATH=/home/zech/exia_ws/install/exia_driver:/home/zech/exia_ws/install/exia_control:/home/zech/exia_ws/install/exia_bringup:/home/zech/exia_ws/install/exia_msgs:/home/zech/exia_ws/install/exia_ground_description:/home/zech/ros2_ws/install/eclipse_diffdrive:/home/zech/ros2_ws/install/eclipse_ackermann:/opt/ros/humble CMAKE_PREFIX_PATH=/home/zech/exia_ws/install/exia_msgs:/home/zech/exia_ws/install/exia_bringup:/home/zech/exia_ws/install/exia_ground_description:/home/zech/ros2_ws/install/eclipse_diffdrive:/home/zech/ros2_ws/install/eclipse_ackermann:/home/zech/exia_ws/install/exia_driver:/home/zech/exia_ws/install/exia_control:/opt/ros/humble VIRTUAL_ENV_PROMPT=(.venv) /usr/bin/cmake --install /home/zech/exia_ws/build/exia_bringup
[1.446s] Level 1:colcon.colcon_core.environment:create_environment_scripts_only(exia_bringup)
[1.447s] Level 1:colcon.colcon_core.environment:checking '/home/zech/exia_ws/install/exia_bringup' for CMake module files
[1.447s] DEBUG:colcon.colcon_core.event_handler.log_command:Invoked command in '/home/zech/exia_ws/build/exia_bringup' returned '0': AMENT_PREFIX_PATH=/home/zech/exia_ws/install/exia_driver:/home/zech/exia_ws/install/exia_control:/home/zech/exia_ws/install/exia_bringup:/home/zech/exia_ws/install/exia_msgs:/home/zech/exia_ws/install/exia_ground_description:/home/zech/ros2_ws/install/eclipse_diffdrive:/home/zech/ros2_ws/install/eclipse_ackermann:/opt/ros/humble CMAKE_PREFIX_PATH=/home/zech/exia_ws/install/exia_msgs:/home/zech/exia_ws/install/exia_bringup:/home/zech/exia_ws/install/exia_ground_description:/home/zech/ros2_ws/install/eclipse_diffdrive:/home/zech/ros2_ws/install/eclipse_ackermann:/home/zech/exia_ws/install/exia_driver:/home/zech/exia_ws/install/exia_control:/opt/ros/humble VIRTUAL_ENV_PROMPT=(.venv) /usr/bin/cmake --install /home/zech/exia_ws/build/exia_bringup
[1.448s] Level 1:colcon.colcon_core.environment:checking '/home/zech/exia_ws/install/exia_bringup' for CMake config files
[1.449s] Level 1:colcon.colcon_core.shell:create_environment_hook('exia_bringup', 'cmake_prefix_path')
[1.450s] INFO:colcon.colcon_core.shell:Creating environment hook '/home/zech/exia_ws/install/exia_bringup/share/exia_bringup/hook/cmake_prefix_path.ps1'
[1.451s] INFO:colcon.colcon_core.shell:Creating environment descriptor '/home/zech/exia_ws/install/exia_bringup/share/exia_bringup/hook/cmake_prefix_path.dsv'
[1.452s] INFO:colcon.colcon_core.shell:Creating environment hook '/home/zech/exia_ws/install/exia_bringup/share/exia_bringup/hook/cmake_prefix_path.sh'
[1.453s] Level 1:colcon.colcon_core.environment:checking '/home/zech/exia_ws/install/exia_bringup/bin'
[1.453s] Level 1:colcon.colcon_core.environment:checking '/home/zech/exia_ws/install/exia_bringup/lib/pkgconfig/exia_bringup.pc'
[1.453s] Level 1:colcon.colcon_core.environment:checking '/home/zech/exia_ws/install/exia_bringup/lib/python3.10/site-packages'
[1.454s] Level 1:colcon.colcon_core.environment:checking '/home/zech/exia_ws/install/exia_bringup/bin'
[1.454s] INFO:colcon.colcon_core.shell:Creating package script '/home/zech/exia_ws/install/exia_bringup/share/exia_bringup/package.ps1'
[1.455s] INFO:colcon.colcon_core.shell:Creating package descriptor '/home/zech/exia_ws/install/exia_bringup/share/exia_bringup/package.dsv'
[1.456s] INFO:colcon.colcon_core.shell:Creating package script '/home/zech/exia_ws/install/exia_bringup/share/exia_bringup/package.sh'
[1.456s] INFO:colcon.colcon_core.shell:Creating package script '/home/zech/exia_ws/install/exia_bringup/share/exia_bringup/package.bash'
[1.457s] INFO:colcon.colcon_core.shell:Creating package script '/home/zech/exia_ws/install/exia_bringup/share/exia_bringup/package.zsh'
[1.457s] Level 1:colcon.colcon_core.environment:create_file_with_runtime_dependencies(/home/zech/exia_ws/install/exia_bringup/share/colcon-core/packages/exia_bringup)
[1.458s] Level 1:colcon.colcon_core.environment:create_environment_scripts_only(exia_bringup)
[1.458s] Level 1:colcon.colcon_core.environment:checking '/home/zech/exia_ws/install/exia_bringup' for CMake module files
[1.459s] Level 1:colcon.colcon_core.environment:checking '/home/zech/exia_ws/install/exia_bringup' for CMake config files
[1.459s] Level 1:colcon.colcon_core.shell:create_environment_hook('exia_bringup', 'cmake_prefix_path')
[1.459s] INFO:colcon.colcon_core.shell:Creating environment hook '/home/zech/exia_ws/install/exia_bringup/share/exia_bringup/hook/cmake_prefix_path.ps1'
[1.460s] INFO:colcon.colcon_core.shell:Creating environment descriptor '/home/zech/exia_ws/install/exia_bringup/share/exia_bringup/hook/cmake_prefix_path.dsv'
[1.460s] INFO:colcon.colcon_core.shell:Creating environment hook '/home/zech/exia_ws/install/exia_bringup/share/exia_bringup/hook/cmake_prefix_path.sh'
[1.461s] Level 1:colcon.colcon_core.environment:checking '/home/zech/exia_ws/install/exia_bringup/bin'
[1.461s] Level 1:colcon.colcon_core.environment:checking '/home/zech/exia_ws/install/exia_bringup/lib/pkgconfig/exia_bringup.pc'
[1.461s] Level 1:colcon.colcon_core.environment:checking '/home/zech/exia_ws/install/exia_bringup/lib/python3.10/site-packages'
[1.461s] Level 1:colcon.colcon_core.environment:checking '/home/zech/exia_ws/install/exia_bringup/bin'
[1.462s] INFO:colcon.colcon_core.shell:Creating package script '/home/zech/exia_ws/install/exia_bringup/share/exia_bringup/package.ps1'
[1.462s] INFO:colcon.colcon_core.shell:Creating package descriptor '/home/zech/exia_ws/install/exia_bringup/share/exia_bringup/package.dsv'
[1.463s] INFO:colcon.colcon_core.shell:Creating package script '/home/zech/exia_ws/install/exia_bringup/share/exia_bringup/package.sh'
[1.463s] INFO:colcon.colcon_core.shell:Creating package script '/home/zech/exia_ws/install/exia_bringup/share/exia_bringup/package.bash'
[1.463s] INFO:colcon.colcon_core.shell:Creating package script '/home/zech/exia_ws/install/exia_bringup/share/exia_bringup/package.zsh'
[1.463s] Level 1:colcon.colcon_core.environment:create_file_with_runtime_dependencies(/home/zech/exia_ws/install/exia_bringup/share/colcon-core/packages/exia_bringup)
[1.464s] DEBUG:colcon.colcon_parallel_executor.executor.parallel:closing loop
[1.464s] DEBUG:colcon.colcon_parallel_executor.executor.parallel:loop closed
[1.464s] DEBUG:colcon.colcon_parallel_executor.executor.parallel:run_until_complete finished with '0'
[1.464s] DEBUG:colcon.colcon_core.event_reactor:joining thread
[1.468s] INFO:colcon.colcon_core.plugin_system:Skipping extension 'colcon_notification.desktop_notification.terminal_notifier': Not used on non-Darwin systems
[1.468s] INFO:colcon.colcon_core.plugin_system:Skipping extension 'colcon_notification.desktop_notification.win32': Not used on non-Windows systems
[1.468s] INFO:colcon.colcon_notification.desktop_notification:Sending desktop notification using 'notify2'
[1.476s] DEBUG:colcon.colcon_core.event_reactor:joined thread
[1.476s] INFO:colcon.colcon_core.shell:Creating prefix script '/home/zech/exia_ws/install/local_setup.ps1'
[1.477s] INFO:colcon.colcon_core.shell:Creating prefix util module '/home/zech/exia_ws/install/_local_setup_util_ps1.py'
[1.478s] INFO:colcon.colcon_core.shell:Creating prefix chain script '/home/zech/exia_ws/install/setup.ps1'
[1.479s] INFO:colcon.colcon_core.shell:Creating prefix script '/home/zech/exia_ws/install/local_setup.sh'
[1.480s] INFO:colcon.colcon_core.shell:Creating prefix util module '/home/zech/exia_ws/install/_local_setup_util_sh.py'
[1.481s] INFO:colcon.colcon_core.shell:Creating prefix chain script '/home/zech/exia_ws/install/setup.sh'
[1.482s] INFO:colcon.colcon_core.shell:Creating prefix script '/home/zech/exia_ws/install/local_setup.bash'
[1.482s] INFO:colcon.colcon_core.shell:Creating prefix chain script '/home/zech/exia_ws/install/setup.bash'
[1.483s] INFO:colcon.colcon_core.shell:Creating prefix script '/home/zech/exia_ws/install/local_setup.zsh'
[1.483s] INFO:colcon.colcon_core.shell:Creating prefix chain script '/home/zech/exia_ws/install/setup.zsh'
