running egg_info
creating ../../build/exia_driver/exia_driver.egg-info
writing ../../build/exia_driver/exia_driver.egg-info/PKG-INFO
writing dependency_links to ../../build/exia_driver/exia_driver.egg-info/dependency_links.txt
writing entry points to ../../build/exia_driver/exia_driver.egg-info/entry_points.txt
writing requirements to ../../build/exia_driver/exia_driver.egg-info/requires.txt
writing top-level names to ../../build/exia_driver/exia_driver.egg-info/top_level.txt
writing manifest file '../../build/exia_driver/exia_driver.egg-info/SOURCES.txt'
reading manifest file '../../build/exia_driver/exia_driver.egg-info/SOURCES.txt'
writing manifest file '../../build/exia_driver/exia_driver.egg-info/SOURCES.txt'
running build
running build_py
creating /home/zech/exia_ws/build/exia_driver/build
creating /home/zech/exia_ws/build/exia_driver/build/lib
creating /home/zech/exia_ws/build/exia_driver/build/lib/exia_driver
copying exia_driver/__init__.py -> /home/zech/exia_ws/build/exia_driver/build/lib/exia_driver
copying exia_driver/rc_driver_node.py -> /home/zech/exia_ws/build/exia_driver/build/lib/exia_driver
running install
running install_lib
creating /home/zech/exia_ws/install/exia_driver/lib/python3.10/site-packages/exia_driver
copying /home/zech/exia_ws/build/exia_driver/build/lib/exia_driver/__init__.py -> /home/zech/exia_ws/install/exia_driver/lib/python3.10/site-packages/exia_driver
copying /home/zech/exia_ws/build/exia_driver/build/lib/exia_driver/rc_driver_node.py -> /home/zech/exia_ws/install/exia_driver/lib/python3.10/site-packages/exia_driver
byte-compiling /home/zech/exia_ws/install/exia_driver/lib/python3.10/site-packages/exia_driver/__init__.py to __init__.cpython-310.pyc
byte-compiling /home/zech/exia_ws/install/exia_driver/lib/python3.10/site-packages/exia_driver/rc_driver_node.py to rc_driver_node.cpython-310.pyc
running install_data
creating /home/zech/exia_ws/install/exia_driver/share/ament_index
creating /home/zech/exia_ws/install/exia_driver/share/ament_index/resource_index
creating /home/zech/exia_ws/install/exia_driver/share/ament_index/resource_index/packages
copying resource/exia_driver -> /home/zech/exia_ws/install/exia_driver/share/ament_index/resource_index/packages
copying package.xml -> /home/zech/exia_ws/install/exia_driver/share/exia_driver
running install_egg_info
Copying ../../build/exia_driver/exia_driver.egg-info to /home/zech/exia_ws/install/exia_driver/lib/python3.10/site-packages/exia_driver-1.0.0-py3.10.egg-info
running install_scripts
Installing rc_driver_node script to /home/zech/exia_ws/install/exia_driver/lib/exia_driver
writing list of installed files to '/home/zech/exia_ws/build/exia_driver/install.log'
