[0.507s] Invoking command in '/home/zech/exia_ws/src/exia_driver': PYTHONPATH=/home/zech/exia_ws/build/exia_driver/prefix_override:/usr/lib/python3/dist-packages/colcon_core/task/python/colcon_distutils_commands:/home/zech/exia_ws/install/exia_driver/lib/python3.10/site-packages:${PYTHONPATH} /usr/bin/python3 -W ignore:setup.py install is deprecated -W ignore:easy_install command is deprecated setup.py egg_info --egg-base ../../build/exia_driver build --build-base /home/zech/exia_ws/build/exia_driver/build install --record /home/zech/exia_ws/build/exia_driver/install.log --single-version-externally-managed install_data
[0.620s] running egg_info
[0.620s] creating ../../build/exia_driver/exia_driver.egg-info
[0.620s] writing ../../build/exia_driver/exia_driver.egg-info/PKG-INFO
[0.621s] writing dependency_links to ../../build/exia_driver/exia_driver.egg-info/dependency_links.txt
[0.621s] writing entry points to ../../build/exia_driver/exia_driver.egg-info/entry_points.txt
[0.621s] writing requirements to ../../build/exia_driver/exia_driver.egg-info/requires.txt
[0.621s] writing top-level names to ../../build/exia_driver/exia_driver.egg-info/top_level.txt
[0.621s] writing manifest file '../../build/exia_driver/exia_driver.egg-info/SOURCES.txt'
[0.621s] reading manifest file '../../build/exia_driver/exia_driver.egg-info/SOURCES.txt'
[0.622s] writing manifest file '../../build/exia_driver/exia_driver.egg-info/SOURCES.txt'
[0.622s] running build
[0.622s] running build_py
[0.622s] creating /home/zech/exia_ws/build/exia_driver/build
[0.622s] creating /home/zech/exia_ws/build/exia_driver/build/lib
[0.622s] creating /home/zech/exia_ws/build/exia_driver/build/lib/exia_driver
[0.622s] copying exia_driver/__init__.py -> /home/zech/exia_ws/build/exia_driver/build/lib/exia_driver
[0.622s] copying exia_driver/rc_driver_node.py -> /home/zech/exia_ws/build/exia_driver/build/lib/exia_driver
[0.623s] running install
[0.624s] running install_lib
[0.624s] creating /home/zech/exia_ws/install/exia_driver/lib/python3.10/site-packages/exia_driver
[0.624s] copying /home/zech/exia_ws/build/exia_driver/build/lib/exia_driver/__init__.py -> /home/zech/exia_ws/install/exia_driver/lib/python3.10/site-packages/exia_driver
[0.624s] copying /home/zech/exia_ws/build/exia_driver/build/lib/exia_driver/rc_driver_node.py -> /home/zech/exia_ws/install/exia_driver/lib/python3.10/site-packages/exia_driver
[0.624s] byte-compiling /home/zech/exia_ws/install/exia_driver/lib/python3.10/site-packages/exia_driver/__init__.py to __init__.cpython-310.pyc
[0.624s] byte-compiling /home/zech/exia_ws/install/exia_driver/lib/python3.10/site-packages/exia_driver/rc_driver_node.py to rc_driver_node.cpython-310.pyc
[0.625s] running install_data
[0.625s] creating /home/zech/exia_ws/install/exia_driver/share/ament_index
[0.625s] creating /home/zech/exia_ws/install/exia_driver/share/ament_index/resource_index
[0.626s] creating /home/zech/exia_ws/install/exia_driver/share/ament_index/resource_index/packages
[0.626s] copying resource/exia_driver -> /home/zech/exia_ws/install/exia_driver/share/ament_index/resource_index/packages
[0.626s] copying package.xml -> /home/zech/exia_ws/install/exia_driver/share/exia_driver
[0.626s] running install_egg_info
[0.626s] Copying ../../build/exia_driver/exia_driver.egg-info to /home/zech/exia_ws/install/exia_driver/lib/python3.10/site-packages/exia_driver-1.0.0-py3.10.egg-info
[0.627s] running install_scripts
[0.638s] Installing rc_driver_node script to /home/zech/exia_ws/install/exia_driver/lib/exia_driver
[0.638s] writing list of installed files to '/home/zech/exia_ws/build/exia_driver/install.log'
[0.655s] Invoked command in '/home/zech/exia_ws/src/exia_driver' returned '0': PYTHONPATH=/home/zech/exia_ws/build/exia_driver/prefix_override:/usr/lib/python3/dist-packages/colcon_core/task/python/colcon_distutils_commands:/home/zech/exia_ws/install/exia_driver/lib/python3.10/site-packages:${PYTHONPATH} /usr/bin/python3 -W ignore:setup.py install is deprecated -W ignore:easy_install command is deprecated setup.py egg_info --egg-base ../../build/exia_driver build --build-base /home/zech/exia_ws/build/exia_driver/build install --record /home/zech/exia_ws/build/exia_driver/install.log --single-version-externally-managed install_data
