[0.049s] DEBUG:colcon:Command line arguments: ['/usr/bin/colcon', 'build']
[0.049s] DEBUG:colcon:Parsed command line arguments: Namespace(log_base=None, log_level=None, verb_name='build', build_base='build', install_base='install', merge_install=False, symlink_install=False, test_result_base=None, continue_on_error=False, executor='parallel', parallel_workers=20, event_handlers=None, ignore_user_meta=False, metas=['./colcon.meta'], base_paths=['.'], packages_ignore=None, packages_ignore_regex=None, paths=None, packages_up_to=None, packages_up_to_regex=None, packages_above=None, packages_above_and_dependencies=None, packages_above_depth=None, packages_select_by_dep=None, packages_skip_by_dep=None, packages_skip_up_to=None, packages_select_build_failed=False, packages_skip_build_finished=False, packages_select_test_failures=False, packages_skip_test_passed=False, packages_select=None, packages_skip=None, packages_select_regex=None, packages_skip_regex=None, packages_start=None, packages_end=None, allow_overriding=[], cmake_args=None, cmake_target=None, cmake_target_skip_unavailable=False, cmake_clean_cache=False, cmake_clean_first=False, cmake_force_configure=False, ament_cmake_args=None, catkin_cmake_args=None, catkin_skip_building_tests=False, verb_parser=<colcon_defaults.argument_parser.defaults.DefaultArgumentsDecorator object at 0x7a979b536710>, verb_extension=<colcon_core.verb.build.BuildVerb object at 0x7a979b5356f0>, main=<bound method BuildVerb.main of <colcon_core.verb.build.BuildVerb object at 0x7a979b5356f0>>)
[0.119s] Level 1:colcon.colcon_core.package_discovery:discover_packages(colcon_meta) check parameters
[0.120s] Level 1:colcon.colcon_core.package_discovery:discover_packages(recursive) check parameters
[0.120s] Level 1:colcon.colcon_core.package_discovery:discover_packages(ignore) check parameters
[0.120s] Level 1:colcon.colcon_core.package_discovery:discover_packages(path) check parameters
[0.120s] Level 1:colcon.colcon_core.package_discovery:discover_packages(colcon_meta) discover
[0.120s] Level 1:colcon.colcon_core.package_discovery:discover_packages(recursive) discover
[0.120s] INFO:colcon.colcon_core.package_discovery:Crawling recursively for packages in '/home/zech/exia_ws'
[0.120s] Level 1:colcon.colcon_core.package_identification:_identify(.) by extensions ['ignore', 'ignore_ament_install']
[0.120s] Level 1:colcon.colcon_core.package_identification:_identify(.) by extension 'ignore'
[0.120s] Level 1:colcon.colcon_core.package_identification:_identify(.) by extension 'ignore_ament_install'
[0.120s] Level 1:colcon.colcon_core.package_identification:_identify(.) by extensions ['colcon_pkg']
[0.120s] Level 1:colcon.colcon_core.package_identification:_identify(.) by extension 'colcon_pkg'
[0.120s] Level 1:colcon.colcon_core.package_identification:_identify(.) by extensions ['colcon_meta']
[0.120s] Level 1:colcon.colcon_core.package_identification:_identify(.) by extension 'colcon_meta'
[0.120s] Level 1:colcon.colcon_core.package_identification:_identify(.) by extensions ['ros']
[0.120s] Level 1:colcon.colcon_core.package_identification:_identify(.) by extension 'ros'
[0.126s] Level 1:colcon.colcon_core.package_identification:_identify(.) by extensions ['cmake', 'python']
[0.126s] Level 1:colcon.colcon_core.package_identification:_identify(.) by extension 'cmake'
[0.126s] Level 1:colcon.colcon_core.package_identification:_identify(.) by extension 'python'
[0.126s] Level 1:colcon.colcon_core.package_identification:_identify(.) by extensions ['python_setup_py']
[0.126s] Level 1:colcon.colcon_core.package_identification:_identify(.) by extension 'python_setup_py'
[0.126s] Level 1:colcon.colcon_core.package_identification:_identify(arduino) by extensions ['ignore', 'ignore_ament_install']
[0.126s] Level 1:colcon.colcon_core.package_identification:_identify(arduino) by extension 'ignore'
[0.126s] Level 1:colcon.colcon_core.package_identification:_identify(arduino) by extension 'ignore_ament_install'
[0.126s] Level 1:colcon.colcon_core.package_identification:_identify(arduino) by extensions ['colcon_pkg']
[0.126s] Level 1:colcon.colcon_core.package_identification:_identify(arduino) by extension 'colcon_pkg'
[0.126s] Level 1:colcon.colcon_core.package_identification:_identify(arduino) by extensions ['colcon_meta']
[0.126s] Level 1:colcon.colcon_core.package_identification:_identify(arduino) by extension 'colcon_meta'
[0.126s] Level 1:colcon.colcon_core.package_identification:_identify(arduino) by extensions ['ros']
[0.126s] Level 1:colcon.colcon_core.package_identification:_identify(arduino) by extension 'ros'
[0.126s] Level 1:colcon.colcon_core.package_identification:_identify(arduino) by extensions ['cmake', 'python']
[0.126s] Level 1:colcon.colcon_core.package_identification:_identify(arduino) by extension 'cmake'
[0.126s] Level 1:colcon.colcon_core.package_identification:_identify(arduino) by extension 'python'
[0.126s] Level 1:colcon.colcon_core.package_identification:_identify(arduino) by extensions ['python_setup_py']
[0.126s] Level 1:colcon.colcon_core.package_identification:_identify(arduino) by extension 'python_setup_py'
[0.126s] Level 1:colcon.colcon_core.package_identification:_identify(arduino/exia_servo_controller) by extensions ['ignore', 'ignore_ament_install']
[0.126s] Level 1:colcon.colcon_core.package_identification:_identify(arduino/exia_servo_controller) by extension 'ignore'
[0.126s] Level 1:colcon.colcon_core.package_identification:_identify(arduino/exia_servo_controller) by extension 'ignore_ament_install'
[0.126s] Level 1:colcon.colcon_core.package_identification:_identify(arduino/exia_servo_controller) by extensions ['colcon_pkg']
[0.126s] Level 1:colcon.colcon_core.package_identification:_identify(arduino/exia_servo_controller) by extension 'colcon_pkg'
[0.126s] Level 1:colcon.colcon_core.package_identification:_identify(arduino/exia_servo_controller) by extensions ['colcon_meta']
[0.126s] Level 1:colcon.colcon_core.package_identification:_identify(arduino/exia_servo_controller) by extension 'colcon_meta'
[0.126s] Level 1:colcon.colcon_core.package_identification:_identify(arduino/exia_servo_controller) by extensions ['ros']
[0.126s] Level 1:colcon.colcon_core.package_identification:_identify(arduino/exia_servo_controller) by extension 'ros'
[0.126s] Level 1:colcon.colcon_core.package_identification:_identify(arduino/exia_servo_controller) by extensions ['cmake', 'python']
[0.126s] Level 1:colcon.colcon_core.package_identification:_identify(arduino/exia_servo_controller) by extension 'cmake'
[0.126s] Level 1:colcon.colcon_core.package_identification:_identify(arduino/exia_servo_controller) by extension 'python'
[0.126s] Level 1:colcon.colcon_core.package_identification:_identify(arduino/exia_servo_controller) by extensions ['python_setup_py']
[0.126s] Level 1:colcon.colcon_core.package_identification:_identify(arduino/exia_servo_controller) by extension 'python_setup_py'
[0.126s] Level 1:colcon.colcon_core.package_identification:_identify(build) by extensions ['ignore', 'ignore_ament_install']
[0.126s] Level 1:colcon.colcon_core.package_identification:_identify(build) by extension 'ignore'
[0.127s] Level 1:colcon.colcon_core.package_identification:_identify(build) ignored
[0.127s] Level 1:colcon.colcon_core.package_identification:_identify(install) by extensions ['ignore', 'ignore_ament_install']
[0.127s] Level 1:colcon.colcon_core.package_identification:_identify(install) by extension 'ignore'
[0.127s] Level 1:colcon.colcon_core.package_identification:_identify(install) ignored
[0.127s] Level 1:colcon.colcon_core.package_identification:_identify(log) by extensions ['ignore', 'ignore_ament_install']
[0.127s] Level 1:colcon.colcon_core.package_identification:_identify(log) by extension 'ignore'
[0.127s] Level 1:colcon.colcon_core.package_identification:_identify(log) ignored
[0.127s] Level 1:colcon.colcon_core.package_identification:_identify(scripts) by extensions ['ignore', 'ignore_ament_install']
[0.127s] Level 1:colcon.colcon_core.package_identification:_identify(scripts) by extension 'ignore'
[0.127s] Level 1:colcon.colcon_core.package_identification:_identify(scripts) by extension 'ignore_ament_install'
[0.127s] Level 1:colcon.colcon_core.package_identification:_identify(scripts) by extensions ['colcon_pkg']
[0.127s] Level 1:colcon.colcon_core.package_identification:_identify(scripts) by extension 'colcon_pkg'
[0.127s] Level 1:colcon.colcon_core.package_identification:_identify(scripts) by extensions ['colcon_meta']
[0.127s] Level 1:colcon.colcon_core.package_identification:_identify(scripts) by extension 'colcon_meta'
[0.127s] Level 1:colcon.colcon_core.package_identification:_identify(scripts) by extensions ['ros']
[0.127s] Level 1:colcon.colcon_core.package_identification:_identify(scripts) by extension 'ros'
[0.127s] Level 1:colcon.colcon_core.package_identification:_identify(scripts) by extensions ['cmake', 'python']
[0.127s] Level 1:colcon.colcon_core.package_identification:_identify(scripts) by extension 'cmake'
[0.127s] Level 1:colcon.colcon_core.package_identification:_identify(scripts) by extension 'python'
[0.127s] Level 1:colcon.colcon_core.package_identification:_identify(scripts) by extensions ['python_setup_py']
[0.127s] Level 1:colcon.colcon_core.package_identification:_identify(scripts) by extension 'python_setup_py'
[0.127s] Level 1:colcon.colcon_core.package_identification:_identify(src) by extensions ['ignore', 'ignore_ament_install']
[0.127s] Level 1:colcon.colcon_core.package_identification:_identify(src) by extension 'ignore'
[0.127s] Level 1:colcon.colcon_core.package_identification:_identify(src) by extension 'ignore_ament_install'
[0.127s] Level 1:colcon.colcon_core.package_identification:_identify(src) by extensions ['colcon_pkg']
[0.127s] Level 1:colcon.colcon_core.package_identification:_identify(src) by extension 'colcon_pkg'
[0.127s] Level 1:colcon.colcon_core.package_identification:_identify(src) by extensions ['colcon_meta']
[0.127s] Level 1:colcon.colcon_core.package_identification:_identify(src) by extension 'colcon_meta'
[0.127s] Level 1:colcon.colcon_core.package_identification:_identify(src) by extensions ['ros']
[0.127s] Level 1:colcon.colcon_core.package_identification:_identify(src) by extension 'ros'
[0.127s] Level 1:colcon.colcon_core.package_identification:_identify(src) by extensions ['cmake', 'python']
[0.127s] Level 1:colcon.colcon_core.package_identification:_identify(src) by extension 'cmake'
[0.127s] Level 1:colcon.colcon_core.package_identification:_identify(src) by extension 'python'
[0.127s] Level 1:colcon.colcon_core.package_identification:_identify(src) by extensions ['python_setup_py']
[0.127s] Level 1:colcon.colcon_core.package_identification:_identify(src) by extension 'python_setup_py'
[0.127s] Level 1:colcon.colcon_core.package_identification:_identify(src/exia_bringup) by extensions ['ignore', 'ignore_ament_install']
[0.127s] Level 1:colcon.colcon_core.package_identification:_identify(src/exia_bringup) by extension 'ignore'
[0.127s] Level 1:colcon.colcon_core.package_identification:_identify(src/exia_bringup) by extension 'ignore_ament_install'
[0.127s] Level 1:colcon.colcon_core.package_identification:_identify(src/exia_bringup) by extensions ['colcon_pkg']
[0.127s] Level 1:colcon.colcon_core.package_identification:_identify(src/exia_bringup) by extension 'colcon_pkg'
[0.127s] Level 1:colcon.colcon_core.package_identification:_identify(src/exia_bringup) by extensions ['colcon_meta']
[0.127s] Level 1:colcon.colcon_core.package_identification:_identify(src/exia_bringup) by extension 'colcon_meta'
[0.127s] Level 1:colcon.colcon_core.package_identification:_identify(src/exia_bringup) by extensions ['ros']
[0.127s] Level 1:colcon.colcon_core.package_identification:_identify(src/exia_bringup) by extension 'ros'
[0.129s] DEBUG:colcon.colcon_core.package_identification:Package 'src/exia_bringup' with type 'ros.ament_cmake' and name 'exia_bringup'
[0.129s] Level 1:colcon.colcon_core.package_identification:_identify(src/exia_control) by extensions ['ignore', 'ignore_ament_install']
[0.129s] Level 1:colcon.colcon_core.package_identification:_identify(src/exia_control) by extension 'ignore'
[0.129s] Level 1:colcon.colcon_core.package_identification:_identify(src/exia_control) by extension 'ignore_ament_install'
[0.129s] Level 1:colcon.colcon_core.package_identification:_identify(src/exia_control) by extensions ['colcon_pkg']
[0.129s] Level 1:colcon.colcon_core.package_identification:_identify(src/exia_control) by extension 'colcon_pkg'
[0.129s] Level 1:colcon.colcon_core.package_identification:_identify(src/exia_control) by extensions ['colcon_meta']
[0.129s] Level 1:colcon.colcon_core.package_identification:_identify(src/exia_control) by extension 'colcon_meta'
[0.129s] Level 1:colcon.colcon_core.package_identification:_identify(src/exia_control) by extensions ['ros']
[0.129s] Level 1:colcon.colcon_core.package_identification:_identify(src/exia_control) by extension 'ros'
[0.129s] DEBUG:colcon.colcon_core.package_identification:Package 'src/exia_control' with type 'ros.ament_python' and name 'exia_control'
[0.129s] Level 1:colcon.colcon_core.package_identification:_identify(src/exia_driver) by extensions ['ignore', 'ignore_ament_install']
[0.129s] Level 1:colcon.colcon_core.package_identification:_identify(src/exia_driver) by extension 'ignore'
[0.129s] Level 1:colcon.colcon_core.package_identification:_identify(src/exia_driver) by extension 'ignore_ament_install'
[0.129s] Level 1:colcon.colcon_core.package_identification:_identify(src/exia_driver) by extensions ['colcon_pkg']
[0.129s] Level 1:colcon.colcon_core.package_identification:_identify(src/exia_driver) by extension 'colcon_pkg'
[0.130s] Level 1:colcon.colcon_core.package_identification:_identify(src/exia_driver) by extensions ['colcon_meta']
[0.130s] Level 1:colcon.colcon_core.package_identification:_identify(src/exia_driver) by extension 'colcon_meta'
[0.130s] Level 1:colcon.colcon_core.package_identification:_identify(src/exia_driver) by extensions ['ros']
[0.130s] Level 1:colcon.colcon_core.package_identification:_identify(src/exia_driver) by extension 'ros'
[0.130s] DEBUG:colcon.colcon_core.package_identification:Package 'src/exia_driver' with type 'ros.ament_python' and name 'exia_driver'
[0.130s] Level 1:colcon.colcon_core.package_identification:_identify(src/exia_msgs) by extensions ['ignore', 'ignore_ament_install']
[0.130s] Level 1:colcon.colcon_core.package_identification:_identify(src/exia_msgs) by extension 'ignore'
[0.130s] Level 1:colcon.colcon_core.package_identification:_identify(src/exia_msgs) by extension 'ignore_ament_install'
[0.130s] Level 1:colcon.colcon_core.package_identification:_identify(src/exia_msgs) by extensions ['colcon_pkg']
[0.130s] Level 1:colcon.colcon_core.package_identification:_identify(src/exia_msgs) by extension 'colcon_pkg'
[0.130s] Level 1:colcon.colcon_core.package_identification:_identify(src/exia_msgs) by extensions ['colcon_meta']
[0.130s] Level 1:colcon.colcon_core.package_identification:_identify(src/exia_msgs) by extension 'colcon_meta'
[0.130s] Level 1:colcon.colcon_core.package_identification:_identify(src/exia_msgs) by extensions ['ros']
[0.130s] Level 1:colcon.colcon_core.package_identification:_identify(src/exia_msgs) by extension 'ros'
[0.130s] DEBUG:colcon.colcon_core.package_identification:Package 'src/exia_msgs' with type 'ros.ament_cmake' and name 'exia_msgs'
[0.130s] Level 1:colcon.colcon_core.package_discovery:discover_packages(recursive) using defaults
[0.130s] Level 1:colcon.colcon_core.package_discovery:discover_packages(ignore) discover
[0.130s] Level 1:colcon.colcon_core.package_discovery:discover_packages(ignore) using defaults
[0.130s] Level 1:colcon.colcon_core.package_discovery:discover_packages(path) discover
[0.130s] Level 1:colcon.colcon_core.package_discovery:discover_packages(path) using defaults
[0.141s] Level 1:colcon.colcon_core.package_discovery:discover_packages(prefix_path) check parameters
[0.141s] Level 1:colcon.colcon_core.package_discovery:discover_packages(prefix_path) discover
[0.142s] DEBUG:colcon.colcon_installed_package_information.package_discovery:Found 5 installed packages in /home/zech/exia_ws/install
[0.142s] DEBUG:colcon.colcon_installed_package_information.package_discovery:Found 2 installed packages in /home/zech/ros2_ws/install
[0.142s] DEBUG:colcon.colcon_installed_package_information.package_discovery:Found 313 installed packages in /opt/ros/humble
[0.149s] Level 1:colcon.colcon_core.package_discovery:discover_packages(prefix_path) using defaults
[0.166s] Level 5:colcon.colcon_core.verb:set package 'exia_msgs' build argument 'cmake_args' from command line to 'None'
[0.167s] Level 5:colcon.colcon_core.verb:set package 'exia_msgs' build argument 'cmake_target' from command line to 'None'
[0.167s] Level 5:colcon.colcon_core.verb:set package 'exia_msgs' build argument 'cmake_target_skip_unavailable' from command line to 'False'
[0.167s] Level 5:colcon.colcon_core.verb:set package 'exia_msgs' build argument 'cmake_clean_cache' from command line to 'False'
[0.167s] Level 5:colcon.colcon_core.verb:set package 'exia_msgs' build argument 'cmake_clean_first' from command line to 'False'
[0.167s] Level 5:colcon.colcon_core.verb:set package 'exia_msgs' build argument 'cmake_force_configure' from command line to 'False'
[0.167s] Level 5:colcon.colcon_core.verb:set package 'exia_msgs' build argument 'ament_cmake_args' from command line to 'None'
[0.167s] Level 5:colcon.colcon_core.verb:set package 'exia_msgs' build argument 'catkin_cmake_args' from command line to 'None'
[0.167s] Level 5:colcon.colcon_core.verb:set package 'exia_msgs' build argument 'catkin_skip_building_tests' from command line to 'False'
[0.167s] DEBUG:colcon.colcon_core.verb:Building package 'exia_msgs' with the following arguments: {'ament_cmake_args': None, 'build_base': '/home/zech/exia_ws/build/exia_msgs', 'catkin_cmake_args': None, 'catkin_skip_building_tests': False, 'cmake_args': None, 'cmake_clean_cache': False, 'cmake_clean_first': False, 'cmake_force_configure': False, 'cmake_target': None, 'cmake_target_skip_unavailable': False, 'install_base': '/home/zech/exia_ws/install/exia_msgs', 'merge_install': False, 'path': '/home/zech/exia_ws/src/exia_msgs', 'symlink_install': False, 'test_result_base': None}
[0.167s] Level 5:colcon.colcon_core.verb:set package 'exia_control' build argument 'cmake_args' from command line to 'None'
[0.167s] Level 5:colcon.colcon_core.verb:set package 'exia_control' build argument 'cmake_target' from command line to 'None'
[0.167s] Level 5:colcon.colcon_core.verb:set package 'exia_control' build argument 'cmake_target_skip_unavailable' from command line to 'False'
[0.167s] Level 5:colcon.colcon_core.verb:set package 'exia_control' build argument 'cmake_clean_cache' from command line to 'False'
[0.167s] Level 5:colcon.colcon_core.verb:set package 'exia_control' build argument 'cmake_clean_first' from command line to 'False'
[0.167s] Level 5:colcon.colcon_core.verb:set package 'exia_control' build argument 'cmake_force_configure' from command line to 'False'
[0.167s] Level 5:colcon.colcon_core.verb:set package 'exia_control' build argument 'ament_cmake_args' from command line to 'None'
[0.167s] Level 5:colcon.colcon_core.verb:set package 'exia_control' build argument 'catkin_cmake_args' from command line to 'None'
[0.167s] Level 5:colcon.colcon_core.verb:set package 'exia_control' build argument 'catkin_skip_building_tests' from command line to 'False'
[0.167s] DEBUG:colcon.colcon_core.verb:Building package 'exia_control' with the following arguments: {'ament_cmake_args': None, 'build_base': '/home/zech/exia_ws/build/exia_control', 'catkin_cmake_args': None, 'catkin_skip_building_tests': False, 'cmake_args': None, 'cmake_clean_cache': False, 'cmake_clean_first': False, 'cmake_force_configure': False, 'cmake_target': None, 'cmake_target_skip_unavailable': False, 'install_base': '/home/zech/exia_ws/install/exia_control', 'merge_install': False, 'path': '/home/zech/exia_ws/src/exia_control', 'symlink_install': False, 'test_result_base': None}
[0.167s] Level 5:colcon.colcon_core.verb:set package 'exia_driver' build argument 'cmake_args' from command line to 'None'
[0.167s] Level 5:colcon.colcon_core.verb:set package 'exia_driver' build argument 'cmake_target' from command line to 'None'
[0.167s] Level 5:colcon.colcon_core.verb:set package 'exia_driver' build argument 'cmake_target_skip_unavailable' from command line to 'False'
[0.167s] Level 5:colcon.colcon_core.verb:set package 'exia_driver' build argument 'cmake_clean_cache' from command line to 'False'
[0.167s] Level 5:colcon.colcon_core.verb:set package 'exia_driver' build argument 'cmake_clean_first' from command line to 'False'
[0.167s] Level 5:colcon.colcon_core.verb:set package 'exia_driver' build argument 'cmake_force_configure' from command line to 'False'
[0.167s] Level 5:colcon.colcon_core.verb:set package 'exia_driver' build argument 'ament_cmake_args' from command line to 'None'
[0.167s] Level 5:colcon.colcon_core.verb:set package 'exia_driver' build argument 'catkin_cmake_args' from command line to 'None'
[0.167s] Level 5:colcon.colcon_core.verb:set package 'exia_driver' build argument 'catkin_skip_building_tests' from command line to 'False'
[0.167s] DEBUG:colcon.colcon_core.verb:Building package 'exia_driver' with the following arguments: {'ament_cmake_args': None, 'build_base': '/home/zech/exia_ws/build/exia_driver', 'catkin_cmake_args': None, 'catkin_skip_building_tests': False, 'cmake_args': None, 'cmake_clean_cache': False, 'cmake_clean_first': False, 'cmake_force_configure': False, 'cmake_target': None, 'cmake_target_skip_unavailable': False, 'install_base': '/home/zech/exia_ws/install/exia_driver', 'merge_install': False, 'path': '/home/zech/exia_ws/src/exia_driver', 'symlink_install': False, 'test_result_base': None}
[0.167s] Level 5:colcon.colcon_core.verb:set package 'exia_bringup' build argument 'cmake_args' from command line to 'None'
[0.167s] Level 5:colcon.colcon_core.verb:set package 'exia_bringup' build argument 'cmake_target' from command line to 'None'
[0.167s] Level 5:colcon.colcon_core.verb:set package 'exia_bringup' build argument 'cmake_target_skip_unavailable' from command line to 'False'
[0.167s] Level 5:colcon.colcon_core.verb:set package 'exia_bringup' build argument 'cmake_clean_cache' from command line to 'False'
[0.167s] Level 5:colcon.colcon_core.verb:set package 'exia_bringup' build argument 'cmake_clean_first' from command line to 'False'
[0.167s] Level 5:colcon.colcon_core.verb:set package 'exia_bringup' build argument 'cmake_force_configure' from command line to 'False'
[0.167s] Level 5:colcon.colcon_core.verb:set package 'exia_bringup' build argument 'ament_cmake_args' from command line to 'None'
[0.167s] Level 5:colcon.colcon_core.verb:set package 'exia_bringup' build argument 'catkin_cmake_args' from command line to 'None'
[0.167s] Level 5:colcon.colcon_core.verb:set package 'exia_bringup' build argument 'catkin_skip_building_tests' from command line to 'False'
[0.167s] DEBUG:colcon.colcon_core.verb:Building package 'exia_bringup' with the following arguments: {'ament_cmake_args': None, 'build_base': '/home/zech/exia_ws/build/exia_bringup', 'catkin_cmake_args': None, 'catkin_skip_building_tests': False, 'cmake_args': None, 'cmake_clean_cache': False, 'cmake_clean_first': False, 'cmake_force_configure': False, 'cmake_target': None, 'cmake_target_skip_unavailable': False, 'install_base': '/home/zech/exia_ws/install/exia_bringup', 'merge_install': False, 'path': '/home/zech/exia_ws/src/exia_bringup', 'symlink_install': False, 'test_result_base': None}
[0.167s] INFO:colcon.colcon_core.executor:Executing jobs using 'parallel' executor
[0.168s] DEBUG:colcon.colcon_parallel_executor.executor.parallel:run_until_complete
[0.169s] INFO:colcon.colcon_ros.task.ament_cmake.build:Building ROS package in '/home/zech/exia_ws/src/exia_msgs' with build type 'ament_cmake'
[0.169s] INFO:colcon.colcon_cmake.task.cmake.build:Building CMake package in '/home/zech/exia_ws/src/exia_msgs'
[0.170s] INFO:colcon.colcon_core.plugin_system:Skipping extension 'colcon_core.shell.bat': Not used on non-Windows systems
[0.170s] INFO:colcon.colcon_core.shell:Skip shell extension 'powershell' for command environment: Not usable outside of PowerShell
[0.170s] DEBUG:colcon.colcon_core.shell:Skip shell extension 'dsv' for command environment
[0.176s] DEBUG:colcon.colcon_core.event_handler.log_command:Invoking command in '/home/zech/exia_ws/build/exia_msgs': CMAKE_PREFIX_PATH=${CMAKE_PREFIX_PATH}:/home/zech/exia_ws/install/exia_driver:/home/zech/exia_ws/install/exia_control:/opt/ros/humble /usr/bin/cmake --build /home/zech/exia_ws/build/exia_msgs -- -j20 -l20
[0.378s] DEBUG:colcon.colcon_core.event_handler.log_command:Invoked command in '/home/zech/exia_ws/build/exia_msgs' returned '0': CMAKE_PREFIX_PATH=${CMAKE_PREFIX_PATH}:/home/zech/exia_ws/install/exia_driver:/home/zech/exia_ws/install/exia_control:/opt/ros/humble /usr/bin/cmake --build /home/zech/exia_ws/build/exia_msgs -- -j20 -l20
[0.387s] DEBUG:colcon.colcon_core.event_handler.log_command:Invoking command in '/home/zech/exia_ws/build/exia_msgs': CMAKE_PREFIX_PATH=${CMAKE_PREFIX_PATH}:/home/zech/exia_ws/install/exia_driver:/home/zech/exia_ws/install/exia_control:/opt/ros/humble /usr/bin/cmake --install /home/zech/exia_ws/build/exia_msgs
[0.425s] Level 1:colcon.colcon_core.environment:create_environment_scripts_only(exia_msgs)
[0.425s] DEBUG:colcon.colcon_core.event_handler.log_command:Invoked command in '/home/zech/exia_ws/build/exia_msgs' returned '0': CMAKE_PREFIX_PATH=${CMAKE_PREFIX_PATH}:/home/zech/exia_ws/install/exia_driver:/home/zech/exia_ws/install/exia_control:/opt/ros/humble /usr/bin/cmake --install /home/zech/exia_ws/build/exia_msgs
[0.427s] Level 1:colcon.colcon_core.environment:checking '/home/zech/exia_ws/install/exia_msgs' for CMake module files
[0.428s] Level 1:colcon.colcon_core.environment:checking '/home/zech/exia_ws/install/exia_msgs' for CMake config files
[0.428s] Level 1:colcon.colcon_core.shell:create_environment_hook('exia_msgs', 'cmake_prefix_path')
[0.429s] INFO:colcon.colcon_core.shell:Creating environment hook '/home/zech/exia_ws/install/exia_msgs/share/exia_msgs/hook/cmake_prefix_path.ps1'
[0.429s] INFO:colcon.colcon_core.shell:Creating environment descriptor '/home/zech/exia_ws/install/exia_msgs/share/exia_msgs/hook/cmake_prefix_path.dsv'
[0.430s] INFO:colcon.colcon_core.shell:Creating environment hook '/home/zech/exia_ws/install/exia_msgs/share/exia_msgs/hook/cmake_prefix_path.sh'
[0.430s] Level 1:colcon.colcon_core.environment:checking '/home/zech/exia_ws/install/exia_msgs/lib'
[0.430s] Level 1:colcon.colcon_core.shell:create_environment_hook('exia_msgs', 'ld_library_path_lib')
[0.430s] INFO:colcon.colcon_core.shell:Creating environment hook '/home/zech/exia_ws/install/exia_msgs/share/exia_msgs/hook/ld_library_path_lib.ps1'
[0.431s] INFO:colcon.colcon_core.shell:Creating environment descriptor '/home/zech/exia_ws/install/exia_msgs/share/exia_msgs/hook/ld_library_path_lib.dsv'
[0.431s] INFO:colcon.colcon_core.shell:Creating environment hook '/home/zech/exia_ws/install/exia_msgs/share/exia_msgs/hook/ld_library_path_lib.sh'
[0.431s] Level 1:colcon.colcon_core.environment:checking '/home/zech/exia_ws/install/exia_msgs/bin'
[0.431s] Level 1:colcon.colcon_core.environment:checking '/home/zech/exia_ws/install/exia_msgs/lib/pkgconfig/exia_msgs.pc'
[0.431s] Level 1:colcon.colcon_core.environment:checking '/home/zech/exia_ws/install/exia_msgs/lib/python3.10/site-packages'
[0.431s] Level 1:colcon.colcon_core.environment:checking '/home/zech/exia_ws/install/exia_msgs/bin'
[0.431s] INFO:colcon.colcon_core.shell:Creating package script '/home/zech/exia_ws/install/exia_msgs/share/exia_msgs/package.ps1'
[0.432s] INFO:colcon.colcon_core.shell:Creating package descriptor '/home/zech/exia_ws/install/exia_msgs/share/exia_msgs/package.dsv'
[0.432s] INFO:colcon.colcon_core.shell:Creating package script '/home/zech/exia_ws/install/exia_msgs/share/exia_msgs/package.sh'
[0.432s] INFO:colcon.colcon_core.shell:Creating package script '/home/zech/exia_ws/install/exia_msgs/share/exia_msgs/package.bash'
[0.433s] INFO:colcon.colcon_core.shell:Creating package script '/home/zech/exia_ws/install/exia_msgs/share/exia_msgs/package.zsh'
[0.433s] Level 1:colcon.colcon_core.environment:create_file_with_runtime_dependencies(/home/zech/exia_ws/install/exia_msgs/share/colcon-core/packages/exia_msgs)
[0.433s] Level 1:colcon.colcon_core.environment:create_environment_scripts_only(exia_msgs)
[0.434s] Level 1:colcon.colcon_core.environment:checking '/home/zech/exia_ws/install/exia_msgs' for CMake module files
[0.434s] Level 1:colcon.colcon_core.environment:checking '/home/zech/exia_ws/install/exia_msgs' for CMake config files
[0.434s] Level 1:colcon.colcon_core.shell:create_environment_hook('exia_msgs', 'cmake_prefix_path')
[0.434s] INFO:colcon.colcon_core.shell:Creating environment hook '/home/zech/exia_ws/install/exia_msgs/share/exia_msgs/hook/cmake_prefix_path.ps1'
[0.434s] INFO:colcon.colcon_core.shell:Creating environment descriptor '/home/zech/exia_ws/install/exia_msgs/share/exia_msgs/hook/cmake_prefix_path.dsv'
[0.434s] INFO:colcon.colcon_core.shell:Creating environment hook '/home/zech/exia_ws/install/exia_msgs/share/exia_msgs/hook/cmake_prefix_path.sh'
[0.435s] Level 1:colcon.colcon_core.environment:checking '/home/zech/exia_ws/install/exia_msgs/lib'
[0.435s] Level 1:colcon.colcon_core.shell:create_environment_hook('exia_msgs', 'ld_library_path_lib')
[0.435s] INFO:colcon.colcon_core.shell:Creating environment hook '/home/zech/exia_ws/install/exia_msgs/share/exia_msgs/hook/ld_library_path_lib.ps1'
[0.435s] INFO:colcon.colcon_core.shell:Creating environment descriptor '/home/zech/exia_ws/install/exia_msgs/share/exia_msgs/hook/ld_library_path_lib.dsv'
[0.435s] INFO:colcon.colcon_core.shell:Creating environment hook '/home/zech/exia_ws/install/exia_msgs/share/exia_msgs/hook/ld_library_path_lib.sh'
[0.435s] Level 1:colcon.colcon_core.environment:checking '/home/zech/exia_ws/install/exia_msgs/bin'
[0.435s] Level 1:colcon.colcon_core.environment:checking '/home/zech/exia_ws/install/exia_msgs/lib/pkgconfig/exia_msgs.pc'
[0.435s] Level 1:colcon.colcon_core.environment:checking '/home/zech/exia_ws/install/exia_msgs/lib/python3.10/site-packages'
[0.436s] Level 1:colcon.colcon_core.environment:checking '/home/zech/exia_ws/install/exia_msgs/bin'
[0.436s] INFO:colcon.colcon_core.shell:Creating package script '/home/zech/exia_ws/install/exia_msgs/share/exia_msgs/package.ps1'
[0.436s] INFO:colcon.colcon_core.shell:Creating package descriptor '/home/zech/exia_ws/install/exia_msgs/share/exia_msgs/package.dsv'
[0.436s] INFO:colcon.colcon_core.shell:Creating package script '/home/zech/exia_ws/install/exia_msgs/share/exia_msgs/package.sh'
[0.436s] INFO:colcon.colcon_core.shell:Creating package script '/home/zech/exia_ws/install/exia_msgs/share/exia_msgs/package.bash'
[0.437s] INFO:colcon.colcon_core.shell:Creating package script '/home/zech/exia_ws/install/exia_msgs/share/exia_msgs/package.zsh'
[0.437s] Level 1:colcon.colcon_core.environment:create_file_with_runtime_dependencies(/home/zech/exia_ws/install/exia_msgs/share/colcon-core/packages/exia_msgs)
[0.437s] INFO:colcon.colcon_ros.task.ament_python.build:Building ROS package in '/home/zech/exia_ws/src/exia_control' with build type 'ament_python'
[0.437s] Level 1:colcon.colcon_core.shell:create_environment_hook('exia_control', 'ament_prefix_path')
[0.437s] INFO:colcon.colcon_core.shell:Creating environment hook '/home/zech/exia_ws/install/exia_control/share/exia_control/hook/ament_prefix_path.ps1'
[0.437s] INFO:colcon.colcon_core.shell:Creating environment descriptor '/home/zech/exia_ws/install/exia_control/share/exia_control/hook/ament_prefix_path.dsv'
[0.438s] INFO:colcon.colcon_core.shell:Creating environment hook '/home/zech/exia_ws/install/exia_control/share/exia_control/hook/ament_prefix_path.sh'
[0.438s] INFO:colcon.colcon_core.shell:Skip shell extension 'powershell' for command environment: Not usable outside of PowerShell
[0.438s] DEBUG:colcon.colcon_core.shell:Skip shell extension 'dsv' for command environment
[0.440s] INFO:colcon.colcon_ros.task.ament_python.build:Building ROS package in '/home/zech/exia_ws/src/exia_driver' with build type 'ament_python'
[0.440s] Level 1:colcon.colcon_core.shell:create_environment_hook('exia_driver', 'ament_prefix_path')
[0.440s] INFO:colcon.colcon_core.shell:Creating environment hook '/home/zech/exia_ws/install/exia_driver/share/exia_driver/hook/ament_prefix_path.ps1'
[0.440s] INFO:colcon.colcon_core.shell:Creating environment descriptor '/home/zech/exia_ws/install/exia_driver/share/exia_driver/hook/ament_prefix_path.dsv'
[0.440s] INFO:colcon.colcon_core.shell:Creating environment hook '/home/zech/exia_ws/install/exia_driver/share/exia_driver/hook/ament_prefix_path.sh'
[0.441s] INFO:colcon.colcon_core.shell:Skip shell extension 'powershell' for command environment: Not usable outside of PowerShell
[0.441s] DEBUG:colcon.colcon_core.shell:Skip shell extension 'dsv' for command environment
[0.559s] INFO:colcon.colcon_core.task.python.build:Building Python package in '/home/zech/exia_ws/src/exia_control'
[0.559s] INFO:colcon.colcon_core.shell:Skip shell extension 'powershell' for command environment: Not usable outside of PowerShell
[0.559s] DEBUG:colcon.colcon_core.shell:Skip shell extension 'dsv' for command environment
[0.675s] INFO:colcon.colcon_core.task.python.build:Building Python package in '/home/zech/exia_ws/src/exia_driver'
[0.675s] INFO:colcon.colcon_core.shell:Skip shell extension 'powershell' for command environment: Not usable outside of PowerShell
[0.675s] DEBUG:colcon.colcon_core.shell:Skip shell extension 'dsv' for command environment
[0.843s] DEBUG:colcon.colcon_core.event_handler.log_command:Invoking command in '/home/zech/exia_ws/src/exia_control': CMAKE_PREFIX_PATH=/home/zech/exia_ws/install/exia_msgs:/home/zech/exia_ws/install/exia_bringup:/home/zech/exia_ws/install/exia_ground_description:/home/zech/ros2_ws/install/eclipse_diffdrive:/home/zech/ros2_ws/install/eclipse_ackermann PYTHONPATH=/home/zech/exia_ws/build/exia_control/prefix_override:/usr/lib/python3/dist-packages/colcon_core/task/python/colcon_distutils_commands:/home/zech/exia_ws/install/exia_control/lib/python3.10/site-packages:${PYTHONPATH} /usr/bin/python3 -W ignore:setup.py install is deprecated -W ignore:easy_install command is deprecated setup.py egg_info --egg-base ../../build/exia_control build --build-base /home/zech/exia_ws/build/exia_control/build install --record /home/zech/exia_ws/build/exia_control/install.log --single-version-externally-managed install_data
[0.846s] DEBUG:colcon.colcon_core.event_handler.log_command:Invoking command in '/home/zech/exia_ws/src/exia_driver': CMAKE_PREFIX_PATH=/home/zech/exia_ws/install/exia_msgs:/home/zech/exia_ws/install/exia_bringup:/home/zech/exia_ws/install/exia_ground_description:/home/zech/ros2_ws/install/eclipse_diffdrive:/home/zech/ros2_ws/install/eclipse_ackermann PYTHONPATH=/home/zech/exia_ws/build/exia_driver/prefix_override:/usr/lib/python3/dist-packages/colcon_core/task/python/colcon_distutils_commands:/home/zech/exia_ws/install/exia_driver/lib/python3.10/site-packages:${PYTHONPATH} /usr/bin/python3 -W ignore:setup.py install is deprecated -W ignore:easy_install command is deprecated setup.py egg_info --egg-base ../../build/exia_driver build --build-base /home/zech/exia_ws/build/exia_driver/build install --record /home/zech/exia_ws/build/exia_driver/install.log --single-version-externally-managed install_data
[0.980s] Level 1:colcon.colcon_core.environment:checking '/home/zech/exia_ws/install/exia_control' for CMake module files
[0.980s] DEBUG:colcon.colcon_core.event_handler.log_command:Invoked command in '/home/zech/exia_ws/src/exia_control' returned '0': CMAKE_PREFIX_PATH=/home/zech/exia_ws/install/exia_msgs:/home/zech/exia_ws/install/exia_bringup:/home/zech/exia_ws/install/exia_ground_description:/home/zech/ros2_ws/install/eclipse_diffdrive:/home/zech/ros2_ws/install/eclipse_ackermann PYTHONPATH=/home/zech/exia_ws/build/exia_control/prefix_override:/usr/lib/python3/dist-packages/colcon_core/task/python/colcon_distutils_commands:/home/zech/exia_ws/install/exia_control/lib/python3.10/site-packages:${PYTHONPATH} /usr/bin/python3 -W ignore:setup.py install is deprecated -W ignore:easy_install command is deprecated setup.py egg_info --egg-base ../../build/exia_control build --build-base /home/zech/exia_ws/build/exia_control/build install --record /home/zech/exia_ws/build/exia_control/install.log --single-version-externally-managed install_data
[0.981s] Level 1:colcon.colcon_core.environment:checking '/home/zech/exia_ws/install/exia_control' for CMake config files
[0.981s] Level 1:colcon.colcon_core.environment:checking '/home/zech/exia_ws/install/exia_control/lib'
[0.981s] Level 1:colcon.colcon_core.environment:checking '/home/zech/exia_ws/install/exia_control/bin'
[0.981s] Level 1:colcon.colcon_core.environment:checking '/home/zech/exia_ws/install/exia_control/lib/pkgconfig/exia_control.pc'
[0.982s] Level 1:colcon.colcon_core.environment:checking '/home/zech/exia_ws/install/exia_control/lib/python3.10/site-packages'
[0.982s] Level 1:colcon.colcon_core.shell:create_environment_hook('exia_control', 'pythonpath')
[0.982s] INFO:colcon.colcon_core.shell:Creating environment hook '/home/zech/exia_ws/install/exia_control/share/exia_control/hook/pythonpath.ps1'
[0.982s] INFO:colcon.colcon_core.shell:Creating environment descriptor '/home/zech/exia_ws/install/exia_control/share/exia_control/hook/pythonpath.dsv'
[0.983s] INFO:colcon.colcon_core.shell:Creating environment hook '/home/zech/exia_ws/install/exia_control/share/exia_control/hook/pythonpath.sh'
[0.983s] Level 1:colcon.colcon_core.environment:checking '/home/zech/exia_ws/install/exia_control/bin'
[0.983s] Level 1:colcon.colcon_core.environment:create_environment_scripts_only(exia_control)
[0.984s] INFO:colcon.colcon_core.shell:Creating package script '/home/zech/exia_ws/install/exia_control/share/exia_control/package.ps1'
[0.984s] INFO:colcon.colcon_core.shell:Creating package descriptor '/home/zech/exia_ws/install/exia_control/share/exia_control/package.dsv'
[0.985s] INFO:colcon.colcon_core.shell:Creating package script '/home/zech/exia_ws/install/exia_control/share/exia_control/package.sh'
[0.985s] INFO:colcon.colcon_core.shell:Creating package script '/home/zech/exia_ws/install/exia_control/share/exia_control/package.bash'
[0.985s] INFO:colcon.colcon_core.shell:Creating package script '/home/zech/exia_ws/install/exia_control/share/exia_control/package.zsh'
[0.985s] Level 1:colcon.colcon_core.environment:create_file_with_runtime_dependencies(/home/zech/exia_ws/install/exia_control/share/colcon-core/packages/exia_control)
[0.986s] Level 1:colcon.colcon_core.environment:checking '/home/zech/exia_ws/install/exia_driver' for CMake module files
[0.987s] DEBUG:colcon.colcon_core.event_handler.log_command:Invoked command in '/home/zech/exia_ws/src/exia_driver' returned '0': CMAKE_PREFIX_PATH=/home/zech/exia_ws/install/exia_msgs:/home/zech/exia_ws/install/exia_bringup:/home/zech/exia_ws/install/exia_ground_description:/home/zech/ros2_ws/install/eclipse_diffdrive:/home/zech/ros2_ws/install/eclipse_ackermann PYTHONPATH=/home/zech/exia_ws/build/exia_driver/prefix_override:/usr/lib/python3/dist-packages/colcon_core/task/python/colcon_distutils_commands:/home/zech/exia_ws/install/exia_driver/lib/python3.10/site-packages:${PYTHONPATH} /usr/bin/python3 -W ignore:setup.py install is deprecated -W ignore:easy_install command is deprecated setup.py egg_info --egg-base ../../build/exia_driver build --build-base /home/zech/exia_ws/build/exia_driver/build install --record /home/zech/exia_ws/build/exia_driver/install.log --single-version-externally-managed install_data
[0.987s] Level 1:colcon.colcon_core.environment:checking '/home/zech/exia_ws/install/exia_driver' for CMake config files
[0.987s] Level 1:colcon.colcon_core.environment:checking '/home/zech/exia_ws/install/exia_driver/lib'
[0.987s] Level 1:colcon.colcon_core.environment:checking '/home/zech/exia_ws/install/exia_driver/bin'
[0.987s] Level 1:colcon.colcon_core.environment:checking '/home/zech/exia_ws/install/exia_driver/lib/pkgconfig/exia_driver.pc'
[0.987s] Level 1:colcon.colcon_core.environment:checking '/home/zech/exia_ws/install/exia_driver/lib/python3.10/site-packages'
[0.987s] Level 1:colcon.colcon_core.shell:create_environment_hook('exia_driver', 'pythonpath')
[0.987s] INFO:colcon.colcon_core.shell:Creating environment hook '/home/zech/exia_ws/install/exia_driver/share/exia_driver/hook/pythonpath.ps1'
[0.988s] INFO:colcon.colcon_core.shell:Creating environment descriptor '/home/zech/exia_ws/install/exia_driver/share/exia_driver/hook/pythonpath.dsv'
[0.988s] INFO:colcon.colcon_core.shell:Creating environment hook '/home/zech/exia_ws/install/exia_driver/share/exia_driver/hook/pythonpath.sh'
[0.988s] Level 1:colcon.colcon_core.environment:checking '/home/zech/exia_ws/install/exia_driver/bin'
[0.988s] Level 1:colcon.colcon_core.environment:create_environment_scripts_only(exia_driver)
[0.988s] INFO:colcon.colcon_core.shell:Creating package script '/home/zech/exia_ws/install/exia_driver/share/exia_driver/package.ps1'
[0.989s] INFO:colcon.colcon_core.shell:Creating package descriptor '/home/zech/exia_ws/install/exia_driver/share/exia_driver/package.dsv'
[0.989s] INFO:colcon.colcon_core.shell:Creating package script '/home/zech/exia_ws/install/exia_driver/share/exia_driver/package.sh'
[0.989s] INFO:colcon.colcon_core.shell:Creating package script '/home/zech/exia_ws/install/exia_driver/share/exia_driver/package.bash'
[0.989s] INFO:colcon.colcon_core.shell:Creating package script '/home/zech/exia_ws/install/exia_driver/share/exia_driver/package.zsh'
[0.989s] Level 1:colcon.colcon_core.environment:create_file_with_runtime_dependencies(/home/zech/exia_ws/install/exia_driver/share/colcon-core/packages/exia_driver)
[0.989s] INFO:colcon.colcon_ros.task.ament_cmake.build:Building ROS package in '/home/zech/exia_ws/src/exia_bringup' with build type 'ament_cmake'
[0.989s] INFO:colcon.colcon_cmake.task.cmake.build:Building CMake package in '/home/zech/exia_ws/src/exia_bringup'
[0.990s] INFO:colcon.colcon_core.shell:Skip shell extension 'powershell' for command environment: Not usable outside of PowerShell
[0.990s] DEBUG:colcon.colcon_core.shell:Skip shell extension 'dsv' for command environment
[0.998s] DEBUG:colcon.colcon_core.event_handler.log_command:Invoking command in '/home/zech/exia_ws/build/exia_bringup': AMENT_PREFIX_PATH=/home/zech/exia_ws/install/exia_driver:/home/zech/exia_ws/install/exia_control:/home/zech/exia_ws/install/exia_bringup:/home/zech/exia_ws/install/exia_msgs:/home/zech/exia_ws/install/exia_ground_description:/home/zech/ros2_ws/install/eclipse_diffdrive:/home/zech/ros2_ws/install/eclipse_ackermann:/opt/ros/humble CMAKE_PREFIX_PATH=/home/zech/exia_ws/install/exia_msgs:/home/zech/exia_ws/install/exia_bringup:/home/zech/exia_ws/install/exia_ground_description:/home/zech/ros2_ws/install/eclipse_diffdrive:/home/zech/ros2_ws/install/eclipse_ackermann:/home/zech/exia_ws/install/exia_driver:/home/zech/exia_ws/install/exia_control:/opt/ros/humble /usr/bin/cmake --build /home/zech/exia_ws/build/exia_bringup -- -j20 -l20
[1.033s] DEBUG:colcon.colcon_core.event_handler.log_command:Invoked command in '/home/zech/exia_ws/build/exia_bringup' returned '0': AMENT_PREFIX_PATH=/home/zech/exia_ws/install/exia_driver:/home/zech/exia_ws/install/exia_control:/home/zech/exia_ws/install/exia_bringup:/home/zech/exia_ws/install/exia_msgs:/home/zech/exia_ws/install/exia_ground_description:/home/zech/ros2_ws/install/eclipse_diffdrive:/home/zech/ros2_ws/install/eclipse_ackermann:/opt/ros/humble CMAKE_PREFIX_PATH=/home/zech/exia_ws/install/exia_msgs:/home/zech/exia_ws/install/exia_bringup:/home/zech/exia_ws/install/exia_ground_description:/home/zech/ros2_ws/install/eclipse_diffdrive:/home/zech/ros2_ws/install/eclipse_ackermann:/home/zech/exia_ws/install/exia_driver:/home/zech/exia_ws/install/exia_control:/opt/ros/humble /usr/bin/cmake --build /home/zech/exia_ws/build/exia_bringup -- -j20 -l20
[1.035s] DEBUG:colcon.colcon_core.event_handler.log_command:Invoking command in '/home/zech/exia_ws/build/exia_bringup': AMENT_PREFIX_PATH=/home/zech/exia_ws/install/exia_driver:/home/zech/exia_ws/install/exia_control:/home/zech/exia_ws/install/exia_bringup:/home/zech/exia_ws/install/exia_msgs:/home/zech/exia_ws/install/exia_ground_description:/home/zech/ros2_ws/install/eclipse_diffdrive:/home/zech/ros2_ws/install/eclipse_ackermann:/opt/ros/humble CMAKE_PREFIX_PATH=/home/zech/exia_ws/install/exia_msgs:/home/zech/exia_ws/install/exia_bringup:/home/zech/exia_ws/install/exia_ground_description:/home/zech/ros2_ws/install/eclipse_diffdrive:/home/zech/ros2_ws/install/eclipse_ackermann:/home/zech/exia_ws/install/exia_driver:/home/zech/exia_ws/install/exia_control:/opt/ros/humble /usr/bin/cmake --install /home/zech/exia_ws/build/exia_bringup
[1.052s] Level 1:colcon.colcon_core.environment:create_environment_scripts_only(exia_bringup)
[1.052s] DEBUG:colcon.colcon_core.event_handler.log_command:Invoked command in '/home/zech/exia_ws/build/exia_bringup' returned '0': AMENT_PREFIX_PATH=/home/zech/exia_ws/install/exia_driver:/home/zech/exia_ws/install/exia_control:/home/zech/exia_ws/install/exia_bringup:/home/zech/exia_ws/install/exia_msgs:/home/zech/exia_ws/install/exia_ground_description:/home/zech/ros2_ws/install/eclipse_diffdrive:/home/zech/ros2_ws/install/eclipse_ackermann:/opt/ros/humble CMAKE_PREFIX_PATH=/home/zech/exia_ws/install/exia_msgs:/home/zech/exia_ws/install/exia_bringup:/home/zech/exia_ws/install/exia_ground_description:/home/zech/ros2_ws/install/eclipse_diffdrive:/home/zech/ros2_ws/install/eclipse_ackermann:/home/zech/exia_ws/install/exia_driver:/home/zech/exia_ws/install/exia_control:/opt/ros/humble /usr/bin/cmake --install /home/zech/exia_ws/build/exia_bringup
[1.052s] Level 1:colcon.colcon_core.environment:checking '/home/zech/exia_ws/install/exia_bringup' for CMake module files
[1.053s] Level 1:colcon.colcon_core.environment:checking '/home/zech/exia_ws/install/exia_bringup' for CMake config files
[1.053s] Level 1:colcon.colcon_core.shell:create_environment_hook('exia_bringup', 'cmake_prefix_path')
[1.053s] INFO:colcon.colcon_core.shell:Creating environment hook '/home/zech/exia_ws/install/exia_bringup/share/exia_bringup/hook/cmake_prefix_path.ps1'
[1.053s] INFO:colcon.colcon_core.shell:Creating environment descriptor '/home/zech/exia_ws/install/exia_bringup/share/exia_bringup/hook/cmake_prefix_path.dsv'
[1.054s] INFO:colcon.colcon_core.shell:Creating environment hook '/home/zech/exia_ws/install/exia_bringup/share/exia_bringup/hook/cmake_prefix_path.sh'
[1.054s] Level 1:colcon.colcon_core.environment:checking '/home/zech/exia_ws/install/exia_bringup/bin'
[1.054s] Level 1:colcon.colcon_core.environment:checking '/home/zech/exia_ws/install/exia_bringup/lib/pkgconfig/exia_bringup.pc'
[1.054s] Level 1:colcon.colcon_core.environment:checking '/home/zech/exia_ws/install/exia_bringup/lib/python3.10/site-packages'
[1.054s] Level 1:colcon.colcon_core.environment:checking '/home/zech/exia_ws/install/exia_bringup/bin'
[1.055s] INFO:colcon.colcon_core.shell:Creating package script '/home/zech/exia_ws/install/exia_bringup/share/exia_bringup/package.ps1'
[1.055s] INFO:colcon.colcon_core.shell:Creating package descriptor '/home/zech/exia_ws/install/exia_bringup/share/exia_bringup/package.dsv'
[1.055s] INFO:colcon.colcon_core.shell:Creating package script '/home/zech/exia_ws/install/exia_bringup/share/exia_bringup/package.sh'
[1.055s] INFO:colcon.colcon_core.shell:Creating package script '/home/zech/exia_ws/install/exia_bringup/share/exia_bringup/package.bash'
[1.055s] INFO:colcon.colcon_core.shell:Creating package script '/home/zech/exia_ws/install/exia_bringup/share/exia_bringup/package.zsh'
[1.056s] Level 1:colcon.colcon_core.environment:create_file_with_runtime_dependencies(/home/zech/exia_ws/install/exia_bringup/share/colcon-core/packages/exia_bringup)
[1.056s] Level 1:colcon.colcon_core.environment:create_environment_scripts_only(exia_bringup)
[1.056s] Level 1:colcon.colcon_core.environment:checking '/home/zech/exia_ws/install/exia_bringup' for CMake module files
[1.056s] Level 1:colcon.colcon_core.environment:checking '/home/zech/exia_ws/install/exia_bringup' for CMake config files
[1.056s] Level 1:colcon.colcon_core.shell:create_environment_hook('exia_bringup', 'cmake_prefix_path')
[1.056s] INFO:colcon.colcon_core.shell:Creating environment hook '/home/zech/exia_ws/install/exia_bringup/share/exia_bringup/hook/cmake_prefix_path.ps1'
[1.057s] INFO:colcon.colcon_core.shell:Creating environment descriptor '/home/zech/exia_ws/install/exia_bringup/share/exia_bringup/hook/cmake_prefix_path.dsv'
[1.057s] INFO:colcon.colcon_core.shell:Creating environment hook '/home/zech/exia_ws/install/exia_bringup/share/exia_bringup/hook/cmake_prefix_path.sh'
[1.057s] Level 1:colcon.colcon_core.environment:checking '/home/zech/exia_ws/install/exia_bringup/bin'
[1.057s] Level 1:colcon.colcon_core.environment:checking '/home/zech/exia_ws/install/exia_bringup/lib/pkgconfig/exia_bringup.pc'
[1.057s] Level 1:colcon.colcon_core.environment:checking '/home/zech/exia_ws/install/exia_bringup/lib/python3.10/site-packages'
[1.057s] Level 1:colcon.colcon_core.environment:checking '/home/zech/exia_ws/install/exia_bringup/bin'
[1.057s] INFO:colcon.colcon_core.shell:Creating package script '/home/zech/exia_ws/install/exia_bringup/share/exia_bringup/package.ps1'
[1.058s] INFO:colcon.colcon_core.shell:Creating package descriptor '/home/zech/exia_ws/install/exia_bringup/share/exia_bringup/package.dsv'
[1.058s] INFO:colcon.colcon_core.shell:Creating package script '/home/zech/exia_ws/install/exia_bringup/share/exia_bringup/package.sh'
[1.058s] INFO:colcon.colcon_core.shell:Creating package script '/home/zech/exia_ws/install/exia_bringup/share/exia_bringup/package.bash'
[1.058s] INFO:colcon.colcon_core.shell:Creating package script '/home/zech/exia_ws/install/exia_bringup/share/exia_bringup/package.zsh'
[1.058s] Level 1:colcon.colcon_core.environment:create_file_with_runtime_dependencies(/home/zech/exia_ws/install/exia_bringup/share/colcon-core/packages/exia_bringup)
[1.059s] DEBUG:colcon.colcon_parallel_executor.executor.parallel:closing loop
[1.059s] DEBUG:colcon.colcon_parallel_executor.executor.parallel:loop closed
[1.059s] DEBUG:colcon.colcon_parallel_executor.executor.parallel:run_until_complete finished with '0'
[1.059s] DEBUG:colcon.colcon_core.event_reactor:joining thread
[1.062s] INFO:colcon.colcon_core.plugin_system:Skipping extension 'colcon_notification.desktop_notification.terminal_notifier': Not used on non-Darwin systems
[1.062s] INFO:colcon.colcon_core.plugin_system:Skipping extension 'colcon_notification.desktop_notification.win32': Not used on non-Windows systems
[1.062s] INFO:colcon.colcon_notification.desktop_notification:Sending desktop notification using 'notify2'
[1.070s] DEBUG:colcon.colcon_core.event_reactor:joined thread
[1.070s] INFO:colcon.colcon_core.shell:Creating prefix script '/home/zech/exia_ws/install/local_setup.ps1'
[1.071s] INFO:colcon.colcon_core.shell:Creating prefix util module '/home/zech/exia_ws/install/_local_setup_util_ps1.py'
[1.072s] INFO:colcon.colcon_core.shell:Creating prefix chain script '/home/zech/exia_ws/install/setup.ps1'
[1.073s] INFO:colcon.colcon_core.shell:Creating prefix script '/home/zech/exia_ws/install/local_setup.sh'
[1.073s] INFO:colcon.colcon_core.shell:Creating prefix util module '/home/zech/exia_ws/install/_local_setup_util_sh.py'
[1.073s] INFO:colcon.colcon_core.shell:Creating prefix chain script '/home/zech/exia_ws/install/setup.sh'
[1.074s] INFO:colcon.colcon_core.shell:Creating prefix script '/home/zech/exia_ws/install/local_setup.bash'
[1.074s] INFO:colcon.colcon_core.shell:Creating prefix chain script '/home/zech/exia_ws/install/setup.bash'
[1.075s] INFO:colcon.colcon_core.shell:Creating prefix script '/home/zech/exia_ws/install/local_setup.zsh'
[1.075s] INFO:colcon.colcon_core.shell:Creating prefix chain script '/home/zech/exia_ws/install/setup.zsh'
