[1.044s] Invoking command in '/home/zech/exia_ws/src/exia_driver': CMAKE_PREFIX_PATH=/home/zech/exia_ws/install/exia_msgs:/home/zech/exia_ws/install/exia_bringup:/home/zech/exia_ws/install/exia_ground_description:/home/zech/ros2_ws/install/eclipse_diffdrive:/home/zech/ros2_ws/install/eclipse_ackermann PYTHONPATH=/home/zech/exia_ws/build/exia_driver/prefix_override:/usr/lib/python3/dist-packages/colcon_core/task/python/colcon_distutils_commands:/home/zech/exia_ws/install/exia_driver/lib/python3.10/site-packages:${PYTHONPATH} VIRTUAL_ENV_PROMPT=(.venv) /usr/bin/python3 -W ignore:setup.py install is deprecated -W ignore:easy_install command is deprecated setup.py egg_info --egg-base ../../build/exia_driver build --build-base /home/zech/exia_ws/build/exia_driver/build install --record /home/zech/exia_ws/build/exia_driver/install.log --single-version-externally-managed install_data
[1.302s] running egg_info
[1.305s] writing ../../build/exia_driver/exia_driver.egg-info/PKG-INFO
[1.306s] writing dependency_links to ../../build/exia_driver/exia_driver.egg-info/dependency_links.txt
[1.307s] writing entry points to ../../build/exia_driver/exia_driver.egg-info/entry_points.txt
[1.307s] writing requirements to ../../build/exia_driver/exia_driver.egg-info/requires.txt
[1.308s] writing top-level names to ../../build/exia_driver/exia_driver.egg-info/top_level.txt
[1.316s] reading manifest file '../../build/exia_driver/exia_driver.egg-info/SOURCES.txt'
[1.321s] writing manifest file '../../build/exia_driver/exia_driver.egg-info/SOURCES.txt'
[1.321s] running build
[1.322s] running build_py
[1.322s] running install
[1.324s] running install_lib
[1.330s] running install_data
[1.330s] running install_egg_info
[1.337s] removing '/home/zech/exia_ws/install/exia_driver/lib/python3.10/site-packages/exia_driver-1.0.0-py3.10.egg-info' (and everything under it)
[1.339s] Copying ../../build/exia_driver/exia_driver.egg-info to /home/zech/exia_ws/install/exia_driver/lib/python3.10/site-packages/exia_driver-1.0.0-py3.10.egg-info
[1.341s] running install_scripts
[1.420s] Installing gps_transform_node script to /home/zech/exia_ws/install/exia_driver/lib/exia_driver
[1.420s] Installing radio_bridge_node script to /home/zech/exia_ws/install/exia_driver/lib/exia_driver
[1.421s] Installing rc_driver_node script to /home/zech/exia_ws/install/exia_driver/lib/exia_driver
[1.422s] writing list of installed files to '/home/zech/exia_ws/build/exia_driver/install.log'
[1.481s] Invoked command in '/home/zech/exia_ws/src/exia_driver' returned '0': CMAKE_PREFIX_PATH=/home/zech/exia_ws/install/exia_msgs:/home/zech/exia_ws/install/exia_bringup:/home/zech/exia_ws/install/exia_ground_description:/home/zech/ros2_ws/install/eclipse_diffdrive:/home/zech/ros2_ws/install/eclipse_ackermann PYTHONPATH=/home/zech/exia_ws/build/exia_driver/prefix_override:/usr/lib/python3/dist-packages/colcon_core/task/python/colcon_distutils_commands:/home/zech/exia_ws/install/exia_driver/lib/python3.10/site-packages:${PYTHONPATH} VIRTUAL_ENV_PROMPT=(.venv) /usr/bin/python3 -W ignore:setup.py install is deprecated -W ignore:easy_install command is deprecated setup.py egg_info --egg-base ../../build/exia_driver build --build-base /home/zech/exia_ws/build/exia_driver/build install --record /home/zech/exia_ws/build/exia_driver/install.log --single-version-externally-managed install_data
