[0.025s] Invoking command in '/home/exialabsargus/Exia-Labs/build/exia_ground_description': CMAKE_PREFIX_PATH=/opt/ros/humble /usr/bin/cmake --build /home/exialabsargus/Exia-Labs/build/exia_ground_description -- -j6 -l6
[0.232s] Invoked command in '/home/exialabsargus/Exia-Labs/build/exia_ground_description' returned '0': CMAKE_PREFIX_PATH=/opt/ros/humble /usr/bin/cmake --build /home/exialabsargus/Exia-Labs/build/exia_ground_description -- -j6 -l6
[0.263s] Invoking command in '/home/exialabsargus/Exia-Labs/build/exia_ground_description': CMAKE_PREFIX_PATH=/opt/ros/humble /usr/bin/cmake --install /home/exialabsargus/Exia-Labs/build/exia_ground_description
[0.290s] -- Install configuration: ""
[0.291s] -- Up-to-date: /home/exialabsargus/Exia-Labs/install/exia_ground_description/share/exia_ground_description/urdf
[0.292s] -- Up-to-date: /home/exialabsargus/Exia-Labs/install/exia_ground_description/share/exia_ground_description/urdf/exia_ground.urdf.xacro
[0.292s] -- Up-to-date: /home/exialabsargus/Exia-Labs/install/exia_ground_description/share/exia_ground_description/launch
[0.292s] -- Up-to-date: /home/exialabsargus/Exia-Labs/install/exia_ground_description/share/exia_ground_description/launch/exia_ground_state.launch.py
[0.292s] -- Up-to-date: /home/exialabsargus/Exia-Labs/install/exia_ground_description/share/exia_ground_description/launch/__pycache__
[0.293s] -- Up-to-date: /home/exialabsargus/Exia-Labs/install/exia_ground_description/share/exia_ground_description/launch/__pycache__/exia_ground_sim.launch.cpython-310.pyc
[0.293s] -- Up-to-date: /home/exialabsargus/Exia-Labs/install/exia_ground_description/share/exia_ground_description/launch/exia_ground_sim.launch.py
[0.293s] -- Up-to-date: /home/exialabsargus/Exia-Labs/install/exia_ground_description/share/exia_ground_description/launch/dynamic_nav.launch.py
[0.293s] -- Up-to-date: /home/exialabsargus/Exia-Labs/install/exia_ground_description/share/exia_ground_description/rviz
[0.293s] -- Up-to-date: /home/exialabsargus/Exia-Labs/install/exia_ground_description/share/exia_ground_description/rviz/exia_ground.rviz
[0.293s] -- Up-to-date: /home/exialabsargus/Exia-Labs/install/exia_ground_description/share/exia_ground_description/rviz/exia_slam_nav.rviz
[0.293s] -- Up-to-date: /home/exialabsargus/Exia-Labs/install/exia_ground_description/share/exia_ground_description/config
[0.294s] -- Up-to-date: /home/exialabsargus/Exia-Labs/install/exia_ground_description/share/exia_ground_description/config/ackermann_controllers.yaml
[0.294s] -- Up-to-date: /home/exialabsargus/Exia-Labs/install/exia_ground_description/share/exia_ground_description/config/hardware_config.yaml
[0.294s] -- Up-to-date: /home/exialabsargus/Exia-Labs/install/exia_ground_description/share/exia_ground_description/config/slam_toolbox_params.yaml
[0.294s] -- Up-to-date: /home/exialabsargus/Exia-Labs/install/exia_ground_description/share/exia_ground_description/config/nav2_params.yaml
[0.294s] -- Up-to-date: /home/exialabsargus/Exia-Labs/install/exia_ground_description/share/exia_ground_description/worlds
[0.294s] -- Up-to-date: /home/exialabsargus/Exia-Labs/install/exia_ground_description/share/exia_ground_description/worlds/exia_world.sdf
[0.295s] -- Up-to-date: /home/exialabsargus/Exia-Labs/install/exia_ground_description/lib/exia_ground_description/exia_control
[0.295s] -- Up-to-date: /home/exialabsargus/Exia-Labs/install/exia_ground_description/lib/exia_ground_description/exia_control/planning
[0.295s] -- Up-to-date: /home/exialabsargus/Exia-Labs/install/exia_ground_description/lib/exia_ground_description/exia_control/planning/paths.py
[0.295s] -- Up-to-date: /home/exialabsargus/Exia-Labs/install/exia_ground_description/lib/exia_ground_description/exia_control/planning/__pycache__
[0.295s] -- Up-to-date: /home/exialabsargus/Exia-Labs/install/exia_ground_description/lib/exia_ground_description/exia_control/planning/__init__.py
[0.295s] -- Up-to-date: /home/exialabsargus/Exia-Labs/install/exia_ground_description/lib/exia_ground_description/exia_control/planning/pure_pursuit.py
[0.296s] -- Up-to-date: /home/exialabsargus/Exia-Labs/install/exia_ground_description/lib/exia_ground_description/exia_control/navigation
[0.296s] -- Up-to-date: /home/exialabsargus/Exia-Labs/install/exia_ground_description/lib/exia_ground_description/exia_control/navigation/__init__.py
[0.296s] -- Up-to-date: /home/exialabsargus/Exia-Labs/install/exia_ground_description/lib/exia_ground_description/exia_control/navigation/planner_interface.py
[0.296s] -- Up-to-date: /home/exialabsargus/Exia-Labs/install/exia_ground_description/lib/exia_ground_description/exia_control/navigation/path_validator.py
[0.296s] -- Up-to-date: /home/exialabsargus/Exia-Labs/install/exia_ground_description/lib/exia_ground_description/exia_control/__pycache__
[0.302s] -- Up-to-date: /home/exialabsargus/Exia-Labs/install/exia_ground_description/lib/exia_ground_description/exia_control/__init__.py
[0.311s] -- Up-to-date: /home/exialabsargus/Exia-Labs/install/exia_ground_description/lib/exia_ground_description/exia_control/hal
[0.311s] -- Up-to-date: /home/exialabsargus/Exia-Labs/install/exia_ground_description/lib/exia_ground_description/exia_control/hal/simulation.py
[0.311s] -- Up-to-date: /home/exialabsargus/Exia-Labs/install/exia_ground_description/lib/exia_ground_description/exia_control/hal/__init__.py
[0.311s] -- Up-to-date: /home/exialabsargus/Exia-Labs/install/exia_ground_description/lib/exia_ground_description/exia_control/hal/base.py
[0.312s] -- Up-to-date: /home/exialabsargus/Exia-Labs/install/exia_ground_description/lib/exia_ground_description/exia_control/control
[0.312s] -- Up-to-date: /home/exialabsargus/Exia-Labs/install/exia_ground_description/lib/exia_ground_description/exia_control/control/ackermann_drive.py
[0.312s] -- Up-to-date: /home/exialabsargus/Exia-Labs/install/exia_ground_description/lib/exia_ground_description/exia_control/control/__init__.py
[0.312s] -- Up-to-date: /home/exialabsargus/Exia-Labs/install/exia_ground_description/lib/exia_ground_description/ackermann_drive_node.py
[0.312s] -- Up-to-date: /home/exialabsargus/Exia-Labs/install/exia_ground_description/lib/exia_ground_description/ackermann_odometry.py
[0.313s] -- Up-to-date: /home/exialabsargus/Exia-Labs/install/exia_ground_description/lib/exia_ground_description/path_follower_node.py
[0.313s] -- Up-to-date: /home/exialabsargus/Exia-Labs/install/exia_ground_description/lib/exia_ground_description/dynamic_navigator_node.py
[0.313s] -- Installing: /home/exialabsargus/Exia-Labs/install/exia_ground_description/lib/exia_ground_description/xbox_teleop_node.py
[0.313s] -- Up-to-date: /home/exialabsargus/Exia-Labs/install/exia_ground_description/share/ament_index/resource_index/package_run_dependencies/exia_ground_description
[0.313s] -- Up-to-date: /home/exialabsargus/Exia-Labs/install/exia_ground_description/share/ament_index/resource_index/parent_prefix_path/exia_ground_description
[0.314s] -- Up-to-date: /home/exialabsargus/Exia-Labs/install/exia_ground_description/share/exia_ground_description/environment/ament_prefix_path.sh
[0.314s] -- Up-to-date: /home/exialabsargus/Exia-Labs/install/exia_ground_description/share/exia_ground_description/environment/ament_prefix_path.dsv
[0.314s] -- Up-to-date: /home/exialabsargus/Exia-Labs/install/exia_ground_description/share/exia_ground_description/environment/path.sh
[0.314s] -- Up-to-date: /home/exialabsargus/Exia-Labs/install/exia_ground_description/share/exia_ground_description/environment/path.dsv
[0.314s] -- Up-to-date: /home/exialabsargus/Exia-Labs/install/exia_ground_description/share/exia_ground_description/local_setup.bash
[0.316s] -- Up-to-date: /home/exialabsargus/Exia-Labs/install/exia_ground_description/share/exia_ground_description/local_setup.sh
[0.316s] -- Up-to-date: /home/exialabsargus/Exia-Labs/install/exia_ground_description/share/exia_ground_description/local_setup.zsh
[0.316s] -- Up-to-date: /home/exialabsargus/Exia-Labs/install/exia_ground_description/share/exia_ground_description/local_setup.dsv
[0.317s] -- Installing: /home/exialabsargus/Exia-Labs/install/exia_ground_description/share/exia_ground_description/package.dsv
[0.324s] -- Up-to-date: /home/exialabsargus/Exia-Labs/install/exia_ground_description/share/ament_index/resource_index/packages/exia_ground_description
[0.327s] -- Up-to-date: /home/exialabsargus/Exia-Labs/install/exia_ground_description/share/exia_ground_description/cmake/exia_ground_descriptionConfig.cmake
[0.328s] -- Up-to-date: /home/exialabsargus/Exia-Labs/install/exia_ground_description/share/exia_ground_description/cmake/exia_ground_descriptionConfig-version.cmake
[0.328s] -- Up-to-date: /home/exialabsargus/Exia-Labs/install/exia_ground_description/share/exia_ground_description/package.xml
[0.329s] Invoked command in '/home/exialabsargus/Exia-Labs/build/exia_ground_description' returned '0': CMAKE_PREFIX_PATH=/opt/ros/humble /usr/bin/cmake --install /home/exialabsargus/Exia-Labs/build/exia_ground_description
