running egg_info
writing ../../build/exia_control/exia_control.egg-info/PKG-INFO
writing dependency_links to ../../build/exia_control/exia_control.egg-info/dependency_links.txt
writing entry points to ../../build/exia_control/exia_control.egg-info/entry_points.txt
writing requirements to ../../build/exia_control/exia_control.egg-info/requires.txt
writing top-level names to ../../build/exia_control/exia_control.egg-info/top_level.txt
reading manifest file '../../build/exia_control/exia_control.egg-info/SOURCES.txt'
writing manifest file '../../build/exia_control/exia_control.egg-info/SOURCES.txt'
running build
running build_py
copying exia_control/gui/telemetry_panel.py -> /home/zech/exia_ws/build/exia_control/build/lib/exia_control/gui
running install
running install_lib
copying /home/zech/exia_ws/build/exia_control/build/lib/exia_control/gui/telemetry_panel.py -> /home/zech/exia_ws/install/exia_control/lib/python3.10/site-packages/exia_control/gui
byte-compiling /home/zech/exia_ws/install/exia_control/lib/python3.10/site-packages/exia_control/gui/telemetry_panel.py to telemetry_panel.cpython-310.pyc
running install_data
running install_egg_info
removing '/home/zech/exia_ws/install/exia_control/lib/python3.10/site-packages/exia_control-1.0.0-py3.10.egg-info' (and everything under it)
Copying ../../build/exia_control/exia_control.egg-info to /home/zech/exia_ws/install/exia_control/lib/python3.10/site-packages/exia_control-1.0.0-py3.10.egg-info
running install_scripts
Installing ackermann_drive_node script to /home/zech/exia_ws/install/exia_control/lib/exia_control
Installing dynamic_navigator_node script to /home/zech/exia_ws/install/exia_control/lib/exia_control
Installing hw_teleop script to /home/zech/exia_ws/install/exia_control/lib/exia_control
Installing lss_calibrate script to /home/zech/exia_ws/install/exia_control/lib/exia_control
Installing nav_to script to /home/zech/exia_ws/install/exia_control/lib/exia_control
Installing teleop script to /home/zech/exia_ws/install/exia_control/lib/exia_control
writing list of installed files to '/home/zech/exia_ws/build/exia_control/install.log'
