[0.563s] Invoking command in '/home/zech/exia_ws/src/exia_driver': CMAKE_PREFIX_PATH=/home/zech/exia_ws/install/exia_msgs:/home/zech/exia_ws/install/exia_bringup:/home/zech/exia_ws/install/exia_ground_description:/home/zech/ros2_ws/install/eclipse_diffdrive:/home/zech/ros2_ws/install/eclipse_ackermann PYTHONPATH=/home/zech/exia_ws/build/exia_driver/prefix_override:/usr/lib/python3/dist-packages/colcon_core/task/python/colcon_distutils_commands:/home/zech/exia_ws/install/exia_driver/lib/python3.10/site-packages:${PYTHONPATH} /usr/bin/python3 -W ignore:setup.py install is deprecated -W ignore:easy_install command is deprecated setup.py egg_info --egg-base ../../build/exia_driver build --build-base /home/zech/exia_ws/build/exia_driver/build install --record /home/zech/exia_ws/build/exia_driver/install.log --single-version-externally-managed install_data
[1.098s] running egg_info
[1.098s] writing ../../build/exia_driver/exia_driver.egg-info/PKG-INFO
[1.098s] writing dependency_links to ../../build/exia_driver/exia_driver.egg-info/dependency_links.txt
[1.098s] writing entry points to ../../build/exia_driver/exia_driver.egg-info/entry_points.txt
[1.099s] writing requirements to ../../build/exia_driver/exia_driver.egg-info/requires.txt
[1.099s] writing top-level names to ../../build/exia_driver/exia_driver.egg-info/top_level.txt
[1.100s] reading manifest file '../../build/exia_driver/exia_driver.egg-info/SOURCES.txt'
[1.100s] writing manifest file '../../build/exia_driver/exia_driver.egg-info/SOURCES.txt'
[1.100s] running build
[1.100s] running build_py
[1.100s] running install
[1.100s] running install_lib
[1.101s] running install_data
[1.101s] running install_egg_info
[1.102s] removing '/home/zech/exia_ws/install/exia_driver/lib/python3.10/site-packages/exia_driver-1.0.0-py3.10.egg-info' (and everything under it)
[1.103s] Copying ../../build/exia_driver/exia_driver.egg-info to /home/zech/exia_ws/install/exia_driver/lib/python3.10/site-packages/exia_driver-1.0.0-py3.10.egg-info
[1.103s] running install_scripts
[1.117s] Installing gps_transform_node script to /home/zech/exia_ws/install/exia_driver/lib/exia_driver
[1.117s] Installing radio_bridge_node script to /home/zech/exia_ws/install/exia_driver/lib/exia_driver
[1.117s] Installing rc_driver_node script to /home/zech/exia_ws/install/exia_driver/lib/exia_driver
[1.117s] writing list of installed files to '/home/zech/exia_ws/build/exia_driver/install.log'
[1.133s] Invoked command in '/home/zech/exia_ws/src/exia_driver' returned '0': CMAKE_PREFIX_PATH=/home/zech/exia_ws/install/exia_msgs:/home/zech/exia_ws/install/exia_bringup:/home/zech/exia_ws/install/exia_ground_description:/home/zech/ros2_ws/install/eclipse_diffdrive:/home/zech/ros2_ws/install/eclipse_ackermann PYTHONPATH=/home/zech/exia_ws/build/exia_driver/prefix_override:/usr/lib/python3/dist-packages/colcon_core/task/python/colcon_distutils_commands:/home/zech/exia_ws/install/exia_driver/lib/python3.10/site-packages:${PYTHONPATH} /usr/bin/python3 -W ignore:setup.py install is deprecated -W ignore:easy_install command is deprecated setup.py egg_info --egg-base ../../build/exia_driver build --build-base /home/zech/exia_ws/build/exia_driver/build install --record /home/zech/exia_ws/build/exia_driver/install.log --single-version-externally-managed install_data
