[0.007s] Invoking command in '/home/zech/exia_ws/build/exia_ground_description': CMAKE_PREFIX_PATH=${CMAKE_PREFIX_PATH}:/opt/ros/humble /usr/bin/cmake --build /home/zech/exia_ws/build/exia_ground_description -- -j20 -l20
[0.032s] Invoked command in '/home/zech/exia_ws/build/exia_ground_description' returned '0': CMAKE_PREFIX_PATH=${CMAKE_PREFIX_PATH}:/opt/ros/humble /usr/bin/cmake --build /home/zech/exia_ws/build/exia_ground_description -- -j20 -l20
[0.044s] Invoking command in '/home/zech/exia_ws/build/exia_ground_description': CMAKE_PREFIX_PATH=${CMAKE_PREFIX_PATH}:/opt/ros/humble /usr/bin/cmake --install /home/zech/exia_ws/build/exia_ground_description
[0.051s] -- Install configuration: ""
[0.051s] -- Up-to-date: /home/zech/exia_ws/install/exia_ground_description/share/exia_ground_description/urdf
[0.051s] -- Installing: /home/zech/exia_ws/install/exia_ground_description/share/exia_ground_description/urdf/exia_ground.urdf
[0.051s] -- Up-to-date: /home/zech/exia_ws/install/exia_ground_description/share/exia_ground_description/launch
[0.051s] -- Up-to-date: /home/zech/exia_ws/install/exia_ground_description/share/exia_ground_description/launch/exia_ground_sim.launch.py
[0.052s] -- Up-to-date: /home/zech/exia_ws/install/exia_ground_description/share/exia_ground_description/launch/exia_ground_state.launch.py
[0.052s] -- Up-to-date: /home/zech/exia_ws/install/exia_ground_description/share/ament_index/resource_index/package_run_dependencies/exia_ground_description
[0.052s] -- Up-to-date: /home/zech/exia_ws/install/exia_ground_description/share/ament_index/resource_index/parent_prefix_path/exia_ground_description
[0.052s] -- Up-to-date: /home/zech/exia_ws/install/exia_ground_description/share/exia_ground_description/environment/ament_prefix_path.sh
[0.052s] -- Up-to-date: /home/zech/exia_ws/install/exia_ground_description/share/exia_ground_description/environment/ament_prefix_path.dsv
[0.052s] -- Up-to-date: /home/zech/exia_ws/install/exia_ground_description/share/exia_ground_description/environment/path.sh
[0.052s] -- Up-to-date: /home/zech/exia_ws/install/exia_ground_description/share/exia_ground_description/environment/path.dsv
[0.053s] -- Up-to-date: /home/zech/exia_ws/install/exia_ground_description/share/exia_ground_description/local_setup.bash
[0.053s] -- Up-to-date: /home/zech/exia_ws/install/exia_ground_description/share/exia_ground_description/local_setup.sh
[0.053s] -- Up-to-date: /home/zech/exia_ws/install/exia_ground_description/share/exia_ground_description/local_setup.zsh
[0.053s] -- Up-to-date: /home/zech/exia_ws/install/exia_ground_description/share/exia_ground_description/local_setup.dsv
[0.053s] -- Installing: /home/zech/exia_ws/install/exia_ground_description/share/exia_ground_description/package.dsv
[0.053s] -- Up-to-date: /home/zech/exia_ws/install/exia_ground_description/share/ament_index/resource_index/packages/exia_ground_description
[0.053s] -- Up-to-date: /home/zech/exia_ws/install/exia_ground_description/share/exia_ground_description/cmake/exia_ground_descriptionConfig.cmake
[0.053s] -- Up-to-date: /home/zech/exia_ws/install/exia_ground_description/share/exia_ground_description/cmake/exia_ground_descriptionConfig-version.cmake
[0.053s] -- Up-to-date: /home/zech/exia_ws/install/exia_ground_description/share/exia_ground_description/package.xml
[0.055s] Invoked command in '/home/zech/exia_ws/build/exia_ground_description' returned '0': CMAKE_PREFIX_PATH=${CMAKE_PREFIX_PATH}:/opt/ros/humble /usr/bin/cmake --install /home/zech/exia_ws/build/exia_ground_description
