[0.551s] Invoking command in '/home/zech/exia_ws/build/exia_control': PYTHONPATH=/home/zech/exia_ws/build/exia_control/prefix_override:/usr/lib/python3/dist-packages/colcon_core/task/python/colcon_distutils_commands:/home/zech/exia_ws/install/exia_control/lib/python3.10/site-packages:${PYTHONPATH} /usr/bin/python3 -W ignore:setup.py install is deprecated -W ignore:easy_install command is deprecated setup.py develop --uninstall --editable --build-directory /home/zech/exia_ws/build/exia_control/build
[0.678s] running develop
[0.758s] Removing /home/zech/exia_ws/install/exia_control/lib/python3.10/site-packages/exia-control.egg-link (link to .)
[0.772s] Invoked command in '/home/zech/exia_ws/build/exia_control' returned '0': PYTHONPATH=/home/zech/exia_ws/build/exia_control/prefix_override:/usr/lib/python3/dist-packages/colcon_core/task/python/colcon_distutils_commands:/home/zech/exia_ws/install/exia_control/lib/python3.10/site-packages:${PYTHONPATH} /usr/bin/python3 -W ignore:setup.py install is deprecated -W ignore:easy_install command is deprecated setup.py develop --uninstall --editable --build-directory /home/zech/exia_ws/build/exia_control/build
[0.773s] Invoking command in '/home/zech/exia_ws/src/exia_control': PYTHONPATH=/home/zech/exia_ws/build/exia_control/prefix_override:/usr/lib/python3/dist-packages/colcon_core/task/python/colcon_distutils_commands:/home/zech/exia_ws/install/exia_control/lib/python3.10/site-packages:${PYTHONPATH} /usr/bin/python3 -W ignore:setup.py install is deprecated -W ignore:easy_install command is deprecated setup.py egg_info --egg-base ../../build/exia_control build --build-base /home/zech/exia_ws/build/exia_control/build install --record /home/zech/exia_ws/build/exia_control/install.log --single-version-externally-managed install_data --force
[0.887s] running egg_info
[0.887s] writing ../../build/exia_control/exia_control.egg-info/PKG-INFO
[0.889s] writing dependency_links to ../../build/exia_control/exia_control.egg-info/dependency_links.txt
[0.889s] writing entry points to ../../build/exia_control/exia_control.egg-info/entry_points.txt
[0.889s] writing requirements to ../../build/exia_control/exia_control.egg-info/requires.txt
[0.889s] writing top-level names to ../../build/exia_control/exia_control.egg-info/top_level.txt
[0.890s] reading manifest file '../../build/exia_control/exia_control.egg-info/SOURCES.txt'
[0.890s] writing manifest file '../../build/exia_control/exia_control.egg-info/SOURCES.txt'
[0.890s] running build
[0.890s] running build_py
[0.890s] copying exia_control/ackermann_drive_node.py -> /home/zech/exia_ws/build/exia_control/build/lib/exia_control
[0.891s] running install
[0.891s] running install_lib
[0.891s] creating /home/zech/exia_ws/install/exia_control/lib/python3.10/site-packages/exia_control
[0.891s] copying /home/zech/exia_ws/build/exia_control/build/lib/exia_control/ackermann_drive_node.py -> /home/zech/exia_ws/install/exia_control/lib/python3.10/site-packages/exia_control
[0.891s] copying /home/zech/exia_ws/build/exia_control/build/lib/exia_control/__init__.py -> /home/zech/exia_ws/install/exia_control/lib/python3.10/site-packages/exia_control
[0.891s] creating /home/zech/exia_ws/install/exia_control/lib/python3.10/site-packages/exia_control/navigation
[0.892s] copying /home/zech/exia_ws/build/exia_control/build/lib/exia_control/navigation/planner_interface.py -> /home/zech/exia_ws/install/exia_control/lib/python3.10/site-packages/exia_control/navigation
[0.892s] copying /home/zech/exia_ws/build/exia_control/build/lib/exia_control/navigation/__init__.py -> /home/zech/exia_ws/install/exia_control/lib/python3.10/site-packages/exia_control/navigation
[0.892s] copying /home/zech/exia_ws/build/exia_control/build/lib/exia_control/navigation/path_validator.py -> /home/zech/exia_ws/install/exia_control/lib/python3.10/site-packages/exia_control/navigation
[0.892s] creating /home/zech/exia_ws/install/exia_control/lib/python3.10/site-packages/exia_control/planning
[0.892s] copying /home/zech/exia_ws/build/exia_control/build/lib/exia_control/planning/__init__.py -> /home/zech/exia_ws/install/exia_control/lib/python3.10/site-packages/exia_control/planning
[0.892s] copying /home/zech/exia_ws/build/exia_control/build/lib/exia_control/planning/pure_pursuit.py -> /home/zech/exia_ws/install/exia_control/lib/python3.10/site-packages/exia_control/planning
[0.892s] copying /home/zech/exia_ws/build/exia_control/build/lib/exia_control/dynamic_navigator_node.py -> /home/zech/exia_ws/install/exia_control/lib/python3.10/site-packages/exia_control
[0.892s] byte-compiling /home/zech/exia_ws/install/exia_control/lib/python3.10/site-packages/exia_control/ackermann_drive_node.py to ackermann_drive_node.cpython-310.pyc
[0.893s] byte-compiling /home/zech/exia_ws/install/exia_control/lib/python3.10/site-packages/exia_control/__init__.py to __init__.cpython-310.pyc
[0.893s] byte-compiling /home/zech/exia_ws/install/exia_control/lib/python3.10/site-packages/exia_control/navigation/planner_interface.py to planner_interface.cpython-310.pyc
[0.893s] byte-compiling /home/zech/exia_ws/install/exia_control/lib/python3.10/site-packages/exia_control/navigation/__init__.py to __init__.cpython-310.pyc
[0.893s] byte-compiling /home/zech/exia_ws/install/exia_control/lib/python3.10/site-packages/exia_control/navigation/path_validator.py to path_validator.cpython-310.pyc
[0.894s] byte-compiling /home/zech/exia_ws/install/exia_control/lib/python3.10/site-packages/exia_control/planning/__init__.py to __init__.cpython-310.pyc
[0.894s] byte-compiling /home/zech/exia_ws/install/exia_control/lib/python3.10/site-packages/exia_control/planning/pure_pursuit.py to pure_pursuit.cpython-310.pyc
[0.895s] byte-compiling /home/zech/exia_ws/install/exia_control/lib/python3.10/site-packages/exia_control/dynamic_navigator_node.py to dynamic_navigator_node.cpython-310.pyc
[0.897s] running install_data
[0.897s] copying resource/exia_control -> /home/zech/exia_ws/install/exia_control/share/ament_index/resource_index/packages
[0.897s] copying package.xml -> /home/zech/exia_ws/install/exia_control/share/exia_control
[0.897s] running install_egg_info
[0.898s] Copying ../../build/exia_control/exia_control.egg-info to /home/zech/exia_ws/install/exia_control/lib/python3.10/site-packages/exia_control-1.0.0-py3.10.egg-info
[0.898s] running install_scripts
[0.910s] Installing ackermann_drive_node script to /home/zech/exia_ws/install/exia_control/lib/exia_control
[0.910s] Installing dynamic_navigator_node script to /home/zech/exia_ws/install/exia_control/lib/exia_control
[0.910s] writing list of installed files to '/home/zech/exia_ws/build/exia_control/install.log'
[0.924s] Invoked command in '/home/zech/exia_ws/src/exia_control' returned '0': PYTHONPATH=/home/zech/exia_ws/build/exia_control/prefix_override:/usr/lib/python3/dist-packages/colcon_core/task/python/colcon_distutils_commands:/home/zech/exia_ws/install/exia_control/lib/python3.10/site-packages:${PYTHONPATH} /usr/bin/python3 -W ignore:setup.py install is deprecated -W ignore:easy_install command is deprecated setup.py egg_info --egg-base ../../build/exia_control build --build-base /home/zech/exia_ws/build/exia_control/build install --record /home/zech/exia_ws/build/exia_control/install.log --single-version-externally-managed install_data --force
