[0.296s] Invoking command in '/home/zech/exia_ws/src/exia_control': PYTHONPATH=/home/zech/exia_ws/build/exia_control/prefix_override:/usr/lib/python3/dist-packages/colcon_core/task/python/colcon_distutils_commands:/home/zech/exia_ws/install/exia_control/lib/python3.10/site-packages:${PYTHONPATH} /usr/bin/python3 -W ignore:setup.py install is deprecated -W ignore:easy_install command is deprecated setup.py egg_info --egg-base ../../build/exia_control build --build-base /home/zech/exia_ws/build/exia_control/build install --record /home/zech/exia_ws/build/exia_control/install.log --single-version-externally-managed install_data
[0.408s] running egg_info
[0.409s] writing ../../build/exia_control/exia_control.egg-info/PKG-INFO
[0.409s] writing dependency_links to ../../build/exia_control/exia_control.egg-info/dependency_links.txt
[0.409s] writing entry points to ../../build/exia_control/exia_control.egg-info/entry_points.txt
[0.409s] writing requirements to ../../build/exia_control/exia_control.egg-info/requires.txt
[0.409s] writing top-level names to ../../build/exia_control/exia_control.egg-info/top_level.txt
[0.410s] reading manifest file '../../build/exia_control/exia_control.egg-info/SOURCES.txt'
[0.410s] writing manifest file '../../build/exia_control/exia_control.egg-info/SOURCES.txt'
[0.410s] running build
[0.410s] running build_py
[0.411s] running install
[0.411s] running install_lib
[0.412s] running install_data
[0.412s] running install_egg_info
[0.413s] removing '/home/zech/exia_ws/install/exia_control/lib/python3.10/site-packages/exia_control-1.0.0-py3.10.egg-info' (and everything under it)
[0.413s] Copying ../../build/exia_control/exia_control.egg-info to /home/zech/exia_ws/install/exia_control/lib/python3.10/site-packages/exia_control-1.0.0-py3.10.egg-info
[0.413s] running install_scripts
[0.425s] Installing ackermann_drive_node script to /home/zech/exia_ws/install/exia_control/lib/exia_control
[0.425s] Installing dynamic_navigator_node script to /home/zech/exia_ws/install/exia_control/lib/exia_control
[0.425s] writing list of installed files to '/home/zech/exia_ws/build/exia_control/install.log'
[0.437s] Invoked command in '/home/zech/exia_ws/src/exia_control' returned '0': PYTHONPATH=/home/zech/exia_ws/build/exia_control/prefix_override:/usr/lib/python3/dist-packages/colcon_core/task/python/colcon_distutils_commands:/home/zech/exia_ws/install/exia_control/lib/python3.10/site-packages:${PYTHONPATH} /usr/bin/python3 -W ignore:setup.py install is deprecated -W ignore:easy_install command is deprecated setup.py egg_info --egg-base ../../build/exia_control build --build-base /home/zech/exia_ws/build/exia_control/build install --record /home/zech/exia_ws/build/exia_control/install.log --single-version-externally-managed install_data
