[0.007s] Invoking command in '/home/zech/exia_ws/build/exia_bringup': AMENT_PREFIX_PATH=/home/zech/exia_ws/install/exia_driver:/home/zech/exia_ws/install/exia_control:${AMENT_PREFIX_PATH} CMAKE_PREFIX_PATH=${CMAKE_PREFIX_PATH}:/opt/ros/humble PYTHONPATH=/home/zech/exia_ws/install/exia_driver/lib/python3.10/site-packages:/home/zech/exia_ws/build/exia_control:/home/zech/exia_ws/install/exia_control/lib/python3.10/site-packages:${PYTHONPATH} /usr/bin/cmake /home/zech/exia_ws/src/exia_bringup -DAMENT_CMAKE_SYMLINK_INSTALL=1 -DCMAKE_INSTALL_PREFIX=/home/zech/exia_ws/install/exia_bringup
[0.017s] -- Found ament_cmake: 1.3.12 (/opt/ros/humble/share/ament_cmake/cmake)
[0.158s] -- Override CMake install command with custom implementation using symlinks instead of copying resources
[0.244s] -- Configuring done
[0.246s] -- Generating done
[0.247s] -- Build files have been written to: /home/zech/exia_ws/build/exia_bringup
[0.249s] Invoked command in '/home/zech/exia_ws/build/exia_bringup' returned '0': AMENT_PREFIX_PATH=/home/zech/exia_ws/install/exia_driver:/home/zech/exia_ws/install/exia_control:${AMENT_PREFIX_PATH} CMAKE_PREFIX_PATH=${CMAKE_PREFIX_PATH}:/opt/ros/humble PYTHONPATH=/home/zech/exia_ws/install/exia_driver/lib/python3.10/site-packages:/home/zech/exia_ws/build/exia_control:/home/zech/exia_ws/install/exia_control/lib/python3.10/site-packages:${PYTHONPATH} /usr/bin/cmake /home/zech/exia_ws/src/exia_bringup -DAMENT_CMAKE_SYMLINK_INSTALL=1 -DCMAKE_INSTALL_PREFIX=/home/zech/exia_ws/install/exia_bringup
[0.251s] Invoking command in '/home/zech/exia_ws/build/exia_bringup': AMENT_PREFIX_PATH=/home/zech/exia_ws/install/exia_driver:/home/zech/exia_ws/install/exia_control:${AMENT_PREFIX_PATH} CMAKE_PREFIX_PATH=${CMAKE_PREFIX_PATH}:/opt/ros/humble PYTHONPATH=/home/zech/exia_ws/install/exia_driver/lib/python3.10/site-packages:/home/zech/exia_ws/build/exia_control:/home/zech/exia_ws/install/exia_control/lib/python3.10/site-packages:${PYTHONPATH} /usr/bin/cmake --build /home/zech/exia_ws/build/exia_bringup -- -j20 -l20
[0.294s] Invoked command in '/home/zech/exia_ws/build/exia_bringup' returned '0': AMENT_PREFIX_PATH=/home/zech/exia_ws/install/exia_driver:/home/zech/exia_ws/install/exia_control:${AMENT_PREFIX_PATH} CMAKE_PREFIX_PATH=${CMAKE_PREFIX_PATH}:/opt/ros/humble PYTHONPATH=/home/zech/exia_ws/install/exia_driver/lib/python3.10/site-packages:/home/zech/exia_ws/build/exia_control:/home/zech/exia_ws/install/exia_control/lib/python3.10/site-packages:${PYTHONPATH} /usr/bin/cmake --build /home/zech/exia_ws/build/exia_bringup -- -j20 -l20
[0.310s] Invoking command in '/home/zech/exia_ws/build/exia_bringup': AMENT_PREFIX_PATH=/home/zech/exia_ws/install/exia_driver:/home/zech/exia_ws/install/exia_control:${AMENT_PREFIX_PATH} CMAKE_PREFIX_PATH=${CMAKE_PREFIX_PATH}:/opt/ros/humble PYTHONPATH=/home/zech/exia_ws/install/exia_driver/lib/python3.10/site-packages:/home/zech/exia_ws/build/exia_control:/home/zech/exia_ws/install/exia_control/lib/python3.10/site-packages:${PYTHONPATH} /usr/bin/cmake --install /home/zech/exia_ws/build/exia_bringup
[0.321s] -- Install configuration: ""
[0.322s] -- Execute custom install script
[0.322s] -- Symlinking: /home/zech/exia_ws/install/exia_bringup/share/exia_bringup/launch/autonomous.launch.py
[0.332s] -- Symlinking: /home/zech/exia_ws/install/exia_bringup/share/exia_bringup/launch/rc_control.launch.py
[0.344s] -- Symlinking: /home/zech/exia_ws/install/exia_bringup/share/exia_bringup/launch/sim.launch.py
[0.357s] -- Symlinking: /home/zech/exia_ws/install/exia_bringup/share/exia_bringup/config/ackermann_controllers.yaml
[0.368s] -- Symlinking: /home/zech/exia_ws/install/exia_bringup/share/exia_bringup/config/nav2_params.yaml
[0.379s] -- Symlinking: /home/zech/exia_ws/install/exia_bringup/share/exia_bringup/config/slam_toolbox_params.yaml
[0.390s] -- Symlinking: /home/zech/exia_ws/install/exia_bringup/share/exia_bringup/urdf/exia_ground.urdf.xacro
[0.403s] -- Symlinking: /home/zech/exia_ws/install/exia_bringup/share/exia_bringup/worlds/exia_world.sdf
[0.419s] -- Symlinking: /home/zech/exia_ws/install/exia_bringup/share/exia_bringup/worlds/forest_world.sdf
[0.434s] -- Symlinking: /home/zech/exia_ws/install/exia_bringup/share/exia_bringup/worlds/heightmaps/hills_heightmap.png
[0.444s] -- Symlinking: /home/zech/exia_ws/install/exia_bringup/share/exia_bringup/worlds/heightmaps/terrain_heightmap.png
[0.454s] -- Symlinking: /home/zech/exia_ws/install/exia_bringup/share/exia_bringup/worlds/hills_world.sdf
[0.461s] -- Symlinking: /home/zech/exia_ws/install/exia_bringup/share/exia_bringup/worlds/terrain_world.sdf
[0.471s] -- Symlinking: /home/zech/exia_ws/install/exia_bringup/share/ament_index/resource_index/package_run_dependencies/exia_bringup
[0.479s] -- Symlinking: /home/zech/exia_ws/install/exia_bringup/share/ament_index/resource_index/parent_prefix_path/exia_bringup
[0.488s] -- Symlinking: /home/zech/exia_ws/install/exia_bringup/share/exia_bringup/environment/ament_prefix_path.sh
[0.495s] -- Symlinking: /home/zech/exia_ws/install/exia_bringup/share/exia_bringup/environment/ament_prefix_path.dsv
[0.503s] -- Symlinking: /home/zech/exia_ws/install/exia_bringup/share/exia_bringup/environment/path.sh
[0.510s] -- Symlinking: /home/zech/exia_ws/install/exia_bringup/share/exia_bringup/environment/path.dsv
[0.519s] -- Symlinking: /home/zech/exia_ws/install/exia_bringup/share/exia_bringup/local_setup.bash
[0.531s] -- Symlinking: /home/zech/exia_ws/install/exia_bringup/share/exia_bringup/local_setup.sh
[0.543s] -- Symlinking: /home/zech/exia_ws/install/exia_bringup/share/exia_bringup/local_setup.zsh
[0.552s] -- Symlinking: /home/zech/exia_ws/install/exia_bringup/share/exia_bringup/local_setup.dsv
[0.563s] -- Symlinking: /home/zech/exia_ws/install/exia_bringup/share/exia_bringup/package.dsv
[0.573s] -- Symlinking: /home/zech/exia_ws/install/exia_bringup/share/ament_index/resource_index/packages/exia_bringup
[0.583s] -- Symlinking: /home/zech/exia_ws/install/exia_bringup/share/exia_bringup/cmake/exia_bringupConfig.cmake
[0.595s] -- Symlinking: /home/zech/exia_ws/install/exia_bringup/share/exia_bringup/cmake/exia_bringupConfig-version.cmake
[0.605s] -- Symlinking: /home/zech/exia_ws/install/exia_bringup/share/exia_bringup/package.xml
[0.619s] Invoked command in '/home/zech/exia_ws/build/exia_bringup' returned '0': AMENT_PREFIX_PATH=/home/zech/exia_ws/install/exia_driver:/home/zech/exia_ws/install/exia_control:${AMENT_PREFIX_PATH} CMAKE_PREFIX_PATH=${CMAKE_PREFIX_PATH}:/opt/ros/humble PYTHONPATH=/home/zech/exia_ws/install/exia_driver/lib/python3.10/site-packages:/home/zech/exia_ws/build/exia_control:/home/zech/exia_ws/install/exia_control/lib/python3.10/site-packages:${PYTHONPATH} /usr/bin/cmake --install /home/zech/exia_ws/build/exia_bringup
