/home/zech/exia_ws/install/exia_control/lib/python3.10/site-packages/exia_control/lss_calibrate.py
/home/zech/exia_ws/install/exia_control/lib/python3.10/site-packages/exia_control/nav_to_cmd.py
/home/zech/exia_ws/install/exia_control/lib/python3.10/site-packages/exia_control/ackermann_drive_node.py
/home/zech/exia_ws/install/exia_control/lib/python3.10/site-packages/exia_control/__init__.py
/home/zech/exia_ws/install/exia_control/lib/python3.10/site-packages/exia_control/dynamic_navigator_node.py
/home/zech/exia_ws/install/exia_control/lib/python3.10/site-packages/exia_control/hw_teleop_node.py
/home/zech/exia_ws/install/exia_control/lib/python3.10/site-packages/exia_control/teleop_node.py
/home/zech/exia_ws/install/exia_control/lib/python3.10/site-packages/exia_control/blue_core/scheduler.py
/home/zech/exia_ws/install/exia_control/lib/python3.10/site-packages/exia_control/blue_core/task_coordinator.py
/home/zech/exia_ws/install/exia_control/lib/python3.10/site-packages/exia_control/blue_core/__init__.py
/home/zech/exia_ws/install/exia_control/lib/python3.10/site-packages/exia_control/blue_core/models.py
/home/zech/exia_ws/install/exia_control/lib/python3.10/site-packages/exia_control/blue_core/config.py
/home/zech/exia_ws/install/exia_control/lib/python3.10/site-packages/exia_control/blue_core/service.py
/home/zech/exia_ws/install/exia_control/lib/python3.10/site-packages/exia_control/blue_core/state.py
/home/zech/exia_ws/install/exia_control/lib/python3.10/site-packages/exia_control/navigation/planner_interface.py
/home/zech/exia_ws/install/exia_control/lib/python3.10/site-packages/exia_control/navigation/path_smoother.py
/home/zech/exia_ws/install/exia_control/lib/python3.10/site-packages/exia_control/navigation/__init__.py
/home/zech/exia_ws/install/exia_control/lib/python3.10/site-packages/exia_control/navigation/path_validator.py
/home/zech/exia_ws/install/exia_control/lib/python3.10/site-packages/exia_control/blue/__init__.py
/home/zech/exia_ws/install/exia_control/lib/python3.10/site-packages/exia_control/blue/client.py
/home/zech/exia_ws/install/exia_control/lib/python3.10/site-packages/exia_control/blue/models.py
/home/zech/exia_ws/install/exia_control/lib/python3.10/site-packages/exia_control/planning/__init__.py
/home/zech/exia_ws/install/exia_control/lib/python3.10/site-packages/exia_control/planning/pure_pursuit.py
/home/zech/exia_ws/install/exia_control/lib/python3.10/site-packages/exia_control/gui/telemetry_panel.py
/home/zech/exia_ws/install/exia_control/lib/python3.10/site-packages/exia_control/gui/dashboard.py
/home/zech/exia_ws/install/exia_control/lib/python3.10/site-packages/exia_control/gui/__init__.py
/home/zech/exia_ws/install/exia_control/lib/python3.10/site-packages/exia_control/gui/blue_config_panel.py
/home/zech/exia_ws/install/exia_control/lib/python3.10/site-packages/exia_control/gui/blue_status_panel.py
/home/zech/exia_ws/install/exia_control/lib/python3.10/site-packages/exia_control/argus/simulated_vehicle.py
/home/zech/exia_ws/install/exia_control/lib/python3.10/site-packages/exia_control/argus/task_parser.py
/home/zech/exia_ws/install/exia_control/lib/python3.10/site-packages/exia_control/argus/exia_ros_vehicle.py
/home/zech/exia_ws/install/exia_control/lib/python3.10/site-packages/exia_control/argus/__init__.py
/home/zech/exia_ws/install/exia_control/lib/python3.10/site-packages/exia_control/argus/vehicle.py
/home/zech/exia_ws/install/exia_control/lib/python3.10/site-packages/exia_control/argus/models.py
/home/zech/exia_ws/install/exia_control/lib/python3.10/site-packages/exia_control/__pycache__/lss_calibrate.cpython-310.pyc
/home/zech/exia_ws/install/exia_control/lib/python3.10/site-packages/exia_control/__pycache__/nav_to_cmd.cpython-310.pyc
/home/zech/exia_ws/install/exia_control/lib/python3.10/site-packages/exia_control/__pycache__/ackermann_drive_node.cpython-310.pyc
/home/zech/exia_ws/install/exia_control/lib/python3.10/site-packages/exia_control/__pycache__/__init__.cpython-310.pyc
/home/zech/exia_ws/install/exia_control/lib/python3.10/site-packages/exia_control/__pycache__/dynamic_navigator_node.cpython-310.pyc
/home/zech/exia_ws/install/exia_control/lib/python3.10/site-packages/exia_control/__pycache__/hw_teleop_node.cpython-310.pyc
/home/zech/exia_ws/install/exia_control/lib/python3.10/site-packages/exia_control/__pycache__/teleop_node.cpython-310.pyc
/home/zech/exia_ws/install/exia_control/lib/python3.10/site-packages/exia_control/blue_core/__pycache__/scheduler.cpython-310.pyc
/home/zech/exia_ws/install/exia_control/lib/python3.10/site-packages/exia_control/blue_core/__pycache__/task_coordinator.cpython-310.pyc
/home/zech/exia_ws/install/exia_control/lib/python3.10/site-packages/exia_control/blue_core/__pycache__/__init__.cpython-310.pyc
/home/zech/exia_ws/install/exia_control/lib/python3.10/site-packages/exia_control/blue_core/__pycache__/models.cpython-310.pyc
/home/zech/exia_ws/install/exia_control/lib/python3.10/site-packages/exia_control/blue_core/__pycache__/config.cpython-310.pyc
/home/zech/exia_ws/install/exia_control/lib/python3.10/site-packages/exia_control/blue_core/__pycache__/service.cpython-310.pyc
/home/zech/exia_ws/install/exia_control/lib/python3.10/site-packages/exia_control/blue_core/__pycache__/state.cpython-310.pyc
/home/zech/exia_ws/install/exia_control/lib/python3.10/site-packages/exia_control/navigation/__pycache__/planner_interface.cpython-310.pyc
/home/zech/exia_ws/install/exia_control/lib/python3.10/site-packages/exia_control/navigation/__pycache__/path_smoother.cpython-310.pyc
/home/zech/exia_ws/install/exia_control/lib/python3.10/site-packages/exia_control/navigation/__pycache__/__init__.cpython-310.pyc
/home/zech/exia_ws/install/exia_control/lib/python3.10/site-packages/exia_control/navigation/__pycache__/path_validator.cpython-310.pyc
/home/zech/exia_ws/install/exia_control/lib/python3.10/site-packages/exia_control/blue/__pycache__/__init__.cpython-310.pyc
/home/zech/exia_ws/install/exia_control/lib/python3.10/site-packages/exia_control/blue/__pycache__/client.cpython-310.pyc
/home/zech/exia_ws/install/exia_control/lib/python3.10/site-packages/exia_control/blue/__pycache__/models.cpython-310.pyc
/home/zech/exia_ws/install/exia_control/lib/python3.10/site-packages/exia_control/planning/__pycache__/__init__.cpython-310.pyc
/home/zech/exia_ws/install/exia_control/lib/python3.10/site-packages/exia_control/planning/__pycache__/pure_pursuit.cpython-310.pyc
/home/zech/exia_ws/install/exia_control/lib/python3.10/site-packages/exia_control/gui/__pycache__/telemetry_panel.cpython-310.pyc
/home/zech/exia_ws/install/exia_control/lib/python3.10/site-packages/exia_control/gui/__pycache__/dashboard.cpython-310.pyc
/home/zech/exia_ws/install/exia_control/lib/python3.10/site-packages/exia_control/gui/__pycache__/__init__.cpython-310.pyc
/home/zech/exia_ws/install/exia_control/lib/python3.10/site-packages/exia_control/gui/__pycache__/blue_config_panel.cpython-310.pyc
/home/zech/exia_ws/install/exia_control/lib/python3.10/site-packages/exia_control/gui/__pycache__/blue_status_panel.cpython-310.pyc
/home/zech/exia_ws/install/exia_control/lib/python3.10/site-packages/exia_control/argus/__pycache__/simulated_vehicle.cpython-310.pyc
/home/zech/exia_ws/install/exia_control/lib/python3.10/site-packages/exia_control/argus/__pycache__/task_parser.cpython-310.pyc
/home/zech/exia_ws/install/exia_control/lib/python3.10/site-packages/exia_control/argus/__pycache__/exia_ros_vehicle.cpython-310.pyc
/home/zech/exia_ws/install/exia_control/lib/python3.10/site-packages/exia_control/argus/__pycache__/__init__.cpython-310.pyc
/home/zech/exia_ws/install/exia_control/lib/python3.10/site-packages/exia_control/argus/__pycache__/vehicle.cpython-310.pyc
/home/zech/exia_ws/install/exia_control/lib/python3.10/site-packages/exia_control/argus/__pycache__/models.cpython-310.pyc
/home/zech/exia_ws/install/exia_control/share/ament_index/resource_index/packages/exia_control
/home/zech/exia_ws/install/exia_control/share/exia_control/package.xml
/home/zech/exia_ws/install/exia_control/lib/python3.10/site-packages/exia_control-1.0.0-py3.10.egg-info/SOURCES.txt
/home/zech/exia_ws/install/exia_control/lib/python3.10/site-packages/exia_control-1.0.0-py3.10.egg-info/entry_points.txt
/home/zech/exia_ws/install/exia_control/lib/python3.10/site-packages/exia_control-1.0.0-py3.10.egg-info/zip-safe
/home/zech/exia_ws/install/exia_control/lib/python3.10/site-packages/exia_control-1.0.0-py3.10.egg-info/dependency_links.txt
/home/zech/exia_ws/install/exia_control/lib/python3.10/site-packages/exia_control-1.0.0-py3.10.egg-info/PKG-INFO
/home/zech/exia_ws/install/exia_control/lib/python3.10/site-packages/exia_control-1.0.0-py3.10.egg-info/requires.txt
/home/zech/exia_ws/install/exia_control/lib/python3.10/site-packages/exia_control-1.0.0-py3.10.egg-info/top_level.txt
/home/zech/exia_ws/install/exia_control/lib/exia_control/ackermann_drive_node
/home/zech/exia_ws/install/exia_control/lib/exia_control/dynamic_navigator_node
/home/zech/exia_ws/install/exia_control/lib/exia_control/hw_teleop
/home/zech/exia_ws/install/exia_control/lib/exia_control/lss_calibrate
/home/zech/exia_ws/install/exia_control/lib/exia_control/nav_to
/home/zech/exia_ws/install/exia_control/lib/exia_control/teleop
