[0.006s] Invoking command in '/home/zech/exia_ws/build/exia_ground_description': CMAKE_PREFIX_PATH=${CMAKE_PREFIX_PATH}:/opt/ros/humble /usr/bin/cmake --build /home/zech/exia_ws/build/exia_ground_description -- -j20 -l20
[0.019s] -- Found ament_cmake: 1.3.12 (/opt/ros/humble/share/ament_cmake/cmake)
[0.125s] -- Configuring done
[0.126s] -- Generating done
[0.127s] -- Build files have been written to: /home/zech/exia_ws/build/exia_ground_description
[0.141s] Invoked command in '/home/zech/exia_ws/build/exia_ground_description' returned '0': CMAKE_PREFIX_PATH=${CMAKE_PREFIX_PATH}:/opt/ros/humble /usr/bin/cmake --build /home/zech/exia_ws/build/exia_ground_description -- -j20 -l20
[0.147s] Invoking command in '/home/zech/exia_ws/build/exia_ground_description': CMAKE_PREFIX_PATH=${CMAKE_PREFIX_PATH}:/opt/ros/humble /usr/bin/cmake --install /home/zech/exia_ws/build/exia_ground_description
[0.153s] -- Install configuration: ""
[0.153s] -- Up-to-date: /home/zech/exia_ws/install/exia_ground_description/share/exia_ground_description/urdf
[0.153s] -- Installing: /home/zech/exia_ws/install/exia_ground_description/share/exia_ground_description/urdf/exia_ground.urdf.xacro
[0.154s] -- Up-to-date: /home/zech/exia_ws/install/exia_ground_description/share/exia_ground_description/launch
[0.154s] -- Installing: /home/zech/exia_ws/install/exia_ground_description/share/exia_ground_description/launch/exia_ground_sim.launch.py
[0.154s] -- Up-to-date: /home/zech/exia_ws/install/exia_ground_description/share/exia_ground_description/launch/exia_ground_state.launch.py
[0.154s] -- Up-to-date: /home/zech/exia_ws/install/exia_ground_description/share/exia_ground_description/rviz
[0.154s] -- Up-to-date: /home/zech/exia_ws/install/exia_ground_description/share/exia_ground_description/rviz/exia_ground.rviz
[0.154s] -- Up-to-date: /home/zech/exia_ws/install/exia_ground_description/share/exia_ground_description/config
[0.154s] -- Installing: /home/zech/exia_ws/install/exia_ground_description/share/exia_ground_description/config/ackermann_controllers.yaml
[0.154s] -- Up-to-date: /home/zech/exia_ws/install/exia_ground_description/lib/exia_ground_description/move_forward.py
[0.154s] -- Up-to-date: /home/zech/exia_ws/install/exia_ground_description/lib/exia_ground_description/steering_controller.py
[0.154s] -- Up-to-date: /home/zech/exia_ws/install/exia_ground_description/lib/exia_ground_description/ackermann_controller.py
[0.154s] -- Up-to-date: /home/zech/exia_ws/install/exia_ground_description/lib/exia_ground_description/ackermann_odometry.py
[0.154s] -- Up-to-date: /home/zech/exia_ws/install/exia_ground_description/lib/exia_ground_description/atv_controller.py
[0.154s] -- Up-to-date: /home/zech/exia_ws/install/exia_ground_description/lib/exia_ground_description/atv_hardware_interface.py
[0.154s] -- Installing: /home/zech/exia_ws/install/exia_ground_description/lib/exia_ground_description/ackermann_hal_base.py
[0.154s] -- Installing: /home/zech/exia_ws/install/exia_ground_description/lib/exia_ground_description/ackermann_hal_simulation.py
[0.154s] -- Installing: /home/zech/exia_ws/install/exia_ground_description/lib/exia_ground_description/ackermann_hal_hardware.py
[0.154s] -- Installing: /home/zech/exia_ws/install/exia_ground_description/lib/exia_ground_description/ackermann_drive_node.py
[0.154s] -- Up-to-date: /home/zech/exia_ws/install/exia_ground_description/share/ament_index/resource_index/package_run_dependencies/exia_ground_description
[0.154s] -- Up-to-date: /home/zech/exia_ws/install/exia_ground_description/share/ament_index/resource_index/parent_prefix_path/exia_ground_description
[0.154s] -- Up-to-date: /home/zech/exia_ws/install/exia_ground_description/share/exia_ground_description/environment/ament_prefix_path.sh
[0.154s] -- Installing: /home/zech/exia_ws/install/exia_ground_description/share/exia_ground_description/environment/ament_prefix_path.dsv
[0.154s] -- Up-to-date: /home/zech/exia_ws/install/exia_ground_description/share/exia_ground_description/environment/path.sh
[0.154s] -- Installing: /home/zech/exia_ws/install/exia_ground_description/share/exia_ground_description/environment/path.dsv
[0.154s] -- Up-to-date: /home/zech/exia_ws/install/exia_ground_description/share/exia_ground_description/local_setup.bash
[0.154s] -- Up-to-date: /home/zech/exia_ws/install/exia_ground_description/share/exia_ground_description/local_setup.sh
[0.155s] -- Up-to-date: /home/zech/exia_ws/install/exia_ground_description/share/exia_ground_description/local_setup.zsh
[0.155s] -- Installing: /home/zech/exia_ws/install/exia_ground_description/share/exia_ground_description/local_setup.dsv
[0.155s] -- Installing: /home/zech/exia_ws/install/exia_ground_description/share/exia_ground_description/package.dsv
[0.155s] -- Up-to-date: /home/zech/exia_ws/install/exia_ground_description/share/ament_index/resource_index/packages/exia_ground_description
[0.155s] -- Up-to-date: /home/zech/exia_ws/install/exia_ground_description/share/exia_ground_description/cmake/exia_ground_descriptionConfig.cmake
[0.155s] -- Up-to-date: /home/zech/exia_ws/install/exia_ground_description/share/exia_ground_description/cmake/exia_ground_descriptionConfig-version.cmake
[0.155s] -- Up-to-date: /home/zech/exia_ws/install/exia_ground_description/share/exia_ground_description/package.xml
[0.155s] Invoked command in '/home/zech/exia_ws/build/exia_ground_description' returned '0': CMAKE_PREFIX_PATH=${CMAKE_PREFIX_PATH}:/opt/ros/humble /usr/bin/cmake --install /home/zech/exia_ws/build/exia_ground_description
