[0.007s] Invoking command in '/home/zech/exia_ws/build/exia_msgs': CMAKE_PREFIX_PATH=${CMAKE_PREFIX_PATH}:/home/zech/exia_ws/install/exia_driver:/home/zech/exia_ws/install/exia_control:/opt/ros/humble VIRTUAL_ENV_PROMPT=(.venv) /usr/bin/cmake --build /home/zech/exia_ws/build/exia_msgs -- -j20 -l20
[0.065s] [  9%] Built target exia_msgs__rosidl_generator_c
[0.065s] [ 12%] Built target exia_msgs__cpp
[0.075s] [ 12%] Built target ament_cmake_python_copy_exia_msgs
[0.093s] [ 22%] Built target exia_msgs__rosidl_typesupport_c
[0.093s] [ 32%] Built target exia_msgs__rosidl_typesupport_fastrtps_c
[0.095s] [ 41%] Built target exia_msgs__rosidl_typesupport_introspection_c
[0.103s] [ 51%] Built target exia_msgs__rosidl_typesupport_cpp
[0.103s] [ 61%] Built target exia_msgs__rosidl_typesupport_fastrtps_cpp
[0.103s] [ 70%] Built target exia_msgs__rosidl_typesupport_introspection_cpp
[0.117s] [ 70%] Built target exia_msgs
[0.130s] [ 74%] Built target exia_msgs__py
[0.144s] [ 80%] Built target exia_msgs__rosidl_generator_py
[0.158s] [ 87%] Built target exia_msgs__rosidl_typesupport_fastrtps_c__pyext
[0.159s] [ 93%] Built target exia_msgs__rosidl_typesupport_c__pyext
[0.160s] [100%] Built target exia_msgs__rosidl_typesupport_introspection_c__pyext
[0.210s] running egg_info
[0.211s] writing exia_msgs.egg-info/PKG-INFO
[0.211s] writing dependency_links to exia_msgs.egg-info/dependency_links.txt
[0.211s] writing top-level names to exia_msgs.egg-info/top_level.txt
[0.212s] reading manifest file 'exia_msgs.egg-info/SOURCES.txt'
[0.212s] writing manifest file 'exia_msgs.egg-info/SOURCES.txt'
[0.230s] [100%] Built target ament_cmake_python_build_exia_msgs_egg
[0.241s] Invoked command in '/home/zech/exia_ws/build/exia_msgs' returned '0': CMAKE_PREFIX_PATH=${CMAKE_PREFIX_PATH}:/home/zech/exia_ws/install/exia_driver:/home/zech/exia_ws/install/exia_control:/opt/ros/humble VIRTUAL_ENV_PROMPT=(.venv) /usr/bin/cmake --build /home/zech/exia_ws/build/exia_msgs -- -j20 -l20
[0.253s] Invoking command in '/home/zech/exia_ws/build/exia_msgs': CMAKE_PREFIX_PATH=${CMAKE_PREFIX_PATH}:/home/zech/exia_ws/install/exia_driver:/home/zech/exia_ws/install/exia_control:/opt/ros/humble VIRTUAL_ENV_PROMPT=(.venv) /usr/bin/cmake --install /home/zech/exia_ws/build/exia_msgs
[0.263s] -- Install configuration: ""
[0.263s] -- Up-to-date: /home/zech/exia_ws/install/exia_msgs/share/ament_index/resource_index/rosidl_interfaces/exia_msgs
[0.263s] -- Up-to-date: /home/zech/exia_ws/install/exia_msgs/include/exia_msgs/exia_msgs
[0.263s] -- Up-to-date: /home/zech/exia_ws/install/exia_msgs/include/exia_msgs/exia_msgs/msg
[0.263s] -- Up-to-date: /home/zech/exia_ws/install/exia_msgs/include/exia_msgs/exia_msgs/msg/rosidl_generator_c__visibility_control.h
[0.263s] -- Up-to-date: /home/zech/exia_ws/install/exia_msgs/include/exia_msgs/exia_msgs/msg/navigation_goal.h
[0.263s] -- Up-to-date: /home/zech/exia_ws/install/exia_msgs/include/exia_msgs/exia_msgs/msg/detail
[0.263s] -- Up-to-date: /home/zech/exia_ws/install/exia_msgs/include/exia_msgs/exia_msgs/msg/detail/navigation_goal__functions.c
[0.263s] -- Up-to-date: /home/zech/exia_ws/install/exia_msgs/include/exia_msgs/exia_msgs/msg/detail/navigation_goal__type_support.h
[0.263s] -- Up-to-date: /home/zech/exia_ws/install/exia_msgs/include/exia_msgs/exia_msgs/msg/detail/navigation_goal__struct.h
[0.263s] -- Up-to-date: /home/zech/exia_ws/install/exia_msgs/include/exia_msgs/exia_msgs/msg/detail/navigation_goal__functions.h
[0.264s] -- Up-to-date: /home/zech/exia_ws/install/exia_msgs/share/exia_msgs/environment/library_path.sh
[0.264s] -- Up-to-date: /home/zech/exia_ws/install/exia_msgs/share/exia_msgs/environment/library_path.dsv
[0.264s] -- Up-to-date: /home/zech/exia_ws/install/exia_msgs/lib/libexia_msgs__rosidl_generator_c.so
[0.264s] -- Up-to-date: /home/zech/exia_ws/install/exia_msgs/include/exia_msgs/exia_msgs
[0.264s] -- Up-to-date: /home/zech/exia_ws/install/exia_msgs/include/exia_msgs/exia_msgs/msg
[0.264s] -- Up-to-date: /home/zech/exia_ws/install/exia_msgs/include/exia_msgs/exia_msgs/msg/rosidl_typesupport_fastrtps_c__visibility_control.h
[0.264s] -- Up-to-date: /home/zech/exia_ws/install/exia_msgs/include/exia_msgs/exia_msgs/msg/detail
[0.265s] -- Up-to-date: /home/zech/exia_ws/install/exia_msgs/include/exia_msgs/exia_msgs/msg/detail/navigation_goal__rosidl_typesupport_fastrtps_c.h
[0.265s] -- Up-to-date: /home/zech/exia_ws/install/exia_msgs/lib/libexia_msgs__rosidl_typesupport_fastrtps_c.so
[0.265s] -- Up-to-date: /home/zech/exia_ws/install/exia_msgs/include/exia_msgs/exia_msgs
[0.265s] -- Up-to-date: /home/zech/exia_ws/install/exia_msgs/include/exia_msgs/exia_msgs/msg
[0.265s] -- Up-to-date: /home/zech/exia_ws/install/exia_msgs/include/exia_msgs/exia_msgs/msg/rosidl_typesupport_introspection_c__visibility_control.h
[0.265s] -- Up-to-date: /home/zech/exia_ws/install/exia_msgs/include/exia_msgs/exia_msgs/msg/detail
[0.265s] -- Up-to-date: /home/zech/exia_ws/install/exia_msgs/include/exia_msgs/exia_msgs/msg/detail/navigation_goal__rosidl_typesupport_introspection_c.h
[0.265s] -- Up-to-date: /home/zech/exia_ws/install/exia_msgs/include/exia_msgs/exia_msgs/msg/detail/navigation_goal__type_support.c
[0.265s] -- Up-to-date: /home/zech/exia_ws/install/exia_msgs/lib/libexia_msgs__rosidl_typesupport_introspection_c.so
[0.265s] -- Up-to-date: /home/zech/exia_ws/install/exia_msgs/lib/libexia_msgs__rosidl_typesupport_c.so
[0.265s] -- Up-to-date: /home/zech/exia_ws/install/exia_msgs/include/exia_msgs/exia_msgs
[0.265s] -- Up-to-date: /home/zech/exia_ws/install/exia_msgs/include/exia_msgs/exia_msgs/msg
[0.265s] -- Up-to-date: /home/zech/exia_ws/install/exia_msgs/include/exia_msgs/exia_msgs/msg/rosidl_generator_cpp__visibility_control.hpp
[0.265s] -- Up-to-date: /home/zech/exia_ws/install/exia_msgs/include/exia_msgs/exia_msgs/msg/navigation_goal.hpp
[0.265s] -- Up-to-date: /home/zech/exia_ws/install/exia_msgs/include/exia_msgs/exia_msgs/msg/detail
[0.265s] -- Up-to-date: /home/zech/exia_ws/install/exia_msgs/include/exia_msgs/exia_msgs/msg/detail/navigation_goal__struct.hpp
[0.265s] -- Up-to-date: /home/zech/exia_ws/install/exia_msgs/include/exia_msgs/exia_msgs/msg/detail/navigation_goal__traits.hpp
[0.266s] -- Up-to-date: /home/zech/exia_ws/install/exia_msgs/include/exia_msgs/exia_msgs/msg/detail/navigation_goal__type_support.hpp
[0.266s] -- Up-to-date: /home/zech/exia_ws/install/exia_msgs/include/exia_msgs/exia_msgs/msg/detail/navigation_goal__builder.hpp
[0.266s] -- Up-to-date: /home/zech/exia_ws/install/exia_msgs/include/exia_msgs/exia_msgs
[0.266s] -- Up-to-date: /home/zech/exia_ws/install/exia_msgs/include/exia_msgs/exia_msgs/msg
[0.266s] -- Up-to-date: /home/zech/exia_ws/install/exia_msgs/include/exia_msgs/exia_msgs/msg/rosidl_typesupport_fastrtps_cpp__visibility_control.h
[0.266s] -- Up-to-date: /home/zech/exia_ws/install/exia_msgs/include/exia_msgs/exia_msgs/msg/detail
[0.266s] -- Up-to-date: /home/zech/exia_ws/install/exia_msgs/include/exia_msgs/exia_msgs/msg/detail/navigation_goal__rosidl_typesupport_fastrtps_cpp.hpp
[0.266s] -- Up-to-date: /home/zech/exia_ws/install/exia_msgs/include/exia_msgs/exia_msgs/msg/detail/dds_fastrtps
[0.266s] -- Up-to-date: /home/zech/exia_ws/install/exia_msgs/lib/libexia_msgs__rosidl_typesupport_fastrtps_cpp.so
[0.266s] -- Up-to-date: /home/zech/exia_ws/install/exia_msgs/include/exia_msgs/exia_msgs
[0.266s] -- Up-to-date: /home/zech/exia_ws/install/exia_msgs/include/exia_msgs/exia_msgs/msg
[0.266s] -- Up-to-date: /home/zech/exia_ws/install/exia_msgs/include/exia_msgs/exia_msgs/msg/detail
[0.266s] -- Up-to-date: /home/zech/exia_ws/install/exia_msgs/include/exia_msgs/exia_msgs/msg/detail/navigation_goal__rosidl_typesupport_introspection_cpp.hpp
[0.266s] -- Up-to-date: /home/zech/exia_ws/install/exia_msgs/include/exia_msgs/exia_msgs/msg/detail/navigation_goal__type_support.cpp
[0.266s] -- Up-to-date: /home/zech/exia_ws/install/exia_msgs/lib/libexia_msgs__rosidl_typesupport_introspection_cpp.so
[0.266s] -- Up-to-date: /home/zech/exia_ws/install/exia_msgs/lib/libexia_msgs__rosidl_typesupport_cpp.so
[0.266s] -- Up-to-date: /home/zech/exia_ws/install/exia_msgs/share/exia_msgs/environment/pythonpath.sh
[0.266s] -- Up-to-date: /home/zech/exia_ws/install/exia_msgs/share/exia_msgs/environment/pythonpath.dsv
[0.267s] -- Up-to-date: /home/zech/exia_ws/install/exia_msgs/local/lib/python3.10/dist-packages/exia_msgs-1.0.0-py3.10.egg-info
[0.267s] -- Installing: /home/zech/exia_ws/install/exia_msgs/local/lib/python3.10/dist-packages/exia_msgs-1.0.0-py3.10.egg-info/SOURCES.txt
[0.267s] -- Installing: /home/zech/exia_ws/install/exia_msgs/local/lib/python3.10/dist-packages/exia_msgs-1.0.0-py3.10.egg-info/dependency_links.txt
[0.267s] -- Installing: /home/zech/exia_ws/install/exia_msgs/local/lib/python3.10/dist-packages/exia_msgs-1.0.0-py3.10.egg-info/PKG-INFO
[0.267s] -- Installing: /home/zech/exia_ws/install/exia_msgs/local/lib/python3.10/dist-packages/exia_msgs-1.0.0-py3.10.egg-info/top_level.txt
[0.267s] -- Up-to-date: /home/zech/exia_ws/install/exia_msgs/local/lib/python3.10/dist-packages/exia_msgs
[0.267s] -- Up-to-date: /home/zech/exia_ws/install/exia_msgs/local/lib/python3.10/dist-packages/exia_msgs/exia_msgs_s__rosidl_typesupport_fastrtps_c.cpython-310-x86_64-linux-gnu.so
[0.267s] -- Up-to-date: /home/zech/exia_ws/install/exia_msgs/local/lib/python3.10/dist-packages/exia_msgs/_exia_msgs_s.ep.rosidl_typesupport_fastrtps_c.c
[0.267s] -- Up-to-date: /home/zech/exia_ws/install/exia_msgs/local/lib/python3.10/dist-packages/exia_msgs/__init__.py
[0.267s] -- Up-to-date: /home/zech/exia_ws/install/exia_msgs/local/lib/python3.10/dist-packages/exia_msgs/libexia_msgs__rosidl_generator_py.so
[0.267s] -- Up-to-date: /home/zech/exia_ws/install/exia_msgs/local/lib/python3.10/dist-packages/exia_msgs/exia_msgs_s__rosidl_typesupport_c.cpython-310-x86_64-linux-gnu.so
[0.267s] -- Up-to-date: /home/zech/exia_ws/install/exia_msgs/local/lib/python3.10/dist-packages/exia_msgs/_exia_msgs_s.ep.rosidl_typesupport_c.c
[0.267s] -- Up-to-date: /home/zech/exia_ws/install/exia_msgs/local/lib/python3.10/dist-packages/exia_msgs/msg
[0.267s] -- Up-to-date: /home/zech/exia_ws/install/exia_msgs/local/lib/python3.10/dist-packages/exia_msgs/msg/_navigation_goal_s.c
[0.267s] -- Up-to-date: /home/zech/exia_ws/install/exia_msgs/local/lib/python3.10/dist-packages/exia_msgs/msg/__init__.py
[0.267s] -- Up-to-date: /home/zech/exia_ws/install/exia_msgs/local/lib/python3.10/dist-packages/exia_msgs/msg/_navigation_goal.py
[0.267s] -- Up-to-date: /home/zech/exia_ws/install/exia_msgs/local/lib/python3.10/dist-packages/exia_msgs/exia_msgs_s__rosidl_typesupport_introspection_c.cpython-310-x86_64-linux-gnu.so
[0.267s] -- Up-to-date: /home/zech/exia_ws/install/exia_msgs/local/lib/python3.10/dist-packages/exia_msgs/_exia_msgs_s.ep.rosidl_typesupport_introspection_c.c
[0.287s] Listing '/home/zech/exia_ws/install/exia_msgs/local/lib/python3.10/dist-packages/exia_msgs'...
[0.287s] Listing '/home/zech/exia_ws/install/exia_msgs/local/lib/python3.10/dist-packages/exia_msgs/msg'...
[0.290s] -- Up-to-date: /home/zech/exia_ws/install/exia_msgs/local/lib/python3.10/dist-packages/exia_msgs/exia_msgs_s__rosidl_typesupport_fastrtps_c.cpython-310-x86_64-linux-gnu.so
[0.290s] -- Up-to-date: /home/zech/exia_ws/install/exia_msgs/local/lib/python3.10/dist-packages/exia_msgs/exia_msgs_s__rosidl_typesupport_introspection_c.cpython-310-x86_64-linux-gnu.so
[0.290s] -- Up-to-date: /home/zech/exia_ws/install/exia_msgs/local/lib/python3.10/dist-packages/exia_msgs/exia_msgs_s__rosidl_typesupport_c.cpython-310-x86_64-linux-gnu.so
[0.290s] -- Up-to-date: /home/zech/exia_ws/install/exia_msgs/lib/libexia_msgs__rosidl_generator_py.so
[0.290s] -- Up-to-date: /home/zech/exia_ws/install/exia_msgs/share/exia_msgs/msg/NavigationGoal.idl
[0.290s] -- Up-to-date: /home/zech/exia_ws/install/exia_msgs/share/exia_msgs/msg/NavigationGoal.msg
[0.290s] -- Up-to-date: /home/zech/exia_ws/install/exia_msgs/share/ament_index/resource_index/package_run_dependencies/exia_msgs
[0.290s] -- Up-to-date: /home/zech/exia_ws/install/exia_msgs/share/ament_index/resource_index/parent_prefix_path/exia_msgs
[0.290s] -- Up-to-date: /home/zech/exia_ws/install/exia_msgs/share/exia_msgs/environment/ament_prefix_path.sh
[0.290s] -- Up-to-date: /home/zech/exia_ws/install/exia_msgs/share/exia_msgs/environment/ament_prefix_path.dsv
[0.290s] -- Up-to-date: /home/zech/exia_ws/install/exia_msgs/share/exia_msgs/environment/path.sh
[0.290s] -- Up-to-date: /home/zech/exia_ws/install/exia_msgs/share/exia_msgs/environment/path.dsv
[0.290s] -- Up-to-date: /home/zech/exia_ws/install/exia_msgs/share/exia_msgs/local_setup.bash
[0.290s] -- Up-to-date: /home/zech/exia_ws/install/exia_msgs/share/exia_msgs/local_setup.sh
[0.290s] -- Up-to-date: /home/zech/exia_ws/install/exia_msgs/share/exia_msgs/local_setup.zsh
[0.290s] -- Up-to-date: /home/zech/exia_ws/install/exia_msgs/share/exia_msgs/local_setup.dsv
[0.290s] -- Installing: /home/zech/exia_ws/install/exia_msgs/share/exia_msgs/package.dsv
[0.290s] -- Up-to-date: /home/zech/exia_ws/install/exia_msgs/share/ament_index/resource_index/packages/exia_msgs
[0.290s] -- Up-to-date: /home/zech/exia_ws/install/exia_msgs/share/exia_msgs/cmake/export_exia_msgs__rosidl_generator_cExport.cmake
[0.290s] -- Up-to-date: /home/zech/exia_ws/install/exia_msgs/share/exia_msgs/cmake/export_exia_msgs__rosidl_generator_cExport-noconfig.cmake
[0.291s] -- Up-to-date: /home/zech/exia_ws/install/exia_msgs/share/exia_msgs/cmake/export_exia_msgs__rosidl_typesupport_fastrtps_cExport.cmake
[0.291s] -- Up-to-date: /home/zech/exia_ws/install/exia_msgs/share/exia_msgs/cmake/export_exia_msgs__rosidl_typesupport_fastrtps_cExport-noconfig.cmake
[0.291s] -- Up-to-date: /home/zech/exia_ws/install/exia_msgs/share/exia_msgs/cmake/exia_msgs__rosidl_typesupport_introspection_cExport.cmake
[0.291s] -- Up-to-date: /home/zech/exia_ws/install/exia_msgs/share/exia_msgs/cmake/exia_msgs__rosidl_typesupport_introspection_cExport-noconfig.cmake
[0.291s] -- Up-to-date: /home/zech/exia_ws/install/exia_msgs/share/exia_msgs/cmake/exia_msgs__rosidl_typesupport_cExport.cmake
[0.291s] -- Up-to-date: /home/zech/exia_ws/install/exia_msgs/share/exia_msgs/cmake/exia_msgs__rosidl_typesupport_cExport-noconfig.cmake
[0.291s] -- Up-to-date: /home/zech/exia_ws/install/exia_msgs/share/exia_msgs/cmake/export_exia_msgs__rosidl_generator_cppExport.cmake
[0.291s] -- Up-to-date: /home/zech/exia_ws/install/exia_msgs/share/exia_msgs/cmake/export_exia_msgs__rosidl_typesupport_fastrtps_cppExport.cmake
[0.291s] -- Up-to-date: /home/zech/exia_ws/install/exia_msgs/share/exia_msgs/cmake/export_exia_msgs__rosidl_typesupport_fastrtps_cppExport-noconfig.cmake
[0.291s] -- Up-to-date: /home/zech/exia_ws/install/exia_msgs/share/exia_msgs/cmake/exia_msgs__rosidl_typesupport_introspection_cppExport.cmake
[0.291s] -- Up-to-date: /home/zech/exia_ws/install/exia_msgs/share/exia_msgs/cmake/exia_msgs__rosidl_typesupport_introspection_cppExport-noconfig.cmake
[0.291s] -- Up-to-date: /home/zech/exia_ws/install/exia_msgs/share/exia_msgs/cmake/exia_msgs__rosidl_typesupport_cppExport.cmake
[0.291s] -- Up-to-date: /home/zech/exia_ws/install/exia_msgs/share/exia_msgs/cmake/exia_msgs__rosidl_typesupport_cppExport-noconfig.cmake
[0.291s] -- Up-to-date: /home/zech/exia_ws/install/exia_msgs/share/exia_msgs/cmake/export_exia_msgs__rosidl_generator_pyExport.cmake
[0.291s] -- Up-to-date: /home/zech/exia_ws/install/exia_msgs/share/exia_msgs/cmake/export_exia_msgs__rosidl_generator_pyExport-noconfig.cmake
[0.291s] -- Up-to-date: /home/zech/exia_ws/install/exia_msgs/share/exia_msgs/cmake/rosidl_cmake-extras.cmake
[0.291s] -- Up-to-date: /home/zech/exia_ws/install/exia_msgs/share/exia_msgs/cmake/ament_cmake_export_include_directories-extras.cmake
[0.291s] -- Up-to-date: /home/zech/exia_ws/install/exia_msgs/share/exia_msgs/cmake/ament_cmake_export_libraries-extras.cmake
[0.291s] -- Up-to-date: /home/zech/exia_ws/install/exia_msgs/share/exia_msgs/cmake/ament_cmake_export_targets-extras.cmake
[0.291s] -- Up-to-date: /home/zech/exia_ws/install/exia_msgs/share/exia_msgs/cmake/rosidl_cmake_export_typesupport_targets-extras.cmake
[0.291s] -- Up-to-date: /home/zech/exia_ws/install/exia_msgs/share/exia_msgs/cmake/ament_cmake_export_dependencies-extras.cmake
[0.291s] -- Up-to-date: /home/zech/exia_ws/install/exia_msgs/share/exia_msgs/cmake/rosidl_cmake_export_typesupport_libraries-extras.cmake
[0.291s] -- Up-to-date: /home/zech/exia_ws/install/exia_msgs/share/exia_msgs/cmake/exia_msgsConfig.cmake
[0.291s] -- Up-to-date: /home/zech/exia_ws/install/exia_msgs/share/exia_msgs/cmake/exia_msgsConfig-version.cmake
[0.291s] -- Up-to-date: /home/zech/exia_ws/install/exia_msgs/share/exia_msgs/package.xml
[0.292s] Invoked command in '/home/zech/exia_ws/build/exia_msgs' returned '0': CMAKE_PREFIX_PATH=${CMAKE_PREFIX_PATH}:/home/zech/exia_ws/install/exia_driver:/home/zech/exia_ws/install/exia_control:/opt/ros/humble VIRTUAL_ENV_PROMPT=(.venv) /usr/bin/cmake --install /home/zech/exia_ws/build/exia_msgs
