/home/exialabsargus/exia_ws/install/exia_driver/lib/python3.10/site-packages/exia_driver/gps_transform_node.py
/home/exialabsargus/exia_ws/install/exia_driver/lib/python3.10/site-packages/exia_driver/imu_test.py
/home/exialabsargus/exia_ws/install/exia_driver/lib/python3.10/site-packages/exia_driver/radio_bridge_node.py
/home/exialabsargus/exia_ws/install/exia_driver/lib/python3.10/site-packages/exia_driver/__init__.py
/home/exialabsargus/exia_ws/install/exia_driver/lib/python3.10/site-packages/exia_driver/rc_driver_node.py
/home/exialabsargus/exia_ws/install/exia_driver/lib/python3.10/site-packages/exia_driver/__pycache__/gps_transform_node.cpython-310.pyc
/home/exialabsargus/exia_ws/install/exia_driver/lib/python3.10/site-packages/exia_driver/__pycache__/imu_test.cpython-310.pyc
/home/exialabsargus/exia_ws/install/exia_driver/lib/python3.10/site-packages/exia_driver/__pycache__/radio_bridge_node.cpython-310.pyc
/home/exialabsargus/exia_ws/install/exia_driver/lib/python3.10/site-packages/exia_driver/__pycache__/__init__.cpython-310.pyc
/home/exialabsargus/exia_ws/install/exia_driver/lib/python3.10/site-packages/exia_driver/__pycache__/rc_driver_node.cpython-310.pyc
/home/exialabsargus/exia_ws/install/exia_driver/share/ament_index/resource_index/packages/exia_driver
/home/exialabsargus/exia_ws/install/exia_driver/share/exia_driver/package.xml
/home/exialabsargus/exia_ws/install/exia_driver/lib/python3.10/site-packages/exia_driver-1.0.0-py3.10.egg-info/SOURCES.txt
/home/exialabsargus/exia_ws/install/exia_driver/lib/python3.10/site-packages/exia_driver-1.0.0-py3.10.egg-info/zip-safe
/home/exialabsargus/exia_ws/install/exia_driver/lib/python3.10/site-packages/exia_driver-1.0.0-py3.10.egg-info/top_level.txt
/home/exialabsargus/exia_ws/install/exia_driver/lib/python3.10/site-packages/exia_driver-1.0.0-py3.10.egg-info/requires.txt
/home/exialabsargus/exia_ws/install/exia_driver/lib/python3.10/site-packages/exia_driver-1.0.0-py3.10.egg-info/entry_points.txt
/home/exialabsargus/exia_ws/install/exia_driver/lib/python3.10/site-packages/exia_driver-1.0.0-py3.10.egg-info/PKG-INFO
/home/exialabsargus/exia_ws/install/exia_driver/lib/python3.10/site-packages/exia_driver-1.0.0-py3.10.egg-info/dependency_links.txt
/home/exialabsargus/exia_ws/install/exia_driver/lib/exia_driver/gps_transform_node
/home/exialabsargus/exia_ws/install/exia_driver/lib/exia_driver/imu_node
/home/exialabsargus/exia_ws/install/exia_driver/lib/exia_driver/radio_bridge_node
/home/exialabsargus/exia_ws/install/exia_driver/lib/exia_driver/rc_driver_node
