[0.007s] Invoking command in '/home/zech/exia_ws/build/exia_ground_description': CMAKE_PREFIX_PATH=${CMAKE_PREFIX_PATH}:/opt/ros/humble /usr/bin/cmake /home/zech/exia_ws/src/exia_ground_description -DCMAKE_INSTALL_PREFIX=/home/zech/exia_ws/install/exia_ground_description
[0.015s] -- Found ament_cmake: 1.3.12 (/opt/ros/humble/share/ament_cmake/cmake)
[0.093s] -- Override CMake install command with custom implementation using symlinks instead of copying resources
[0.148s] -- Configuring done
[0.149s] -- Generating done
[0.150s] -- Build files have been written to: /home/zech/exia_ws/build/exia_ground_description
[0.151s] Invoked command in '/home/zech/exia_ws/build/exia_ground_description' returned '0': CMAKE_PREFIX_PATH=${CMAKE_PREFIX_PATH}:/opt/ros/humble /usr/bin/cmake /home/zech/exia_ws/src/exia_ground_description -DCMAKE_INSTALL_PREFIX=/home/zech/exia_ws/install/exia_ground_description
[0.152s] Invoking command in '/home/zech/exia_ws/build/exia_ground_description': CMAKE_PREFIX_PATH=${CMAKE_PREFIX_PATH}:/opt/ros/humble /usr/bin/cmake --build /home/zech/exia_ws/build/exia_ground_description -- -j20 -l20
[0.188s] Invoked command in '/home/zech/exia_ws/build/exia_ground_description' returned '0': CMAKE_PREFIX_PATH=${CMAKE_PREFIX_PATH}:/opt/ros/humble /usr/bin/cmake --build /home/zech/exia_ws/build/exia_ground_description -- -j20 -l20
[0.198s] Invoking command in '/home/zech/exia_ws/build/exia_ground_description': CMAKE_PREFIX_PATH=${CMAKE_PREFIX_PATH}:/opt/ros/humble /usr/bin/cmake --install /home/zech/exia_ws/build/exia_ground_description
[0.205s] -- Install configuration: ""
[0.205s] -- Execute custom install script
[0.205s] -- Up-to-date symlink: /home/zech/exia_ws/install/exia_ground_description/share/exia_ground_description/urdf/exia_ground.urdf.xacro
[0.206s] -- Symlinking: /home/zech/exia_ws/install/exia_ground_description/share/exia_ground_description/launch/__pycache__/exia_ground_sim.launch.cpython-310.pyc
[0.217s] -- Up-to-date symlink: /home/zech/exia_ws/install/exia_ground_description/share/exia_ground_description/launch/dynamic_nav.launch.py
[0.217s] -- Up-to-date symlink: /home/zech/exia_ws/install/exia_ground_description/share/exia_ground_description/launch/exia_ground_sim.launch.py
[0.218s] -- Up-to-date symlink: /home/zech/exia_ws/install/exia_ground_description/share/exia_ground_description/launch/exia_ground_state.launch.py
[0.218s] -- Up-to-date symlink: /home/zech/exia_ws/install/exia_ground_description/share/exia_ground_description/launch/mission_nav.launch.py
[0.218s] -- Up-to-date symlink: /home/zech/exia_ws/install/exia_ground_description/share/exia_ground_description/launch/navigation.launch.py
[0.218s] -- Up-to-date symlink: /home/zech/exia_ws/install/exia_ground_description/share/exia_ground_description/launch/slam.launch.py
[0.218s] -- Up-to-date symlink: /home/zech/exia_ws/install/exia_ground_description/share/exia_ground_description/launch/slam_nav.launch.py
[0.219s] -- Up-to-date symlink: /home/zech/exia_ws/install/exia_ground_description/share/exia_ground_description/launch/slam_nav_simple.launch.py
[0.219s] -- Up-to-date symlink: /home/zech/exia_ws/install/exia_ground_description/share/exia_ground_description/rviz/exia_ground.rviz
[0.219s] -- Up-to-date symlink: /home/zech/exia_ws/install/exia_ground_description/share/exia_ground_description/rviz/exia_slam_nav.rviz
[0.219s] -- Up-to-date symlink: /home/zech/exia_ws/install/exia_ground_description/share/exia_ground_description/config/ackermann_controllers.yaml
[0.219s] -- Up-to-date symlink: /home/zech/exia_ws/install/exia_ground_description/share/exia_ground_description/config/hardware_config.yaml
[0.219s] -- Up-to-date symlink: /home/zech/exia_ws/install/exia_ground_description/share/exia_ground_description/config/nav2_params.yaml
[0.220s] -- Up-to-date symlink: /home/zech/exia_ws/install/exia_ground_description/share/exia_ground_description/config/robot_localization.yaml
[0.220s] -- Up-to-date symlink: /home/zech/exia_ws/install/exia_ground_description/share/exia_ground_description/config/slam_toolbox_params.yaml
[0.220s] -- Up-to-date symlink: /home/zech/exia_ws/install/exia_ground_description/share/exia_ground_description/worlds/exia_world.sdf
[0.220s] -- Up-to-date symlink: /home/zech/exia_ws/install/exia_ground_description/lib/exia_ground_description/ackermann_drive_node.py
[0.221s] -- Up-to-date symlink: /home/zech/exia_ws/install/exia_ground_description/lib/exia_ground_description/path_follower_node.py
[0.221s] -- Up-to-date symlink: /home/zech/exia_ws/install/exia_ground_description/lib/exia_ground_description/ackermann_odometry.py
[0.221s] -- Up-to-date symlink: /home/zech/exia_ws/install/exia_ground_description/lib/exia_ground_description/mission_navigator_node.py
[0.221s] -- Up-to-date symlink: /home/zech/exia_ws/install/exia_ground_description/lib/exia_ground_description/dynamic_navigator_node.py
[0.221s] -- Up-to-date symlink: /home/zech/exia_ws/install/exia_ground_description/share/ament_index/resource_index/package_run_dependencies/exia_ground_description
[0.221s] -- Up-to-date symlink: /home/zech/exia_ws/install/exia_ground_description/share/ament_index/resource_index/parent_prefix_path/exia_ground_description
[0.222s] -- Up-to-date symlink: /home/zech/exia_ws/install/exia_ground_description/share/exia_ground_description/environment/ament_prefix_path.sh
[0.222s] -- Up-to-date symlink: /home/zech/exia_ws/install/exia_ground_description/share/exia_ground_description/environment/ament_prefix_path.dsv
[0.222s] -- Up-to-date symlink: /home/zech/exia_ws/install/exia_ground_description/share/exia_ground_description/environment/path.sh
[0.222s] -- Up-to-date symlink: /home/zech/exia_ws/install/exia_ground_description/share/exia_ground_description/environment/path.dsv
[0.222s] -- Up-to-date symlink: /home/zech/exia_ws/install/exia_ground_description/share/exia_ground_description/local_setup.bash
[0.222s] -- Up-to-date symlink: /home/zech/exia_ws/install/exia_ground_description/share/exia_ground_description/local_setup.sh
[0.222s] -- Up-to-date symlink: /home/zech/exia_ws/install/exia_ground_description/share/exia_ground_description/local_setup.zsh
[0.222s] -- Up-to-date symlink: /home/zech/exia_ws/install/exia_ground_description/share/exia_ground_description/local_setup.dsv
[0.222s] -- Symlinking: /home/zech/exia_ws/install/exia_ground_description/share/exia_ground_description/package.dsv
[0.233s] -- Up-to-date symlink: /home/zech/exia_ws/install/exia_ground_description/share/ament_index/resource_index/packages/exia_ground_description
[0.233s] -- Up-to-date symlink: /home/zech/exia_ws/install/exia_ground_description/share/exia_ground_description/cmake/exia_ground_descriptionConfig.cmake
[0.233s] -- Up-to-date symlink: /home/zech/exia_ws/install/exia_ground_description/share/exia_ground_description/cmake/exia_ground_descriptionConfig-version.cmake
[0.233s] -- Up-to-date symlink: /home/zech/exia_ws/install/exia_ground_description/share/exia_ground_description/package.xml
[0.233s] -- Up-to-date: /home/zech/exia_ws/install/exia_ground_description/lib/exia_ground_description/exia_control
[0.233s] -- Up-to-date: /home/zech/exia_ws/install/exia_ground_description/lib/exia_ground_description/exia_control/control
[0.233s] -- Up-to-date: /home/zech/exia_ws/install/exia_ground_description/lib/exia_ground_description/exia_control/control/__init__.py
[0.233s] -- Up-to-date: /home/zech/exia_ws/install/exia_ground_description/lib/exia_ground_description/exia_control/control/ackermann_drive.py
[0.233s] -- Up-to-date: /home/zech/exia_ws/install/exia_ground_description/lib/exia_ground_description/exia_control/hal
[0.233s] -- Up-to-date: /home/zech/exia_ws/install/exia_ground_description/lib/exia_ground_description/exia_control/hal/simulation.py
[0.233s] -- Up-to-date: /home/zech/exia_ws/install/exia_ground_description/lib/exia_ground_description/exia_control/hal/__init__.py
[0.233s] -- Up-to-date: /home/zech/exia_ws/install/exia_ground_description/lib/exia_ground_description/exia_control/hal/base.py
[0.233s] -- Up-to-date: /home/zech/exia_ws/install/exia_ground_description/lib/exia_ground_description/exia_control/__init__.py
[0.233s] -- Up-to-date: /home/zech/exia_ws/install/exia_ground_description/lib/exia_ground_description/exia_control/navigation
[0.233s] -- Up-to-date: /home/zech/exia_ws/install/exia_ground_description/lib/exia_ground_description/exia_control/navigation/planner_interface.py
[0.233s] -- Up-to-date: /home/zech/exia_ws/install/exia_ground_description/lib/exia_ground_description/exia_control/navigation/__init__.py
[0.233s] -- Up-to-date: /home/zech/exia_ws/install/exia_ground_description/lib/exia_ground_description/exia_control/navigation/path_validator.py
[0.233s] -- Up-to-date: /home/zech/exia_ws/install/exia_ground_description/lib/exia_ground_description/exia_control/navigation/replan_manager.py
[0.233s] -- Up-to-date: /home/zech/exia_ws/install/exia_ground_description/lib/exia_ground_description/exia_control/planning
[0.233s] -- Up-to-date: /home/zech/exia_ws/install/exia_ground_description/lib/exia_ground_description/exia_control/planning/paths.py
[0.233s] -- Up-to-date: /home/zech/exia_ws/install/exia_ground_description/lib/exia_ground_description/exia_control/planning/__init__.py
[0.233s] -- Up-to-date: /home/zech/exia_ws/install/exia_ground_description/lib/exia_ground_description/exia_control/planning/pure_pursuit.py
[0.233s] -- Up-to-date: /home/zech/exia_ws/install/exia_ground_description/lib/exia_ground_description/exia_control/planning/__pycache__
[0.234s] -- Up-to-date: /home/zech/exia_ws/install/exia_ground_description/lib/exia_ground_description/exia_control/__pycache__
[0.235s] Invoked command in '/home/zech/exia_ws/build/exia_ground_description' returned '0': CMAKE_PREFIX_PATH=${CMAKE_PREFIX_PATH}:/opt/ros/humble /usr/bin/cmake --install /home/zech/exia_ws/build/exia_ground_description
