[0.285s] DEBUG:colcon:Command line arguments: ['/usr/bin/colcon', 'build']
[0.285s] DEBUG:colcon:Parsed command line arguments: Namespace(log_base=None, log_level=None, verb_name='build', build_base='build', install_base='install', merge_install=False, symlink_install=False, test_result_base=None, continue_on_error=False, executor='parallel', parallel_workers=6, event_handlers=None, ignore_user_meta=False, metas=['./colcon.meta'], base_paths=['.'], packages_ignore=None, packages_ignore_regex=None, paths=None, packages_up_to=None, packages_up_to_regex=None, packages_above=None, packages_above_and_dependencies=None, packages_above_depth=None, packages_select_by_dep=None, packages_skip_by_dep=None, packages_skip_up_to=None, packages_select_build_failed=False, packages_skip_build_finished=False, packages_select_test_failures=False, packages_skip_test_passed=False, packages_select=None, packages_skip=None, packages_select_regex=None, packages_skip_regex=None, packages_start=None, packages_end=None, allow_overriding=[], cmake_args=None, cmake_target=None, cmake_target_skip_unavailable=False, cmake_clean_cache=False, cmake_clean_first=False, cmake_force_configure=False, ament_cmake_args=None, catkin_cmake_args=None, catkin_skip_building_tests=False, verb_parser=<colcon_defaults.argument_parser.defaults.DefaultArgumentsDecorator object at 0xffffa75b73d0>, verb_extension=<colcon_core.verb.build.BuildVerb object at 0xffffa778c160>, main=<bound method BuildVerb.main of <colcon_core.verb.build.BuildVerb object at 0xffffa778c160>>)
[0.698s] Level 1:colcon.colcon_core.package_discovery:discover_packages(colcon_meta) check parameters
[0.698s] Level 1:colcon.colcon_core.package_discovery:discover_packages(recursive) check parameters
[0.698s] Level 1:colcon.colcon_core.package_discovery:discover_packages(ignore) check parameters
[0.698s] Level 1:colcon.colcon_core.package_discovery:discover_packages(path) check parameters
[0.698s] Level 1:colcon.colcon_core.package_discovery:discover_packages(colcon_meta) discover
[0.699s] Level 1:colcon.colcon_core.package_discovery:discover_packages(recursive) discover
[0.699s] INFO:colcon.colcon_core.package_discovery:Crawling recursively for packages in '/home/exialabsargus/Exia-Labs'
[0.699s] Level 1:colcon.colcon_core.package_identification:_identify(.) by extensions ['ignore', 'ignore_ament_install']
[0.699s] Level 1:colcon.colcon_core.package_identification:_identify(.) by extension 'ignore'
[0.699s] Level 1:colcon.colcon_core.package_identification:_identify(.) by extension 'ignore_ament_install'
[0.700s] Level 1:colcon.colcon_core.package_identification:_identify(.) by extensions ['colcon_pkg']
[0.700s] Level 1:colcon.colcon_core.package_identification:_identify(.) by extension 'colcon_pkg'
[0.700s] Level 1:colcon.colcon_core.package_identification:_identify(.) by extensions ['colcon_meta']
[0.700s] Level 1:colcon.colcon_core.package_identification:_identify(.) by extension 'colcon_meta'
[0.700s] Level 1:colcon.colcon_core.package_identification:_identify(.) by extensions ['ros']
[0.700s] Level 1:colcon.colcon_core.package_identification:_identify(.) by extension 'ros'
[0.729s] Level 1:colcon.colcon_core.package_identification:_identify(.) by extensions ['cmake', 'python']
[0.730s] Level 1:colcon.colcon_core.package_identification:_identify(.) by extension 'cmake'
[0.730s] Level 1:colcon.colcon_core.package_identification:_identify(.) by extension 'python'
[0.730s] Level 1:colcon.colcon_core.package_identification:_identify(.) by extensions ['python_setup_py']
[0.730s] Level 1:colcon.colcon_core.package_identification:_identify(.) by extension 'python_setup_py'
[0.730s] Level 1:colcon.colcon_core.package_identification:_identify(build) by extensions ['ignore', 'ignore_ament_install']
[0.731s] Level 1:colcon.colcon_core.package_identification:_identify(build) by extension 'ignore'
[0.731s] Level 1:colcon.colcon_core.package_identification:_identify(build) ignored
[0.731s] Level 1:colcon.colcon_core.package_identification:_identify(install) by extensions ['ignore', 'ignore_ament_install']
[0.731s] Level 1:colcon.colcon_core.package_identification:_identify(install) by extension 'ignore'
[0.732s] Level 1:colcon.colcon_core.package_identification:_identify(install) ignored
[0.732s] Level 1:colcon.colcon_core.package_identification:_identify(log) by extensions ['ignore', 'ignore_ament_install']
[0.732s] Level 1:colcon.colcon_core.package_identification:_identify(log) by extension 'ignore'
[0.732s] Level 1:colcon.colcon_core.package_identification:_identify(log) ignored
[0.732s] Level 1:colcon.colcon_core.package_identification:_identify(src) by extensions ['ignore', 'ignore_ament_install']
[0.733s] Level 1:colcon.colcon_core.package_identification:_identify(src) by extension 'ignore'
[0.733s] Level 1:colcon.colcon_core.package_identification:_identify(src) by extension 'ignore_ament_install'
[0.733s] Level 1:colcon.colcon_core.package_identification:_identify(src) by extensions ['colcon_pkg']
[0.733s] Level 1:colcon.colcon_core.package_identification:_identify(src) by extension 'colcon_pkg'
[0.733s] Level 1:colcon.colcon_core.package_identification:_identify(src) by extensions ['colcon_meta']
[0.733s] Level 1:colcon.colcon_core.package_identification:_identify(src) by extension 'colcon_meta'
[0.733s] Level 1:colcon.colcon_core.package_identification:_identify(src) by extensions ['ros']
[0.733s] Level 1:colcon.colcon_core.package_identification:_identify(src) by extension 'ros'
[0.734s] Level 1:colcon.colcon_core.package_identification:_identify(src) by extensions ['cmake', 'python']
[0.734s] Level 1:colcon.colcon_core.package_identification:_identify(src) by extension 'cmake'
[0.734s] Level 1:colcon.colcon_core.package_identification:_identify(src) by extension 'python'
[0.734s] Level 1:colcon.colcon_core.package_identification:_identify(src) by extensions ['python_setup_py']
[0.734s] Level 1:colcon.colcon_core.package_identification:_identify(src) by extension 'python_setup_py'
[0.734s] Level 1:colcon.colcon_core.package_identification:_identify(src/exia_ground_description) by extensions ['ignore', 'ignore_ament_install']
[0.734s] Level 1:colcon.colcon_core.package_identification:_identify(src/exia_ground_description) by extension 'ignore'
[0.735s] Level 1:colcon.colcon_core.package_identification:_identify(src/exia_ground_description) by extension 'ignore_ament_install'
[0.735s] Level 1:colcon.colcon_core.package_identification:_identify(src/exia_ground_description) by extensions ['colcon_pkg']
[0.735s] Level 1:colcon.colcon_core.package_identification:_identify(src/exia_ground_description) by extension 'colcon_pkg'
[0.735s] Level 1:colcon.colcon_core.package_identification:_identify(src/exia_ground_description) by extensions ['colcon_meta']
[0.735s] Level 1:colcon.colcon_core.package_identification:_identify(src/exia_ground_description) by extension 'colcon_meta'
[0.735s] Level 1:colcon.colcon_core.package_identification:_identify(src/exia_ground_description) by extensions ['ros']
[0.735s] Level 1:colcon.colcon_core.package_identification:_identify(src/exia_ground_description) by extension 'ros'
[0.743s] DEBUG:colcon.colcon_core.package_identification:Package 'src/exia_ground_description' with type 'ros.ament_cmake' and name 'exia_ground_description'
[0.743s] Level 1:colcon.colcon_core.package_discovery:discover_packages(recursive) using defaults
[0.744s] Level 1:colcon.colcon_core.package_discovery:discover_packages(ignore) discover
[0.744s] Level 1:colcon.colcon_core.package_discovery:discover_packages(ignore) using defaults
[0.744s] Level 1:colcon.colcon_core.package_discovery:discover_packages(path) discover
[0.744s] Level 1:colcon.colcon_core.package_discovery:discover_packages(path) using defaults
[0.794s] Level 1:colcon.colcon_core.package_discovery:discover_packages(prefix_path) check parameters
[0.794s] Level 1:colcon.colcon_core.package_discovery:discover_packages(prefix_path) discover
[0.799s] DEBUG:colcon.colcon_installed_package_information.package_discovery:Found 1 installed packages in /home/exialabsargus/Exia-Labs/install
[0.802s] DEBUG:colcon.colcon_installed_package_information.package_discovery:Found 271 installed packages in /opt/ros/humble
[0.808s] Level 1:colcon.colcon_core.package_discovery:discover_packages(prefix_path) using defaults
[0.955s] Level 5:colcon.colcon_core.verb:set package 'exia_ground_description' build argument 'cmake_args' from command line to 'None'
[0.956s] Level 5:colcon.colcon_core.verb:set package 'exia_ground_description' build argument 'cmake_target' from command line to 'None'
[0.956s] Level 5:colcon.colcon_core.verb:set package 'exia_ground_description' build argument 'cmake_target_skip_unavailable' from command line to 'False'
[0.956s] Level 5:colcon.colcon_core.verb:set package 'exia_ground_description' build argument 'cmake_clean_cache' from command line to 'False'
[0.956s] Level 5:colcon.colcon_core.verb:set package 'exia_ground_description' build argument 'cmake_clean_first' from command line to 'False'
[0.956s] Level 5:colcon.colcon_core.verb:set package 'exia_ground_description' build argument 'cmake_force_configure' from command line to 'False'
[0.956s] Level 5:colcon.colcon_core.verb:set package 'exia_ground_description' build argument 'ament_cmake_args' from command line to 'None'
[0.956s] Level 5:colcon.colcon_core.verb:set package 'exia_ground_description' build argument 'catkin_cmake_args' from command line to 'None'
[0.956s] Level 5:colcon.colcon_core.verb:set package 'exia_ground_description' build argument 'catkin_skip_building_tests' from command line to 'False'
[0.956s] DEBUG:colcon.colcon_core.verb:Building package 'exia_ground_description' with the following arguments: {'ament_cmake_args': None, 'build_base': '/home/exialabsargus/Exia-Labs/build/exia_ground_description', 'catkin_cmake_args': None, 'catkin_skip_building_tests': False, 'cmake_args': None, 'cmake_clean_cache': False, 'cmake_clean_first': False, 'cmake_force_configure': False, 'cmake_target': None, 'cmake_target_skip_unavailable': False, 'install_base': '/home/exialabsargus/Exia-Labs/install/exia_ground_description', 'merge_install': False, 'path': '/home/exialabsargus/Exia-Labs/src/exia_ground_description', 'symlink_install': False, 'test_result_base': None}
[0.957s] INFO:colcon.colcon_core.executor:Executing jobs using 'parallel' executor
[0.960s] DEBUG:colcon.colcon_parallel_executor.executor.parallel:run_until_complete
[0.961s] INFO:colcon.colcon_ros.task.ament_cmake.build:Building ROS package in '/home/exialabsargus/Exia-Labs/src/exia_ground_description' with build type 'ament_cmake'
[0.961s] INFO:colcon.colcon_cmake.task.cmake.build:Building CMake package in '/home/exialabsargus/Exia-Labs/src/exia_ground_description'
[0.968s] INFO:colcon.colcon_core.plugin_system:Skipping extension 'colcon_core.shell.bat': Not used on non-Windows systems
[0.969s] INFO:colcon.colcon_core.shell:Skip shell extension 'powershell' for command environment: Not usable outside of PowerShell
[0.969s] DEBUG:colcon.colcon_core.shell:Skip shell extension 'dsv' for command environment
[0.991s] DEBUG:colcon.colcon_core.event_handler.log_command:Invoking command in '/home/exialabsargus/Exia-Labs/build/exia_ground_description': CMAKE_PREFIX_PATH=${CMAKE_PREFIX_PATH}:/opt/ros/humble /usr/bin/cmake --build /home/exialabsargus/Exia-Labs/build/exia_ground_description -- -j6 -l6
[1.133s] DEBUG:colcon.colcon_core.event_handler.log_command:Invoked command in '/home/exialabsargus/Exia-Labs/build/exia_ground_description' returned '0': CMAKE_PREFIX_PATH=${CMAKE_PREFIX_PATH}:/opt/ros/humble /usr/bin/cmake --build /home/exialabsargus/Exia-Labs/build/exia_ground_description -- -j6 -l6
[1.164s] DEBUG:colcon.colcon_core.event_handler.log_command:Invoking command in '/home/exialabsargus/Exia-Labs/build/exia_ground_description': CMAKE_PREFIX_PATH=${CMAKE_PREFIX_PATH}:/opt/ros/humble /usr/bin/cmake --install /home/exialabsargus/Exia-Labs/build/exia_ground_description
[1.206s] Level 1:colcon.colcon_core.environment:create_environment_scripts_only(exia_ground_description)
[1.220s] Level 1:colcon.colcon_core.environment:checking '/home/exialabsargus/Exia-Labs/install/exia_ground_description' for CMake module files
[1.224s] Level 1:colcon.colcon_core.environment:checking '/home/exialabsargus/Exia-Labs/install/exia_ground_description' for CMake config files
[1.227s] DEBUG:colcon.colcon_core.event_handler.log_command:Invoked command in '/home/exialabsargus/Exia-Labs/build/exia_ground_description' returned '0': CMAKE_PREFIX_PATH=${CMAKE_PREFIX_PATH}:/opt/ros/humble /usr/bin/cmake --install /home/exialabsargus/Exia-Labs/build/exia_ground_description
[1.229s] Level 1:colcon.colcon_core.shell:create_environment_hook('exia_ground_description', 'cmake_prefix_path')
[1.230s] INFO:colcon.colcon_core.shell:Creating environment hook '/home/exialabsargus/Exia-Labs/install/exia_ground_description/share/exia_ground_description/hook/cmake_prefix_path.ps1'
[1.233s] INFO:colcon.colcon_core.shell:Creating environment descriptor '/home/exialabsargus/Exia-Labs/install/exia_ground_description/share/exia_ground_description/hook/cmake_prefix_path.dsv'
[1.234s] INFO:colcon.colcon_core.shell:Creating environment hook '/home/exialabsargus/Exia-Labs/install/exia_ground_description/share/exia_ground_description/hook/cmake_prefix_path.sh'
[1.237s] Level 1:colcon.colcon_core.environment:checking '/home/exialabsargus/Exia-Labs/install/exia_ground_description/lib'
[1.238s] Level 1:colcon.colcon_core.environment:checking '/home/exialabsargus/Exia-Labs/install/exia_ground_description/bin'
[1.238s] Level 1:colcon.colcon_core.environment:checking '/home/exialabsargus/Exia-Labs/install/exia_ground_description/lib/pkgconfig/exia_ground_description.pc'
[1.239s] Level 1:colcon.colcon_core.environment:checking '/home/exialabsargus/Exia-Labs/install/exia_ground_description/lib/python3.10/site-packages'
[1.240s] Level 1:colcon.colcon_core.environment:checking '/home/exialabsargus/Exia-Labs/install/exia_ground_description/bin'
[1.241s] INFO:colcon.colcon_core.shell:Creating package script '/home/exialabsargus/Exia-Labs/install/exia_ground_description/share/exia_ground_description/package.ps1'
[1.245s] INFO:colcon.colcon_core.shell:Creating package descriptor '/home/exialabsargus/Exia-Labs/install/exia_ground_description/share/exia_ground_description/package.dsv'
[1.246s] INFO:colcon.colcon_core.shell:Creating package script '/home/exialabsargus/Exia-Labs/install/exia_ground_description/share/exia_ground_description/package.sh'
[1.248s] INFO:colcon.colcon_core.shell:Creating package script '/home/exialabsargus/Exia-Labs/install/exia_ground_description/share/exia_ground_description/package.bash'
[1.250s] INFO:colcon.colcon_core.shell:Creating package script '/home/exialabsargus/Exia-Labs/install/exia_ground_description/share/exia_ground_description/package.zsh'
[1.253s] Level 1:colcon.colcon_core.environment:create_file_with_runtime_dependencies(/home/exialabsargus/Exia-Labs/install/exia_ground_description/share/colcon-core/packages/exia_ground_description)
[1.255s] Level 1:colcon.colcon_core.environment:create_environment_scripts_only(exia_ground_description)
[1.255s] Level 1:colcon.colcon_core.environment:checking '/home/exialabsargus/Exia-Labs/install/exia_ground_description' for CMake module files
[1.258s] Level 1:colcon.colcon_core.environment:checking '/home/exialabsargus/Exia-Labs/install/exia_ground_description' for CMake config files
[1.260s] Level 1:colcon.colcon_core.shell:create_environment_hook('exia_ground_description', 'cmake_prefix_path')
[1.261s] INFO:colcon.colcon_core.shell:Creating environment hook '/home/exialabsargus/Exia-Labs/install/exia_ground_description/share/exia_ground_description/hook/cmake_prefix_path.ps1'
[1.262s] INFO:colcon.colcon_core.shell:Creating environment descriptor '/home/exialabsargus/Exia-Labs/install/exia_ground_description/share/exia_ground_description/hook/cmake_prefix_path.dsv'
[1.264s] INFO:colcon.colcon_core.shell:Creating environment hook '/home/exialabsargus/Exia-Labs/install/exia_ground_description/share/exia_ground_description/hook/cmake_prefix_path.sh'
[1.266s] Level 1:colcon.colcon_core.environment:checking '/home/exialabsargus/Exia-Labs/install/exia_ground_description/lib'
[1.267s] Level 1:colcon.colcon_core.environment:checking '/home/exialabsargus/Exia-Labs/install/exia_ground_description/bin'
[1.267s] Level 1:colcon.colcon_core.environment:checking '/home/exialabsargus/Exia-Labs/install/exia_ground_description/lib/pkgconfig/exia_ground_description.pc'
[1.268s] Level 1:colcon.colcon_core.environment:checking '/home/exialabsargus/Exia-Labs/install/exia_ground_description/lib/python3.10/site-packages'
[1.269s] Level 1:colcon.colcon_core.environment:checking '/home/exialabsargus/Exia-Labs/install/exia_ground_description/bin'
[1.270s] INFO:colcon.colcon_core.shell:Creating package script '/home/exialabsargus/Exia-Labs/install/exia_ground_description/share/exia_ground_description/package.ps1'
[1.272s] INFO:colcon.colcon_core.shell:Creating package descriptor '/home/exialabsargus/Exia-Labs/install/exia_ground_description/share/exia_ground_description/package.dsv'
[1.274s] INFO:colcon.colcon_core.shell:Creating package script '/home/exialabsargus/Exia-Labs/install/exia_ground_description/share/exia_ground_description/package.sh'
[1.276s] INFO:colcon.colcon_core.shell:Creating package script '/home/exialabsargus/Exia-Labs/install/exia_ground_description/share/exia_ground_description/package.bash'
[1.277s] INFO:colcon.colcon_core.shell:Creating package script '/home/exialabsargus/Exia-Labs/install/exia_ground_description/share/exia_ground_description/package.zsh'
[1.279s] Level 1:colcon.colcon_core.environment:create_file_with_runtime_dependencies(/home/exialabsargus/Exia-Labs/install/exia_ground_description/share/colcon-core/packages/exia_ground_description)
[1.280s] DEBUG:colcon.colcon_parallel_executor.executor.parallel:closing loop
[1.281s] DEBUG:colcon.colcon_parallel_executor.executor.parallel:loop closed
[1.282s] DEBUG:colcon.colcon_parallel_executor.executor.parallel:run_until_complete finished with '0'
[1.282s] DEBUG:colcon.colcon_core.event_reactor:joining thread
[1.300s] INFO:colcon.colcon_core.plugin_system:Skipping extension 'colcon_notification.desktop_notification.terminal_notifier': Not used on non-Darwin systems
[1.301s] INFO:colcon.colcon_core.plugin_system:Skipping extension 'colcon_notification.desktop_notification.win32': Not used on non-Windows systems
[1.301s] INFO:colcon.colcon_notification.desktop_notification:Sending desktop notification using 'notify2'
[1.344s] DEBUG:colcon.colcon_core.event_reactor:joined thread
[1.346s] INFO:colcon.colcon_core.shell:Creating prefix script '/home/exialabsargus/Exia-Labs/install/local_setup.ps1'
[1.350s] INFO:colcon.colcon_core.shell:Creating prefix util module '/home/exialabsargus/Exia-Labs/install/_local_setup_util_ps1.py'
[1.355s] INFO:colcon.colcon_core.shell:Creating prefix chain script '/home/exialabsargus/Exia-Labs/install/setup.ps1'
[1.361s] INFO:colcon.colcon_core.shell:Creating prefix script '/home/exialabsargus/Exia-Labs/install/local_setup.sh'
[1.364s] INFO:colcon.colcon_core.shell:Creating prefix util module '/home/exialabsargus/Exia-Labs/install/_local_setup_util_sh.py'
[1.366s] INFO:colcon.colcon_core.shell:Creating prefix chain script '/home/exialabsargus/Exia-Labs/install/setup.sh'
[1.370s] INFO:colcon.colcon_core.shell:Creating prefix script '/home/exialabsargus/Exia-Labs/install/local_setup.bash'
[1.372s] INFO:colcon.colcon_core.shell:Creating prefix chain script '/home/exialabsargus/Exia-Labs/install/setup.bash'
[1.376s] INFO:colcon.colcon_core.shell:Creating prefix script '/home/exialabsargus/Exia-Labs/install/local_setup.zsh'
[1.378s] INFO:colcon.colcon_core.shell:Creating prefix chain script '/home/exialabsargus/Exia-Labs/install/setup.zsh'
