[30.034s] Invoking command in '/home/zech/exia_ws/src/exia_control': CMAKE_PREFIX_PATH=/home/zech/exia_ws/install/exia_msgs:/home/zech/exia_ws/install/exia_bringup:/home/zech/exia_ws/install/exia_ground_description:/home/zech/ros2_ws/install/eclipse_diffdrive:/home/zech/ros2_ws/install/eclipse_ackermann PYTHONPATH=/home/zech/exia_ws/build/exia_control/prefix_override:/usr/lib/python3/dist-packages/colcon_core/task/python/colcon_distutils_commands:/home/zech/exia_ws/install/exia_control/lib/python3.10/site-packages:${PYTHONPATH} VIRTUAL_ENV_PROMPT=(.venv) /usr/bin/python3 -W ignore:setup.py install is deprecated -W ignore:easy_install command is deprecated setup.py egg_info --egg-base ../../build/exia_control build --build-base /home/zech/exia_ws/build/exia_control/build install --record /home/zech/exia_ws/build/exia_control/install.log --single-version-externally-managed install_data
[30.161s] running egg_info
[30.162s] writing ../../build/exia_control/exia_control.egg-info/PKG-INFO
[30.162s] writing dependency_links to ../../build/exia_control/exia_control.egg-info/dependency_links.txt
[30.162s] writing entry points to ../../build/exia_control/exia_control.egg-info/entry_points.txt
[30.162s] writing requirements to ../../build/exia_control/exia_control.egg-info/requires.txt
[30.162s] writing top-level names to ../../build/exia_control/exia_control.egg-info/top_level.txt
[30.163s] reading manifest file '../../build/exia_control/exia_control.egg-info/SOURCES.txt'
[30.163s] writing manifest file '../../build/exia_control/exia_control.egg-info/SOURCES.txt'
[30.163s] running build
[30.164s] running build_py
[30.164s] copying exia_control/navigation/path_validator.py -> /home/zech/exia_ws/build/exia_control/build/lib/exia_control/navigation
[30.164s] running install
[30.164s] running install_lib
[30.165s] copying /home/zech/exia_ws/build/exia_control/build/lib/exia_control/navigation/path_validator.py -> /home/zech/exia_ws/install/exia_control/lib/python3.10/site-packages/exia_control/navigation
[30.165s] byte-compiling /home/zech/exia_ws/install/exia_control/lib/python3.10/site-packages/exia_control/navigation/path_validator.py to path_validator.cpython-310.pyc
[30.166s] running install_data
[30.166s] running install_egg_info
[30.167s] removing '/home/zech/exia_ws/install/exia_control/lib/python3.10/site-packages/exia_control-1.0.0-py3.10.egg-info' (and everything under it)
[30.167s] Copying ../../build/exia_control/exia_control.egg-info to /home/zech/exia_ws/install/exia_control/lib/python3.10/site-packages/exia_control-1.0.0-py3.10.egg-info
[30.168s] running install_scripts
[30.179s] Installing ackermann_drive_node script to /home/zech/exia_ws/install/exia_control/lib/exia_control
[30.179s] Installing dynamic_navigator_node script to /home/zech/exia_ws/install/exia_control/lib/exia_control
[30.179s] Installing nav_to script to /home/zech/exia_ws/install/exia_control/lib/exia_control
[30.180s] writing list of installed files to '/home/zech/exia_ws/build/exia_control/install.log'
[30.192s] Invoked command in '/home/zech/exia_ws/src/exia_control' returned '0': CMAKE_PREFIX_PATH=/home/zech/exia_ws/install/exia_msgs:/home/zech/exia_ws/install/exia_bringup:/home/zech/exia_ws/install/exia_ground_description:/home/zech/ros2_ws/install/eclipse_diffdrive:/home/zech/ros2_ws/install/eclipse_ackermann PYTHONPATH=/home/zech/exia_ws/build/exia_control/prefix_override:/usr/lib/python3/dist-packages/colcon_core/task/python/colcon_distutils_commands:/home/zech/exia_ws/install/exia_control/lib/python3.10/site-packages:${PYTHONPATH} VIRTUAL_ENV_PROMPT=(.venv) /usr/bin/python3 -W ignore:setup.py install is deprecated -W ignore:easy_install command is deprecated setup.py egg_info --egg-base ../../build/exia_control build --build-base /home/zech/exia_ws/build/exia_control/build install --record /home/zech/exia_ws/build/exia_control/install.log --single-version-externally-managed install_data
