[0.311s] DEBUG:colcon:Command line arguments: ['/usr/bin/colcon', 'list', '-p', '--base-paths', '/home/exialabsargus/Exia-Labs', '--log-base', '/dev/null']
[0.311s] DEBUG:colcon:Parsed command line arguments: Namespace(log_base=None, log_level=None, verb_name='list', build_base='build', ignore_user_meta=False, metas=['./colcon.meta'], base_paths=['/home/exialabsargus/Exia-Labs', '--log-base', '/dev/null'], packages_ignore=None, packages_ignore_regex=None, paths=None, packages_up_to=None, packages_up_to_regex=None, packages_above=None, packages_above_and_dependencies=None, packages_above_depth=None, packages_select_by_dep=None, packages_skip_by_dep=None, packages_skip_up_to=None, packages_select_build_failed=False, packages_skip_build_finished=False, packages_select_test_failures=False, packages_skip_test_passed=False, packages_select=None, packages_skip=None, packages_select_regex=None, packages_skip_regex=None, packages_start=None, packages_end=None, allow_overriding=[], topological_order=False, names_only=False, paths_only=True, topological_graph=False, topological_graph_dot=False, topological_graph_density=False, topological_graph_legend=False, topological_graph_dot_cluster=False, topological_graph_dot_include_skipped=False, verb_parser=<colcon_defaults.argument_parser.defaults.DefaultArgumentsDecorator object at 0xffff9677b940>, verb_extension=<colcon_package_information.verb.list.ListVerb object at 0xffff968e8730>, main=<bound method ListVerb.main of <colcon_package_information.verb.list.ListVerb object at 0xffff968e8730>>)
[0.857s] Level 1:colcon.colcon_core.package_discovery:discover_packages(colcon_meta) check parameters
[0.857s] Level 1:colcon.colcon_core.package_discovery:discover_packages(recursive) check parameters
[0.858s] Level 1:colcon.colcon_core.package_discovery:discover_packages(ignore) check parameters
[0.858s] Level 1:colcon.colcon_core.package_discovery:discover_packages(path) check parameters
[0.858s] Level 1:colcon.colcon_core.package_discovery:discover_packages(recursive) discover
[0.858s] INFO:colcon.colcon_core.package_discovery:Crawling recursively for packages in '/home/exialabsargus/Exia-Labs', '/home/exialabsargus/Exia-Labs/--log-base', '/dev/null'
[0.858s] Level 1:colcon.colcon_core.package_identification:_identify(/home/exialabsargus/Exia-Labs) by extensions ['ignore', 'ignore_ament_install']
[0.859s] Level 1:colcon.colcon_core.package_identification:_identify(/home/exialabsargus/Exia-Labs) by extension 'ignore'
[0.859s] Level 1:colcon.colcon_core.package_identification:_identify(/home/exialabsargus/Exia-Labs) by extension 'ignore_ament_install'
[0.859s] Level 1:colcon.colcon_core.package_identification:_identify(/home/exialabsargus/Exia-Labs) by extensions ['colcon_pkg']
[0.859s] Level 1:colcon.colcon_core.package_identification:_identify(/home/exialabsargus/Exia-Labs) by extension 'colcon_pkg'
[0.859s] Level 1:colcon.colcon_core.package_identification:_identify(/home/exialabsargus/Exia-Labs) by extensions ['colcon_meta']
[0.859s] Level 1:colcon.colcon_core.package_identification:_identify(/home/exialabsargus/Exia-Labs) by extension 'colcon_meta'
[0.860s] Level 1:colcon.colcon_core.package_identification:_identify(/home/exialabsargus/Exia-Labs) by extensions ['ros']
[0.860s] Level 1:colcon.colcon_core.package_identification:_identify(/home/exialabsargus/Exia-Labs) by extension 'ros'
[0.892s] Level 1:colcon.colcon_core.package_identification:_identify(/home/exialabsargus/Exia-Labs) by extensions ['cmake', 'python']
[0.893s] Level 1:colcon.colcon_core.package_identification:_identify(/home/exialabsargus/Exia-Labs) by extension 'cmake'
[0.893s] Level 1:colcon.colcon_core.package_identification:_identify(/home/exialabsargus/Exia-Labs) by extension 'python'
[0.893s] Level 1:colcon.colcon_core.package_identification:_identify(/home/exialabsargus/Exia-Labs) by extensions ['python_setup_py']
[0.893s] Level 1:colcon.colcon_core.package_identification:_identify(/home/exialabsargus/Exia-Labs) by extension 'python_setup_py'
[0.894s] Level 1:colcon.colcon_core.package_identification:_identify(/home/exialabsargus/Exia-Labs/build) by extensions ['ignore', 'ignore_ament_install']
[0.894s] Level 1:colcon.colcon_core.package_identification:_identify(/home/exialabsargus/Exia-Labs/build) by extension 'ignore'
[0.894s] Level 1:colcon.colcon_core.package_identification:_identify(/home/exialabsargus/Exia-Labs/build) ignored
[0.894s] Level 1:colcon.colcon_core.package_identification:_identify(/home/exialabsargus/Exia-Labs/install) by extensions ['ignore', 'ignore_ament_install']
[0.895s] Level 1:colcon.colcon_core.package_identification:_identify(/home/exialabsargus/Exia-Labs/install) by extension 'ignore'
[0.895s] Level 1:colcon.colcon_core.package_identification:_identify(/home/exialabsargus/Exia-Labs/install) ignored
[0.896s] Level 1:colcon.colcon_core.package_identification:_identify(/home/exialabsargus/Exia-Labs/log) by extensions ['ignore', 'ignore_ament_install']
[0.896s] Level 1:colcon.colcon_core.package_identification:_identify(/home/exialabsargus/Exia-Labs/log) by extension 'ignore'
[0.896s] Level 1:colcon.colcon_core.package_identification:_identify(/home/exialabsargus/Exia-Labs/log) ignored
[0.896s] Level 1:colcon.colcon_core.package_identification:_identify(/home/exialabsargus/Exia-Labs/src) by extensions ['ignore', 'ignore_ament_install']
[0.896s] Level 1:colcon.colcon_core.package_identification:_identify(/home/exialabsargus/Exia-Labs/src) by extension 'ignore'
[0.897s] Level 1:colcon.colcon_core.package_identification:_identify(/home/exialabsargus/Exia-Labs/src) by extension 'ignore_ament_install'
[0.897s] Level 1:colcon.colcon_core.package_identification:_identify(/home/exialabsargus/Exia-Labs/src) by extensions ['colcon_pkg']
[0.897s] Level 1:colcon.colcon_core.package_identification:_identify(/home/exialabsargus/Exia-Labs/src) by extension 'colcon_pkg'
[0.897s] Level 1:colcon.colcon_core.package_identification:_identify(/home/exialabsargus/Exia-Labs/src) by extensions ['colcon_meta']
[0.897s] Level 1:colcon.colcon_core.package_identification:_identify(/home/exialabsargus/Exia-Labs/src) by extension 'colcon_meta'
[0.897s] Level 1:colcon.colcon_core.package_identification:_identify(/home/exialabsargus/Exia-Labs/src) by extensions ['ros']
[0.897s] Level 1:colcon.colcon_core.package_identification:_identify(/home/exialabsargus/Exia-Labs/src) by extension 'ros'
[0.898s] Level 1:colcon.colcon_core.package_identification:_identify(/home/exialabsargus/Exia-Labs/src) by extensions ['cmake', 'python']
[0.898s] Level 1:colcon.colcon_core.package_identification:_identify(/home/exialabsargus/Exia-Labs/src) by extension 'cmake'
[0.898s] Level 1:colcon.colcon_core.package_identification:_identify(/home/exialabsargus/Exia-Labs/src) by extension 'python'
[0.898s] Level 1:colcon.colcon_core.package_identification:_identify(/home/exialabsargus/Exia-Labs/src) by extensions ['python_setup_py']
[0.898s] Level 1:colcon.colcon_core.package_identification:_identify(/home/exialabsargus/Exia-Labs/src) by extension 'python_setup_py'
[0.898s] Level 1:colcon.colcon_core.package_identification:_identify(/home/exialabsargus/Exia-Labs/src/exia_ground_description) by extensions ['ignore', 'ignore_ament_install']
[0.899s] Level 1:colcon.colcon_core.package_identification:_identify(/home/exialabsargus/Exia-Labs/src/exia_ground_description) by extension 'ignore'
[0.899s] Level 1:colcon.colcon_core.package_identification:_identify(/home/exialabsargus/Exia-Labs/src/exia_ground_description) by extension 'ignore_ament_install'
[0.899s] Level 1:colcon.colcon_core.package_identification:_identify(/home/exialabsargus/Exia-Labs/src/exia_ground_description) by extensions ['colcon_pkg']
[0.899s] Level 1:colcon.colcon_core.package_identification:_identify(/home/exialabsargus/Exia-Labs/src/exia_ground_description) by extension 'colcon_pkg'
[0.899s] Level 1:colcon.colcon_core.package_identification:_identify(/home/exialabsargus/Exia-Labs/src/exia_ground_description) by extensions ['colcon_meta']
[0.899s] Level 1:colcon.colcon_core.package_identification:_identify(/home/exialabsargus/Exia-Labs/src/exia_ground_description) by extension 'colcon_meta'
[0.899s] Level 1:colcon.colcon_core.package_identification:_identify(/home/exialabsargus/Exia-Labs/src/exia_ground_description) by extensions ['ros']
[0.900s] Level 1:colcon.colcon_core.package_identification:_identify(/home/exialabsargus/Exia-Labs/src/exia_ground_description) by extension 'ros'
[0.908s] DEBUG:colcon.colcon_core.package_identification:Package '/home/exialabsargus/Exia-Labs/src/exia_ground_description' with type 'ros.ament_cmake' and name 'exia_ground_description'
[0.908s] Level 1:colcon.colcon_core.package_discovery:discover_packages(recursive) using defaults
