[0.813s] Invoking command in '/home/zech/exia_ws/src/exia_control': CMAKE_PREFIX_PATH=/home/zech/exia_ws/install/exia_msgs:/home/zech/exia_ws/install/exia_bringup:/home/zech/exia_ws/install/exia_ground_description:/home/zech/ros2_ws/install/eclipse_diffdrive:/home/zech/ros2_ws/install/eclipse_ackermann PYTHONPATH=/home/zech/exia_ws/build/exia_control/prefix_override:/usr/lib/python3/dist-packages/colcon_core/task/python/colcon_distutils_commands:/home/zech/exia_ws/install/exia_control/lib/python3.10/site-packages:${PYTHONPATH} VIRTUAL_ENV_PROMPT=(.venv) /usr/bin/python3 -W ignore:setup.py install is deprecated -W ignore:easy_install command is deprecated setup.py egg_info --egg-base ../../build/exia_control build --build-base /home/zech/exia_ws/build/exia_control/build install --record /home/zech/exia_ws/build/exia_control/install.log --single-version-externally-managed install_data
[1.001s] running egg_info
[1.002s] writing ../../build/exia_control/exia_control.egg-info/PKG-INFO
[1.002s] writing dependency_links to ../../build/exia_control/exia_control.egg-info/dependency_links.txt
[1.002s] writing entry points to ../../build/exia_control/exia_control.egg-info/entry_points.txt
[1.002s] writing requirements to ../../build/exia_control/exia_control.egg-info/requires.txt
[1.002s] writing top-level names to ../../build/exia_control/exia_control.egg-info/top_level.txt
[1.004s] reading manifest file '../../build/exia_control/exia_control.egg-info/SOURCES.txt'
[1.005s] writing manifest file '../../build/exia_control/exia_control.egg-info/SOURCES.txt'
[1.005s] running build
[1.005s] running build_py
[1.005s] copying exia_control/nav_to_cmd.py -> /home/zech/exia_ws/build/exia_control/build/lib/exia_control
[1.006s] running install
[1.006s] running install_lib
[1.007s] copying /home/zech/exia_ws/build/exia_control/build/lib/exia_control/nav_to_cmd.py -> /home/zech/exia_ws/install/exia_control/lib/python3.10/site-packages/exia_control
[1.008s] byte-compiling /home/zech/exia_ws/install/exia_control/lib/python3.10/site-packages/exia_control/nav_to_cmd.py to nav_to_cmd.cpython-310.pyc
[1.010s] running install_data
[1.010s] running install_egg_info
[1.012s] removing '/home/zech/exia_ws/install/exia_control/lib/python3.10/site-packages/exia_control-1.0.0-py3.10.egg-info' (and everything under it)
[1.012s] Copying ../../build/exia_control/exia_control.egg-info to /home/zech/exia_ws/install/exia_control/lib/python3.10/site-packages/exia_control-1.0.0-py3.10.egg-info
[1.012s] running install_scripts
[1.032s] Installing ackermann_drive_node script to /home/zech/exia_ws/install/exia_control/lib/exia_control
[1.033s] Installing dynamic_navigator_node script to /home/zech/exia_ws/install/exia_control/lib/exia_control
[1.033s] Installing nav_to script to /home/zech/exia_ws/install/exia_control/lib/exia_control
[1.033s] writing list of installed files to '/home/zech/exia_ws/build/exia_control/install.log'
[1.061s] Invoked command in '/home/zech/exia_ws/src/exia_control' returned '0': CMAKE_PREFIX_PATH=/home/zech/exia_ws/install/exia_msgs:/home/zech/exia_ws/install/exia_bringup:/home/zech/exia_ws/install/exia_ground_description:/home/zech/ros2_ws/install/eclipse_diffdrive:/home/zech/ros2_ws/install/eclipse_ackermann PYTHONPATH=/home/zech/exia_ws/build/exia_control/prefix_override:/usr/lib/python3/dist-packages/colcon_core/task/python/colcon_distutils_commands:/home/zech/exia_ws/install/exia_control/lib/python3.10/site-packages:${PYTHONPATH} VIRTUAL_ENV_PROMPT=(.venv) /usr/bin/python3 -W ignore:setup.py install is deprecated -W ignore:easy_install command is deprecated setup.py egg_info --egg-base ../../build/exia_control build --build-base /home/zech/exia_ws/build/exia_control/build install --record /home/zech/exia_ws/build/exia_control/install.log --single-version-externally-managed install_data
