-- The C compiler identification is GNU 11.4.0
-- The CXX compiler identification is GNU 11.4.0
-- Detecting C compiler ABI info
-- Detecting C compiler ABI info - done
-- Check for working C compiler: /usr/bin/cc - skipped
-- Detecting C compile features
-- Detecting C compile features - done
-- Detecting CXX compiler ABI info
-- Detecting CXX compiler ABI info - done
-- Check for working CXX compiler: /usr/bin/c++ - skipped
-- Detecting CXX compile features
-- Detecting CXX compile features - done
-- Found ament_cmake: 1.3.12 (/opt/ros/humble/share/ament_cmake/cmake)
-- Found Python3: /usr/bin/python3 (found version "3.10.12") found components: Interpreter 
-- Found rosidl_default_generators: 1.2.0 (/opt/ros/humble/share/rosidl_default_generators/cmake)
-- Using all available rosidl_typesupport_c: rosidl_typesupport_fastrtps_c;rosidl_typesupport_introspection_c
-- Found rosidl_adapter: 3.1.8 (/opt/ros/humble/share/rosidl_adapter/cmake)
-- Using all available rosidl_typesupport_cpp: rosidl_typesupport_fastrtps_cpp;rosidl_typesupport_introspection_cpp
-- Configuring done
-- Generating done
-- Build files have been written to: /home/zech/exia_ws/build/exia_msgs
-- Install configuration: ""
-- Installing: /home/zech/exia_ws/install/exia_msgs/share/ament_index/resource_index/package_run_dependencies/exia_msgs
-- Installing: /home/zech/exia_ws/install/exia_msgs/share/ament_index/resource_index/parent_prefix_path/exia_msgs
-- Installing: /home/zech/exia_ws/install/exia_msgs/share/exia_msgs/environment/ament_prefix_path.sh
-- Installing: /home/zech/exia_ws/install/exia_msgs/share/exia_msgs/environment/ament_prefix_path.dsv
-- Installing: /home/zech/exia_ws/install/exia_msgs/share/exia_msgs/environment/path.sh
-- Installing: /home/zech/exia_ws/install/exia_msgs/share/exia_msgs/environment/path.dsv
-- Installing: /home/zech/exia_ws/install/exia_msgs/share/exia_msgs/local_setup.bash
-- Installing: /home/zech/exia_ws/install/exia_msgs/share/exia_msgs/local_setup.sh
-- Installing: /home/zech/exia_ws/install/exia_msgs/share/exia_msgs/local_setup.zsh
-- Installing: /home/zech/exia_ws/install/exia_msgs/share/exia_msgs/local_setup.dsv
-- Installing: /home/zech/exia_ws/install/exia_msgs/share/exia_msgs/package.dsv
-- Installing: /home/zech/exia_ws/install/exia_msgs/share/ament_index/resource_index/packages/exia_msgs
-- Installing: /home/zech/exia_ws/install/exia_msgs/share/exia_msgs/cmake/exia_msgsConfig.cmake
-- Installing: /home/zech/exia_ws/install/exia_msgs/share/exia_msgs/cmake/exia_msgsConfig-version.cmake
-- Installing: /home/zech/exia_ws/install/exia_msgs/share/exia_msgs/package.xml
