[0.007s] Invoking command in '/home/zech/exia_ws/build/exia_msgs': CMAKE_PREFIX_PATH=${CMAKE_PREFIX_PATH}:/home/zech/exia_ws/install/exia_driver:/home/zech/exia_ws/install/exia_control:/opt/ros/humble /usr/bin/cmake --build /home/zech/exia_ws/build/exia_msgs -- -j20 -l20
[0.030s] -- Found ament_cmake: 1.3.12 (/opt/ros/humble/share/ament_cmake/cmake)
[0.120s] -- Found rosidl_default_generators: 1.2.0 (/opt/ros/humble/share/rosidl_default_generators/cmake)
[0.122s] -- Using all available rosidl_typesupport_c: rosidl_typesupport_fastrtps_c;rosidl_typesupport_introspection_c
[0.125s] -- Found rosidl_adapter: 3.1.8 (/opt/ros/humble/share/rosidl_adapter/cmake)
[0.154s] -- Using all available rosidl_typesupport_cpp: rosidl_typesupport_fastrtps_cpp;rosidl_typesupport_introspection_cpp
[0.323s] -- Found ament_cmake_ros: 0.10.0 (/opt/ros/humble/share/ament_cmake_ros/cmake)
[0.450s] -- Using all available rosidl_typesupport_c: rosidl_typesupport_fastrtps_c;rosidl_typesupport_introspection_c
[0.602s] -- Using all available rosidl_typesupport_cpp: rosidl_typesupport_fastrtps_cpp;rosidl_typesupport_introspection_cpp
[0.614s] -- Found PythonInterp: /home/zech/exia_ws/.venv/bin/python3 (found suitable version "3.10.12", minimum required is "3.6") 
[0.617s] -- Found python_cmake_module: 0.10.0 (/opt/ros/humble/share/python_cmake_module/cmake)
[0.635s] -- Found PythonLibs: /usr/lib/x86_64-linux-gnu/libpython3.10.so (found suitable version "3.10.12", minimum required is "3.5") 
[0.635s] -- Using PYTHON_EXECUTABLE: /home/zech/exia_ws/.venv/bin/python3
[0.635s] -- Using PYTHON_INCLUDE_DIRS: /usr/include/python3.10
[0.635s] -- Using PYTHON_LIBRARIES: /usr/lib/x86_64-linux-gnu/libpython3.10.so
[0.653s] -- Found PythonExtra: .so  
[0.689s] -- Configuring done
[0.702s] -- Generating done
[0.706s] -- Build files have been written to: /home/zech/exia_ws/build/exia_msgs
[0.726s] [  3%] Generating C code for ROS interfaces
[0.734s] [  6%] Generating C++ code for ROS interfaces
[0.741s] [  6%] Built target ament_cmake_python_copy_exia_msgs
[0.864s] running egg_info
[0.864s] creating exia_msgs.egg-info
[0.864s] writing exia_msgs.egg-info/PKG-INFO
[0.864s] writing dependency_links to exia_msgs.egg-info/dependency_links.txt
[0.864s] writing top-level names to exia_msgs.egg-info/top_level.txt
[0.864s] writing manifest file 'exia_msgs.egg-info/SOURCES.txt'
[0.865s] reading manifest file 'exia_msgs.egg-info/SOURCES.txt'
[0.866s] writing manifest file 'exia_msgs.egg-info/SOURCES.txt'
[0.871s] [  6%] Built target exia_msgs__cpp
[0.876s] [  9%] Generating C++ introspection for ROS interfaces
[0.876s] [ 12%] Building C object CMakeFiles/exia_msgs__rosidl_generator_c.dir/rosidl_generator_c/exia_msgs/msg/detail/navigation_goal__functions.c.o
[0.878s] [ 16%] Generating C++ type support dispatch for ROS interfaces
[0.878s] [ 19%] Generating C++ type support for eProsima Fast-RTPS
[0.882s] [ 19%] Built target ament_cmake_python_build_exia_msgs_egg
[0.924s] [ 22%] Linking C shared library libexia_msgs__rosidl_generator_c.so
[0.957s] [ 22%] Built target exia_msgs__rosidl_generator_c
[0.962s] [ 25%] Generating C introspection for ROS interfaces
[0.963s] [ 29%] Generating C type support for eProsima Fast-RTPS
[0.964s] [ 32%] Generating C type support dispatch for ROS interfaces
[0.999s] [ 35%] Building CXX object CMakeFiles/exia_msgs__rosidl_typesupport_cpp.dir/rosidl_typesupport_cpp/exia_msgs/msg/navigation_goal__type_support.cpp.o
[1.005s] [ 38%] Building CXX object CMakeFiles/exia_msgs__rosidl_typesupport_introspection_cpp.dir/rosidl_typesupport_introspection_cpp/exia_msgs/msg/detail/navigation_goal__type_support.cpp.o
[1.029s] [ 41%] Building CXX object CMakeFiles/exia_msgs__rosidl_typesupport_fastrtps_cpp.dir/rosidl_typesupport_fastrtps_cpp/exia_msgs/msg/detail/dds_fastrtps/navigation_goal__type_support.cpp.o
[1.096s] [ 45%] Building CXX object CMakeFiles/exia_msgs__rosidl_typesupport_c.dir/rosidl_typesupport_c/exia_msgs/msg/navigation_goal__type_support.cpp.o
[1.104s] [ 48%] Building C object CMakeFiles/exia_msgs__rosidl_typesupport_introspection_c.dir/rosidl_typesupport_introspection_c/exia_msgs/msg/detail/navigation_goal__type_support.c.o
[1.120s] [ 51%] Building CXX object CMakeFiles/exia_msgs__rosidl_typesupport_fastrtps_c.dir/rosidl_typesupport_fastrtps_c/exia_msgs/msg/detail/navigation_goal__type_support_c.cpp.o
[1.121s] [ 54%] Linking CXX shared library libexia_msgs__rosidl_typesupport_c.so
[1.126s] [ 58%] Linking C shared library libexia_msgs__rosidl_typesupport_introspection_c.so
[1.147s] [ 58%] Built target exia_msgs__rosidl_typesupport_introspection_c
[1.153s] [ 58%] Built target exia_msgs__rosidl_typesupport_c
[1.173s] [ 61%] Linking CXX shared library libexia_msgs__rosidl_typesupport_cpp.so
[1.203s] [ 61%] Built target exia_msgs__rosidl_typesupport_cpp
[1.231s] [ 64%] Linking CXX shared library libexia_msgs__rosidl_typesupport_introspection_cpp.so
[1.241s] [ 67%] Linking CXX shared library libexia_msgs__rosidl_typesupport_fastrtps_cpp.so
[1.275s] [ 67%] Built target exia_msgs__rosidl_typesupport_introspection_cpp
[1.288s] [ 67%] Built target exia_msgs__rosidl_typesupport_fastrtps_cpp
[1.301s] [ 70%] Linking CXX shared library libexia_msgs__rosidl_typesupport_fastrtps_c.so
[1.347s] [ 70%] Built target exia_msgs__rosidl_typesupport_fastrtps_c
[1.364s] [ 70%] Built target exia_msgs
[1.385s] [ 74%] Generating Python code for ROS interfaces
[1.427s] Traceback (most recent call last):
[1.427s]   File "/opt/ros/humble/share/rosidl_generator_py/cmake/../../../lib/rosidl_generator_py/rosidl_generator_py", line 8, in <module>
[1.427s]     from rosidl_generator_py import generate_py
[1.427s] ImportError: cannot import name 'generate_py' from 'rosidl_generator_py' (/opt/ros/humble/local/lib/python3.10/dist-packages/rosidl_generator_py/__init__.py)
[1.430s] gmake[2]: *** [exia_msgs__py/CMakeFiles/exia_msgs__py.dir/build.make:91: rosidl_generator_py/exia_msgs/_exia_msgs_s.ep.rosidl_typesupport_fastrtps_c.c] Error 1
[1.430s] gmake[1]: *** [CMakeFiles/Makefile2:590: exia_msgs__py/CMakeFiles/exia_msgs__py.dir/all] Error 2
[1.430s] gmake: *** [Makefile:146: all] Error 2
[1.432s] Invoked command in '/home/zech/exia_ws/build/exia_msgs' returned '2': CMAKE_PREFIX_PATH=${CMAKE_PREFIX_PATH}:/home/zech/exia_ws/install/exia_driver:/home/zech/exia_ws/install/exia_control:/opt/ros/humble /usr/bin/cmake --build /home/zech/exia_ws/build/exia_msgs -- -j20 -l20
