[0.005s] Invoking command in '/home/zech/exia_ws/build/exia_ground_description': CMAKE_PREFIX_PATH=${CMAKE_PREFIX_PATH}:/opt/ros/humble /usr/bin/cmake /home/zech/exia_ws/src/exia_ground_description -DCMAKE_INSTALL_PREFIX=/home/zech/exia_ws/install/exia_ground_description
[0.055s] -- The C compiler identification is GNU 11.4.0
[0.107s] -- The CXX compiler identification is GNU 11.4.0
[0.111s] -- Detecting C compiler ABI info
[0.193s] -- Detecting C compiler ABI info - done
[0.201s] -- Check for working C compiler: /usr/bin/cc - skipped
[0.201s] -- Detecting C compile features
[0.202s] -- Detecting C compile features - done
[0.205s] -- Detecting CXX compiler ABI info
[0.294s] -- Detecting CXX compiler ABI info - done
[0.301s] -- Check for working CXX compiler: /usr/bin/c++ - skipped
[0.301s] -- Detecting CXX compile features
[0.301s] -- Detecting CXX compile features - done
[0.302s] -- Found ament_cmake: 1.3.12 (/opt/ros/humble/share/ament_cmake/cmake)
[0.400s] -- Found Python3: /usr/bin/python3 (found version "3.10.12") found components: Interpreter 
[0.486s] -- Configuring done
[0.487s] -- Generating done
[0.488s] -- Build files have been written to: /home/zech/exia_ws/build/exia_ground_description
[0.491s] Invoked command in '/home/zech/exia_ws/build/exia_ground_description' returned '0': CMAKE_PREFIX_PATH=${CMAKE_PREFIX_PATH}:/opt/ros/humble /usr/bin/cmake /home/zech/exia_ws/src/exia_ground_description -DCMAKE_INSTALL_PREFIX=/home/zech/exia_ws/install/exia_ground_description
[0.492s] Invoking command in '/home/zech/exia_ws/build/exia_ground_description': CMAKE_PREFIX_PATH=${CMAKE_PREFIX_PATH}:/opt/ros/humble /usr/bin/cmake --build /home/zech/exia_ws/build/exia_ground_description -- -j20 -l20
[0.520s] Invoked command in '/home/zech/exia_ws/build/exia_ground_description' returned '0': CMAKE_PREFIX_PATH=${CMAKE_PREFIX_PATH}:/opt/ros/humble /usr/bin/cmake --build /home/zech/exia_ws/build/exia_ground_description -- -j20 -l20
[0.529s] Invoking command in '/home/zech/exia_ws/build/exia_ground_description': CMAKE_PREFIX_PATH=${CMAKE_PREFIX_PATH}:/opt/ros/humble /usr/bin/cmake --install /home/zech/exia_ws/build/exia_ground_description
[0.534s] -- Install configuration: ""
[0.534s] -- Installing: /home/zech/exia_ws/install/exia_ground_description/share/exia_ground_description/urdf
[0.534s] -- Installing: /home/zech/exia_ws/install/exia_ground_description/share/exia_ground_description/urdf/exia_ground.urdf.xacro
[0.534s] -- Installing: /home/zech/exia_ws/install/exia_ground_description/share/exia_ground_description/launch
[0.534s] -- Installing: /home/zech/exia_ws/install/exia_ground_description/share/exia_ground_description/launch/exia_ground_sim.launch.py
[0.534s] -- Installing: /home/zech/exia_ws/install/exia_ground_description/share/exia_ground_description/launch/exia_ground_state.launch.py
[0.534s] -- Installing: /home/zech/exia_ws/install/exia_ground_description/share/exia_ground_description/rviz
[0.534s] -- Installing: /home/zech/exia_ws/install/exia_ground_description/share/exia_ground_description/rviz/exia_ground.rviz
[0.534s] -- Installing: /home/zech/exia_ws/install/exia_ground_description/share/exia_ground_description/config
[0.534s] -- Installing: /home/zech/exia_ws/install/exia_ground_description/share/exia_ground_description/config/hardware_config.yaml
[0.534s] -- Installing: /home/zech/exia_ws/install/exia_ground_description/share/exia_ground_description/config/ackermann_controllers.yaml
[0.534s] -- Installing: /home/zech/exia_ws/install/exia_ground_description/lib/exia_ground_description/exia_control
[0.534s] -- Installing: /home/zech/exia_ws/install/exia_ground_description/lib/exia_ground_description/exia_control/control
[0.535s] -- Installing: /home/zech/exia_ws/install/exia_ground_description/lib/exia_ground_description/exia_control/control/__init__.py
[0.535s] -- Installing: /home/zech/exia_ws/install/exia_ground_description/lib/exia_ground_description/exia_control/control/ackermann_drive.py
[0.535s] -- Installing: /home/zech/exia_ws/install/exia_ground_description/lib/exia_ground_description/exia_control/hal
[0.535s] -- Installing: /home/zech/exia_ws/install/exia_ground_description/lib/exia_ground_description/exia_control/hal/simulation.py
[0.535s] -- Installing: /home/zech/exia_ws/install/exia_ground_description/lib/exia_ground_description/exia_control/hal/__init__.py
[0.535s] -- Installing: /home/zech/exia_ws/install/exia_ground_description/lib/exia_ground_description/exia_control/hal/base.py
[0.535s] -- Installing: /home/zech/exia_ws/install/exia_ground_description/lib/exia_ground_description/exia_control/__init__.py
[0.536s] -- Installing: /home/zech/exia_ws/install/exia_ground_description/lib/exia_ground_description/exia_control/planning
[0.536s] -- Installing: /home/zech/exia_ws/install/exia_ground_description/lib/exia_ground_description/exia_control/planning/paths.py
[0.536s] -- Installing: /home/zech/exia_ws/install/exia_ground_description/lib/exia_ground_description/exia_control/planning/__init__.py
[0.536s] -- Installing: /home/zech/exia_ws/install/exia_ground_description/lib/exia_ground_description/exia_control/planning/pure_pursuit.py
[0.536s] -- Installing: /home/zech/exia_ws/install/exia_ground_description/lib/exia_ground_description/exia_control/planning/__pycache__
[0.536s] -- Installing: /home/zech/exia_ws/install/exia_ground_description/lib/exia_ground_description/exia_control/__pycache__
[0.536s] -- Installing: /home/zech/exia_ws/install/exia_ground_description/lib/exia_ground_description/ackermann_drive_node.py
[0.536s] -- Installing: /home/zech/exia_ws/install/exia_ground_description/lib/exia_ground_description/path_follower_node.py
[0.536s] -- Installing: /home/zech/exia_ws/install/exia_ground_description/lib/exia_ground_description/ackermann_odometry.py
[0.536s] -- Installing: /home/zech/exia_ws/install/exia_ground_description/share/ament_index/resource_index/package_run_dependencies/exia_ground_description
[0.536s] -- Installing: /home/zech/exia_ws/install/exia_ground_description/share/ament_index/resource_index/parent_prefix_path/exia_ground_description
[0.536s] -- Installing: /home/zech/exia_ws/install/exia_ground_description/share/exia_ground_description/environment/ament_prefix_path.sh
[0.536s] -- Installing: /home/zech/exia_ws/install/exia_ground_description/share/exia_ground_description/environment/ament_prefix_path.dsv
[0.536s] -- Installing: /home/zech/exia_ws/install/exia_ground_description/share/exia_ground_description/environment/path.sh
[0.536s] -- Installing: /home/zech/exia_ws/install/exia_ground_description/share/exia_ground_description/environment/path.dsv
[0.536s] -- Installing: /home/zech/exia_ws/install/exia_ground_description/share/exia_ground_description/local_setup.bash
[0.536s] -- Installing: /home/zech/exia_ws/install/exia_ground_description/share/exia_ground_description/local_setup.sh
[0.536s] -- Installing: /home/zech/exia_ws/install/exia_ground_description/share/exia_ground_description/local_setup.zsh
[0.536s] -- Installing: /home/zech/exia_ws/install/exia_ground_description/share/exia_ground_description/local_setup.dsv
[0.536s] -- Installing: /home/zech/exia_ws/install/exia_ground_description/share/exia_ground_description/package.dsv
[0.536s] -- Installing: /home/zech/exia_ws/install/exia_ground_description/share/ament_index/resource_index/packages/exia_ground_description
[0.537s] -- Installing: /home/zech/exia_ws/install/exia_ground_description/share/exia_ground_description/cmake/exia_ground_descriptionConfig.cmake
[0.537s] -- Installing: /home/zech/exia_ws/install/exia_ground_description/share/exia_ground_description/cmake/exia_ground_descriptionConfig-version.cmake
[0.537s] -- Installing: /home/zech/exia_ws/install/exia_ground_description/share/exia_ground_description/package.xml
[0.537s] Invoked command in '/home/zech/exia_ws/build/exia_ground_description' returned '0': CMAKE_PREFIX_PATH=${CMAKE_PREFIX_PATH}:/opt/ros/humble /usr/bin/cmake --install /home/zech/exia_ws/build/exia_ground_description
