[0.071s] DEBUG:colcon:Command line arguments: ['/usr/bin/colcon', 'build', '--packages-select', 'exia_control', 'exia_bringup']
[0.071s] DEBUG:colcon:Parsed command line arguments: Namespace(log_base=None, log_level=None, verb_name='build', build_base='build', install_base='install', merge_install=False, symlink_install=False, test_result_base=None, continue_on_error=False, executor='parallel', parallel_workers=20, event_handlers=None, ignore_user_meta=False, metas=['./colcon.meta'], base_paths=['.'], packages_ignore=None, packages_ignore_regex=None, paths=None, packages_up_to=None, packages_up_to_regex=None, packages_above=None, packages_above_and_dependencies=None, packages_above_depth=None, packages_select_by_dep=None, packages_skip_by_dep=None, packages_skip_up_to=None, packages_select_build_failed=False, packages_skip_build_finished=False, packages_select_test_failures=False, packages_skip_test_passed=False, packages_select=['exia_control', 'exia_bringup'], packages_skip=None, packages_select_regex=None, packages_skip_regex=None, packages_start=None, packages_end=None, allow_overriding=[], cmake_args=None, cmake_target=None, cmake_target_skip_unavailable=False, cmake_clean_cache=False, cmake_clean_first=False, cmake_force_configure=False, ament_cmake_args=None, catkin_cmake_args=None, catkin_skip_building_tests=False, verb_parser=<colcon_defaults.argument_parser.defaults.DefaultArgumentsDecorator object at 0x78642963a740>, verb_extension=<colcon_core.verb.build.BuildVerb object at 0x786429639720>, main=<bound method BuildVerb.main of <colcon_core.verb.build.BuildVerb object at 0x786429639720>>)
[0.144s] Level 1:colcon.colcon_core.package_discovery:discover_packages(colcon_meta) check parameters
[0.144s] Level 1:colcon.colcon_core.package_discovery:discover_packages(recursive) check parameters
[0.144s] Level 1:colcon.colcon_core.package_discovery:discover_packages(ignore) check parameters
[0.144s] Level 1:colcon.colcon_core.package_discovery:discover_packages(path) check parameters
[0.144s] Level 1:colcon.colcon_core.package_discovery:discover_packages(colcon_meta) discover
[0.144s] Level 1:colcon.colcon_core.package_discovery:discover_packages(recursive) discover
[0.144s] INFO:colcon.colcon_core.package_discovery:Crawling recursively for packages in '/home/zech/exia_ws'
[0.144s] Level 1:colcon.colcon_core.package_identification:_identify(.) by extensions ['ignore', 'ignore_ament_install']
[0.144s] Level 1:colcon.colcon_core.package_identification:_identify(.) by extension 'ignore'
[0.144s] Level 1:colcon.colcon_core.package_identification:_identify(.) by extension 'ignore_ament_install'
[0.144s] Level 1:colcon.colcon_core.package_identification:_identify(.) by extensions ['colcon_pkg']
[0.144s] Level 1:colcon.colcon_core.package_identification:_identify(.) by extension 'colcon_pkg'
[0.144s] Level 1:colcon.colcon_core.package_identification:_identify(.) by extensions ['colcon_meta']
[0.144s] Level 1:colcon.colcon_core.package_identification:_identify(.) by extension 'colcon_meta'
[0.144s] Level 1:colcon.colcon_core.package_identification:_identify(.) by extensions ['ros']
[0.144s] Level 1:colcon.colcon_core.package_identification:_identify(.) by extension 'ros'
[0.152s] Level 1:colcon.colcon_core.package_identification:_identify(.) by extensions ['cmake', 'python']
[0.152s] Level 1:colcon.colcon_core.package_identification:_identify(.) by extension 'cmake'
[0.152s] Level 1:colcon.colcon_core.package_identification:_identify(.) by extension 'python'
[0.152s] Level 1:colcon.colcon_core.package_identification:_identify(.) by extensions ['python_setup_py']
[0.152s] Level 1:colcon.colcon_core.package_identification:_identify(.) by extension 'python_setup_py'
[0.152s] Level 1:colcon.colcon_core.package_identification:_identify(arduino) by extensions ['ignore', 'ignore_ament_install']
[0.152s] Level 1:colcon.colcon_core.package_identification:_identify(arduino) by extension 'ignore'
[0.152s] Level 1:colcon.colcon_core.package_identification:_identify(arduino) by extension 'ignore_ament_install'
[0.152s] Level 1:colcon.colcon_core.package_identification:_identify(arduino) by extensions ['colcon_pkg']
[0.152s] Level 1:colcon.colcon_core.package_identification:_identify(arduino) by extension 'colcon_pkg'
[0.152s] Level 1:colcon.colcon_core.package_identification:_identify(arduino) by extensions ['colcon_meta']
[0.152s] Level 1:colcon.colcon_core.package_identification:_identify(arduino) by extension 'colcon_meta'
[0.152s] Level 1:colcon.colcon_core.package_identification:_identify(arduino) by extensions ['ros']
[0.152s] Level 1:colcon.colcon_core.package_identification:_identify(arduino) by extension 'ros'
[0.152s] Level 1:colcon.colcon_core.package_identification:_identify(arduino) by extensions ['cmake', 'python']
[0.152s] Level 1:colcon.colcon_core.package_identification:_identify(arduino) by extension 'cmake'
[0.152s] Level 1:colcon.colcon_core.package_identification:_identify(arduino) by extension 'python'
[0.152s] Level 1:colcon.colcon_core.package_identification:_identify(arduino) by extensions ['python_setup_py']
[0.152s] Level 1:colcon.colcon_core.package_identification:_identify(arduino) by extension 'python_setup_py'
[0.152s] Level 1:colcon.colcon_core.package_identification:_identify(arduino/exia_servo_controller) by extensions ['ignore', 'ignore_ament_install']
[0.152s] Level 1:colcon.colcon_core.package_identification:_identify(arduino/exia_servo_controller) by extension 'ignore'
[0.152s] Level 1:colcon.colcon_core.package_identification:_identify(arduino/exia_servo_controller) by extension 'ignore_ament_install'
[0.152s] Level 1:colcon.colcon_core.package_identification:_identify(arduino/exia_servo_controller) by extensions ['colcon_pkg']
[0.152s] Level 1:colcon.colcon_core.package_identification:_identify(arduino/exia_servo_controller) by extension 'colcon_pkg'
[0.152s] Level 1:colcon.colcon_core.package_identification:_identify(arduino/exia_servo_controller) by extensions ['colcon_meta']
[0.152s] Level 1:colcon.colcon_core.package_identification:_identify(arduino/exia_servo_controller) by extension 'colcon_meta'
[0.152s] Level 1:colcon.colcon_core.package_identification:_identify(arduino/exia_servo_controller) by extensions ['ros']
[0.152s] Level 1:colcon.colcon_core.package_identification:_identify(arduino/exia_servo_controller) by extension 'ros'
[0.152s] Level 1:colcon.colcon_core.package_identification:_identify(arduino/exia_servo_controller) by extensions ['cmake', 'python']
[0.152s] Level 1:colcon.colcon_core.package_identification:_identify(arduino/exia_servo_controller) by extension 'cmake'
[0.152s] Level 1:colcon.colcon_core.package_identification:_identify(arduino/exia_servo_controller) by extension 'python'
[0.152s] Level 1:colcon.colcon_core.package_identification:_identify(arduino/exia_servo_controller) by extensions ['python_setup_py']
[0.152s] Level 1:colcon.colcon_core.package_identification:_identify(arduino/exia_servo_controller) by extension 'python_setup_py'
[0.152s] Level 1:colcon.colcon_core.package_identification:_identify(build) by extensions ['ignore', 'ignore_ament_install']
[0.152s] Level 1:colcon.colcon_core.package_identification:_identify(build) by extension 'ignore'
[0.152s] Level 1:colcon.colcon_core.package_identification:_identify(build) ignored
[0.153s] Level 1:colcon.colcon_core.package_identification:_identify(install) by extensions ['ignore', 'ignore_ament_install']
[0.153s] Level 1:colcon.colcon_core.package_identification:_identify(install) by extension 'ignore'
[0.153s] Level 1:colcon.colcon_core.package_identification:_identify(install) ignored
[0.153s] Level 1:colcon.colcon_core.package_identification:_identify(log) by extensions ['ignore', 'ignore_ament_install']
[0.153s] Level 1:colcon.colcon_core.package_identification:_identify(log) by extension 'ignore'
[0.153s] Level 1:colcon.colcon_core.package_identification:_identify(log) ignored
[0.153s] Level 1:colcon.colcon_core.package_identification:_identify(scripts) by extensions ['ignore', 'ignore_ament_install']
[0.153s] Level 1:colcon.colcon_core.package_identification:_identify(scripts) by extension 'ignore'
[0.153s] Level 1:colcon.colcon_core.package_identification:_identify(scripts) by extension 'ignore_ament_install'
[0.153s] Level 1:colcon.colcon_core.package_identification:_identify(scripts) by extensions ['colcon_pkg']
[0.153s] Level 1:colcon.colcon_core.package_identification:_identify(scripts) by extension 'colcon_pkg'
[0.153s] Level 1:colcon.colcon_core.package_identification:_identify(scripts) by extensions ['colcon_meta']
[0.153s] Level 1:colcon.colcon_core.package_identification:_identify(scripts) by extension 'colcon_meta'
[0.153s] Level 1:colcon.colcon_core.package_identification:_identify(scripts) by extensions ['ros']
[0.153s] Level 1:colcon.colcon_core.package_identification:_identify(scripts) by extension 'ros'
[0.153s] Level 1:colcon.colcon_core.package_identification:_identify(scripts) by extensions ['cmake', 'python']
[0.153s] Level 1:colcon.colcon_core.package_identification:_identify(scripts) by extension 'cmake'
[0.153s] Level 1:colcon.colcon_core.package_identification:_identify(scripts) by extension 'python'
[0.153s] Level 1:colcon.colcon_core.package_identification:_identify(scripts) by extensions ['python_setup_py']
[0.153s] Level 1:colcon.colcon_core.package_identification:_identify(scripts) by extension 'python_setup_py'
[0.153s] Level 1:colcon.colcon_core.package_identification:_identify(src) by extensions ['ignore', 'ignore_ament_install']
[0.153s] Level 1:colcon.colcon_core.package_identification:_identify(src) by extension 'ignore'
[0.153s] Level 1:colcon.colcon_core.package_identification:_identify(src) by extension 'ignore_ament_install'
[0.153s] Level 1:colcon.colcon_core.package_identification:_identify(src) by extensions ['colcon_pkg']
[0.153s] Level 1:colcon.colcon_core.package_identification:_identify(src) by extension 'colcon_pkg'
[0.153s] Level 1:colcon.colcon_core.package_identification:_identify(src) by extensions ['colcon_meta']
[0.153s] Level 1:colcon.colcon_core.package_identification:_identify(src) by extension 'colcon_meta'
[0.153s] Level 1:colcon.colcon_core.package_identification:_identify(src) by extensions ['ros']
[0.153s] Level 1:colcon.colcon_core.package_identification:_identify(src) by extension 'ros'
[0.153s] Level 1:colcon.colcon_core.package_identification:_identify(src) by extensions ['cmake', 'python']
[0.153s] Level 1:colcon.colcon_core.package_identification:_identify(src) by extension 'cmake'
[0.153s] Level 1:colcon.colcon_core.package_identification:_identify(src) by extension 'python'
[0.153s] Level 1:colcon.colcon_core.package_identification:_identify(src) by extensions ['python_setup_py']
[0.153s] Level 1:colcon.colcon_core.package_identification:_identify(src) by extension 'python_setup_py'
[0.153s] Level 1:colcon.colcon_core.package_identification:_identify(src/exia_bringup) by extensions ['ignore', 'ignore_ament_install']
[0.153s] Level 1:colcon.colcon_core.package_identification:_identify(src/exia_bringup) by extension 'ignore'
[0.153s] Level 1:colcon.colcon_core.package_identification:_identify(src/exia_bringup) by extension 'ignore_ament_install'
[0.153s] Level 1:colcon.colcon_core.package_identification:_identify(src/exia_bringup) by extensions ['colcon_pkg']
[0.153s] Level 1:colcon.colcon_core.package_identification:_identify(src/exia_bringup) by extension 'colcon_pkg'
[0.153s] Level 1:colcon.colcon_core.package_identification:_identify(src/exia_bringup) by extensions ['colcon_meta']
[0.153s] Level 1:colcon.colcon_core.package_identification:_identify(src/exia_bringup) by extension 'colcon_meta'
[0.154s] Level 1:colcon.colcon_core.package_identification:_identify(src/exia_bringup) by extensions ['ros']
[0.154s] Level 1:colcon.colcon_core.package_identification:_identify(src/exia_bringup) by extension 'ros'
[0.155s] DEBUG:colcon.colcon_core.package_identification:Package 'src/exia_bringup' with type 'ros.ament_cmake' and name 'exia_bringup'
[0.155s] Level 1:colcon.colcon_core.package_identification:_identify(src/exia_control) by extensions ['ignore', 'ignore_ament_install']
[0.155s] Level 1:colcon.colcon_core.package_identification:_identify(src/exia_control) by extension 'ignore'
[0.155s] Level 1:colcon.colcon_core.package_identification:_identify(src/exia_control) by extension 'ignore_ament_install'
[0.155s] Level 1:colcon.colcon_core.package_identification:_identify(src/exia_control) by extensions ['colcon_pkg']
[0.155s] Level 1:colcon.colcon_core.package_identification:_identify(src/exia_control) by extension 'colcon_pkg'
[0.155s] Level 1:colcon.colcon_core.package_identification:_identify(src/exia_control) by extensions ['colcon_meta']
[0.155s] Level 1:colcon.colcon_core.package_identification:_identify(src/exia_control) by extension 'colcon_meta'
[0.155s] Level 1:colcon.colcon_core.package_identification:_identify(src/exia_control) by extensions ['ros']
[0.155s] Level 1:colcon.colcon_core.package_identification:_identify(src/exia_control) by extension 'ros'
[0.156s] DEBUG:colcon.colcon_core.package_identification:Package 'src/exia_control' with type 'ros.ament_python' and name 'exia_control'
[0.156s] Level 1:colcon.colcon_core.package_identification:_identify(src/exia_driver) by extensions ['ignore', 'ignore_ament_install']
[0.156s] Level 1:colcon.colcon_core.package_identification:_identify(src/exia_driver) by extension 'ignore'
[0.156s] Level 1:colcon.colcon_core.package_identification:_identify(src/exia_driver) by extension 'ignore_ament_install'
[0.156s] Level 1:colcon.colcon_core.package_identification:_identify(src/exia_driver) by extensions ['colcon_pkg']
[0.156s] Level 1:colcon.colcon_core.package_identification:_identify(src/exia_driver) by extension 'colcon_pkg'
[0.156s] Level 1:colcon.colcon_core.package_identification:_identify(src/exia_driver) by extensions ['colcon_meta']
[0.156s] Level 1:colcon.colcon_core.package_identification:_identify(src/exia_driver) by extension 'colcon_meta'
[0.156s] Level 1:colcon.colcon_core.package_identification:_identify(src/exia_driver) by extensions ['ros']
[0.156s] Level 1:colcon.colcon_core.package_identification:_identify(src/exia_driver) by extension 'ros'
[0.156s] DEBUG:colcon.colcon_core.package_identification:Package 'src/exia_driver' with type 'ros.ament_python' and name 'exia_driver'
[0.156s] Level 1:colcon.colcon_core.package_identification:_identify(src/exia_msgs) by extensions ['ignore', 'ignore_ament_install']
[0.156s] Level 1:colcon.colcon_core.package_identification:_identify(src/exia_msgs) by extension 'ignore'
[0.156s] Level 1:colcon.colcon_core.package_identification:_identify(src/exia_msgs) by extension 'ignore_ament_install'
[0.156s] Level 1:colcon.colcon_core.package_identification:_identify(src/exia_msgs) by extensions ['colcon_pkg']
[0.156s] Level 1:colcon.colcon_core.package_identification:_identify(src/exia_msgs) by extension 'colcon_pkg'
[0.157s] Level 1:colcon.colcon_core.package_identification:_identify(src/exia_msgs) by extensions ['colcon_meta']
[0.157s] Level 1:colcon.colcon_core.package_identification:_identify(src/exia_msgs) by extension 'colcon_meta'
[0.157s] Level 1:colcon.colcon_core.package_identification:_identify(src/exia_msgs) by extensions ['ros']
[0.157s] Level 1:colcon.colcon_core.package_identification:_identify(src/exia_msgs) by extension 'ros'
[0.157s] DEBUG:colcon.colcon_core.package_identification:Package 'src/exia_msgs' with type 'ros.ament_cmake' and name 'exia_msgs'
[0.157s] Level 1:colcon.colcon_core.package_discovery:discover_packages(recursive) using defaults
[0.157s] Level 1:colcon.colcon_core.package_discovery:discover_packages(ignore) discover
[0.157s] Level 1:colcon.colcon_core.package_discovery:discover_packages(ignore) using defaults
[0.157s] Level 1:colcon.colcon_core.package_discovery:discover_packages(path) discover
[0.157s] Level 1:colcon.colcon_core.package_discovery:discover_packages(path) using defaults
[0.169s] INFO:colcon.colcon_core.package_selection:Skipping not selected package 'exia_driver' in 'src/exia_driver'
[0.169s] INFO:colcon.colcon_core.package_selection:Skipping not selected package 'exia_msgs' in 'src/exia_msgs'
[0.169s] Level 1:colcon.colcon_core.package_discovery:discover_packages(prefix_path) check parameters
[0.169s] Level 1:colcon.colcon_core.package_discovery:discover_packages(prefix_path) discover
[0.170s] DEBUG:colcon.colcon_installed_package_information.package_discovery:Found 5 installed packages in /home/zech/exia_ws/install
[0.170s] DEBUG:colcon.colcon_installed_package_information.package_discovery:Found 2 installed packages in /home/zech/ros2_ws/install
[0.171s] DEBUG:colcon.colcon_installed_package_information.package_discovery:Found 311 installed packages in /opt/ros/humble
[0.172s] Level 1:colcon.colcon_core.package_discovery:discover_packages(prefix_path) using defaults
[0.199s] Level 5:colcon.colcon_core.verb:set package 'exia_control' build argument 'cmake_args' from command line to 'None'
[0.199s] Level 5:colcon.colcon_core.verb:set package 'exia_control' build argument 'cmake_target' from command line to 'None'
[0.199s] Level 5:colcon.colcon_core.verb:set package 'exia_control' build argument 'cmake_target_skip_unavailable' from command line to 'False'
[0.199s] Level 5:colcon.colcon_core.verb:set package 'exia_control' build argument 'cmake_clean_cache' from command line to 'False'
[0.199s] Level 5:colcon.colcon_core.verb:set package 'exia_control' build argument 'cmake_clean_first' from command line to 'False'
[0.199s] Level 5:colcon.colcon_core.verb:set package 'exia_control' build argument 'cmake_force_configure' from command line to 'False'
[0.199s] Level 5:colcon.colcon_core.verb:set package 'exia_control' build argument 'ament_cmake_args' from command line to 'None'
[0.199s] Level 5:colcon.colcon_core.verb:set package 'exia_control' build argument 'catkin_cmake_args' from command line to 'None'
[0.199s] Level 5:colcon.colcon_core.verb:set package 'exia_control' build argument 'catkin_skip_building_tests' from command line to 'False'
[0.200s] DEBUG:colcon.colcon_core.verb:Building package 'exia_control' with the following arguments: {'ament_cmake_args': None, 'build_base': '/home/zech/exia_ws/build/exia_control', 'catkin_cmake_args': None, 'catkin_skip_building_tests': False, 'cmake_args': None, 'cmake_clean_cache': False, 'cmake_clean_first': False, 'cmake_force_configure': False, 'cmake_target': None, 'cmake_target_skip_unavailable': False, 'install_base': '/home/zech/exia_ws/install/exia_control', 'merge_install': False, 'path': '/home/zech/exia_ws/src/exia_control', 'symlink_install': False, 'test_result_base': None}
[0.200s] Level 5:colcon.colcon_core.verb:set package 'exia_bringup' build argument 'cmake_args' from command line to 'None'
[0.200s] Level 5:colcon.colcon_core.verb:set package 'exia_bringup' build argument 'cmake_target' from command line to 'None'
[0.200s] Level 5:colcon.colcon_core.verb:set package 'exia_bringup' build argument 'cmake_target_skip_unavailable' from command line to 'False'
[0.200s] Level 5:colcon.colcon_core.verb:set package 'exia_bringup' build argument 'cmake_clean_cache' from command line to 'False'
[0.200s] Level 5:colcon.colcon_core.verb:set package 'exia_bringup' build argument 'cmake_clean_first' from command line to 'False'
[0.200s] Level 5:colcon.colcon_core.verb:set package 'exia_bringup' build argument 'cmake_force_configure' from command line to 'False'
[0.200s] Level 5:colcon.colcon_core.verb:set package 'exia_bringup' build argument 'ament_cmake_args' from command line to 'None'
[0.200s] Level 5:colcon.colcon_core.verb:set package 'exia_bringup' build argument 'catkin_cmake_args' from command line to 'None'
[0.200s] Level 5:colcon.colcon_core.verb:set package 'exia_bringup' build argument 'catkin_skip_building_tests' from command line to 'False'
[0.200s] DEBUG:colcon.colcon_core.verb:Building package 'exia_bringup' with the following arguments: {'ament_cmake_args': None, 'build_base': '/home/zech/exia_ws/build/exia_bringup', 'catkin_cmake_args': None, 'catkin_skip_building_tests': False, 'cmake_args': None, 'cmake_clean_cache': False, 'cmake_clean_first': False, 'cmake_force_configure': False, 'cmake_target': None, 'cmake_target_skip_unavailable': False, 'install_base': '/home/zech/exia_ws/install/exia_bringup', 'merge_install': False, 'path': '/home/zech/exia_ws/src/exia_bringup', 'symlink_install': False, 'test_result_base': None}
[0.200s] INFO:colcon.colcon_core.executor:Executing jobs using 'parallel' executor
[0.201s] DEBUG:colcon.colcon_parallel_executor.executor.parallel:run_until_complete
[0.201s] INFO:colcon.colcon_ros.task.ament_python.build:Building ROS package in '/home/zech/exia_ws/src/exia_control' with build type 'ament_python'
[0.201s] Level 1:colcon.colcon_core.shell:create_environment_hook('exia_control', 'ament_prefix_path')
[0.202s] INFO:colcon.colcon_core.plugin_system:Skipping extension 'colcon_core.shell.bat': Not used on non-Windows systems
[0.202s] INFO:colcon.colcon_core.shell:Creating environment hook '/home/zech/exia_ws/install/exia_control/share/exia_control/hook/ament_prefix_path.ps1'
[0.203s] INFO:colcon.colcon_core.shell:Creating environment descriptor '/home/zech/exia_ws/install/exia_control/share/exia_control/hook/ament_prefix_path.dsv'
[0.203s] INFO:colcon.colcon_core.shell:Creating environment hook '/home/zech/exia_ws/install/exia_control/share/exia_control/hook/ament_prefix_path.sh'
[0.203s] INFO:colcon.colcon_core.shell:Skip shell extension 'powershell' for command environment: Not usable outside of PowerShell
[0.203s] DEBUG:colcon.colcon_core.shell:Skip shell extension 'dsv' for command environment
[0.331s] INFO:colcon.colcon_core.task.python.build:Building Python package in '/home/zech/exia_ws/src/exia_control'
[0.331s] INFO:colcon.colcon_core.shell:Skip shell extension 'powershell' for command environment: Not usable outside of PowerShell
[0.331s] DEBUG:colcon.colcon_core.shell:Skip shell extension 'dsv' for command environment
[0.506s] DEBUG:colcon.colcon_core.event_handler.log_command:Invoking command in '/home/zech/exia_ws/src/exia_control': PYTHONPATH=/home/zech/exia_ws/build/exia_control/prefix_override:/usr/lib/python3/dist-packages/colcon_core/task/python/colcon_distutils_commands:/home/zech/exia_ws/install/exia_control/lib/python3.10/site-packages:${PYTHONPATH} /usr/bin/python3 -W ignore:setup.py install is deprecated -W ignore:easy_install command is deprecated setup.py egg_info --egg-base ../../build/exia_control build --build-base /home/zech/exia_ws/build/exia_control/build install --record /home/zech/exia_ws/build/exia_control/install.log --single-version-externally-managed install_data
[0.646s] DEBUG:colcon.colcon_core.event_handler.log_command:Invoked command in '/home/zech/exia_ws/src/exia_control' returned '0': PYTHONPATH=/home/zech/exia_ws/build/exia_control/prefix_override:/usr/lib/python3/dist-packages/colcon_core/task/python/colcon_distutils_commands:/home/zech/exia_ws/install/exia_control/lib/python3.10/site-packages:${PYTHONPATH} /usr/bin/python3 -W ignore:setup.py install is deprecated -W ignore:easy_install command is deprecated setup.py egg_info --egg-base ../../build/exia_control build --build-base /home/zech/exia_ws/build/exia_control/build install --record /home/zech/exia_ws/build/exia_control/install.log --single-version-externally-managed install_data
[0.647s] Level 1:colcon.colcon_core.environment:checking '/home/zech/exia_ws/install/exia_control' for CMake module files
[0.647s] Level 1:colcon.colcon_core.environment:checking '/home/zech/exia_ws/install/exia_control' for CMake config files
[0.648s] Level 1:colcon.colcon_core.environment:checking '/home/zech/exia_ws/install/exia_control/lib'
[0.648s] Level 1:colcon.colcon_core.environment:checking '/home/zech/exia_ws/install/exia_control/bin'
[0.648s] Level 1:colcon.colcon_core.environment:checking '/home/zech/exia_ws/install/exia_control/lib/pkgconfig/exia_control.pc'
[0.648s] Level 1:colcon.colcon_core.environment:checking '/home/zech/exia_ws/install/exia_control/lib/python3.10/site-packages'
[0.648s] Level 1:colcon.colcon_core.shell:create_environment_hook('exia_control', 'pythonpath')
[0.648s] INFO:colcon.colcon_core.shell:Creating environment hook '/home/zech/exia_ws/install/exia_control/share/exia_control/hook/pythonpath.ps1'
[0.648s] INFO:colcon.colcon_core.shell:Creating environment descriptor '/home/zech/exia_ws/install/exia_control/share/exia_control/hook/pythonpath.dsv'
[0.649s] INFO:colcon.colcon_core.shell:Creating environment hook '/home/zech/exia_ws/install/exia_control/share/exia_control/hook/pythonpath.sh'
[0.649s] Level 1:colcon.colcon_core.environment:checking '/home/zech/exia_ws/install/exia_control/bin'
[0.649s] Level 1:colcon.colcon_core.environment:create_environment_scripts_only(exia_control)
[0.649s] INFO:colcon.colcon_core.shell:Creating package script '/home/zech/exia_ws/install/exia_control/share/exia_control/package.ps1'
[0.650s] INFO:colcon.colcon_core.shell:Creating package descriptor '/home/zech/exia_ws/install/exia_control/share/exia_control/package.dsv'
[0.650s] INFO:colcon.colcon_core.shell:Creating package script '/home/zech/exia_ws/install/exia_control/share/exia_control/package.sh'
[0.650s] INFO:colcon.colcon_core.shell:Creating package script '/home/zech/exia_ws/install/exia_control/share/exia_control/package.bash'
[0.651s] INFO:colcon.colcon_core.shell:Creating package script '/home/zech/exia_ws/install/exia_control/share/exia_control/package.zsh'
[0.651s] Level 1:colcon.colcon_core.environment:create_file_with_runtime_dependencies(/home/zech/exia_ws/install/exia_control/share/colcon-core/packages/exia_control)
[0.651s] INFO:colcon.colcon_ros.task.ament_cmake.build:Building ROS package in '/home/zech/exia_ws/src/exia_bringup' with build type 'ament_cmake'
[0.651s] INFO:colcon.colcon_cmake.task.cmake.build:Building CMake package in '/home/zech/exia_ws/src/exia_bringup'
[0.651s] INFO:colcon.colcon_core.shell:Skip shell extension 'powershell' for command environment: Not usable outside of PowerShell
[0.651s] DEBUG:colcon.colcon_core.shell:Skip shell extension 'dsv' for command environment
[0.658s] DEBUG:colcon.colcon_core.event_handler.log_command:Invoking command in '/home/zech/exia_ws/build/exia_bringup': AMENT_PREFIX_PATH=/home/zech/exia_ws/install/exia_driver:/home/zech/exia_ws/install/exia_control:/home/zech/exia_ws/install/exia_msgs:/home/zech/exia_ws/install/exia_ground_description:/home/zech/exia_ws/install/exia_bringup:/home/zech/ros2_ws/install/eclipse_diffdrive:/home/zech/ros2_ws/install/eclipse_ackermann:/opt/ros/humble CMAKE_PREFIX_PATH=${CMAKE_PREFIX_PATH}:/home/zech/exia_ws/install/exia_driver:/home/zech/exia_ws/install/exia_control:/opt/ros/humble PYTHONPATH=/home/zech/exia_ws/install/exia_driver/lib/python3.10/site-packages:/home/zech/exia_ws/install/exia_control/lib/python3.10/site-packages:/home/zech/exia_ws/build/exia_control:/opt/ros/humble/lib/python3.10/site-packages:/opt/ros/humble/local/lib/python3.10/dist-packages /usr/bin/cmake --build /home/zech/exia_ws/build/exia_bringup -- -j20 -l20
[0.686s] DEBUG:colcon.colcon_core.event_handler.log_command:Invoked command in '/home/zech/exia_ws/build/exia_bringup' returned '0': AMENT_PREFIX_PATH=/home/zech/exia_ws/install/exia_driver:/home/zech/exia_ws/install/exia_control:/home/zech/exia_ws/install/exia_msgs:/home/zech/exia_ws/install/exia_ground_description:/home/zech/exia_ws/install/exia_bringup:/home/zech/ros2_ws/install/eclipse_diffdrive:/home/zech/ros2_ws/install/eclipse_ackermann:/opt/ros/humble CMAKE_PREFIX_PATH=${CMAKE_PREFIX_PATH}:/home/zech/exia_ws/install/exia_driver:/home/zech/exia_ws/install/exia_control:/opt/ros/humble PYTHONPATH=/home/zech/exia_ws/install/exia_driver/lib/python3.10/site-packages:/home/zech/exia_ws/install/exia_control/lib/python3.10/site-packages:/home/zech/exia_ws/build/exia_control:/opt/ros/humble/lib/python3.10/site-packages:/opt/ros/humble/local/lib/python3.10/dist-packages /usr/bin/cmake --build /home/zech/exia_ws/build/exia_bringup -- -j20 -l20
[0.692s] DEBUG:colcon.colcon_core.event_handler.log_command:Invoking command in '/home/zech/exia_ws/build/exia_bringup': AMENT_PREFIX_PATH=/home/zech/exia_ws/install/exia_driver:/home/zech/exia_ws/install/exia_control:/home/zech/exia_ws/install/exia_msgs:/home/zech/exia_ws/install/exia_ground_description:/home/zech/exia_ws/install/exia_bringup:/home/zech/ros2_ws/install/eclipse_diffdrive:/home/zech/ros2_ws/install/eclipse_ackermann:/opt/ros/humble CMAKE_PREFIX_PATH=${CMAKE_PREFIX_PATH}:/home/zech/exia_ws/install/exia_driver:/home/zech/exia_ws/install/exia_control:/opt/ros/humble PYTHONPATH=/home/zech/exia_ws/install/exia_driver/lib/python3.10/site-packages:/home/zech/exia_ws/install/exia_control/lib/python3.10/site-packages:/home/zech/exia_ws/build/exia_control:/opt/ros/humble/lib/python3.10/site-packages:/opt/ros/humble/local/lib/python3.10/dist-packages /usr/bin/cmake --install /home/zech/exia_ws/build/exia_bringup
[0.723s] Level 1:colcon.colcon_core.environment:create_environment_scripts_only(exia_bringup)
[0.723s] Level 1:colcon.colcon_core.environment:checking '/home/zech/exia_ws/install/exia_bringup' for CMake module files
[0.723s] DEBUG:colcon.colcon_core.event_handler.log_command:Invoked command in '/home/zech/exia_ws/build/exia_bringup' returned '0': AMENT_PREFIX_PATH=/home/zech/exia_ws/install/exia_driver:/home/zech/exia_ws/install/exia_control:/home/zech/exia_ws/install/exia_msgs:/home/zech/exia_ws/install/exia_ground_description:/home/zech/exia_ws/install/exia_bringup:/home/zech/ros2_ws/install/eclipse_diffdrive:/home/zech/ros2_ws/install/eclipse_ackermann:/opt/ros/humble CMAKE_PREFIX_PATH=${CMAKE_PREFIX_PATH}:/home/zech/exia_ws/install/exia_driver:/home/zech/exia_ws/install/exia_control:/opt/ros/humble PYTHONPATH=/home/zech/exia_ws/install/exia_driver/lib/python3.10/site-packages:/home/zech/exia_ws/install/exia_control/lib/python3.10/site-packages:/home/zech/exia_ws/build/exia_control:/opt/ros/humble/lib/python3.10/site-packages:/opt/ros/humble/local/lib/python3.10/dist-packages /usr/bin/cmake --install /home/zech/exia_ws/build/exia_bringup
[0.724s] Level 1:colcon.colcon_core.environment:checking '/home/zech/exia_ws/install/exia_bringup' for CMake config files
[0.724s] Level 1:colcon.colcon_core.shell:create_environment_hook('exia_bringup', 'cmake_prefix_path')
[0.724s] INFO:colcon.colcon_core.shell:Creating environment hook '/home/zech/exia_ws/install/exia_bringup/share/exia_bringup/hook/cmake_prefix_path.ps1'
[0.724s] INFO:colcon.colcon_core.shell:Creating environment descriptor '/home/zech/exia_ws/install/exia_bringup/share/exia_bringup/hook/cmake_prefix_path.dsv'
[0.725s] INFO:colcon.colcon_core.shell:Creating environment hook '/home/zech/exia_ws/install/exia_bringup/share/exia_bringup/hook/cmake_prefix_path.sh'
[0.725s] Level 1:colcon.colcon_core.environment:checking '/home/zech/exia_ws/install/exia_bringup/bin'
[0.725s] Level 1:colcon.colcon_core.environment:checking '/home/zech/exia_ws/install/exia_bringup/lib/pkgconfig/exia_bringup.pc'
[0.725s] Level 1:colcon.colcon_core.environment:checking '/home/zech/exia_ws/install/exia_bringup/lib/python3.10/site-packages'
[0.726s] Level 1:colcon.colcon_core.environment:checking '/home/zech/exia_ws/install/exia_bringup/bin'
[0.726s] INFO:colcon.colcon_core.shell:Creating package script '/home/zech/exia_ws/install/exia_bringup/share/exia_bringup/package.ps1'
[0.726s] INFO:colcon.colcon_core.shell:Creating package descriptor '/home/zech/exia_ws/install/exia_bringup/share/exia_bringup/package.dsv'
[0.727s] INFO:colcon.colcon_core.shell:Creating package script '/home/zech/exia_ws/install/exia_bringup/share/exia_bringup/package.sh'
[0.727s] INFO:colcon.colcon_core.shell:Creating package script '/home/zech/exia_ws/install/exia_bringup/share/exia_bringup/package.bash'
[0.728s] INFO:colcon.colcon_core.shell:Creating package script '/home/zech/exia_ws/install/exia_bringup/share/exia_bringup/package.zsh'
[0.728s] Level 1:colcon.colcon_core.environment:create_file_with_runtime_dependencies(/home/zech/exia_ws/install/exia_bringup/share/colcon-core/packages/exia_bringup)
[0.728s] Level 1:colcon.colcon_core.environment:create_environment_scripts_only(exia_bringup)
[0.729s] Level 1:colcon.colcon_core.environment:checking '/home/zech/exia_ws/install/exia_bringup' for CMake module files
[0.729s] Level 1:colcon.colcon_core.environment:checking '/home/zech/exia_ws/install/exia_bringup' for CMake config files
[0.729s] Level 1:colcon.colcon_core.shell:create_environment_hook('exia_bringup', 'cmake_prefix_path')
[0.729s] INFO:colcon.colcon_core.shell:Creating environment hook '/home/zech/exia_ws/install/exia_bringup/share/exia_bringup/hook/cmake_prefix_path.ps1'
[0.730s] INFO:colcon.colcon_core.shell:Creating environment descriptor '/home/zech/exia_ws/install/exia_bringup/share/exia_bringup/hook/cmake_prefix_path.dsv'
[0.730s] INFO:colcon.colcon_core.shell:Creating environment hook '/home/zech/exia_ws/install/exia_bringup/share/exia_bringup/hook/cmake_prefix_path.sh'
[0.730s] Level 1:colcon.colcon_core.environment:checking '/home/zech/exia_ws/install/exia_bringup/bin'
[0.730s] Level 1:colcon.colcon_core.environment:checking '/home/zech/exia_ws/install/exia_bringup/lib/pkgconfig/exia_bringup.pc'
[0.731s] Level 1:colcon.colcon_core.environment:checking '/home/zech/exia_ws/install/exia_bringup/lib/python3.10/site-packages'
[0.731s] Level 1:colcon.colcon_core.environment:checking '/home/zech/exia_ws/install/exia_bringup/bin'
[0.731s] INFO:colcon.colcon_core.shell:Creating package script '/home/zech/exia_ws/install/exia_bringup/share/exia_bringup/package.ps1'
[0.732s] INFO:colcon.colcon_core.shell:Creating package descriptor '/home/zech/exia_ws/install/exia_bringup/share/exia_bringup/package.dsv'
[0.732s] INFO:colcon.colcon_core.shell:Creating package script '/home/zech/exia_ws/install/exia_bringup/share/exia_bringup/package.sh'
[0.733s] INFO:colcon.colcon_core.shell:Creating package script '/home/zech/exia_ws/install/exia_bringup/share/exia_bringup/package.bash'
[0.733s] INFO:colcon.colcon_core.shell:Creating package script '/home/zech/exia_ws/install/exia_bringup/share/exia_bringup/package.zsh'
[0.733s] Level 1:colcon.colcon_core.environment:create_file_with_runtime_dependencies(/home/zech/exia_ws/install/exia_bringup/share/colcon-core/packages/exia_bringup)
[0.733s] DEBUG:colcon.colcon_parallel_executor.executor.parallel:closing loop
[0.734s] DEBUG:colcon.colcon_parallel_executor.executor.parallel:loop closed
[0.734s] DEBUG:colcon.colcon_parallel_executor.executor.parallel:run_until_complete finished with '0'
[0.734s] DEBUG:colcon.colcon_core.event_reactor:joining thread
[0.739s] INFO:colcon.colcon_core.plugin_system:Skipping extension 'colcon_notification.desktop_notification.terminal_notifier': Not used on non-Darwin systems
[0.739s] INFO:colcon.colcon_core.plugin_system:Skipping extension 'colcon_notification.desktop_notification.win32': Not used on non-Windows systems
[0.739s] INFO:colcon.colcon_notification.desktop_notification:Sending desktop notification using 'notify2'
[0.752s] DEBUG:colcon.colcon_core.event_reactor:joined thread
[0.753s] INFO:colcon.colcon_core.shell:Creating prefix script '/home/zech/exia_ws/install/local_setup.ps1'
[0.753s] INFO:colcon.colcon_core.shell:Creating prefix util module '/home/zech/exia_ws/install/_local_setup_util_ps1.py'
[0.754s] INFO:colcon.colcon_core.shell:Creating prefix chain script '/home/zech/exia_ws/install/setup.ps1'
[0.755s] INFO:colcon.colcon_core.shell:Creating prefix script '/home/zech/exia_ws/install/local_setup.sh'
[0.755s] INFO:colcon.colcon_core.shell:Creating prefix util module '/home/zech/exia_ws/install/_local_setup_util_sh.py'
[0.756s] INFO:colcon.colcon_core.shell:Creating prefix chain script '/home/zech/exia_ws/install/setup.sh'
[0.756s] INFO:colcon.colcon_core.shell:Creating prefix script '/home/zech/exia_ws/install/local_setup.bash'
[0.756s] INFO:colcon.colcon_core.shell:Creating prefix chain script '/home/zech/exia_ws/install/setup.bash'
[0.757s] INFO:colcon.colcon_core.shell:Creating prefix script '/home/zech/exia_ws/install/local_setup.zsh'
[0.757s] INFO:colcon.colcon_core.shell:Creating prefix chain script '/home/zech/exia_ws/install/setup.zsh'
