[0.318s] Invoking command in '/home/zech/exia_ws/src/exia_control': CMAKE_PREFIX_PATH=/home/zech/exia_ws/install/exia_msgs:/home/zech/exia_ws/install/exia_bringup:/home/zech/exia_ws/install/exia_ground_description:/home/zech/ros2_ws/install/eclipse_diffdrive:/home/zech/ros2_ws/install/eclipse_ackermann PYTHONPATH=/home/zech/exia_ws/build/exia_control/prefix_override:/usr/lib/python3/dist-packages/colcon_core/task/python/colcon_distutils_commands:/home/zech/exia_ws/install/exia_control/lib/python3.10/site-packages:${PYTHONPATH} VIRTUAL_ENV_PROMPT=(.venv) /usr/bin/python3 -W ignore:setup.py install is deprecated -W ignore:easy_install command is deprecated setup.py egg_info --egg-base ../../build/exia_control build --build-base /home/zech/exia_ws/build/exia_control/build install --record /home/zech/exia_ws/build/exia_control/install.log --single-version-externally-managed install_data
[0.439s] running egg_info
[0.440s] writing ../../build/exia_control/exia_control.egg-info/PKG-INFO
[0.440s] writing dependency_links to ../../build/exia_control/exia_control.egg-info/dependency_links.txt
[0.440s] writing entry points to ../../build/exia_control/exia_control.egg-info/entry_points.txt
[0.440s] writing requirements to ../../build/exia_control/exia_control.egg-info/requires.txt
[0.440s] writing top-level names to ../../build/exia_control/exia_control.egg-info/top_level.txt
[0.441s] reading manifest file '../../build/exia_control/exia_control.egg-info/SOURCES.txt'
[0.442s] writing manifest file '../../build/exia_control/exia_control.egg-info/SOURCES.txt'
[0.442s] running build
[0.442s] running build_py
[0.442s] copying exia_control/nav_to_cmd.py -> /home/zech/exia_ws/build/exia_control/build/lib/exia_control
[0.442s] copying exia_control/dynamic_navigator_node.py -> /home/zech/exia_ws/build/exia_control/build/lib/exia_control
[0.442s] copying exia_control/navigation/path_validator.py -> /home/zech/exia_ws/build/exia_control/build/lib/exia_control/navigation
[0.442s] copying exia_control/planning/pure_pursuit.py -> /home/zech/exia_ws/build/exia_control/build/lib/exia_control/planning
[0.442s] running install
[0.442s] running install_lib
[0.443s] copying /home/zech/exia_ws/build/exia_control/build/lib/exia_control/nav_to_cmd.py -> /home/zech/exia_ws/install/exia_control/lib/python3.10/site-packages/exia_control
[0.443s] copying /home/zech/exia_ws/build/exia_control/build/lib/exia_control/navigation/path_validator.py -> /home/zech/exia_ws/install/exia_control/lib/python3.10/site-packages/exia_control/navigation
[0.443s] copying /home/zech/exia_ws/build/exia_control/build/lib/exia_control/planning/pure_pursuit.py -> /home/zech/exia_ws/install/exia_control/lib/python3.10/site-packages/exia_control/planning
[0.443s] copying /home/zech/exia_ws/build/exia_control/build/lib/exia_control/dynamic_navigator_node.py -> /home/zech/exia_ws/install/exia_control/lib/python3.10/site-packages/exia_control
[0.443s] byte-compiling /home/zech/exia_ws/install/exia_control/lib/python3.10/site-packages/exia_control/nav_to_cmd.py to nav_to_cmd.cpython-310.pyc
[0.445s] byte-compiling /home/zech/exia_ws/install/exia_control/lib/python3.10/site-packages/exia_control/navigation/path_validator.py to path_validator.cpython-310.pyc
[0.446s] byte-compiling /home/zech/exia_ws/install/exia_control/lib/python3.10/site-packages/exia_control/planning/pure_pursuit.py to pure_pursuit.cpython-310.pyc
[0.447s] byte-compiling /home/zech/exia_ws/install/exia_control/lib/python3.10/site-packages/exia_control/dynamic_navigator_node.py to dynamic_navigator_node.cpython-310.pyc
[0.453s] running install_data
[0.453s] running install_egg_info
[0.454s] removing '/home/zech/exia_ws/install/exia_control/lib/python3.10/site-packages/exia_control-1.0.0-py3.10.egg-info' (and everything under it)
[0.454s] Copying ../../build/exia_control/exia_control.egg-info to /home/zech/exia_ws/install/exia_control/lib/python3.10/site-packages/exia_control-1.0.0-py3.10.egg-info
[0.454s] running install_scripts
[0.466s] Installing ackermann_drive_node script to /home/zech/exia_ws/install/exia_control/lib/exia_control
[0.466s] Installing dynamic_navigator_node script to /home/zech/exia_ws/install/exia_control/lib/exia_control
[0.466s] Installing nav_to script to /home/zech/exia_ws/install/exia_control/lib/exia_control
[0.466s] writing list of installed files to '/home/zech/exia_ws/build/exia_control/install.log'
[0.479s] Invoked command in '/home/zech/exia_ws/src/exia_control' returned '0': CMAKE_PREFIX_PATH=/home/zech/exia_ws/install/exia_msgs:/home/zech/exia_ws/install/exia_bringup:/home/zech/exia_ws/install/exia_ground_description:/home/zech/ros2_ws/install/eclipse_diffdrive:/home/zech/ros2_ws/install/eclipse_ackermann PYTHONPATH=/home/zech/exia_ws/build/exia_control/prefix_override:/usr/lib/python3/dist-packages/colcon_core/task/python/colcon_distutils_commands:/home/zech/exia_ws/install/exia_control/lib/python3.10/site-packages:${PYTHONPATH} VIRTUAL_ENV_PROMPT=(.venv) /usr/bin/python3 -W ignore:setup.py install is deprecated -W ignore:easy_install command is deprecated setup.py egg_info --egg-base ../../build/exia_control build --build-base /home/zech/exia_ws/build/exia_control/build install --record /home/zech/exia_ws/build/exia_control/install.log --single-version-externally-managed install_data
