running egg_info
writing ../../build/exia_control/exia_control.egg-info/PKG-INFO
writing dependency_links to ../../build/exia_control/exia_control.egg-info/dependency_links.txt
writing entry points to ../../build/exia_control/exia_control.egg-info/entry_points.txt
writing requirements to ../../build/exia_control/exia_control.egg-info/requires.txt
writing top-level names to ../../build/exia_control/exia_control.egg-info/top_level.txt
reading manifest file '../../build/exia_control/exia_control.egg-info/SOURCES.txt'
writing manifest file '../../build/exia_control/exia_control.egg-info/SOURCES.txt'
running build
running build_py
copying exia_control/hw_teleop_node.py -> /home/zech/exia_ws/build/exia_control/build/lib/exia_control
creating /home/zech/exia_ws/build/exia_control/build/lib/exia_control/blue_core
copying exia_control/blue_core/scheduler.py -> /home/zech/exia_ws/build/exia_control/build/lib/exia_control/blue_core
copying exia_control/blue_core/task_coordinator.py -> /home/zech/exia_ws/build/exia_control/build/lib/exia_control/blue_core
copying exia_control/blue_core/__init__.py -> /home/zech/exia_ws/build/exia_control/build/lib/exia_control/blue_core
copying exia_control/blue_core/models.py -> /home/zech/exia_ws/build/exia_control/build/lib/exia_control/blue_core
copying exia_control/blue_core/config.py -> /home/zech/exia_ws/build/exia_control/build/lib/exia_control/blue_core
copying exia_control/blue_core/service.py -> /home/zech/exia_ws/build/exia_control/build/lib/exia_control/blue_core
copying exia_control/blue_core/state.py -> /home/zech/exia_ws/build/exia_control/build/lib/exia_control/blue_core
creating /home/zech/exia_ws/build/exia_control/build/lib/exia_control/blue
copying exia_control/blue/__init__.py -> /home/zech/exia_ws/build/exia_control/build/lib/exia_control/blue
copying exia_control/blue/client.py -> /home/zech/exia_ws/build/exia_control/build/lib/exia_control/blue
copying exia_control/blue/models.py -> /home/zech/exia_ws/build/exia_control/build/lib/exia_control/blue
copying exia_control/gui/dashboard.py -> /home/zech/exia_ws/build/exia_control/build/lib/exia_control/gui
copying exia_control/gui/blue_config_panel.py -> /home/zech/exia_ws/build/exia_control/build/lib/exia_control/gui
copying exia_control/gui/blue_status_panel.py -> /home/zech/exia_ws/build/exia_control/build/lib/exia_control/gui
creating /home/zech/exia_ws/build/exia_control/build/lib/exia_control/argus
copying exia_control/argus/simulated_vehicle.py -> /home/zech/exia_ws/build/exia_control/build/lib/exia_control/argus
copying exia_control/argus/task_parser.py -> /home/zech/exia_ws/build/exia_control/build/lib/exia_control/argus
copying exia_control/argus/exia_ros_vehicle.py -> /home/zech/exia_ws/build/exia_control/build/lib/exia_control/argus
copying exia_control/argus/__init__.py -> /home/zech/exia_ws/build/exia_control/build/lib/exia_control/argus
copying exia_control/argus/vehicle.py -> /home/zech/exia_ws/build/exia_control/build/lib/exia_control/argus
copying exia_control/argus/models.py -> /home/zech/exia_ws/build/exia_control/build/lib/exia_control/argus
running install
running install_lib
creating /home/zech/exia_ws/install/exia_control/lib/python3.10/site-packages/exia_control/blue_core
copying /home/zech/exia_ws/build/exia_control/build/lib/exia_control/blue_core/scheduler.py -> /home/zech/exia_ws/install/exia_control/lib/python3.10/site-packages/exia_control/blue_core
copying /home/zech/exia_ws/build/exia_control/build/lib/exia_control/blue_core/task_coordinator.py -> /home/zech/exia_ws/install/exia_control/lib/python3.10/site-packages/exia_control/blue_core
copying /home/zech/exia_ws/build/exia_control/build/lib/exia_control/blue_core/__init__.py -> /home/zech/exia_ws/install/exia_control/lib/python3.10/site-packages/exia_control/blue_core
copying /home/zech/exia_ws/build/exia_control/build/lib/exia_control/blue_core/models.py -> /home/zech/exia_ws/install/exia_control/lib/python3.10/site-packages/exia_control/blue_core
copying /home/zech/exia_ws/build/exia_control/build/lib/exia_control/blue_core/config.py -> /home/zech/exia_ws/install/exia_control/lib/python3.10/site-packages/exia_control/blue_core
copying /home/zech/exia_ws/build/exia_control/build/lib/exia_control/blue_core/service.py -> /home/zech/exia_ws/install/exia_control/lib/python3.10/site-packages/exia_control/blue_core
copying /home/zech/exia_ws/build/exia_control/build/lib/exia_control/blue_core/state.py -> /home/zech/exia_ws/install/exia_control/lib/python3.10/site-packages/exia_control/blue_core
creating /home/zech/exia_ws/install/exia_control/lib/python3.10/site-packages/exia_control/blue
copying /home/zech/exia_ws/build/exia_control/build/lib/exia_control/blue/__init__.py -> /home/zech/exia_ws/install/exia_control/lib/python3.10/site-packages/exia_control/blue
copying /home/zech/exia_ws/build/exia_control/build/lib/exia_control/blue/client.py -> /home/zech/exia_ws/install/exia_control/lib/python3.10/site-packages/exia_control/blue
copying /home/zech/exia_ws/build/exia_control/build/lib/exia_control/blue/models.py -> /home/zech/exia_ws/install/exia_control/lib/python3.10/site-packages/exia_control/blue
copying /home/zech/exia_ws/build/exia_control/build/lib/exia_control/hw_teleop_node.py -> /home/zech/exia_ws/install/exia_control/lib/python3.10/site-packages/exia_control
copying /home/zech/exia_ws/build/exia_control/build/lib/exia_control/gui/dashboard.py -> /home/zech/exia_ws/install/exia_control/lib/python3.10/site-packages/exia_control/gui
copying /home/zech/exia_ws/build/exia_control/build/lib/exia_control/gui/blue_config_panel.py -> /home/zech/exia_ws/install/exia_control/lib/python3.10/site-packages/exia_control/gui
copying /home/zech/exia_ws/build/exia_control/build/lib/exia_control/gui/blue_status_panel.py -> /home/zech/exia_ws/install/exia_control/lib/python3.10/site-packages/exia_control/gui
creating /home/zech/exia_ws/install/exia_control/lib/python3.10/site-packages/exia_control/argus
copying /home/zech/exia_ws/build/exia_control/build/lib/exia_control/argus/simulated_vehicle.py -> /home/zech/exia_ws/install/exia_control/lib/python3.10/site-packages/exia_control/argus
copying /home/zech/exia_ws/build/exia_control/build/lib/exia_control/argus/task_parser.py -> /home/zech/exia_ws/install/exia_control/lib/python3.10/site-packages/exia_control/argus
copying /home/zech/exia_ws/build/exia_control/build/lib/exia_control/argus/exia_ros_vehicle.py -> /home/zech/exia_ws/install/exia_control/lib/python3.10/site-packages/exia_control/argus
copying /home/zech/exia_ws/build/exia_control/build/lib/exia_control/argus/__init__.py -> /home/zech/exia_ws/install/exia_control/lib/python3.10/site-packages/exia_control/argus
copying /home/zech/exia_ws/build/exia_control/build/lib/exia_control/argus/vehicle.py -> /home/zech/exia_ws/install/exia_control/lib/python3.10/site-packages/exia_control/argus
copying /home/zech/exia_ws/build/exia_control/build/lib/exia_control/argus/models.py -> /home/zech/exia_ws/install/exia_control/lib/python3.10/site-packages/exia_control/argus
byte-compiling /home/zech/exia_ws/install/exia_control/lib/python3.10/site-packages/exia_control/blue_core/scheduler.py to scheduler.cpython-310.pyc
byte-compiling /home/zech/exia_ws/install/exia_control/lib/python3.10/site-packages/exia_control/blue_core/task_coordinator.py to task_coordinator.cpython-310.pyc
byte-compiling /home/zech/exia_ws/install/exia_control/lib/python3.10/site-packages/exia_control/blue_core/__init__.py to __init__.cpython-310.pyc
byte-compiling /home/zech/exia_ws/install/exia_control/lib/python3.10/site-packages/exia_control/blue_core/models.py to models.cpython-310.pyc
byte-compiling /home/zech/exia_ws/install/exia_control/lib/python3.10/site-packages/exia_control/blue_core/config.py to config.cpython-310.pyc
byte-compiling /home/zech/exia_ws/install/exia_control/lib/python3.10/site-packages/exia_control/blue_core/service.py to service.cpython-310.pyc
byte-compiling /home/zech/exia_ws/install/exia_control/lib/python3.10/site-packages/exia_control/blue_core/state.py to state.cpython-310.pyc
byte-compiling /home/zech/exia_ws/install/exia_control/lib/python3.10/site-packages/exia_control/blue/__init__.py to __init__.cpython-310.pyc
byte-compiling /home/zech/exia_ws/install/exia_control/lib/python3.10/site-packages/exia_control/blue/client.py to client.cpython-310.pyc
byte-compiling /home/zech/exia_ws/install/exia_control/lib/python3.10/site-packages/exia_control/blue/models.py to models.cpython-310.pyc
byte-compiling /home/zech/exia_ws/install/exia_control/lib/python3.10/site-packages/exia_control/hw_teleop_node.py to hw_teleop_node.cpython-310.pyc
byte-compiling /home/zech/exia_ws/install/exia_control/lib/python3.10/site-packages/exia_control/gui/dashboard.py to dashboard.cpython-310.pyc
byte-compiling /home/zech/exia_ws/install/exia_control/lib/python3.10/site-packages/exia_control/gui/blue_config_panel.py to blue_config_panel.cpython-310.pyc
byte-compiling /home/zech/exia_ws/install/exia_control/lib/python3.10/site-packages/exia_control/gui/blue_status_panel.py to blue_status_panel.cpython-310.pyc
byte-compiling /home/zech/exia_ws/install/exia_control/lib/python3.10/site-packages/exia_control/argus/simulated_vehicle.py to simulated_vehicle.cpython-310.pyc
byte-compiling /home/zech/exia_ws/install/exia_control/lib/python3.10/site-packages/exia_control/argus/task_parser.py to task_parser.cpython-310.pyc
byte-compiling /home/zech/exia_ws/install/exia_control/lib/python3.10/site-packages/exia_control/argus/exia_ros_vehicle.py to exia_ros_vehicle.cpython-310.pyc
byte-compiling /home/zech/exia_ws/install/exia_control/lib/python3.10/site-packages/exia_control/argus/__init__.py to __init__.cpython-310.pyc
byte-compiling /home/zech/exia_ws/install/exia_control/lib/python3.10/site-packages/exia_control/argus/vehicle.py to vehicle.cpython-310.pyc
byte-compiling /home/zech/exia_ws/install/exia_control/lib/python3.10/site-packages/exia_control/argus/models.py to models.cpython-310.pyc
running install_data
running install_egg_info
removing '/home/zech/exia_ws/install/exia_control/lib/python3.10/site-packages/exia_control-1.0.0-py3.10.egg-info' (and everything under it)
Copying ../../build/exia_control/exia_control.egg-info to /home/zech/exia_ws/install/exia_control/lib/python3.10/site-packages/exia_control-1.0.0-py3.10.egg-info
running install_scripts
Installing ackermann_drive_node script to /home/zech/exia_ws/install/exia_control/lib/exia_control
Installing dynamic_navigator_node script to /home/zech/exia_ws/install/exia_control/lib/exia_control
Installing hw_teleop script to /home/zech/exia_ws/install/exia_control/lib/exia_control
Installing lss_calibrate script to /home/zech/exia_ws/install/exia_control/lib/exia_control
Installing nav_to script to /home/zech/exia_ws/install/exia_control/lib/exia_control
Installing teleop script to /home/zech/exia_ws/install/exia_control/lib/exia_control
writing list of installed files to '/home/zech/exia_ws/build/exia_control/install.log'
