[0.350s] Invoking command in '/home/zech/exia_ws/src/exia_control': CMAKE_PREFIX_PATH=/home/zech/exia_ws/install/exia_msgs:/home/zech/exia_ws/install/exia_bringup:/home/zech/exia_ws/install/exia_ground_description:/home/zech/ros2_ws/install/eclipse_diffdrive:/home/zech/ros2_ws/install/eclipse_ackermann PYTHONPATH=/home/zech/exia_ws/build/exia_control/prefix_override:/usr/lib/python3/dist-packages/colcon_core/task/python/colcon_distutils_commands:/home/zech/exia_ws/install/exia_control/lib/python3.10/site-packages:${PYTHONPATH} VIRTUAL_ENV_PROMPT=(.venv) /usr/bin/python3 -W ignore:setup.py install is deprecated -W ignore:easy_install command is deprecated setup.py egg_info --egg-base ../../build/exia_control build --build-base /home/zech/exia_ws/build/exia_control/build install --record /home/zech/exia_ws/build/exia_control/install.log --single-version-externally-managed install_data
[0.471s] running egg_info
[0.471s] writing ../../build/exia_control/exia_control.egg-info/PKG-INFO
[0.471s] writing dependency_links to ../../build/exia_control/exia_control.egg-info/dependency_links.txt
[0.471s] writing entry points to ../../build/exia_control/exia_control.egg-info/entry_points.txt
[0.471s] writing requirements to ../../build/exia_control/exia_control.egg-info/requires.txt
[0.471s] writing top-level names to ../../build/exia_control/exia_control.egg-info/top_level.txt
[0.473s] reading manifest file '../../build/exia_control/exia_control.egg-info/SOURCES.txt'
[0.473s] writing manifest file '../../build/exia_control/exia_control.egg-info/SOURCES.txt'
[0.473s] running build
[0.473s] running build_py
[0.473s] copying exia_control/hw_teleop_node.py -> /home/zech/exia_ws/build/exia_control/build/lib/exia_control
[0.474s] creating /home/zech/exia_ws/build/exia_control/build/lib/exia_control/blue_core
[0.474s] copying exia_control/blue_core/scheduler.py -> /home/zech/exia_ws/build/exia_control/build/lib/exia_control/blue_core
[0.474s] copying exia_control/blue_core/task_coordinator.py -> /home/zech/exia_ws/build/exia_control/build/lib/exia_control/blue_core
[0.474s] copying exia_control/blue_core/__init__.py -> /home/zech/exia_ws/build/exia_control/build/lib/exia_control/blue_core
[0.474s] copying exia_control/blue_core/models.py -> /home/zech/exia_ws/build/exia_control/build/lib/exia_control/blue_core
[0.474s] copying exia_control/blue_core/config.py -> /home/zech/exia_ws/build/exia_control/build/lib/exia_control/blue_core
[0.474s] copying exia_control/blue_core/service.py -> /home/zech/exia_ws/build/exia_control/build/lib/exia_control/blue_core
[0.474s] copying exia_control/blue_core/state.py -> /home/zech/exia_ws/build/exia_control/build/lib/exia_control/blue_core
[0.474s] creating /home/zech/exia_ws/build/exia_control/build/lib/exia_control/blue
[0.474s] copying exia_control/blue/__init__.py -> /home/zech/exia_ws/build/exia_control/build/lib/exia_control/blue
[0.474s] copying exia_control/blue/client.py -> /home/zech/exia_ws/build/exia_control/build/lib/exia_control/blue
[0.475s] copying exia_control/blue/models.py -> /home/zech/exia_ws/build/exia_control/build/lib/exia_control/blue
[0.475s] copying exia_control/gui/dashboard.py -> /home/zech/exia_ws/build/exia_control/build/lib/exia_control/gui
[0.475s] copying exia_control/gui/blue_config_panel.py -> /home/zech/exia_ws/build/exia_control/build/lib/exia_control/gui
[0.475s] copying exia_control/gui/blue_status_panel.py -> /home/zech/exia_ws/build/exia_control/build/lib/exia_control/gui
[0.475s] creating /home/zech/exia_ws/build/exia_control/build/lib/exia_control/argus
[0.475s] copying exia_control/argus/simulated_vehicle.py -> /home/zech/exia_ws/build/exia_control/build/lib/exia_control/argus
[0.475s] copying exia_control/argus/task_parser.py -> /home/zech/exia_ws/build/exia_control/build/lib/exia_control/argus
[0.475s] copying exia_control/argus/exia_ros_vehicle.py -> /home/zech/exia_ws/build/exia_control/build/lib/exia_control/argus
[0.475s] copying exia_control/argus/__init__.py -> /home/zech/exia_ws/build/exia_control/build/lib/exia_control/argus
[0.475s] copying exia_control/argus/vehicle.py -> /home/zech/exia_ws/build/exia_control/build/lib/exia_control/argus
[0.475s] copying exia_control/argus/models.py -> /home/zech/exia_ws/build/exia_control/build/lib/exia_control/argus
[0.476s] running install
[0.476s] running install_lib
[0.477s] creating /home/zech/exia_ws/install/exia_control/lib/python3.10/site-packages/exia_control/blue_core
[0.477s] copying /home/zech/exia_ws/build/exia_control/build/lib/exia_control/blue_core/scheduler.py -> /home/zech/exia_ws/install/exia_control/lib/python3.10/site-packages/exia_control/blue_core
[0.477s] copying /home/zech/exia_ws/build/exia_control/build/lib/exia_control/blue_core/task_coordinator.py -> /home/zech/exia_ws/install/exia_control/lib/python3.10/site-packages/exia_control/blue_core
[0.478s] copying /home/zech/exia_ws/build/exia_control/build/lib/exia_control/blue_core/__init__.py -> /home/zech/exia_ws/install/exia_control/lib/python3.10/site-packages/exia_control/blue_core
[0.478s] copying /home/zech/exia_ws/build/exia_control/build/lib/exia_control/blue_core/models.py -> /home/zech/exia_ws/install/exia_control/lib/python3.10/site-packages/exia_control/blue_core
[0.478s] copying /home/zech/exia_ws/build/exia_control/build/lib/exia_control/blue_core/config.py -> /home/zech/exia_ws/install/exia_control/lib/python3.10/site-packages/exia_control/blue_core
[0.478s] copying /home/zech/exia_ws/build/exia_control/build/lib/exia_control/blue_core/service.py -> /home/zech/exia_ws/install/exia_control/lib/python3.10/site-packages/exia_control/blue_core
[0.478s] copying /home/zech/exia_ws/build/exia_control/build/lib/exia_control/blue_core/state.py -> /home/zech/exia_ws/install/exia_control/lib/python3.10/site-packages/exia_control/blue_core
[0.478s] creating /home/zech/exia_ws/install/exia_control/lib/python3.10/site-packages/exia_control/blue
[0.478s] copying /home/zech/exia_ws/build/exia_control/build/lib/exia_control/blue/__init__.py -> /home/zech/exia_ws/install/exia_control/lib/python3.10/site-packages/exia_control/blue
[0.478s] copying /home/zech/exia_ws/build/exia_control/build/lib/exia_control/blue/client.py -> /home/zech/exia_ws/install/exia_control/lib/python3.10/site-packages/exia_control/blue
[0.478s] copying /home/zech/exia_ws/build/exia_control/build/lib/exia_control/blue/models.py -> /home/zech/exia_ws/install/exia_control/lib/python3.10/site-packages/exia_control/blue
[0.478s] copying /home/zech/exia_ws/build/exia_control/build/lib/exia_control/hw_teleop_node.py -> /home/zech/exia_ws/install/exia_control/lib/python3.10/site-packages/exia_control
[0.478s] copying /home/zech/exia_ws/build/exia_control/build/lib/exia_control/gui/dashboard.py -> /home/zech/exia_ws/install/exia_control/lib/python3.10/site-packages/exia_control/gui
[0.478s] copying /home/zech/exia_ws/build/exia_control/build/lib/exia_control/gui/blue_config_panel.py -> /home/zech/exia_ws/install/exia_control/lib/python3.10/site-packages/exia_control/gui
[0.479s] copying /home/zech/exia_ws/build/exia_control/build/lib/exia_control/gui/blue_status_panel.py -> /home/zech/exia_ws/install/exia_control/lib/python3.10/site-packages/exia_control/gui
[0.479s] creating /home/zech/exia_ws/install/exia_control/lib/python3.10/site-packages/exia_control/argus
[0.479s] copying /home/zech/exia_ws/build/exia_control/build/lib/exia_control/argus/simulated_vehicle.py -> /home/zech/exia_ws/install/exia_control/lib/python3.10/site-packages/exia_control/argus
[0.479s] copying /home/zech/exia_ws/build/exia_control/build/lib/exia_control/argus/task_parser.py -> /home/zech/exia_ws/install/exia_control/lib/python3.10/site-packages/exia_control/argus
[0.479s] copying /home/zech/exia_ws/build/exia_control/build/lib/exia_control/argus/exia_ros_vehicle.py -> /home/zech/exia_ws/install/exia_control/lib/python3.10/site-packages/exia_control/argus
[0.479s] copying /home/zech/exia_ws/build/exia_control/build/lib/exia_control/argus/__init__.py -> /home/zech/exia_ws/install/exia_control/lib/python3.10/site-packages/exia_control/argus
[0.479s] copying /home/zech/exia_ws/build/exia_control/build/lib/exia_control/argus/vehicle.py -> /home/zech/exia_ws/install/exia_control/lib/python3.10/site-packages/exia_control/argus
[0.479s] copying /home/zech/exia_ws/build/exia_control/build/lib/exia_control/argus/models.py -> /home/zech/exia_ws/install/exia_control/lib/python3.10/site-packages/exia_control/argus
[0.479s] byte-compiling /home/zech/exia_ws/install/exia_control/lib/python3.10/site-packages/exia_control/blue_core/scheduler.py to scheduler.cpython-310.pyc
[0.479s] byte-compiling /home/zech/exia_ws/install/exia_control/lib/python3.10/site-packages/exia_control/blue_core/task_coordinator.py to task_coordinator.cpython-310.pyc
[0.479s] byte-compiling /home/zech/exia_ws/install/exia_control/lib/python3.10/site-packages/exia_control/blue_core/__init__.py to __init__.cpython-310.pyc
[0.479s] byte-compiling /home/zech/exia_ws/install/exia_control/lib/python3.10/site-packages/exia_control/blue_core/models.py to models.cpython-310.pyc
[0.479s] byte-compiling /home/zech/exia_ws/install/exia_control/lib/python3.10/site-packages/exia_control/blue_core/config.py to config.cpython-310.pyc
[0.480s] byte-compiling /home/zech/exia_ws/install/exia_control/lib/python3.10/site-packages/exia_control/blue_core/service.py to service.cpython-310.pyc
[0.481s] byte-compiling /home/zech/exia_ws/install/exia_control/lib/python3.10/site-packages/exia_control/blue_core/state.py to state.cpython-310.pyc
[0.482s] byte-compiling /home/zech/exia_ws/install/exia_control/lib/python3.10/site-packages/exia_control/blue/__init__.py to __init__.cpython-310.pyc
[0.482s] byte-compiling /home/zech/exia_ws/install/exia_control/lib/python3.10/site-packages/exia_control/blue/client.py to client.cpython-310.pyc
[0.483s] byte-compiling /home/zech/exia_ws/install/exia_control/lib/python3.10/site-packages/exia_control/blue/models.py to models.cpython-310.pyc
[0.483s] byte-compiling /home/zech/exia_ws/install/exia_control/lib/python3.10/site-packages/exia_control/hw_teleop_node.py to hw_teleop_node.cpython-310.pyc
[0.487s] byte-compiling /home/zech/exia_ws/install/exia_control/lib/python3.10/site-packages/exia_control/gui/dashboard.py to dashboard.cpython-310.pyc
[0.487s] byte-compiling /home/zech/exia_ws/install/exia_control/lib/python3.10/site-packages/exia_control/gui/blue_config_panel.py to blue_config_panel.cpython-310.pyc
[0.488s] byte-compiling /home/zech/exia_ws/install/exia_control/lib/python3.10/site-packages/exia_control/gui/blue_status_panel.py to blue_status_panel.cpython-310.pyc
[0.489s] byte-compiling /home/zech/exia_ws/install/exia_control/lib/python3.10/site-packages/exia_control/argus/simulated_vehicle.py to simulated_vehicle.cpython-310.pyc
[0.489s] byte-compiling /home/zech/exia_ws/install/exia_control/lib/python3.10/site-packages/exia_control/argus/task_parser.py to task_parser.cpython-310.pyc
[0.490s] byte-compiling /home/zech/exia_ws/install/exia_control/lib/python3.10/site-packages/exia_control/argus/exia_ros_vehicle.py to exia_ros_vehicle.cpython-310.pyc
[0.490s] byte-compiling /home/zech/exia_ws/install/exia_control/lib/python3.10/site-packages/exia_control/argus/__init__.py to __init__.cpython-310.pyc
[0.490s] byte-compiling /home/zech/exia_ws/install/exia_control/lib/python3.10/site-packages/exia_control/argus/vehicle.py to vehicle.cpython-310.pyc
[0.490s] byte-compiling /home/zech/exia_ws/install/exia_control/lib/python3.10/site-packages/exia_control/argus/models.py to models.cpython-310.pyc
[0.490s] running install_data
[0.491s] running install_egg_info
[0.492s] removing '/home/zech/exia_ws/install/exia_control/lib/python3.10/site-packages/exia_control-1.0.0-py3.10.egg-info' (and everything under it)
[0.492s] Copying ../../build/exia_control/exia_control.egg-info to /home/zech/exia_ws/install/exia_control/lib/python3.10/site-packages/exia_control-1.0.0-py3.10.egg-info
[0.492s] running install_scripts
[0.504s] Installing ackermann_drive_node script to /home/zech/exia_ws/install/exia_control/lib/exia_control
[0.504s] Installing dynamic_navigator_node script to /home/zech/exia_ws/install/exia_control/lib/exia_control
[0.504s] Installing hw_teleop script to /home/zech/exia_ws/install/exia_control/lib/exia_control
[0.504s] Installing lss_calibrate script to /home/zech/exia_ws/install/exia_control/lib/exia_control
[0.504s] Installing nav_to script to /home/zech/exia_ws/install/exia_control/lib/exia_control
[0.504s] Installing teleop script to /home/zech/exia_ws/install/exia_control/lib/exia_control
[0.504s] writing list of installed files to '/home/zech/exia_ws/build/exia_control/install.log'
[0.518s] Invoked command in '/home/zech/exia_ws/src/exia_control' returned '0': CMAKE_PREFIX_PATH=/home/zech/exia_ws/install/exia_msgs:/home/zech/exia_ws/install/exia_bringup:/home/zech/exia_ws/install/exia_ground_description:/home/zech/ros2_ws/install/eclipse_diffdrive:/home/zech/ros2_ws/install/eclipse_ackermann PYTHONPATH=/home/zech/exia_ws/build/exia_control/prefix_override:/usr/lib/python3/dist-packages/colcon_core/task/python/colcon_distutils_commands:/home/zech/exia_ws/install/exia_control/lib/python3.10/site-packages:${PYTHONPATH} VIRTUAL_ENV_PROMPT=(.venv) /usr/bin/python3 -W ignore:setup.py install is deprecated -W ignore:easy_install command is deprecated setup.py egg_info --egg-base ../../build/exia_control build --build-base /home/zech/exia_ws/build/exia_control/build install --record /home/zech/exia_ws/build/exia_control/install.log --single-version-externally-managed install_data
