[0.052s] DEBUG:colcon:Command line arguments: ['/usr/bin/colcon', 'build', '--packages-select', 'exia_ground_description']
[0.052s] DEBUG:colcon:Parsed command line arguments: Namespace(log_base=None, log_level=None, verb_name='build', build_base='build', install_base='install', merge_install=False, symlink_install=False, test_result_base=None, continue_on_error=False, executor='parallel', parallel_workers=20, event_handlers=None, ignore_user_meta=False, metas=['./colcon.meta'], base_paths=['.'], packages_ignore=None, packages_ignore_regex=None, paths=None, packages_up_to=None, packages_up_to_regex=None, packages_above=None, packages_above_and_dependencies=None, packages_above_depth=None, packages_select_by_dep=None, packages_skip_by_dep=None, packages_skip_up_to=None, packages_select_build_failed=False, packages_skip_build_finished=False, packages_select_test_failures=False, packages_skip_test_passed=False, packages_select=['exia_ground_description'], packages_skip=None, packages_select_regex=None, packages_skip_regex=None, packages_start=None, packages_end=None, allow_overriding=[], cmake_args=None, cmake_target=None, cmake_target_skip_unavailable=False, cmake_clean_cache=False, cmake_clean_first=False, cmake_force_configure=False, ament_cmake_args=None, catkin_cmake_args=None, catkin_skip_building_tests=False, verb_parser=<colcon_defaults.argument_parser.defaults.DefaultArgumentsDecorator object at 0x7e5ddec45480>, verb_extension=<colcon_core.verb.build.BuildVerb object at 0x7e5ddec446d0>, main=<bound method BuildVerb.main of <colcon_core.verb.build.BuildVerb object at 0x7e5ddec446d0>>)
[0.124s] Level 1:colcon.colcon_core.package_discovery:discover_packages(colcon_meta) check parameters
[0.124s] Level 1:colcon.colcon_core.package_discovery:discover_packages(recursive) check parameters
[0.124s] Level 1:colcon.colcon_core.package_discovery:discover_packages(ignore) check parameters
[0.124s] Level 1:colcon.colcon_core.package_discovery:discover_packages(path) check parameters
[0.124s] Level 1:colcon.colcon_core.package_discovery:discover_packages(colcon_meta) discover
[0.124s] Level 1:colcon.colcon_core.package_discovery:discover_packages(recursive) discover
[0.124s] INFO:colcon.colcon_core.package_discovery:Crawling recursively for packages in '/home/zech/exia_ws/src/exia_ground_description/scripts'
[0.124s] Level 1:colcon.colcon_core.package_identification:_identify(.) by extensions ['ignore', 'ignore_ament_install']
[0.124s] Level 1:colcon.colcon_core.package_identification:_identify(.) by extension 'ignore'
[0.124s] Level 1:colcon.colcon_core.package_identification:_identify(.) by extension 'ignore_ament_install'
[0.124s] Level 1:colcon.colcon_core.package_identification:_identify(.) by extensions ['colcon_pkg']
[0.124s] Level 1:colcon.colcon_core.package_identification:_identify(.) by extension 'colcon_pkg'
[0.124s] Level 1:colcon.colcon_core.package_identification:_identify(.) by extensions ['colcon_meta']
[0.124s] Level 1:colcon.colcon_core.package_identification:_identify(.) by extension 'colcon_meta'
[0.124s] Level 1:colcon.colcon_core.package_identification:_identify(.) by extensions ['ros']
[0.124s] Level 1:colcon.colcon_core.package_identification:_identify(.) by extension 'ros'
[0.131s] Level 1:colcon.colcon_core.package_identification:_identify(.) by extensions ['cmake', 'python']
[0.131s] Level 1:colcon.colcon_core.package_identification:_identify(.) by extension 'cmake'
[0.131s] Level 1:colcon.colcon_core.package_identification:_identify(.) by extension 'python'
[0.131s] Level 1:colcon.colcon_core.package_identification:_identify(.) by extensions ['python_setup_py']
[0.131s] Level 1:colcon.colcon_core.package_identification:_identify(.) by extension 'python_setup_py'
[0.131s] Level 1:colcon.colcon_core.package_identification:_identify(active) by extensions ['ignore', 'ignore_ament_install']
[0.131s] Level 1:colcon.colcon_core.package_identification:_identify(active) by extension 'ignore'
[0.131s] Level 1:colcon.colcon_core.package_identification:_identify(active) by extension 'ignore_ament_install'
[0.131s] Level 1:colcon.colcon_core.package_identification:_identify(active) by extensions ['colcon_pkg']
[0.131s] Level 1:colcon.colcon_core.package_identification:_identify(active) by extension 'colcon_pkg'
[0.131s] Level 1:colcon.colcon_core.package_identification:_identify(active) by extensions ['colcon_meta']
[0.131s] Level 1:colcon.colcon_core.package_identification:_identify(active) by extension 'colcon_meta'
[0.131s] Level 1:colcon.colcon_core.package_identification:_identify(active) by extensions ['ros']
[0.131s] Level 1:colcon.colcon_core.package_identification:_identify(active) by extension 'ros'
[0.131s] Level 1:colcon.colcon_core.package_identification:_identify(active) by extensions ['cmake', 'python']
[0.131s] Level 1:colcon.colcon_core.package_identification:_identify(active) by extension 'cmake'
[0.131s] Level 1:colcon.colcon_core.package_identification:_identify(active) by extension 'python'
[0.131s] Level 1:colcon.colcon_core.package_identification:_identify(active) by extensions ['python_setup_py']
[0.131s] Level 1:colcon.colcon_core.package_identification:_identify(active) by extension 'python_setup_py'
[0.131s] Level 1:colcon.colcon_core.package_identification:_identify(archive) by extensions ['ignore', 'ignore_ament_install']
[0.131s] Level 1:colcon.colcon_core.package_identification:_identify(archive) by extension 'ignore'
[0.131s] Level 1:colcon.colcon_core.package_identification:_identify(archive) by extension 'ignore_ament_install'
[0.131s] Level 1:colcon.colcon_core.package_identification:_identify(archive) by extensions ['colcon_pkg']
[0.131s] Level 1:colcon.colcon_core.package_identification:_identify(archive) by extension 'colcon_pkg'
[0.131s] Level 1:colcon.colcon_core.package_identification:_identify(archive) by extensions ['colcon_meta']
[0.131s] Level 1:colcon.colcon_core.package_identification:_identify(archive) by extension 'colcon_meta'
[0.132s] Level 1:colcon.colcon_core.package_identification:_identify(archive) by extensions ['ros']
[0.132s] Level 1:colcon.colcon_core.package_identification:_identify(archive) by extension 'ros'
[0.132s] Level 1:colcon.colcon_core.package_identification:_identify(archive) by extensions ['cmake', 'python']
[0.132s] Level 1:colcon.colcon_core.package_identification:_identify(archive) by extension 'cmake'
[0.132s] Level 1:colcon.colcon_core.package_identification:_identify(archive) by extension 'python'
[0.132s] Level 1:colcon.colcon_core.package_identification:_identify(archive) by extensions ['python_setup_py']
[0.132s] Level 1:colcon.colcon_core.package_identification:_identify(archive) by extension 'python_setup_py'
[0.132s] Level 1:colcon.colcon_core.package_identification:_identify(build) by extensions ['ignore', 'ignore_ament_install']
[0.132s] Level 1:colcon.colcon_core.package_identification:_identify(build) by extension 'ignore'
[0.132s] Level 1:colcon.colcon_core.package_identification:_identify(build) ignored
[0.132s] Level 1:colcon.colcon_core.package_identification:_identify(install) by extensions ['ignore', 'ignore_ament_install']
[0.132s] Level 1:colcon.colcon_core.package_identification:_identify(install) by extension 'ignore'
[0.132s] Level 1:colcon.colcon_core.package_identification:_identify(install) ignored
[0.132s] Level 1:colcon.colcon_core.package_identification:_identify(log) by extensions ['ignore', 'ignore_ament_install']
[0.132s] Level 1:colcon.colcon_core.package_identification:_identify(log) by extension 'ignore'
[0.132s] Level 1:colcon.colcon_core.package_identification:_identify(log) ignored
[0.132s] Level 1:colcon.colcon_core.package_discovery:discover_packages(recursive) using defaults
[0.132s] Level 1:colcon.colcon_core.package_discovery:discover_packages(ignore) discover
[0.132s] Level 1:colcon.colcon_core.package_discovery:discover_packages(ignore) using defaults
[0.132s] Level 1:colcon.colcon_core.package_discovery:discover_packages(path) discover
[0.132s] Level 1:colcon.colcon_core.package_discovery:discover_packages(path) using defaults
[0.132s] WARNING:colcon.colcon_core.package_selection:ignoring unknown package 'exia_ground_description' in --packages-select
[0.143s] Level 1:colcon.colcon_core.package_discovery:discover_packages(prefix_path) check parameters
[0.143s] Level 1:colcon.colcon_core.package_discovery:discover_packages(prefix_path) discover
[0.143s] DEBUG:colcon.colcon_installed_package_information.package_discovery:Found 1 installed packages in /home/zech/exia_ws/install
[0.144s] DEBUG:colcon.colcon_installed_package_information.package_discovery:Found 2 installed packages in /home/zech/ros2_ws/install
[0.144s] DEBUG:colcon.colcon_installed_package_information.package_discovery:Found 256 installed packages in /opt/ros/humble
[0.145s] Level 1:colcon.colcon_core.package_discovery:discover_packages(prefix_path) using defaults
[0.164s] INFO:colcon.colcon_core.executor:Executing jobs using 'parallel' executor
[0.165s] DEBUG:colcon.colcon_parallel_executor.executor.parallel:run_until_complete
[0.165s] DEBUG:colcon.colcon_parallel_executor.executor.parallel:closing loop
[0.165s] DEBUG:colcon.colcon_parallel_executor.executor.parallel:loop closed
[0.165s] DEBUG:colcon.colcon_parallel_executor.executor.parallel:run_until_complete finished with '0'
[0.165s] DEBUG:colcon.colcon_core.event_reactor:joining thread
[0.168s] INFO:colcon.colcon_core.plugin_system:Skipping extension 'colcon_notification.desktop_notification.terminal_notifier': Not used on non-Darwin systems
[0.168s] INFO:colcon.colcon_core.plugin_system:Skipping extension 'colcon_notification.desktop_notification.win32': Not used on non-Windows systems
[0.168s] INFO:colcon.colcon_notification.desktop_notification:Sending desktop notification using 'notify2'
[0.175s] DEBUG:colcon.colcon_core.event_reactor:joined thread
[0.176s] INFO:colcon.colcon_core.plugin_system:Skipping extension 'colcon_core.shell.bat': Not used on non-Windows systems
[0.176s] INFO:colcon.colcon_core.shell:Creating prefix script '/home/zech/exia_ws/src/exia_ground_description/scripts/install/local_setup.ps1'
[0.177s] INFO:colcon.colcon_core.shell:Creating prefix util module '/home/zech/exia_ws/src/exia_ground_description/scripts/install/_local_setup_util_ps1.py'
[0.178s] INFO:colcon.colcon_core.shell:Creating prefix chain script '/home/zech/exia_ws/src/exia_ground_description/scripts/install/setup.ps1'
[0.178s] INFO:colcon.colcon_core.shell:Creating prefix script '/home/zech/exia_ws/src/exia_ground_description/scripts/install/local_setup.sh'
[0.178s] INFO:colcon.colcon_core.shell:Creating prefix util module '/home/zech/exia_ws/src/exia_ground_description/scripts/install/_local_setup_util_sh.py'
[0.179s] INFO:colcon.colcon_core.shell:Creating prefix chain script '/home/zech/exia_ws/src/exia_ground_description/scripts/install/setup.sh'
[0.179s] INFO:colcon.colcon_core.shell:Creating prefix script '/home/zech/exia_ws/src/exia_ground_description/scripts/install/local_setup.bash'
[0.179s] INFO:colcon.colcon_core.shell:Creating prefix chain script '/home/zech/exia_ws/src/exia_ground_description/scripts/install/setup.bash'
[0.180s] INFO:colcon.colcon_core.shell:Creating prefix script '/home/zech/exia_ws/src/exia_ground_description/scripts/install/local_setup.zsh'
[0.180s] INFO:colcon.colcon_core.shell:Creating prefix chain script '/home/zech/exia_ws/src/exia_ground_description/scripts/install/setup.zsh'
