[0.042s] Invoking command in '/home/exialabsargus/Exia-Labs/build/exia_ground_description': CMAKE_PREFIX_PATH=/opt/ros/humble /usr/bin/cmake /home/exialabsargus/Exia-Labs/src/exia_ground_description -DCMAKE_INSTALL_PREFIX=/home/exialabsargus/Exia-Labs/install/exia_ground_description
[0.598s] -- The C compiler identification is GNU 11.4.0
[1.177s] -- The CXX compiler identification is GNU 11.4.0
[1.228s] -- Detecting C compiler ABI info
[1.538s] -- Detecting C compiler ABI info - done
[1.545s] -- Check for working C compiler: /usr/bin/cc - skipped
[1.548s] -- Detecting C compile features
[1.551s] -- Detecting C compile features - done
[1.563s] -- Detecting CXX compiler ABI info
[1.793s] -- Detecting CXX compiler ABI info - done
[1.808s] -- Check for working CXX compiler: /usr/bin/c++ - skipped
[1.809s] -- Detecting CXX compile features
[1.810s] -- Detecting CXX compile features - done
[1.823s] -- Found ament_cmake: 1.3.12 (/opt/ros/humble/share/ament_cmake/cmake)
[2.368s] -- Found Python3: /usr/bin/python3 (found version "3.10.12") found components: Interpreter 
[2.912s] -- Configuring done
[2.923s] -- Generating done
[2.927s] -- Build files have been written to: /home/exialabsargus/Exia-Labs/build/exia_ground_description
[2.939s] Invoked command in '/home/exialabsargus/Exia-Labs/build/exia_ground_description' returned '0': CMAKE_PREFIX_PATH=/opt/ros/humble /usr/bin/cmake /home/exialabsargus/Exia-Labs/src/exia_ground_description -DCMAKE_INSTALL_PREFIX=/home/exialabsargus/Exia-Labs/install/exia_ground_description
[2.942s] Invoking command in '/home/exialabsargus/Exia-Labs/build/exia_ground_description': CMAKE_PREFIX_PATH=/opt/ros/humble /usr/bin/cmake --build /home/exialabsargus/Exia-Labs/build/exia_ground_description -- -j6 -l6
[3.037s] Invoked command in '/home/exialabsargus/Exia-Labs/build/exia_ground_description' returned '0': CMAKE_PREFIX_PATH=/opt/ros/humble /usr/bin/cmake --build /home/exialabsargus/Exia-Labs/build/exia_ground_description -- -j6 -l6
[3.063s] Invoking command in '/home/exialabsargus/Exia-Labs/build/exia_ground_description': CMAKE_PREFIX_PATH=/opt/ros/humble /usr/bin/cmake --install /home/exialabsargus/Exia-Labs/build/exia_ground_description
[3.081s] -- Install configuration: ""
[3.082s] -- Installing: /home/exialabsargus/Exia-Labs/install/exia_ground_description/share/exia_ground_description/urdf
[3.082s] -- Installing: /home/exialabsargus/Exia-Labs/install/exia_ground_description/share/exia_ground_description/urdf/exia_ground.urdf.xacro
[3.082s] -- Installing: /home/exialabsargus/Exia-Labs/install/exia_ground_description/share/exia_ground_description/launch
[3.083s] -- Installing: /home/exialabsargus/Exia-Labs/install/exia_ground_description/share/exia_ground_description/launch/exia_ground_state.launch.py
[3.083s] -- Installing: /home/exialabsargus/Exia-Labs/install/exia_ground_description/share/exia_ground_description/launch/__pycache__
[3.083s] -- Installing: /home/exialabsargus/Exia-Labs/install/exia_ground_description/share/exia_ground_description/launch/__pycache__/exia_ground_sim.launch.cpython-310.pyc
[3.083s] -- Installing: /home/exialabsargus/Exia-Labs/install/exia_ground_description/share/exia_ground_description/launch/exia_ground_sim.launch.py
[3.083s] -- Installing: /home/exialabsargus/Exia-Labs/install/exia_ground_description/share/exia_ground_description/launch/dynamic_nav.launch.py
[3.084s] -- Installing: /home/exialabsargus/Exia-Labs/install/exia_ground_description/share/exia_ground_description/rviz
[3.084s] -- Installing: /home/exialabsargus/Exia-Labs/install/exia_ground_description/share/exia_ground_description/rviz/exia_ground.rviz
[3.084s] -- Installing: /home/exialabsargus/Exia-Labs/install/exia_ground_description/share/exia_ground_description/rviz/exia_slam_nav.rviz
[3.084s] -- Installing: /home/exialabsargus/Exia-Labs/install/exia_ground_description/share/exia_ground_description/config
[3.084s] -- Installing: /home/exialabsargus/Exia-Labs/install/exia_ground_description/share/exia_ground_description/config/ackermann_controllers.yaml
[3.085s] -- Installing: /home/exialabsargus/Exia-Labs/install/exia_ground_description/share/exia_ground_description/config/hardware_config.yaml
[3.085s] -- Installing: /home/exialabsargus/Exia-Labs/install/exia_ground_description/share/exia_ground_description/config/slam_toolbox_params.yaml
[3.085s] -- Installing: /home/exialabsargus/Exia-Labs/install/exia_ground_description/share/exia_ground_description/config/nav2_params.yaml
[3.085s] -- Installing: /home/exialabsargus/Exia-Labs/install/exia_ground_description/share/exia_ground_description/worlds
[3.085s] -- Installing: /home/exialabsargus/Exia-Labs/install/exia_ground_description/share/exia_ground_description/worlds/exia_world.sdf
[3.086s] -- Installing: /home/exialabsargus/Exia-Labs/install/exia_ground_description/lib/exia_ground_description/exia_control
[3.086s] -- Installing: /home/exialabsargus/Exia-Labs/install/exia_ground_description/lib/exia_ground_description/exia_control/planning
[3.086s] -- Installing: /home/exialabsargus/Exia-Labs/install/exia_ground_description/lib/exia_ground_description/exia_control/planning/paths.py
[3.086s] -- Installing: /home/exialabsargus/Exia-Labs/install/exia_ground_description/lib/exia_ground_description/exia_control/planning/__pycache__
[3.086s] -- Installing: /home/exialabsargus/Exia-Labs/install/exia_ground_description/lib/exia_ground_description/exia_control/planning/__init__.py
[3.087s] -- Installing: /home/exialabsargus/Exia-Labs/install/exia_ground_description/lib/exia_ground_description/exia_control/planning/pure_pursuit.py
[3.087s] -- Installing: /home/exialabsargus/Exia-Labs/install/exia_ground_description/lib/exia_ground_description/exia_control/navigation
[3.087s] -- Installing: /home/exialabsargus/Exia-Labs/install/exia_ground_description/lib/exia_ground_description/exia_control/navigation/__init__.py
[3.087s] -- Installing: /home/exialabsargus/Exia-Labs/install/exia_ground_description/lib/exia_ground_description/exia_control/navigation/planner_interface.py
[3.088s] -- Installing: /home/exialabsargus/Exia-Labs/install/exia_ground_description/lib/exia_ground_description/exia_control/navigation/path_validator.py
[3.088s] -- Installing: /home/exialabsargus/Exia-Labs/install/exia_ground_description/lib/exia_ground_description/exia_control/__pycache__
[3.088s] -- Installing: /home/exialabsargus/Exia-Labs/install/exia_ground_description/lib/exia_ground_description/exia_control/__init__.py
[3.088s] -- Installing: /home/exialabsargus/Exia-Labs/install/exia_ground_description/lib/exia_ground_description/exia_control/hal
[3.089s] -- Installing: /home/exialabsargus/Exia-Labs/install/exia_ground_description/lib/exia_ground_description/exia_control/hal/simulation.py
[3.089s] -- Installing: /home/exialabsargus/Exia-Labs/install/exia_ground_description/lib/exia_ground_description/exia_control/hal/__init__.py
[3.089s] -- Installing: /home/exialabsargus/Exia-Labs/install/exia_ground_description/lib/exia_ground_description/exia_control/hal/base.py
[3.089s] -- Installing: /home/exialabsargus/Exia-Labs/install/exia_ground_description/lib/exia_ground_description/exia_control/control
[3.089s] -- Installing: /home/exialabsargus/Exia-Labs/install/exia_ground_description/lib/exia_ground_description/exia_control/control/ackermann_drive.py
[3.090s] -- Installing: /home/exialabsargus/Exia-Labs/install/exia_ground_description/lib/exia_ground_description/exia_control/control/__init__.py
[3.090s] -- Installing: /home/exialabsargus/Exia-Labs/install/exia_ground_description/lib/exia_ground_description/ackermann_drive_node.py
[3.090s] -- Installing: /home/exialabsargus/Exia-Labs/install/exia_ground_description/lib/exia_ground_description/ackermann_odometry.py
[3.090s] -- Installing: /home/exialabsargus/Exia-Labs/install/exia_ground_description/lib/exia_ground_description/path_follower_node.py
[3.090s] -- Installing: /home/exialabsargus/Exia-Labs/install/exia_ground_description/lib/exia_ground_description/dynamic_navigator_node.py
[3.091s] -- Installing: /home/exialabsargus/Exia-Labs/install/exia_ground_description/lib/exia_ground_description/xbox_teleop_node.py
[3.091s] -- Installing: /home/exialabsargus/Exia-Labs/install/exia_ground_description/share/ament_index/resource_index/package_run_dependencies/exia_ground_description
[3.091s] -- Installing: /home/exialabsargus/Exia-Labs/install/exia_ground_description/share/ament_index/resource_index/parent_prefix_path/exia_ground_description
[3.092s] -- Installing: /home/exialabsargus/Exia-Labs/install/exia_ground_description/share/exia_ground_description/environment/ament_prefix_path.sh
[3.094s] -- Installing: /home/exialabsargus/Exia-Labs/install/exia_ground_description/share/exia_ground_description/environment/ament_prefix_path.dsv
[3.094s] -- Installing: /home/exialabsargus/Exia-Labs/install/exia_ground_description/share/exia_ground_description/environment/path.sh
[3.096s] -- Installing: /home/exialabsargus/Exia-Labs/install/exia_ground_description/share/exia_ground_description/environment/path.dsv
[3.096s] -- Installing: /home/exialabsargus/Exia-Labs/install/exia_ground_description/share/exia_ground_description/local_setup.bash
[3.096s] -- Installing: /home/exialabsargus/Exia-Labs/install/exia_ground_description/share/exia_ground_description/local_setup.sh
[3.097s] -- Installing: /home/exialabsargus/Exia-Labs/install/exia_ground_description/share/exia_ground_description/local_setup.zsh
[3.097s] -- Installing: /home/exialabsargus/Exia-Labs/install/exia_ground_description/share/exia_ground_description/local_setup.dsv
[3.097s] -- Installing: /home/exialabsargus/Exia-Labs/install/exia_ground_description/share/exia_ground_description/package.dsv
[3.097s] -- Installing: /home/exialabsargus/Exia-Labs/install/exia_ground_description/share/ament_index/resource_index/packages/exia_ground_description
[3.097s] -- Installing: /home/exialabsargus/Exia-Labs/install/exia_ground_description/share/exia_ground_description/cmake/exia_ground_descriptionConfig.cmake
[3.098s] -- Installing: /home/exialabsargus/Exia-Labs/install/exia_ground_description/share/exia_ground_description/cmake/exia_ground_descriptionConfig-version.cmake
[3.098s] -- Installing: /home/exialabsargus/Exia-Labs/install/exia_ground_description/share/exia_ground_description/package.xml
[3.112s] Invoked command in '/home/exialabsargus/Exia-Labs/build/exia_ground_description' returned '0': CMAKE_PREFIX_PATH=/opt/ros/humble /usr/bin/cmake --install /home/exialabsargus/Exia-Labs/build/exia_ground_description
