[0.453s] Invoking command in '/home/zech/exia_ws/src/exia_driver': PYTHONPATH=/home/zech/exia_ws/build/exia_driver/prefix_override:/usr/lib/python3/dist-packages/colcon_core/task/python/colcon_distutils_commands:/home/zech/exia_ws/install/exia_driver/lib/python3.10/site-packages:${PYTHONPATH} /usr/bin/python3 -W ignore:setup.py install is deprecated -W ignore:easy_install command is deprecated setup.py egg_info --egg-base ../../build/exia_driver build --build-base /home/zech/exia_ws/build/exia_driver/build install --record /home/zech/exia_ws/build/exia_driver/install.log --single-version-externally-managed install_data
[0.562s] running egg_info
[0.562s] writing ../../build/exia_driver/exia_driver.egg-info/PKG-INFO
[0.562s] writing dependency_links to ../../build/exia_driver/exia_driver.egg-info/dependency_links.txt
[0.562s] writing entry points to ../../build/exia_driver/exia_driver.egg-info/entry_points.txt
[0.562s] writing requirements to ../../build/exia_driver/exia_driver.egg-info/requires.txt
[0.562s] writing top-level names to ../../build/exia_driver/exia_driver.egg-info/top_level.txt
[0.563s] reading manifest file '../../build/exia_driver/exia_driver.egg-info/SOURCES.txt'
[0.564s] writing manifest file '../../build/exia_driver/exia_driver.egg-info/SOURCES.txt'
[0.564s] running build
[0.564s] running build_py
[0.564s] running install
[0.564s] running install_lib
[0.564s] running install_data
[0.564s] running install_egg_info
[0.565s] removing '/home/zech/exia_ws/install/exia_driver/lib/python3.10/site-packages/exia_driver-1.0.0-py3.10.egg-info' (and everything under it)
[0.565s] Copying ../../build/exia_driver/exia_driver.egg-info to /home/zech/exia_ws/install/exia_driver/lib/python3.10/site-packages/exia_driver-1.0.0-py3.10.egg-info
[0.566s] running install_scripts
[0.577s] Installing rc_driver_node script to /home/zech/exia_ws/install/exia_driver/lib/exia_driver
[0.578s] writing list of installed files to '/home/zech/exia_ws/build/exia_driver/install.log'
[0.592s] Invoked command in '/home/zech/exia_ws/src/exia_driver' returned '0': PYTHONPATH=/home/zech/exia_ws/build/exia_driver/prefix_override:/usr/lib/python3/dist-packages/colcon_core/task/python/colcon_distutils_commands:/home/zech/exia_ws/install/exia_driver/lib/python3.10/site-packages:${PYTHONPATH} /usr/bin/python3 -W ignore:setup.py install is deprecated -W ignore:easy_install command is deprecated setup.py egg_info --egg-base ../../build/exia_driver build --build-base /home/zech/exia_ws/build/exia_driver/build install --record /home/zech/exia_ws/build/exia_driver/install.log --single-version-externally-managed install_data
