[0.056s] DEBUG:colcon:Command line arguments: ['/usr/bin/colcon', 'build', '--packages-select', 'exia_msgs']
[0.056s] DEBUG:colcon:Parsed command line arguments: Namespace(log_base=None, log_level=None, verb_name='build', build_base='build', install_base='install', merge_install=False, symlink_install=False, test_result_base=None, continue_on_error=False, executor='parallel', parallel_workers=20, event_handlers=None, ignore_user_meta=False, metas=['./colcon.meta'], base_paths=['.'], packages_ignore=None, packages_ignore_regex=None, paths=None, packages_up_to=None, packages_up_to_regex=None, packages_above=None, packages_above_and_dependencies=None, packages_above_depth=None, packages_select_by_dep=None, packages_skip_by_dep=None, packages_skip_up_to=None, packages_select_build_failed=False, packages_skip_build_finished=False, packages_select_test_failures=False, packages_skip_test_passed=False, packages_select=['exia_msgs'], packages_skip=None, packages_select_regex=None, packages_skip_regex=None, packages_start=None, packages_end=None, allow_overriding=[], cmake_args=None, cmake_target=None, cmake_target_skip_unavailable=False, cmake_clean_cache=False, cmake_clean_first=False, cmake_force_configure=False, ament_cmake_args=None, catkin_cmake_args=None, catkin_skip_building_tests=False, verb_parser=<colcon_defaults.argument_parser.defaults.DefaultArgumentsDecorator object at 0x7de8cc74de10>, verb_extension=<colcon_core.verb.build.BuildVerb object at 0x7de8cc74cfd0>, main=<bound method BuildVerb.main of <colcon_core.verb.build.BuildVerb object at 0x7de8cc74cfd0>>)
[0.131s] Level 1:colcon.colcon_core.package_discovery:discover_packages(colcon_meta) check parameters
[0.131s] Level 1:colcon.colcon_core.package_discovery:discover_packages(recursive) check parameters
[0.131s] Level 1:colcon.colcon_core.package_discovery:discover_packages(ignore) check parameters
[0.131s] Level 1:colcon.colcon_core.package_discovery:discover_packages(path) check parameters
[0.131s] Level 1:colcon.colcon_core.package_discovery:discover_packages(colcon_meta) discover
[0.131s] Level 1:colcon.colcon_core.package_discovery:discover_packages(recursive) discover
[0.132s] INFO:colcon.colcon_core.package_discovery:Crawling recursively for packages in '/home/zech/exia_ws'
[0.132s] Level 1:colcon.colcon_core.package_identification:_identify(.) by extensions ['ignore', 'ignore_ament_install']
[0.132s] Level 1:colcon.colcon_core.package_identification:_identify(.) by extension 'ignore'
[0.132s] Level 1:colcon.colcon_core.package_identification:_identify(.) by extension 'ignore_ament_install'
[0.132s] Level 1:colcon.colcon_core.package_identification:_identify(.) by extensions ['colcon_pkg']
[0.132s] Level 1:colcon.colcon_core.package_identification:_identify(.) by extension 'colcon_pkg'
[0.132s] Level 1:colcon.colcon_core.package_identification:_identify(.) by extensions ['colcon_meta']
[0.132s] Level 1:colcon.colcon_core.package_identification:_identify(.) by extension 'colcon_meta'
[0.132s] Level 1:colcon.colcon_core.package_identification:_identify(.) by extensions ['ros']
[0.132s] Level 1:colcon.colcon_core.package_identification:_identify(.) by extension 'ros'
[0.139s] Level 1:colcon.colcon_core.package_identification:_identify(.) by extensions ['cmake', 'python']
[0.139s] Level 1:colcon.colcon_core.package_identification:_identify(.) by extension 'cmake'
[0.139s] Level 1:colcon.colcon_core.package_identification:_identify(.) by extension 'python'
[0.139s] Level 1:colcon.colcon_core.package_identification:_identify(.) by extensions ['python_setup_py']
[0.139s] Level 1:colcon.colcon_core.package_identification:_identify(.) by extension 'python_setup_py'
[0.139s] Level 1:colcon.colcon_core.package_identification:_identify(arduino) by extensions ['ignore', 'ignore_ament_install']
[0.139s] Level 1:colcon.colcon_core.package_identification:_identify(arduino) by extension 'ignore'
[0.139s] Level 1:colcon.colcon_core.package_identification:_identify(arduino) by extension 'ignore_ament_install'
[0.139s] Level 1:colcon.colcon_core.package_identification:_identify(arduino) by extensions ['colcon_pkg']
[0.140s] Level 1:colcon.colcon_core.package_identification:_identify(arduino) by extension 'colcon_pkg'
[0.140s] Level 1:colcon.colcon_core.package_identification:_identify(arduino) by extensions ['colcon_meta']
[0.140s] Level 1:colcon.colcon_core.package_identification:_identify(arduino) by extension 'colcon_meta'
[0.140s] Level 1:colcon.colcon_core.package_identification:_identify(arduino) by extensions ['ros']
[0.140s] Level 1:colcon.colcon_core.package_identification:_identify(arduino) by extension 'ros'
[0.140s] Level 1:colcon.colcon_core.package_identification:_identify(arduino) by extensions ['cmake', 'python']
[0.140s] Level 1:colcon.colcon_core.package_identification:_identify(arduino) by extension 'cmake'
[0.140s] Level 1:colcon.colcon_core.package_identification:_identify(arduino) by extension 'python'
[0.140s] Level 1:colcon.colcon_core.package_identification:_identify(arduino) by extensions ['python_setup_py']
[0.140s] Level 1:colcon.colcon_core.package_identification:_identify(arduino) by extension 'python_setup_py'
[0.140s] Level 1:colcon.colcon_core.package_identification:_identify(arduino/exia_servo_controller) by extensions ['ignore', 'ignore_ament_install']
[0.140s] Level 1:colcon.colcon_core.package_identification:_identify(arduino/exia_servo_controller) by extension 'ignore'
[0.140s] Level 1:colcon.colcon_core.package_identification:_identify(arduino/exia_servo_controller) by extension 'ignore_ament_install'
[0.140s] Level 1:colcon.colcon_core.package_identification:_identify(arduino/exia_servo_controller) by extensions ['colcon_pkg']
[0.140s] Level 1:colcon.colcon_core.package_identification:_identify(arduino/exia_servo_controller) by extension 'colcon_pkg'
[0.140s] Level 1:colcon.colcon_core.package_identification:_identify(arduino/exia_servo_controller) by extensions ['colcon_meta']
[0.140s] Level 1:colcon.colcon_core.package_identification:_identify(arduino/exia_servo_controller) by extension 'colcon_meta'
[0.140s] Level 1:colcon.colcon_core.package_identification:_identify(arduino/exia_servo_controller) by extensions ['ros']
[0.140s] Level 1:colcon.colcon_core.package_identification:_identify(arduino/exia_servo_controller) by extension 'ros'
[0.140s] Level 1:colcon.colcon_core.package_identification:_identify(arduino/exia_servo_controller) by extensions ['cmake', 'python']
[0.140s] Level 1:colcon.colcon_core.package_identification:_identify(arduino/exia_servo_controller) by extension 'cmake'
[0.140s] Level 1:colcon.colcon_core.package_identification:_identify(arduino/exia_servo_controller) by extension 'python'
[0.140s] Level 1:colcon.colcon_core.package_identification:_identify(arduino/exia_servo_controller) by extensions ['python_setup_py']
[0.140s] Level 1:colcon.colcon_core.package_identification:_identify(arduino/exia_servo_controller) by extension 'python_setup_py'
[0.140s] Level 1:colcon.colcon_core.package_identification:_identify(build) by extensions ['ignore', 'ignore_ament_install']
[0.140s] Level 1:colcon.colcon_core.package_identification:_identify(build) by extension 'ignore'
[0.140s] Level 1:colcon.colcon_core.package_identification:_identify(build) ignored
[0.140s] Level 1:colcon.colcon_core.package_identification:_identify(install) by extensions ['ignore', 'ignore_ament_install']
[0.140s] Level 1:colcon.colcon_core.package_identification:_identify(install) by extension 'ignore'
[0.141s] Level 1:colcon.colcon_core.package_identification:_identify(install) ignored
[0.141s] Level 1:colcon.colcon_core.package_identification:_identify(log) by extensions ['ignore', 'ignore_ament_install']
[0.141s] Level 1:colcon.colcon_core.package_identification:_identify(log) by extension 'ignore'
[0.141s] Level 1:colcon.colcon_core.package_identification:_identify(log) ignored
[0.141s] Level 1:colcon.colcon_core.package_identification:_identify(scripts) by extensions ['ignore', 'ignore_ament_install']
[0.141s] Level 1:colcon.colcon_core.package_identification:_identify(scripts) by extension 'ignore'
[0.141s] Level 1:colcon.colcon_core.package_identification:_identify(scripts) by extension 'ignore_ament_install'
[0.141s] Level 1:colcon.colcon_core.package_identification:_identify(scripts) by extensions ['colcon_pkg']
[0.141s] Level 1:colcon.colcon_core.package_identification:_identify(scripts) by extension 'colcon_pkg'
[0.141s] Level 1:colcon.colcon_core.package_identification:_identify(scripts) by extensions ['colcon_meta']
[0.141s] Level 1:colcon.colcon_core.package_identification:_identify(scripts) by extension 'colcon_meta'
[0.141s] Level 1:colcon.colcon_core.package_identification:_identify(scripts) by extensions ['ros']
[0.141s] Level 1:colcon.colcon_core.package_identification:_identify(scripts) by extension 'ros'
[0.141s] Level 1:colcon.colcon_core.package_identification:_identify(scripts) by extensions ['cmake', 'python']
[0.141s] Level 1:colcon.colcon_core.package_identification:_identify(scripts) by extension 'cmake'
[0.141s] Level 1:colcon.colcon_core.package_identification:_identify(scripts) by extension 'python'
[0.141s] Level 1:colcon.colcon_core.package_identification:_identify(scripts) by extensions ['python_setup_py']
[0.141s] Level 1:colcon.colcon_core.package_identification:_identify(scripts) by extension 'python_setup_py'
[0.141s] Level 1:colcon.colcon_core.package_identification:_identify(src) by extensions ['ignore', 'ignore_ament_install']
[0.141s] Level 1:colcon.colcon_core.package_identification:_identify(src) by extension 'ignore'
[0.141s] Level 1:colcon.colcon_core.package_identification:_identify(src) by extension 'ignore_ament_install'
[0.141s] Level 1:colcon.colcon_core.package_identification:_identify(src) by extensions ['colcon_pkg']
[0.142s] Level 1:colcon.colcon_core.package_identification:_identify(src) by extension 'colcon_pkg'
[0.142s] Level 1:colcon.colcon_core.package_identification:_identify(src) by extensions ['colcon_meta']
[0.142s] Level 1:colcon.colcon_core.package_identification:_identify(src) by extension 'colcon_meta'
[0.142s] Level 1:colcon.colcon_core.package_identification:_identify(src) by extensions ['ros']
[0.142s] Level 1:colcon.colcon_core.package_identification:_identify(src) by extension 'ros'
[0.142s] Level 1:colcon.colcon_core.package_identification:_identify(src) by extensions ['cmake', 'python']
[0.142s] Level 1:colcon.colcon_core.package_identification:_identify(src) by extension 'cmake'
[0.142s] Level 1:colcon.colcon_core.package_identification:_identify(src) by extension 'python'
[0.142s] Level 1:colcon.colcon_core.package_identification:_identify(src) by extensions ['python_setup_py']
[0.142s] Level 1:colcon.colcon_core.package_identification:_identify(src) by extension 'python_setup_py'
[0.142s] Level 1:colcon.colcon_core.package_identification:_identify(src/exia_bringup) by extensions ['ignore', 'ignore_ament_install']
[0.142s] Level 1:colcon.colcon_core.package_identification:_identify(src/exia_bringup) by extension 'ignore'
[0.142s] Level 1:colcon.colcon_core.package_identification:_identify(src/exia_bringup) by extension 'ignore_ament_install'
[0.142s] Level 1:colcon.colcon_core.package_identification:_identify(src/exia_bringup) by extensions ['colcon_pkg']
[0.142s] Level 1:colcon.colcon_core.package_identification:_identify(src/exia_bringup) by extension 'colcon_pkg'
[0.142s] Level 1:colcon.colcon_core.package_identification:_identify(src/exia_bringup) by extensions ['colcon_meta']
[0.142s] Level 1:colcon.colcon_core.package_identification:_identify(src/exia_bringup) by extension 'colcon_meta'
[0.142s] Level 1:colcon.colcon_core.package_identification:_identify(src/exia_bringup) by extensions ['ros']
[0.142s] Level 1:colcon.colcon_core.package_identification:_identify(src/exia_bringup) by extension 'ros'
[0.145s] DEBUG:colcon.colcon_core.package_identification:Package 'src/exia_bringup' with type 'ros.ament_cmake' and name 'exia_bringup'
[0.145s] Level 1:colcon.colcon_core.package_identification:_identify(src/exia_control) by extensions ['ignore', 'ignore_ament_install']
[0.145s] Level 1:colcon.colcon_core.package_identification:_identify(src/exia_control) by extension 'ignore'
[0.145s] Level 1:colcon.colcon_core.package_identification:_identify(src/exia_control) by extension 'ignore_ament_install'
[0.145s] Level 1:colcon.colcon_core.package_identification:_identify(src/exia_control) by extensions ['colcon_pkg']
[0.145s] Level 1:colcon.colcon_core.package_identification:_identify(src/exia_control) by extension 'colcon_pkg'
[0.145s] Level 1:colcon.colcon_core.package_identification:_identify(src/exia_control) by extensions ['colcon_meta']
[0.145s] Level 1:colcon.colcon_core.package_identification:_identify(src/exia_control) by extension 'colcon_meta'
[0.145s] Level 1:colcon.colcon_core.package_identification:_identify(src/exia_control) by extensions ['ros']
[0.145s] Level 1:colcon.colcon_core.package_identification:_identify(src/exia_control) by extension 'ros'
[0.146s] DEBUG:colcon.colcon_core.package_identification:Package 'src/exia_control' with type 'ros.ament_python' and name 'exia_control'
[0.146s] Level 1:colcon.colcon_core.package_identification:_identify(src/exia_driver) by extensions ['ignore', 'ignore_ament_install']
[0.146s] Level 1:colcon.colcon_core.package_identification:_identify(src/exia_driver) by extension 'ignore'
[0.146s] Level 1:colcon.colcon_core.package_identification:_identify(src/exia_driver) by extension 'ignore_ament_install'
[0.146s] Level 1:colcon.colcon_core.package_identification:_identify(src/exia_driver) by extensions ['colcon_pkg']
[0.146s] Level 1:colcon.colcon_core.package_identification:_identify(src/exia_driver) by extension 'colcon_pkg'
[0.146s] Level 1:colcon.colcon_core.package_identification:_identify(src/exia_driver) by extensions ['colcon_meta']
[0.146s] Level 1:colcon.colcon_core.package_identification:_identify(src/exia_driver) by extension 'colcon_meta'
[0.146s] Level 1:colcon.colcon_core.package_identification:_identify(src/exia_driver) by extensions ['ros']
[0.146s] Level 1:colcon.colcon_core.package_identification:_identify(src/exia_driver) by extension 'ros'
[0.147s] DEBUG:colcon.colcon_core.package_identification:Package 'src/exia_driver' with type 'ros.ament_python' and name 'exia_driver'
[0.147s] Level 1:colcon.colcon_core.package_identification:_identify(src/exia_msgs) by extensions ['ignore', 'ignore_ament_install']
[0.147s] Level 1:colcon.colcon_core.package_identification:_identify(src/exia_msgs) by extension 'ignore'
[0.147s] Level 1:colcon.colcon_core.package_identification:_identify(src/exia_msgs) by extension 'ignore_ament_install'
[0.147s] Level 1:colcon.colcon_core.package_identification:_identify(src/exia_msgs) by extensions ['colcon_pkg']
[0.147s] Level 1:colcon.colcon_core.package_identification:_identify(src/exia_msgs) by extension 'colcon_pkg'
[0.147s] Level 1:colcon.colcon_core.package_identification:_identify(src/exia_msgs) by extensions ['colcon_meta']
[0.147s] Level 1:colcon.colcon_core.package_identification:_identify(src/exia_msgs) by extension 'colcon_meta'
[0.147s] Level 1:colcon.colcon_core.package_identification:_identify(src/exia_msgs) by extensions ['ros']
[0.147s] Level 1:colcon.colcon_core.package_identification:_identify(src/exia_msgs) by extension 'ros'
[0.147s] DEBUG:colcon.colcon_core.package_identification:Package 'src/exia_msgs' with type 'ros.ament_cmake' and name 'exia_msgs'
[0.147s] Level 1:colcon.colcon_core.package_discovery:discover_packages(recursive) using defaults
[0.147s] Level 1:colcon.colcon_core.package_discovery:discover_packages(ignore) discover
[0.147s] Level 1:colcon.colcon_core.package_discovery:discover_packages(ignore) using defaults
[0.148s] Level 1:colcon.colcon_core.package_discovery:discover_packages(path) discover
[0.148s] Level 1:colcon.colcon_core.package_discovery:discover_packages(path) using defaults
[0.159s] INFO:colcon.colcon_core.package_selection:Skipping not selected package 'exia_driver' in 'src/exia_driver'
[0.160s] INFO:colcon.colcon_core.package_selection:Skipping not selected package 'exia_control' in 'src/exia_control'
[0.160s] INFO:colcon.colcon_core.package_selection:Skipping not selected package 'exia_bringup' in 'src/exia_bringup'
[0.160s] Level 1:colcon.colcon_core.package_discovery:discover_packages(prefix_path) check parameters
[0.160s] Level 1:colcon.colcon_core.package_discovery:discover_packages(prefix_path) discover
[0.161s] DEBUG:colcon.colcon_installed_package_information.package_discovery:Found 5 installed packages in /home/zech/exia_ws/install
[0.161s] DEBUG:colcon.colcon_installed_package_information.package_discovery:Found 2 installed packages in /home/zech/ros2_ws/install
[0.162s] DEBUG:colcon.colcon_installed_package_information.package_discovery:Found 313 installed packages in /opt/ros/humble
[0.163s] Level 1:colcon.colcon_core.package_discovery:discover_packages(prefix_path) using defaults
[0.186s] Level 5:colcon.colcon_core.verb:set package 'exia_msgs' build argument 'cmake_args' from command line to 'None'
[0.186s] Level 5:colcon.colcon_core.verb:set package 'exia_msgs' build argument 'cmake_target' from command line to 'None'
[0.186s] Level 5:colcon.colcon_core.verb:set package 'exia_msgs' build argument 'cmake_target_skip_unavailable' from command line to 'False'
[0.186s] Level 5:colcon.colcon_core.verb:set package 'exia_msgs' build argument 'cmake_clean_cache' from command line to 'False'
[0.186s] Level 5:colcon.colcon_core.verb:set package 'exia_msgs' build argument 'cmake_clean_first' from command line to 'False'
[0.186s] Level 5:colcon.colcon_core.verb:set package 'exia_msgs' build argument 'cmake_force_configure' from command line to 'False'
[0.186s] Level 5:colcon.colcon_core.verb:set package 'exia_msgs' build argument 'ament_cmake_args' from command line to 'None'
[0.186s] Level 5:colcon.colcon_core.verb:set package 'exia_msgs' build argument 'catkin_cmake_args' from command line to 'None'
[0.186s] Level 5:colcon.colcon_core.verb:set package 'exia_msgs' build argument 'catkin_skip_building_tests' from command line to 'False'
[0.186s] DEBUG:colcon.colcon_core.verb:Building package 'exia_msgs' with the following arguments: {'ament_cmake_args': None, 'build_base': '/home/zech/exia_ws/build/exia_msgs', 'catkin_cmake_args': None, 'catkin_skip_building_tests': False, 'cmake_args': None, 'cmake_clean_cache': False, 'cmake_clean_first': False, 'cmake_force_configure': False, 'cmake_target': None, 'cmake_target_skip_unavailable': False, 'install_base': '/home/zech/exia_ws/install/exia_msgs', 'merge_install': False, 'path': '/home/zech/exia_ws/src/exia_msgs', 'symlink_install': False, 'test_result_base': None}
[0.186s] INFO:colcon.colcon_core.executor:Executing jobs using 'parallel' executor
[0.187s] DEBUG:colcon.colcon_parallel_executor.executor.parallel:run_until_complete
[0.187s] INFO:colcon.colcon_ros.task.ament_cmake.build:Building ROS package in '/home/zech/exia_ws/src/exia_msgs' with build type 'ament_cmake'
[0.187s] INFO:colcon.colcon_cmake.task.cmake.build:Building CMake package in '/home/zech/exia_ws/src/exia_msgs'
[0.188s] INFO:colcon.colcon_core.plugin_system:Skipping extension 'colcon_core.shell.bat': Not used on non-Windows systems
[0.188s] INFO:colcon.colcon_core.shell:Skip shell extension 'powershell' for command environment: Not usable outside of PowerShell
[0.188s] DEBUG:colcon.colcon_core.shell:Skip shell extension 'dsv' for command environment
[0.194s] DEBUG:colcon.colcon_core.event_handler.log_command:Invoking command in '/home/zech/exia_ws/build/exia_msgs': CMAKE_PREFIX_PATH=${CMAKE_PREFIX_PATH}:/home/zech/exia_ws/install/exia_driver:/home/zech/exia_ws/install/exia_control:/opt/ros/humble /usr/bin/cmake --build /home/zech/exia_ws/build/exia_msgs -- -j20 -l20
[0.691s] DEBUG:colcon.colcon_core.event_handler.log_command:Invoked command in '/home/zech/exia_ws/build/exia_msgs' returned '0': CMAKE_PREFIX_PATH=${CMAKE_PREFIX_PATH}:/home/zech/exia_ws/install/exia_driver:/home/zech/exia_ws/install/exia_control:/opt/ros/humble /usr/bin/cmake --build /home/zech/exia_ws/build/exia_msgs -- -j20 -l20
[0.697s] DEBUG:colcon.colcon_core.event_handler.log_command:Invoking command in '/home/zech/exia_ws/build/exia_msgs': CMAKE_PREFIX_PATH=${CMAKE_PREFIX_PATH}:/home/zech/exia_ws/install/exia_driver:/home/zech/exia_ws/install/exia_control:/opt/ros/humble /usr/bin/cmake --install /home/zech/exia_ws/build/exia_msgs
[0.736s] Level 1:colcon.colcon_core.environment:create_environment_scripts_only(exia_msgs)
[0.737s] DEBUG:colcon.colcon_core.event_handler.log_command:Invoked command in '/home/zech/exia_ws/build/exia_msgs' returned '0': CMAKE_PREFIX_PATH=${CMAKE_PREFIX_PATH}:/home/zech/exia_ws/install/exia_driver:/home/zech/exia_ws/install/exia_control:/opt/ros/humble /usr/bin/cmake --install /home/zech/exia_ws/build/exia_msgs
[0.739s] Level 1:colcon.colcon_core.environment:checking '/home/zech/exia_ws/install/exia_msgs' for CMake module files
[0.739s] Level 1:colcon.colcon_core.environment:checking '/home/zech/exia_ws/install/exia_msgs' for CMake config files
[0.740s] Level 1:colcon.colcon_core.shell:create_environment_hook('exia_msgs', 'cmake_prefix_path')
[0.740s] INFO:colcon.colcon_core.shell:Creating environment hook '/home/zech/exia_ws/install/exia_msgs/share/exia_msgs/hook/cmake_prefix_path.ps1'
[0.741s] INFO:colcon.colcon_core.shell:Creating environment descriptor '/home/zech/exia_ws/install/exia_msgs/share/exia_msgs/hook/cmake_prefix_path.dsv'
[0.741s] INFO:colcon.colcon_core.shell:Creating environment hook '/home/zech/exia_ws/install/exia_msgs/share/exia_msgs/hook/cmake_prefix_path.sh'
[0.742s] Level 1:colcon.colcon_core.environment:checking '/home/zech/exia_ws/install/exia_msgs/lib'
[0.742s] Level 1:colcon.colcon_core.shell:create_environment_hook('exia_msgs', 'ld_library_path_lib')
[0.742s] INFO:colcon.colcon_core.shell:Creating environment hook '/home/zech/exia_ws/install/exia_msgs/share/exia_msgs/hook/ld_library_path_lib.ps1'
[0.742s] INFO:colcon.colcon_core.shell:Creating environment descriptor '/home/zech/exia_ws/install/exia_msgs/share/exia_msgs/hook/ld_library_path_lib.dsv'
[0.743s] INFO:colcon.colcon_core.shell:Creating environment hook '/home/zech/exia_ws/install/exia_msgs/share/exia_msgs/hook/ld_library_path_lib.sh'
[0.743s] Level 1:colcon.colcon_core.environment:checking '/home/zech/exia_ws/install/exia_msgs/bin'
[0.743s] Level 1:colcon.colcon_core.environment:checking '/home/zech/exia_ws/install/exia_msgs/lib/pkgconfig/exia_msgs.pc'
[0.743s] Level 1:colcon.colcon_core.environment:checking '/home/zech/exia_ws/install/exia_msgs/lib/python3.10/site-packages'
[0.743s] Level 1:colcon.colcon_core.environment:checking '/home/zech/exia_ws/install/exia_msgs/bin'
[0.744s] INFO:colcon.colcon_core.shell:Creating package script '/home/zech/exia_ws/install/exia_msgs/share/exia_msgs/package.ps1'
[0.744s] INFO:colcon.colcon_core.shell:Creating package descriptor '/home/zech/exia_ws/install/exia_msgs/share/exia_msgs/package.dsv'
[0.745s] INFO:colcon.colcon_core.shell:Creating package script '/home/zech/exia_ws/install/exia_msgs/share/exia_msgs/package.sh'
[0.745s] INFO:colcon.colcon_core.shell:Creating package script '/home/zech/exia_ws/install/exia_msgs/share/exia_msgs/package.bash'
[0.746s] INFO:colcon.colcon_core.shell:Creating package script '/home/zech/exia_ws/install/exia_msgs/share/exia_msgs/package.zsh'
[0.747s] Level 1:colcon.colcon_core.environment:create_file_with_runtime_dependencies(/home/zech/exia_ws/install/exia_msgs/share/colcon-core/packages/exia_msgs)
[0.747s] Level 1:colcon.colcon_core.environment:create_environment_scripts_only(exia_msgs)
[0.747s] Level 1:colcon.colcon_core.environment:checking '/home/zech/exia_ws/install/exia_msgs' for CMake module files
[0.747s] Level 1:colcon.colcon_core.environment:checking '/home/zech/exia_ws/install/exia_msgs' for CMake config files
[0.748s] Level 1:colcon.colcon_core.shell:create_environment_hook('exia_msgs', 'cmake_prefix_path')
[0.748s] INFO:colcon.colcon_core.shell:Creating environment hook '/home/zech/exia_ws/install/exia_msgs/share/exia_msgs/hook/cmake_prefix_path.ps1'
[0.748s] INFO:colcon.colcon_core.shell:Creating environment descriptor '/home/zech/exia_ws/install/exia_msgs/share/exia_msgs/hook/cmake_prefix_path.dsv'
[0.748s] INFO:colcon.colcon_core.shell:Creating environment hook '/home/zech/exia_ws/install/exia_msgs/share/exia_msgs/hook/cmake_prefix_path.sh'
[0.748s] Level 1:colcon.colcon_core.environment:checking '/home/zech/exia_ws/install/exia_msgs/lib'
[0.748s] Level 1:colcon.colcon_core.shell:create_environment_hook('exia_msgs', 'ld_library_path_lib')
[0.748s] INFO:colcon.colcon_core.shell:Creating environment hook '/home/zech/exia_ws/install/exia_msgs/share/exia_msgs/hook/ld_library_path_lib.ps1'
[0.749s] INFO:colcon.colcon_core.shell:Creating environment descriptor '/home/zech/exia_ws/install/exia_msgs/share/exia_msgs/hook/ld_library_path_lib.dsv'
[0.749s] INFO:colcon.colcon_core.shell:Creating environment hook '/home/zech/exia_ws/install/exia_msgs/share/exia_msgs/hook/ld_library_path_lib.sh'
[0.749s] Level 1:colcon.colcon_core.environment:checking '/home/zech/exia_ws/install/exia_msgs/bin'
[0.749s] Level 1:colcon.colcon_core.environment:checking '/home/zech/exia_ws/install/exia_msgs/lib/pkgconfig/exia_msgs.pc'
[0.749s] Level 1:colcon.colcon_core.environment:checking '/home/zech/exia_ws/install/exia_msgs/lib/python3.10/site-packages'
[0.749s] Level 1:colcon.colcon_core.environment:checking '/home/zech/exia_ws/install/exia_msgs/bin'
[0.749s] INFO:colcon.colcon_core.shell:Creating package script '/home/zech/exia_ws/install/exia_msgs/share/exia_msgs/package.ps1'
[0.749s] INFO:colcon.colcon_core.shell:Creating package descriptor '/home/zech/exia_ws/install/exia_msgs/share/exia_msgs/package.dsv'
[0.750s] INFO:colcon.colcon_core.shell:Creating package script '/home/zech/exia_ws/install/exia_msgs/share/exia_msgs/package.sh'
[0.750s] INFO:colcon.colcon_core.shell:Creating package script '/home/zech/exia_ws/install/exia_msgs/share/exia_msgs/package.bash'
[0.750s] INFO:colcon.colcon_core.shell:Creating package script '/home/zech/exia_ws/install/exia_msgs/share/exia_msgs/package.zsh'
[0.750s] Level 1:colcon.colcon_core.environment:create_file_with_runtime_dependencies(/home/zech/exia_ws/install/exia_msgs/share/colcon-core/packages/exia_msgs)
[0.750s] DEBUG:colcon.colcon_parallel_executor.executor.parallel:closing loop
[0.751s] DEBUG:colcon.colcon_parallel_executor.executor.parallel:loop closed
[0.751s] DEBUG:colcon.colcon_parallel_executor.executor.parallel:run_until_complete finished with '0'
[0.751s] DEBUG:colcon.colcon_core.event_reactor:joining thread
[0.753s] INFO:colcon.colcon_core.plugin_system:Skipping extension 'colcon_notification.desktop_notification.terminal_notifier': Not used on non-Darwin systems
[0.753s] INFO:colcon.colcon_core.plugin_system:Skipping extension 'colcon_notification.desktop_notification.win32': Not used on non-Windows systems
[0.753s] INFO:colcon.colcon_notification.desktop_notification:Sending desktop notification using 'notify2'
[0.761s] DEBUG:colcon.colcon_core.event_reactor:joined thread
[0.761s] INFO:colcon.colcon_core.shell:Creating prefix script '/home/zech/exia_ws/install/local_setup.ps1'
[0.762s] INFO:colcon.colcon_core.shell:Creating prefix util module '/home/zech/exia_ws/install/_local_setup_util_ps1.py'
[0.763s] INFO:colcon.colcon_core.shell:Creating prefix chain script '/home/zech/exia_ws/install/setup.ps1'
[0.763s] INFO:colcon.colcon_core.shell:Creating prefix script '/home/zech/exia_ws/install/local_setup.sh'
[0.764s] INFO:colcon.colcon_core.shell:Creating prefix util module '/home/zech/exia_ws/install/_local_setup_util_sh.py'
[0.764s] INFO:colcon.colcon_core.shell:Creating prefix chain script '/home/zech/exia_ws/install/setup.sh'
[0.764s] INFO:colcon.colcon_core.shell:Creating prefix script '/home/zech/exia_ws/install/local_setup.bash'
[0.765s] INFO:colcon.colcon_core.shell:Creating prefix chain script '/home/zech/exia_ws/install/setup.bash'
[0.765s] INFO:colcon.colcon_core.shell:Creating prefix script '/home/zech/exia_ws/install/local_setup.zsh'
[0.765s] INFO:colcon.colcon_core.shell:Creating prefix chain script '/home/zech/exia_ws/install/setup.zsh'
