Consolidate compiler generated dependencies of target exia_msgs__rosidl_generator_c
[  6%] Built target exia_msgs__cpp
[ 12%] Built target exia_msgs__rosidl_generator_c
[ 12%] Built target ament_cmake_python_copy_exia_msgs
Consolidate compiler generated dependencies of target exia_msgs__rosidl_typesupport_fastrtps_c
Consolidate compiler generated dependencies of target exia_msgs__rosidl_typesupport_fastrtps_cpp
Consolidate compiler generated dependencies of target exia_msgs__rosidl_typesupport_cpp
Consolidate compiler generated dependencies of target exia_msgs__rosidl_typesupport_introspection_cpp
Consolidate compiler generated dependencies of target exia_msgs__rosidl_typesupport_c
Consolidate compiler generated dependencies of target exia_msgs__rosidl_typesupport_introspection_c
[ 22%] Built target exia_msgs__rosidl_typesupport_fastrtps_c
[ 32%] Built target exia_msgs__rosidl_typesupport_fastrtps_cpp
[ 41%] Built target exia_msgs__rosidl_typesupport_cpp
[ 51%] Built target exia_msgs__rosidl_typesupport_c
[ 61%] Built target exia_msgs__rosidl_typesupport_introspection_cpp
[ 70%] Built target exia_msgs__rosidl_typesupport_introspection_c
[ 70%] Built target exia_msgs
[ 74%] Generating Python code for ROS interfaces
running egg_info
writing exia_msgs.egg-info/PKG-INFO
writing dependency_links to exia_msgs.egg-info/dependency_links.txt
writing top-level names to exia_msgs.egg-info/top_level.txt
reading manifest file 'exia_msgs.egg-info/SOURCES.txt'
writing manifest file 'exia_msgs.egg-info/SOURCES.txt'
[ 74%] Built target ament_cmake_python_build_exia_msgs_egg
