Consolidate compiler generated dependencies of target exia_msgs__rosidl_generator_c
[  6%] Built target exia_msgs__cpp
[ 12%] Built target exia_msgs__rosidl_generator_c
[ 12%] Built target ament_cmake_python_copy_exia_msgs
Consolidate compiler generated dependencies of target exia_msgs__rosidl_typesupport_fastrtps_c
Consolidate compiler generated dependencies of target exia_msgs__rosidl_typesupport_fastrtps_cpp
Consolidate compiler generated dependencies of target exia_msgs__rosidl_typesupport_cpp
Consolidate compiler generated dependencies of target exia_msgs__rosidl_typesupport_introspection_cpp
Consolidate compiler generated dependencies of target exia_msgs__rosidl_typesupport_c
Consolidate compiler generated dependencies of target exia_msgs__rosidl_typesupport_introspection_c
[ 22%] Built target exia_msgs__rosidl_typesupport_fastrtps_c
[ 32%] Built target exia_msgs__rosidl_typesupport_fastrtps_cpp
[ 41%] Built target exia_msgs__rosidl_typesupport_cpp
[ 51%] Built target exia_msgs__rosidl_typesupport_c
[ 61%] Built target exia_msgs__rosidl_typesupport_introspection_cpp
[ 70%] Built target exia_msgs__rosidl_typesupport_introspection_c
[ 70%] Built target exia_msgs
[ 74%] Generating Python code for ROS interfaces
running egg_info
writing exia_msgs.egg-info/PKG-INFO
writing dependency_links to exia_msgs.egg-info/dependency_links.txt
writing top-level names to exia_msgs.egg-info/top_level.txt
reading manifest file 'exia_msgs.egg-info/SOURCES.txt'
writing manifest file 'exia_msgs.egg-info/SOURCES.txt'
[ 74%] Built target ament_cmake_python_build_exia_msgs_egg
Error processing idl file: /home/zech/exia_ws/build/exia_msgs/rosidl_adapter/exia_msgs/msg/NavigationGoal.idl
Traceback (most recent call last):
  File "/opt/ros/humble/share/rosidl_generator_py/cmake/../../../lib/rosidl_generator_py/rosidl_generator_py", line 40, in <module>
    sys.exit(main())
  File "/opt/ros/humble/share/rosidl_generator_py/cmake/../../../lib/rosidl_generator_py/rosidl_generator_py", line 36, in main
    generate_py(args.generator_arguments_file, args.typesupport_impls.split(';'))
  File "/opt/ros/humble/local/lib/python3.10/dist-packages/rosidl_generator_py/generate_py_impl.py", line 61, in generate_py
    generated_files = generate_files(generator_arguments_file, mapping)
  File "/opt/ros/humble/local/lib/python3.10/dist-packages/rosidl_cmake/__init__.py", line 96, in generate_files
    raise(e)
  File "/opt/ros/humble/local/lib/python3.10/dist-packages/rosidl_cmake/__init__.py", line 87, in generate_files
    expand_template(
  File "/opt/ros/humble/local/lib/python3.10/dist-packages/rosidl_cmake/__init__.py", line 131, in expand_template
    em.BUFFERED_OPT: True,
AttributeError: module 'em' has no attribute 'BUFFERED_OPT'
gmake[2]: *** [exia_msgs__py/CMakeFiles/exia_msgs__py.dir/build.make:91: rosidl_generator_py/exia_msgs/_exia_msgs_s.ep.rosidl_typesupport_fastrtps_c.c] Error 1
gmake[1]: *** [CMakeFiles/Makefile2:590: exia_msgs__py/CMakeFiles/exia_msgs__py.dir/all] Error 2
gmake: *** [Makefile:146: all] Error 2
