[0.316s] Invoking command in '/home/zech/exia_ws/src/exia_control': CMAKE_PREFIX_PATH=/home/zech/exia_ws/install/exia_msgs:/home/zech/exia_ws/install/exia_bringup:/home/zech/exia_ws/install/exia_ground_description:/home/zech/ros2_ws/install/eclipse_diffdrive:/home/zech/ros2_ws/install/eclipse_ackermann PYTHONPATH=/home/zech/exia_ws/build/exia_control/prefix_override:/usr/lib/python3/dist-packages/colcon_core/task/python/colcon_distutils_commands:/home/zech/exia_ws/install/exia_control/lib/python3.10/site-packages:${PYTHONPATH} VIRTUAL_ENV_PROMPT=(.venv) /usr/bin/python3 -W ignore:setup.py install is deprecated -W ignore:easy_install command is deprecated setup.py egg_info --egg-base ../../build/exia_control build --build-base /home/zech/exia_ws/build/exia_control/build install --record /home/zech/exia_ws/build/exia_control/install.log --single-version-externally-managed install_data
[0.431s] running egg_info
[0.431s] writing ../../build/exia_control/exia_control.egg-info/PKG-INFO
[0.432s] writing dependency_links to ../../build/exia_control/exia_control.egg-info/dependency_links.txt
[0.432s] writing entry points to ../../build/exia_control/exia_control.egg-info/entry_points.txt
[0.432s] writing requirements to ../../build/exia_control/exia_control.egg-info/requires.txt
[0.432s] writing top-level names to ../../build/exia_control/exia_control.egg-info/top_level.txt
[0.433s] reading manifest file '../../build/exia_control/exia_control.egg-info/SOURCES.txt'
[0.433s] writing manifest file '../../build/exia_control/exia_control.egg-info/SOURCES.txt'
[0.433s] running build
[0.433s] running build_py
[0.433s] copying exia_control/hw_teleop_node.py -> /home/zech/exia_ws/build/exia_control/build/lib/exia_control
[0.434s] creating /home/zech/exia_ws/build/exia_control/build/lib/exia_control/gui
[0.434s] copying exia_control/gui/telemetry_panel.py -> /home/zech/exia_ws/build/exia_control/build/lib/exia_control/gui
[0.434s] copying exia_control/gui/dashboard.py -> /home/zech/exia_ws/build/exia_control/build/lib/exia_control/gui
[0.434s] copying exia_control/gui/__init__.py -> /home/zech/exia_ws/build/exia_control/build/lib/exia_control/gui
[0.434s] running install
[0.434s] running install_lib
[0.435s] copying /home/zech/exia_ws/build/exia_control/build/lib/exia_control/hw_teleop_node.py -> /home/zech/exia_ws/install/exia_control/lib/python3.10/site-packages/exia_control
[0.435s] creating /home/zech/exia_ws/install/exia_control/lib/python3.10/site-packages/exia_control/gui
[0.435s] copying /home/zech/exia_ws/build/exia_control/build/lib/exia_control/gui/telemetry_panel.py -> /home/zech/exia_ws/install/exia_control/lib/python3.10/site-packages/exia_control/gui
[0.435s] copying /home/zech/exia_ws/build/exia_control/build/lib/exia_control/gui/dashboard.py -> /home/zech/exia_ws/install/exia_control/lib/python3.10/site-packages/exia_control/gui
[0.435s] copying /home/zech/exia_ws/build/exia_control/build/lib/exia_control/gui/__init__.py -> /home/zech/exia_ws/install/exia_control/lib/python3.10/site-packages/exia_control/gui
[0.435s] byte-compiling /home/zech/exia_ws/install/exia_control/lib/python3.10/site-packages/exia_control/hw_teleop_node.py to hw_teleop_node.cpython-310.pyc
[0.439s] byte-compiling /home/zech/exia_ws/install/exia_control/lib/python3.10/site-packages/exia_control/gui/telemetry_panel.py to telemetry_panel.cpython-310.pyc
[0.439s] byte-compiling /home/zech/exia_ws/install/exia_control/lib/python3.10/site-packages/exia_control/gui/dashboard.py to dashboard.cpython-310.pyc
[0.440s] byte-compiling /home/zech/exia_ws/install/exia_control/lib/python3.10/site-packages/exia_control/gui/__init__.py to __init__.cpython-310.pyc
[0.440s] running install_data
[0.440s] running install_egg_info
[0.441s] removing '/home/zech/exia_ws/install/exia_control/lib/python3.10/site-packages/exia_control-1.0.0-py3.10.egg-info' (and everything under it)
[0.441s] Copying ../../build/exia_control/exia_control.egg-info to /home/zech/exia_ws/install/exia_control/lib/python3.10/site-packages/exia_control-1.0.0-py3.10.egg-info
[0.441s] running install_scripts
[0.453s] Installing ackermann_drive_node script to /home/zech/exia_ws/install/exia_control/lib/exia_control
[0.453s] Installing dynamic_navigator_node script to /home/zech/exia_ws/install/exia_control/lib/exia_control
[0.453s] Installing hw_teleop script to /home/zech/exia_ws/install/exia_control/lib/exia_control
[0.453s] Installing lss_calibrate script to /home/zech/exia_ws/install/exia_control/lib/exia_control
[0.453s] Installing nav_to script to /home/zech/exia_ws/install/exia_control/lib/exia_control
[0.453s] Installing teleop script to /home/zech/exia_ws/install/exia_control/lib/exia_control
[0.453s] writing list of installed files to '/home/zech/exia_ws/build/exia_control/install.log'
[0.466s] Invoked command in '/home/zech/exia_ws/src/exia_control' returned '0': CMAKE_PREFIX_PATH=/home/zech/exia_ws/install/exia_msgs:/home/zech/exia_ws/install/exia_bringup:/home/zech/exia_ws/install/exia_ground_description:/home/zech/ros2_ws/install/eclipse_diffdrive:/home/zech/ros2_ws/install/eclipse_ackermann PYTHONPATH=/home/zech/exia_ws/build/exia_control/prefix_override:/usr/lib/python3/dist-packages/colcon_core/task/python/colcon_distutils_commands:/home/zech/exia_ws/install/exia_control/lib/python3.10/site-packages:${PYTHONPATH} VIRTUAL_ENV_PROMPT=(.venv) /usr/bin/python3 -W ignore:setup.py install is deprecated -W ignore:easy_install command is deprecated setup.py egg_info --egg-base ../../build/exia_control build --build-base /home/zech/exia_ws/build/exia_control/build install --record /home/zech/exia_ws/build/exia_control/install.log --single-version-externally-managed install_data
