[0.006s] Invoking command in '/home/zech/exia_ws/build/exia_ground_description': CMAKE_PREFIX_PATH=${CMAKE_PREFIX_PATH}:/opt/ros/humble /usr/bin/cmake /home/zech/exia_ws/src/exia_ground_description -DAMENT_CMAKE_SYMLINK_INSTALL=1 -DCMAKE_INSTALL_PREFIX=/home/zech/exia_ws/install/exia_ground_description
[0.015s] -- Found ament_cmake: 1.3.12 (/opt/ros/humble/share/ament_cmake/cmake)
[0.104s] -- Override CMake install command with custom implementation using symlinks instead of copying resources
[0.150s] -- Configuring done
[0.151s] -- Generating done
[0.152s] -- Build files have been written to: /home/zech/exia_ws/build/exia_ground_description
[0.154s] Invoked command in '/home/zech/exia_ws/build/exia_ground_description' returned '0': CMAKE_PREFIX_PATH=${CMAKE_PREFIX_PATH}:/opt/ros/humble /usr/bin/cmake /home/zech/exia_ws/src/exia_ground_description -DAMENT_CMAKE_SYMLINK_INSTALL=1 -DCMAKE_INSTALL_PREFIX=/home/zech/exia_ws/install/exia_ground_description
[0.154s] Invoking command in '/home/zech/exia_ws/build/exia_ground_description': CMAKE_PREFIX_PATH=${CMAKE_PREFIX_PATH}:/opt/ros/humble /usr/bin/cmake --build /home/zech/exia_ws/build/exia_ground_description -- -j20 -l20
[0.193s] Invoked command in '/home/zech/exia_ws/build/exia_ground_description' returned '0': CMAKE_PREFIX_PATH=${CMAKE_PREFIX_PATH}:/opt/ros/humble /usr/bin/cmake --build /home/zech/exia_ws/build/exia_ground_description -- -j20 -l20
[0.205s] Invoking command in '/home/zech/exia_ws/build/exia_ground_description': CMAKE_PREFIX_PATH=${CMAKE_PREFIX_PATH}:/opt/ros/humble /usr/bin/cmake --install /home/zech/exia_ws/build/exia_ground_description
[0.213s] -- Install configuration: ""
[0.213s] -- Execute custom install script
[0.214s] -- Symlinking: /home/zech/exia_ws/install/exia_ground_description/share/exia_ground_description/urdf/exia_ground.urdf.xacro
[0.224s] -- Symlinking: /home/zech/exia_ws/install/exia_ground_description/share/exia_ground_description/launch/__pycache__/exia_ground_sim.launch.cpython-310.pyc
[0.234s] -- Symlinking: /home/zech/exia_ws/install/exia_ground_description/share/exia_ground_description/launch/dynamic_nav.launch.py
[0.243s] -- Symlinking: /home/zech/exia_ws/install/exia_ground_description/share/exia_ground_description/launch/exia_ground_sim.launch.py
[0.255s] -- Symlinking: /home/zech/exia_ws/install/exia_ground_description/share/exia_ground_description/launch/exia_ground_state.launch.py
[0.266s] -- Symlinking: /home/zech/exia_ws/install/exia_ground_description/share/exia_ground_description/launch/mission_nav.launch.py
[0.277s] -- Symlinking: /home/zech/exia_ws/install/exia_ground_description/share/exia_ground_description/launch/navigation.launch.py
[0.287s] -- Symlinking: /home/zech/exia_ws/install/exia_ground_description/share/exia_ground_description/launch/slam.launch.py
[0.299s] -- Symlinking: /home/zech/exia_ws/install/exia_ground_description/share/exia_ground_description/launch/slam_nav.launch.py
[0.311s] -- Symlinking: /home/zech/exia_ws/install/exia_ground_description/share/exia_ground_description/launch/slam_nav_simple.launch.py
[0.322s] -- Symlinking: /home/zech/exia_ws/install/exia_ground_description/share/exia_ground_description/rviz/exia_ground.rviz
[0.334s] -- Symlinking: /home/zech/exia_ws/install/exia_ground_description/share/exia_ground_description/rviz/exia_slam_nav.rviz
[0.345s] -- Symlinking: /home/zech/exia_ws/install/exia_ground_description/share/exia_ground_description/config/ackermann_controllers.yaml
[0.355s] -- Symlinking: /home/zech/exia_ws/install/exia_ground_description/share/exia_ground_description/config/hardware_config.yaml
[0.366s] -- Symlinking: /home/zech/exia_ws/install/exia_ground_description/share/exia_ground_description/config/nav2_params.yaml
[0.376s] -- Symlinking: /home/zech/exia_ws/install/exia_ground_description/share/exia_ground_description/config/robot_localization.yaml
[0.385s] -- Symlinking: /home/zech/exia_ws/install/exia_ground_description/share/exia_ground_description/config/slam_toolbox_params.yaml
[0.395s] -- Symlinking: /home/zech/exia_ws/install/exia_ground_description/share/exia_ground_description/worlds/exia_world.sdf
[0.405s] -- Symlinking: /home/zech/exia_ws/install/exia_ground_description/lib/exia_ground_description/ackermann_drive_node.py
[0.416s] -- Symlinking: /home/zech/exia_ws/install/exia_ground_description/lib/exia_ground_description/path_follower_node.py
[0.425s] -- Symlinking: /home/zech/exia_ws/install/exia_ground_description/lib/exia_ground_description/ackermann_odometry.py
[0.436s] -- Symlinking: /home/zech/exia_ws/install/exia_ground_description/lib/exia_ground_description/mission_navigator_node.py
[0.446s] -- Symlinking: /home/zech/exia_ws/install/exia_ground_description/lib/exia_ground_description/dynamic_navigator_node.py
[0.454s] -- Symlinking: /home/zech/exia_ws/install/exia_ground_description/share/ament_index/resource_index/package_run_dependencies/exia_ground_description
[0.464s] -- Symlinking: /home/zech/exia_ws/install/exia_ground_description/share/ament_index/resource_index/parent_prefix_path/exia_ground_description
[0.471s] -- Symlinking: /home/zech/exia_ws/install/exia_ground_description/share/exia_ground_description/environment/ament_prefix_path.sh
[0.477s] -- Symlinking: /home/zech/exia_ws/install/exia_ground_description/share/exia_ground_description/environment/ament_prefix_path.dsv
[0.484s] -- Symlinking: /home/zech/exia_ws/install/exia_ground_description/share/exia_ground_description/environment/path.sh
[0.490s] -- Symlinking: /home/zech/exia_ws/install/exia_ground_description/share/exia_ground_description/environment/path.dsv
[0.497s] -- Symlinking: /home/zech/exia_ws/install/exia_ground_description/share/exia_ground_description/local_setup.bash
[0.504s] -- Symlinking: /home/zech/exia_ws/install/exia_ground_description/share/exia_ground_description/local_setup.sh
[0.512s] -- Symlinking: /home/zech/exia_ws/install/exia_ground_description/share/exia_ground_description/local_setup.zsh
[0.521s] -- Symlinking: /home/zech/exia_ws/install/exia_ground_description/share/exia_ground_description/local_setup.dsv
[0.532s] -- Symlinking: /home/zech/exia_ws/install/exia_ground_description/share/exia_ground_description/package.dsv
[0.541s] -- Symlinking: /home/zech/exia_ws/install/exia_ground_description/share/ament_index/resource_index/packages/exia_ground_description
[0.551s] -- Symlinking: /home/zech/exia_ws/install/exia_ground_description/share/exia_ground_description/cmake/exia_ground_descriptionConfig.cmake
[0.560s] -- Symlinking: /home/zech/exia_ws/install/exia_ground_description/share/exia_ground_description/cmake/exia_ground_descriptionConfig-version.cmake
[0.568s] -- Symlinking: /home/zech/exia_ws/install/exia_ground_description/share/exia_ground_description/package.xml
[0.582s] -- Up-to-date: /home/zech/exia_ws/install/exia_ground_description/lib/exia_ground_description/exia_control
[0.582s] -- Up-to-date: /home/zech/exia_ws/install/exia_ground_description/lib/exia_ground_description/exia_control/control
[0.582s] -- Up-to-date: /home/zech/exia_ws/install/exia_ground_description/lib/exia_ground_description/exia_control/control/__init__.py
[0.582s] -- Up-to-date: /home/zech/exia_ws/install/exia_ground_description/lib/exia_ground_description/exia_control/control/ackermann_drive.py
[0.582s] -- Up-to-date: /home/zech/exia_ws/install/exia_ground_description/lib/exia_ground_description/exia_control/hal
[0.582s] -- Up-to-date: /home/zech/exia_ws/install/exia_ground_description/lib/exia_ground_description/exia_control/hal/simulation.py
[0.582s] -- Up-to-date: /home/zech/exia_ws/install/exia_ground_description/lib/exia_ground_description/exia_control/hal/__init__.py
[0.582s] -- Up-to-date: /home/zech/exia_ws/install/exia_ground_description/lib/exia_ground_description/exia_control/hal/base.py
[0.583s] -- Up-to-date: /home/zech/exia_ws/install/exia_ground_description/lib/exia_ground_description/exia_control/__init__.py
[0.583s] -- Up-to-date: /home/zech/exia_ws/install/exia_ground_description/lib/exia_ground_description/exia_control/navigation
[0.583s] -- Up-to-date: /home/zech/exia_ws/install/exia_ground_description/lib/exia_ground_description/exia_control/navigation/planner_interface.py
[0.583s] -- Up-to-date: /home/zech/exia_ws/install/exia_ground_description/lib/exia_ground_description/exia_control/navigation/__init__.py
[0.583s] -- Up-to-date: /home/zech/exia_ws/install/exia_ground_description/lib/exia_ground_description/exia_control/navigation/path_validator.py
[0.583s] -- Up-to-date: /home/zech/exia_ws/install/exia_ground_description/lib/exia_ground_description/exia_control/navigation/replan_manager.py
[0.583s] -- Up-to-date: /home/zech/exia_ws/install/exia_ground_description/lib/exia_ground_description/exia_control/planning
[0.583s] -- Up-to-date: /home/zech/exia_ws/install/exia_ground_description/lib/exia_ground_description/exia_control/planning/paths.py
[0.583s] -- Up-to-date: /home/zech/exia_ws/install/exia_ground_description/lib/exia_ground_description/exia_control/planning/__init__.py
[0.583s] -- Up-to-date: /home/zech/exia_ws/install/exia_ground_description/lib/exia_ground_description/exia_control/planning/pure_pursuit.py
[0.583s] -- Up-to-date: /home/zech/exia_ws/install/exia_ground_description/lib/exia_ground_description/exia_control/planning/__pycache__
[0.583s] -- Up-to-date: /home/zech/exia_ws/install/exia_ground_description/lib/exia_ground_description/exia_control/__pycache__
[0.585s] Invoked command in '/home/zech/exia_ws/build/exia_ground_description' returned '0': CMAKE_PREFIX_PATH=${CMAKE_PREFIX_PATH}:/opt/ros/humble /usr/bin/cmake --install /home/zech/exia_ws/build/exia_ground_description
