[0.372s] Invoking command in '/home/zech/exia_ws/src/exia_driver': PYTHONPATH=/home/zech/exia_ws/build/exia_driver/prefix_override:/usr/lib/python3/dist-packages/colcon_core/task/python/colcon_distutils_commands:/home/zech/exia_ws/install/exia_driver/lib/python3.10/site-packages:${PYTHONPATH} /usr/bin/python3 -W ignore:setup.py install is deprecated -W ignore:easy_install command is deprecated setup.py egg_info --egg-base ../../build/exia_driver build --build-base /home/zech/exia_ws/build/exia_driver/build install --record /home/zech/exia_ws/build/exia_driver/install.log --single-version-externally-managed install_data
[0.482s] running egg_info
[0.482s] writing ../../build/exia_driver/exia_driver.egg-info/PKG-INFO
[0.482s] writing dependency_links to ../../build/exia_driver/exia_driver.egg-info/dependency_links.txt
[0.482s] writing entry points to ../../build/exia_driver/exia_driver.egg-info/entry_points.txt
[0.482s] writing requirements to ../../build/exia_driver/exia_driver.egg-info/requires.txt
[0.483s] writing top-level names to ../../build/exia_driver/exia_driver.egg-info/top_level.txt
[0.484s] reading manifest file '../../build/exia_driver/exia_driver.egg-info/SOURCES.txt'
[0.484s] writing manifest file '../../build/exia_driver/exia_driver.egg-info/SOURCES.txt'
[0.484s] running build
[0.484s] running build_py
[0.485s] copying exia_driver/gps_transform_node.py -> /home/zech/exia_ws/build/exia_driver/build/lib/exia_driver
[0.485s] copying exia_driver/rc_driver_node.py -> /home/zech/exia_ws/build/exia_driver/build/lib/exia_driver
[0.485s] running install
[0.485s] running install_lib
[0.485s] copying /home/zech/exia_ws/build/exia_driver/build/lib/exia_driver/gps_transform_node.py -> /home/zech/exia_ws/install/exia_driver/lib/python3.10/site-packages/exia_driver
[0.485s] copying /home/zech/exia_ws/build/exia_driver/build/lib/exia_driver/rc_driver_node.py -> /home/zech/exia_ws/install/exia_driver/lib/python3.10/site-packages/exia_driver
[0.486s] byte-compiling /home/zech/exia_ws/install/exia_driver/lib/python3.10/site-packages/exia_driver/gps_transform_node.py to gps_transform_node.cpython-310.pyc
[0.486s] byte-compiling /home/zech/exia_ws/install/exia_driver/lib/python3.10/site-packages/exia_driver/rc_driver_node.py to rc_driver_node.cpython-310.pyc
[0.489s] running install_data
[0.489s] running install_egg_info
[0.490s] removing '/home/zech/exia_ws/install/exia_driver/lib/python3.10/site-packages/exia_driver-1.0.0-py3.10.egg-info' (and everything under it)
[0.490s] Copying ../../build/exia_driver/exia_driver.egg-info to /home/zech/exia_ws/install/exia_driver/lib/python3.10/site-packages/exia_driver-1.0.0-py3.10.egg-info
[0.490s] running install_scripts
[0.502s] Installing gps_transform_node script to /home/zech/exia_ws/install/exia_driver/lib/exia_driver
[0.502s] Installing rc_driver_node script to /home/zech/exia_ws/install/exia_driver/lib/exia_driver
[0.502s] writing list of installed files to '/home/zech/exia_ws/build/exia_driver/install.log'
[0.515s] Invoked command in '/home/zech/exia_ws/src/exia_driver' returned '0': PYTHONPATH=/home/zech/exia_ws/build/exia_driver/prefix_override:/usr/lib/python3/dist-packages/colcon_core/task/python/colcon_distutils_commands:/home/zech/exia_ws/install/exia_driver/lib/python3.10/site-packages:${PYTHONPATH} /usr/bin/python3 -W ignore:setup.py install is deprecated -W ignore:easy_install command is deprecated setup.py egg_info --egg-base ../../build/exia_driver build --build-base /home/zech/exia_ws/build/exia_driver/build install --record /home/zech/exia_ws/build/exia_driver/install.log --single-version-externally-managed install_data
