running egg_info
creating ../../build/exia_control/exia_control.egg-info
writing ../../build/exia_control/exia_control.egg-info/PKG-INFO
writing dependency_links to ../../build/exia_control/exia_control.egg-info/dependency_links.txt
writing entry points to ../../build/exia_control/exia_control.egg-info/entry_points.txt
writing requirements to ../../build/exia_control/exia_control.egg-info/requires.txt
writing top-level names to ../../build/exia_control/exia_control.egg-info/top_level.txt
writing manifest file '../../build/exia_control/exia_control.egg-info/SOURCES.txt'
reading manifest file '../../build/exia_control/exia_control.egg-info/SOURCES.txt'
writing manifest file '../../build/exia_control/exia_control.egg-info/SOURCES.txt'
running build
running build_py
creating /home/zech/exia_ws/build/exia_control/build
creating /home/zech/exia_ws/build/exia_control/build/lib
creating /home/zech/exia_ws/build/exia_control/build/lib/exia_control
copying exia_control/__init__.py -> /home/zech/exia_ws/build/exia_control/build/lib/exia_control
copying exia_control/dynamic_navigator_node.py -> /home/zech/exia_ws/build/exia_control/build/lib/exia_control
creating /home/zech/exia_ws/build/exia_control/build/lib/exia_control/navigation
copying exia_control/navigation/planner_interface.py -> /home/zech/exia_ws/build/exia_control/build/lib/exia_control/navigation
copying exia_control/navigation/__init__.py -> /home/zech/exia_ws/build/exia_control/build/lib/exia_control/navigation
copying exia_control/navigation/path_validator.py -> /home/zech/exia_ws/build/exia_control/build/lib/exia_control/navigation
creating /home/zech/exia_ws/build/exia_control/build/lib/exia_control/planning
copying exia_control/planning/__init__.py -> /home/zech/exia_ws/build/exia_control/build/lib/exia_control/planning
copying exia_control/planning/pure_pursuit.py -> /home/zech/exia_ws/build/exia_control/build/lib/exia_control/planning
running install
running install_lib
creating /home/zech/exia_ws/install/exia_control/lib/python3.10/site-packages/exia_control
copying /home/zech/exia_ws/build/exia_control/build/lib/exia_control/__init__.py -> /home/zech/exia_ws/install/exia_control/lib/python3.10/site-packages/exia_control
creating /home/zech/exia_ws/install/exia_control/lib/python3.10/site-packages/exia_control/navigation
copying /home/zech/exia_ws/build/exia_control/build/lib/exia_control/navigation/planner_interface.py -> /home/zech/exia_ws/install/exia_control/lib/python3.10/site-packages/exia_control/navigation
copying /home/zech/exia_ws/build/exia_control/build/lib/exia_control/navigation/__init__.py -> /home/zech/exia_ws/install/exia_control/lib/python3.10/site-packages/exia_control/navigation
copying /home/zech/exia_ws/build/exia_control/build/lib/exia_control/navigation/path_validator.py -> /home/zech/exia_ws/install/exia_control/lib/python3.10/site-packages/exia_control/navigation
creating /home/zech/exia_ws/install/exia_control/lib/python3.10/site-packages/exia_control/planning
copying /home/zech/exia_ws/build/exia_control/build/lib/exia_control/planning/__init__.py -> /home/zech/exia_ws/install/exia_control/lib/python3.10/site-packages/exia_control/planning
copying /home/zech/exia_ws/build/exia_control/build/lib/exia_control/planning/pure_pursuit.py -> /home/zech/exia_ws/install/exia_control/lib/python3.10/site-packages/exia_control/planning
copying /home/zech/exia_ws/build/exia_control/build/lib/exia_control/dynamic_navigator_node.py -> /home/zech/exia_ws/install/exia_control/lib/python3.10/site-packages/exia_control
byte-compiling /home/zech/exia_ws/install/exia_control/lib/python3.10/site-packages/exia_control/__init__.py to __init__.cpython-310.pyc
byte-compiling /home/zech/exia_ws/install/exia_control/lib/python3.10/site-packages/exia_control/navigation/planner_interface.py to planner_interface.cpython-310.pyc
byte-compiling /home/zech/exia_ws/install/exia_control/lib/python3.10/site-packages/exia_control/navigation/__init__.py to __init__.cpython-310.pyc
byte-compiling /home/zech/exia_ws/install/exia_control/lib/python3.10/site-packages/exia_control/navigation/path_validator.py to path_validator.cpython-310.pyc
byte-compiling /home/zech/exia_ws/install/exia_control/lib/python3.10/site-packages/exia_control/planning/__init__.py to __init__.cpython-310.pyc
byte-compiling /home/zech/exia_ws/install/exia_control/lib/python3.10/site-packages/exia_control/planning/pure_pursuit.py to pure_pursuit.cpython-310.pyc
byte-compiling /home/zech/exia_ws/install/exia_control/lib/python3.10/site-packages/exia_control/dynamic_navigator_node.py to dynamic_navigator_node.cpython-310.pyc
running install_data
creating /home/zech/exia_ws/install/exia_control/share/ament_index
creating /home/zech/exia_ws/install/exia_control/share/ament_index/resource_index
creating /home/zech/exia_ws/install/exia_control/share/ament_index/resource_index/packages
copying resource/exia_control -> /home/zech/exia_ws/install/exia_control/share/ament_index/resource_index/packages
copying package.xml -> /home/zech/exia_ws/install/exia_control/share/exia_control
running install_egg_info
Copying ../../build/exia_control/exia_control.egg-info to /home/zech/exia_ws/install/exia_control/lib/python3.10/site-packages/exia_control-1.0.0-py3.10.egg-info
running install_scripts
Installing dynamic_navigator_node script to /home/zech/exia_ws/install/exia_control/lib/exia_control
writing list of installed files to '/home/zech/exia_ws/build/exia_control/install.log'
