[0.513s] Invoking command in '/home/zech/exia_ws/src/exia_control': PYTHONPATH=/home/zech/exia_ws/build/exia_control/prefix_override:/usr/lib/python3/dist-packages/colcon_core/task/python/colcon_distutils_commands:/home/zech/exia_ws/install/exia_control/lib/python3.10/site-packages:${PYTHONPATH} /usr/bin/python3 -W ignore:setup.py install is deprecated -W ignore:easy_install command is deprecated setup.py egg_info --egg-base ../../build/exia_control build --build-base /home/zech/exia_ws/build/exia_control/build install --record /home/zech/exia_ws/build/exia_control/install.log --single-version-externally-managed install_data
[0.626s] running egg_info
[0.626s] creating ../../build/exia_control/exia_control.egg-info
[0.626s] writing ../../build/exia_control/exia_control.egg-info/PKG-INFO
[0.627s] writing dependency_links to ../../build/exia_control/exia_control.egg-info/dependency_links.txt
[0.627s] writing entry points to ../../build/exia_control/exia_control.egg-info/entry_points.txt
[0.627s] writing requirements to ../../build/exia_control/exia_control.egg-info/requires.txt
[0.627s] writing top-level names to ../../build/exia_control/exia_control.egg-info/top_level.txt
[0.627s] writing manifest file '../../build/exia_control/exia_control.egg-info/SOURCES.txt'
[0.627s] reading manifest file '../../build/exia_control/exia_control.egg-info/SOURCES.txt'
[0.628s] writing manifest file '../../build/exia_control/exia_control.egg-info/SOURCES.txt'
[0.628s] running build
[0.628s] running build_py
[0.629s] creating /home/zech/exia_ws/build/exia_control/build
[0.629s] creating /home/zech/exia_ws/build/exia_control/build/lib
[0.629s] creating /home/zech/exia_ws/build/exia_control/build/lib/exia_control
[0.629s] copying exia_control/__init__.py -> /home/zech/exia_ws/build/exia_control/build/lib/exia_control
[0.629s] copying exia_control/dynamic_navigator_node.py -> /home/zech/exia_ws/build/exia_control/build/lib/exia_control
[0.629s] creating /home/zech/exia_ws/build/exia_control/build/lib/exia_control/navigation
[0.629s] copying exia_control/navigation/planner_interface.py -> /home/zech/exia_ws/build/exia_control/build/lib/exia_control/navigation
[0.629s] copying exia_control/navigation/__init__.py -> /home/zech/exia_ws/build/exia_control/build/lib/exia_control/navigation
[0.629s] copying exia_control/navigation/path_validator.py -> /home/zech/exia_ws/build/exia_control/build/lib/exia_control/navigation
[0.630s] creating /home/zech/exia_ws/build/exia_control/build/lib/exia_control/planning
[0.630s] copying exia_control/planning/__init__.py -> /home/zech/exia_ws/build/exia_control/build/lib/exia_control/planning
[0.630s] copying exia_control/planning/pure_pursuit.py -> /home/zech/exia_ws/build/exia_control/build/lib/exia_control/planning
[0.630s] running install
[0.630s] running install_lib
[0.630s] creating /home/zech/exia_ws/install/exia_control/lib/python3.10/site-packages/exia_control
[0.630s] copying /home/zech/exia_ws/build/exia_control/build/lib/exia_control/__init__.py -> /home/zech/exia_ws/install/exia_control/lib/python3.10/site-packages/exia_control
[0.630s] creating /home/zech/exia_ws/install/exia_control/lib/python3.10/site-packages/exia_control/navigation
[0.631s] copying /home/zech/exia_ws/build/exia_control/build/lib/exia_control/navigation/planner_interface.py -> /home/zech/exia_ws/install/exia_control/lib/python3.10/site-packages/exia_control/navigation
[0.631s] copying /home/zech/exia_ws/build/exia_control/build/lib/exia_control/navigation/__init__.py -> /home/zech/exia_ws/install/exia_control/lib/python3.10/site-packages/exia_control/navigation
[0.631s] copying /home/zech/exia_ws/build/exia_control/build/lib/exia_control/navigation/path_validator.py -> /home/zech/exia_ws/install/exia_control/lib/python3.10/site-packages/exia_control/navigation
[0.631s] creating /home/zech/exia_ws/install/exia_control/lib/python3.10/site-packages/exia_control/planning
[0.631s] copying /home/zech/exia_ws/build/exia_control/build/lib/exia_control/planning/__init__.py -> /home/zech/exia_ws/install/exia_control/lib/python3.10/site-packages/exia_control/planning
[0.631s] copying /home/zech/exia_ws/build/exia_control/build/lib/exia_control/planning/pure_pursuit.py -> /home/zech/exia_ws/install/exia_control/lib/python3.10/site-packages/exia_control/planning
[0.631s] copying /home/zech/exia_ws/build/exia_control/build/lib/exia_control/dynamic_navigator_node.py -> /home/zech/exia_ws/install/exia_control/lib/python3.10/site-packages/exia_control
[0.631s] byte-compiling /home/zech/exia_ws/install/exia_control/lib/python3.10/site-packages/exia_control/__init__.py to __init__.cpython-310.pyc
[0.631s] byte-compiling /home/zech/exia_ws/install/exia_control/lib/python3.10/site-packages/exia_control/navigation/planner_interface.py to planner_interface.cpython-310.pyc
[0.631s] byte-compiling /home/zech/exia_ws/install/exia_control/lib/python3.10/site-packages/exia_control/navigation/__init__.py to __init__.cpython-310.pyc
[0.631s] byte-compiling /home/zech/exia_ws/install/exia_control/lib/python3.10/site-packages/exia_control/navigation/path_validator.py to path_validator.cpython-310.pyc
[0.632s] byte-compiling /home/zech/exia_ws/install/exia_control/lib/python3.10/site-packages/exia_control/planning/__init__.py to __init__.cpython-310.pyc
[0.632s] byte-compiling /home/zech/exia_ws/install/exia_control/lib/python3.10/site-packages/exia_control/planning/pure_pursuit.py to pure_pursuit.cpython-310.pyc
[0.632s] byte-compiling /home/zech/exia_ws/install/exia_control/lib/python3.10/site-packages/exia_control/dynamic_navigator_node.py to dynamic_navigator_node.cpython-310.pyc
[0.634s] running install_data
[0.634s] creating /home/zech/exia_ws/install/exia_control/share/ament_index
[0.634s] creating /home/zech/exia_ws/install/exia_control/share/ament_index/resource_index
[0.634s] creating /home/zech/exia_ws/install/exia_control/share/ament_index/resource_index/packages
[0.634s] copying resource/exia_control -> /home/zech/exia_ws/install/exia_control/share/ament_index/resource_index/packages
[0.634s] copying package.xml -> /home/zech/exia_ws/install/exia_control/share/exia_control
[0.634s] running install_egg_info
[0.635s] Copying ../../build/exia_control/exia_control.egg-info to /home/zech/exia_ws/install/exia_control/lib/python3.10/site-packages/exia_control-1.0.0-py3.10.egg-info
[0.635s] running install_scripts
[0.647s] Installing dynamic_navigator_node script to /home/zech/exia_ws/install/exia_control/lib/exia_control
[0.647s] writing list of installed files to '/home/zech/exia_ws/build/exia_control/install.log'
[0.670s] Invoked command in '/home/zech/exia_ws/src/exia_control' returned '0': PYTHONPATH=/home/zech/exia_ws/build/exia_control/prefix_override:/usr/lib/python3/dist-packages/colcon_core/task/python/colcon_distutils_commands:/home/zech/exia_ws/install/exia_control/lib/python3.10/site-packages:${PYTHONPATH} /usr/bin/python3 -W ignore:setup.py install is deprecated -W ignore:easy_install command is deprecated setup.py egg_info --egg-base ../../build/exia_control build --build-base /home/zech/exia_ws/build/exia_control/build install --record /home/zech/exia_ws/build/exia_control/install.log --single-version-externally-managed install_data
