[0.006s] Invoking command in '/home/zech/exia_ws/build/exia_ground_description': CMAKE_PREFIX_PATH=${CMAKE_PREFIX_PATH}:/opt/ros/humble /usr/bin/cmake /home/zech/exia_ws/src/exia_ground_description -DCMAKE_INSTALL_PREFIX=/home/zech/exia_ws/install/exia_ground_description
[0.038s] -- The C compiler identification is GNU 11.4.0
[0.077s] -- The CXX compiler identification is GNU 11.4.0
[0.082s] -- Detecting C compiler ABI info
[0.150s] -- Detecting C compiler ABI info - done
[0.156s] -- Check for working C compiler: /usr/bin/cc - skipped
[0.156s] -- Detecting C compile features
[0.156s] -- Detecting C compile features - done
[0.159s] -- Detecting CXX compiler ABI info
[0.236s] -- Detecting CXX compiler ABI info - done
[0.240s] -- Check for working CXX compiler: /usr/bin/c++ - skipped
[0.240s] -- Detecting CXX compile features
[0.240s] -- Detecting CXX compile features - done
[0.241s] -- Found ament_cmake: 1.3.12 (/opt/ros/humble/share/ament_cmake/cmake)
[0.354s] -- Found Python3: /usr/bin/python3 (found version "3.10.12") found components: Interpreter 
[0.451s] -- Configuring done
[0.452s] -- Generating done
[0.453s] -- Build files have been written to: /home/zech/exia_ws/build/exia_ground_description
[0.455s] Invoked command in '/home/zech/exia_ws/build/exia_ground_description' returned '0': CMAKE_PREFIX_PATH=${CMAKE_PREFIX_PATH}:/opt/ros/humble /usr/bin/cmake /home/zech/exia_ws/src/exia_ground_description -DCMAKE_INSTALL_PREFIX=/home/zech/exia_ws/install/exia_ground_description
[0.457s] Invoking command in '/home/zech/exia_ws/build/exia_ground_description': CMAKE_PREFIX_PATH=${CMAKE_PREFIX_PATH}:/opt/ros/humble /usr/bin/cmake --build /home/zech/exia_ws/build/exia_ground_description -- -j20 -l20
[0.495s] Invoked command in '/home/zech/exia_ws/build/exia_ground_description' returned '0': CMAKE_PREFIX_PATH=${CMAKE_PREFIX_PATH}:/opt/ros/humble /usr/bin/cmake --build /home/zech/exia_ws/build/exia_ground_description -- -j20 -l20
[0.506s] Invoking command in '/home/zech/exia_ws/build/exia_ground_description': CMAKE_PREFIX_PATH=${CMAKE_PREFIX_PATH}:/opt/ros/humble /usr/bin/cmake --install /home/zech/exia_ws/build/exia_ground_description
[0.513s] -- Install configuration: ""
[0.514s] -- Installing: /home/zech/exia_ws/install/exia_ground_description/share/exia_ground_description/urdf
[0.514s] -- Installing: /home/zech/exia_ws/install/exia_ground_description/share/exia_ground_description/urdf/exia_ground.urdf.xacro
[0.514s] -- Installing: /home/zech/exia_ws/install/exia_ground_description/share/exia_ground_description/launch
[0.514s] -- Installing: /home/zech/exia_ws/install/exia_ground_description/share/exia_ground_description/launch/exia_ground_sim.launch.py
[0.514s] -- Installing: /home/zech/exia_ws/install/exia_ground_description/share/exia_ground_description/launch/exia_ground_state.launch.py
[0.515s] -- Installing: /home/zech/exia_ws/install/exia_ground_description/share/exia_ground_description/rviz
[0.515s] -- Installing: /home/zech/exia_ws/install/exia_ground_description/share/exia_ground_description/rviz/exia_ground.rviz
[0.515s] -- Installing: /home/zech/exia_ws/install/exia_ground_description/share/exia_ground_description/config
[0.515s] -- Installing: /home/zech/exia_ws/install/exia_ground_description/share/exia_ground_description/config/hardware_config.yaml
[0.515s] -- Installing: /home/zech/exia_ws/install/exia_ground_description/share/exia_ground_description/config/ackermann_controllers.yaml
[0.515s] -- Installing: /home/zech/exia_ws/install/exia_ground_description/lib/exia_ground_description/move_forward.py
[0.515s] -- Installing: /home/zech/exia_ws/install/exia_ground_description/lib/exia_ground_description/steering_controller.py
[0.515s] -- Installing: /home/zech/exia_ws/install/exia_ground_description/lib/exia_ground_description/ackermann_controller.py
[0.515s] -- Installing: /home/zech/exia_ws/install/exia_ground_description/lib/exia_ground_description/ackermann_odometry.py
[0.515s] -- Installing: /home/zech/exia_ws/install/exia_ground_description/lib/exia_ground_description/atv_controller.py
[0.515s] -- Installing: /home/zech/exia_ws/install/exia_ground_description/lib/exia_ground_description/atv_hardware_interface.py
[0.515s] -- Installing: /home/zech/exia_ws/install/exia_ground_description/lib/exia_ground_description/ackermann_hal_base.py
[0.516s] -- Installing: /home/zech/exia_ws/install/exia_ground_description/lib/exia_ground_description/ackermann_hal_simulation.py
[0.516s] -- Installing: /home/zech/exia_ws/install/exia_ground_description/lib/exia_ground_description/ackermann_hal_hardware.py
[0.516s] -- Installing: /home/zech/exia_ws/install/exia_ground_description/lib/exia_ground_description/ackermann_drive_node.py
[0.516s] -- Installing: /home/zech/exia_ws/install/exia_ground_description/share/ament_index/resource_index/package_run_dependencies/exia_ground_description
[0.516s] -- Installing: /home/zech/exia_ws/install/exia_ground_description/share/ament_index/resource_index/parent_prefix_path/exia_ground_description
[0.516s] -- Installing: /home/zech/exia_ws/install/exia_ground_description/share/exia_ground_description/environment/ament_prefix_path.sh
[0.516s] -- Installing: /home/zech/exia_ws/install/exia_ground_description/share/exia_ground_description/environment/ament_prefix_path.dsv
[0.516s] -- Installing: /home/zech/exia_ws/install/exia_ground_description/share/exia_ground_description/environment/path.sh
[0.516s] -- Installing: /home/zech/exia_ws/install/exia_ground_description/share/exia_ground_description/environment/path.dsv
[0.516s] -- Installing: /home/zech/exia_ws/install/exia_ground_description/share/exia_ground_description/local_setup.bash
[0.517s] -- Installing: /home/zech/exia_ws/install/exia_ground_description/share/exia_ground_description/local_setup.sh
[0.517s] -- Installing: /home/zech/exia_ws/install/exia_ground_description/share/exia_ground_description/local_setup.zsh
[0.517s] -- Installing: /home/zech/exia_ws/install/exia_ground_description/share/exia_ground_description/local_setup.dsv
[0.517s] -- Installing: /home/zech/exia_ws/install/exia_ground_description/share/exia_ground_description/package.dsv
[0.517s] -- Installing: /home/zech/exia_ws/install/exia_ground_description/share/ament_index/resource_index/packages/exia_ground_description
[0.517s] -- Installing: /home/zech/exia_ws/install/exia_ground_description/share/exia_ground_description/cmake/exia_ground_descriptionConfig.cmake
[0.517s] -- Installing: /home/zech/exia_ws/install/exia_ground_description/share/exia_ground_description/cmake/exia_ground_descriptionConfig-version.cmake
[0.517s] -- Installing: /home/zech/exia_ws/install/exia_ground_description/share/exia_ground_description/package.xml
[0.517s] Invoked command in '/home/zech/exia_ws/build/exia_ground_description' returned '0': CMAKE_PREFIX_PATH=${CMAKE_PREFIX_PATH}:/opt/ros/humble /usr/bin/cmake --install /home/zech/exia_ws/build/exia_ground_description
