[  3%] Built target exia_msgs__cpp
[ 12%] Built target exia_msgs__rosidl_generator_c
[ 12%] Built target ament_cmake_python_copy_exia_msgs
[ 22%] Built target exia_msgs__rosidl_typesupport_introspection_cpp
[ 32%] Built target exia_msgs__rosidl_typesupport_fastrtps_cpp
[ 41%] Built target exia_msgs__rosidl_typesupport_cpp
[ 51%] Built target exia_msgs__rosidl_typesupport_fastrtps_c
[ 61%] Built target exia_msgs__rosidl_typesupport_introspection_c
[ 70%] Built target exia_msgs__rosidl_typesupport_c
[ 70%] Built target exia_msgs
[ 74%] Generating Python code for ROS interfaces
running egg_info
writing exia_msgs.egg-info/PKG-INFO
writing dependency_links to exia_msgs.egg-info/dependency_links.txt
writing top-level names to exia_msgs.egg-info/top_level.txt
reading manifest file 'exia_msgs.egg-info/SOURCES.txt'
writing manifest file 'exia_msgs.egg-info/SOURCES.txt'
[ 74%] Built target ament_cmake_python_build_exia_msgs_egg
[ 74%] Built target exia_msgs__py
[ 77%] Building C object CMakeFiles/exia_msgs__rosidl_generator_py.dir/rosidl_generator_py/exia_msgs/msg/_navigation_goal_s.c.o
[ 80%] Linking C shared library rosidl_generator_py/exia_msgs/libexia_msgs__rosidl_generator_py.so
[ 80%] Built target exia_msgs__rosidl_generator_py
[ 83%] Building C object CMakeFiles/exia_msgs__rosidl_typesupport_introspection_c__pyext.dir/rosidl_generator_py/exia_msgs/_exia_msgs_s.ep.rosidl_typesupport_introspection_c.c.o
[ 87%] Building C object CMakeFiles/exia_msgs__rosidl_typesupport_c__pyext.dir/rosidl_generator_py/exia_msgs/_exia_msgs_s.ep.rosidl_typesupport_c.c.o
[ 90%] Building C object CMakeFiles/exia_msgs__rosidl_typesupport_fastrtps_c__pyext.dir/rosidl_generator_py/exia_msgs/_exia_msgs_s.ep.rosidl_typesupport_fastrtps_c.c.o
[ 93%] Linking C shared library rosidl_generator_py/exia_msgs/exia_msgs_s__rosidl_typesupport_c.cpython-310-x86_64-linux-gnu.so
[ 96%] Linking C shared library rosidl_generator_py/exia_msgs/exia_msgs_s__rosidl_typesupport_introspection_c.cpython-310-x86_64-linux-gnu.so
[100%] Linking C shared library rosidl_generator_py/exia_msgs/exia_msgs_s__rosidl_typesupport_fastrtps_c.cpython-310-x86_64-linux-gnu.so
[100%] Built target exia_msgs__rosidl_typesupport_introspection_c__pyext
[100%] Built target exia_msgs__rosidl_typesupport_c__pyext
[100%] Built target exia_msgs__rosidl_typesupport_fastrtps_c__pyext
-- Install configuration: ""
-- Installing: /home/zech/exia_ws/install/exia_msgs/share/ament_index/resource_index/rosidl_interfaces/exia_msgs
-- Installing: /home/zech/exia_ws/install/exia_msgs/include/exia_msgs/exia_msgs
-- Installing: /home/zech/exia_ws/install/exia_msgs/include/exia_msgs/exia_msgs/msg
-- Installing: /home/zech/exia_ws/install/exia_msgs/include/exia_msgs/exia_msgs/msg/rosidl_generator_c__visibility_control.h
-- Installing: /home/zech/exia_ws/install/exia_msgs/include/exia_msgs/exia_msgs/msg/navigation_goal.h
-- Installing: /home/zech/exia_ws/install/exia_msgs/include/exia_msgs/exia_msgs/msg/detail
-- Installing: /home/zech/exia_ws/install/exia_msgs/include/exia_msgs/exia_msgs/msg/detail/navigation_goal__functions.c
-- Installing: /home/zech/exia_ws/install/exia_msgs/include/exia_msgs/exia_msgs/msg/detail/navigation_goal__type_support.h
-- Installing: /home/zech/exia_ws/install/exia_msgs/include/exia_msgs/exia_msgs/msg/detail/navigation_goal__struct.h
-- Installing: /home/zech/exia_ws/install/exia_msgs/include/exia_msgs/exia_msgs/msg/detail/navigation_goal__functions.h
-- Installing: /home/zech/exia_ws/install/exia_msgs/share/exia_msgs/environment/library_path.sh
-- Installing: /home/zech/exia_ws/install/exia_msgs/share/exia_msgs/environment/library_path.dsv
-- Installing: /home/zech/exia_ws/install/exia_msgs/lib/libexia_msgs__rosidl_generator_c.so
-- Set runtime path of "/home/zech/exia_ws/install/exia_msgs/lib/libexia_msgs__rosidl_generator_c.so" to ""
-- Up-to-date: /home/zech/exia_ws/install/exia_msgs/include/exia_msgs/exia_msgs
-- Up-to-date: /home/zech/exia_ws/install/exia_msgs/include/exia_msgs/exia_msgs/msg
-- Installing: /home/zech/exia_ws/install/exia_msgs/include/exia_msgs/exia_msgs/msg/rosidl_typesupport_fastrtps_c__visibility_control.h
-- Up-to-date: /home/zech/exia_ws/install/exia_msgs/include/exia_msgs/exia_msgs/msg/detail
-- Installing: /home/zech/exia_ws/install/exia_msgs/include/exia_msgs/exia_msgs/msg/detail/navigation_goal__rosidl_typesupport_fastrtps_c.h
-- Installing: /home/zech/exia_ws/install/exia_msgs/lib/libexia_msgs__rosidl_typesupport_fastrtps_c.so
-- Set runtime path of "/home/zech/exia_ws/install/exia_msgs/lib/libexia_msgs__rosidl_typesupport_fastrtps_c.so" to ""
-- Up-to-date: /home/zech/exia_ws/install/exia_msgs/include/exia_msgs/exia_msgs
-- Up-to-date: /home/zech/exia_ws/install/exia_msgs/include/exia_msgs/exia_msgs/msg
-- Installing: /home/zech/exia_ws/install/exia_msgs/include/exia_msgs/exia_msgs/msg/rosidl_typesupport_introspection_c__visibility_control.h
-- Up-to-date: /home/zech/exia_ws/install/exia_msgs/include/exia_msgs/exia_msgs/msg/detail
-- Installing: /home/zech/exia_ws/install/exia_msgs/include/exia_msgs/exia_msgs/msg/detail/navigation_goal__rosidl_typesupport_introspection_c.h
-- Installing: /home/zech/exia_ws/install/exia_msgs/include/exia_msgs/exia_msgs/msg/detail/navigation_goal__type_support.c
-- Installing: /home/zech/exia_ws/install/exia_msgs/lib/libexia_msgs__rosidl_typesupport_introspection_c.so
-- Set runtime path of "/home/zech/exia_ws/install/exia_msgs/lib/libexia_msgs__rosidl_typesupport_introspection_c.so" to ""
-- Installing: /home/zech/exia_ws/install/exia_msgs/lib/libexia_msgs__rosidl_typesupport_c.so
-- Set runtime path of "/home/zech/exia_ws/install/exia_msgs/lib/libexia_msgs__rosidl_typesupport_c.so" to ""
-- Up-to-date: /home/zech/exia_ws/install/exia_msgs/include/exia_msgs/exia_msgs
-- Up-to-date: /home/zech/exia_ws/install/exia_msgs/include/exia_msgs/exia_msgs/msg
-- Installing: /home/zech/exia_ws/install/exia_msgs/include/exia_msgs/exia_msgs/msg/rosidl_generator_cpp__visibility_control.hpp
-- Installing: /home/zech/exia_ws/install/exia_msgs/include/exia_msgs/exia_msgs/msg/navigation_goal.hpp
-- Up-to-date: /home/zech/exia_ws/install/exia_msgs/include/exia_msgs/exia_msgs/msg/detail
-- Installing: /home/zech/exia_ws/install/exia_msgs/include/exia_msgs/exia_msgs/msg/detail/navigation_goal__struct.hpp
-- Installing: /home/zech/exia_ws/install/exia_msgs/include/exia_msgs/exia_msgs/msg/detail/navigation_goal__traits.hpp
-- Installing: /home/zech/exia_ws/install/exia_msgs/include/exia_msgs/exia_msgs/msg/detail/navigation_goal__type_support.hpp
-- Installing: /home/zech/exia_ws/install/exia_msgs/include/exia_msgs/exia_msgs/msg/detail/navigation_goal__builder.hpp
-- Up-to-date: /home/zech/exia_ws/install/exia_msgs/include/exia_msgs/exia_msgs
-- Up-to-date: /home/zech/exia_ws/install/exia_msgs/include/exia_msgs/exia_msgs/msg
-- Installing: /home/zech/exia_ws/install/exia_msgs/include/exia_msgs/exia_msgs/msg/rosidl_typesupport_fastrtps_cpp__visibility_control.h
-- Up-to-date: /home/zech/exia_ws/install/exia_msgs/include/exia_msgs/exia_msgs/msg/detail
-- Installing: /home/zech/exia_ws/install/exia_msgs/include/exia_msgs/exia_msgs/msg/detail/navigation_goal__rosidl_typesupport_fastrtps_cpp.hpp
-- Installing: /home/zech/exia_ws/install/exia_msgs/include/exia_msgs/exia_msgs/msg/detail/dds_fastrtps
-- Installing: /home/zech/exia_ws/install/exia_msgs/lib/libexia_msgs__rosidl_typesupport_fastrtps_cpp.so
-- Set runtime path of "/home/zech/exia_ws/install/exia_msgs/lib/libexia_msgs__rosidl_typesupport_fastrtps_cpp.so" to ""
-- Up-to-date: /home/zech/exia_ws/install/exia_msgs/include/exia_msgs/exia_msgs
-- Up-to-date: /home/zech/exia_ws/install/exia_msgs/include/exia_msgs/exia_msgs/msg
-- Up-to-date: /home/zech/exia_ws/install/exia_msgs/include/exia_msgs/exia_msgs/msg/detail
-- Installing: /home/zech/exia_ws/install/exia_msgs/include/exia_msgs/exia_msgs/msg/detail/navigation_goal__rosidl_typesupport_introspection_cpp.hpp
-- Installing: /home/zech/exia_ws/install/exia_msgs/include/exia_msgs/exia_msgs/msg/detail/navigation_goal__type_support.cpp
-- Installing: /home/zech/exia_ws/install/exia_msgs/lib/libexia_msgs__rosidl_typesupport_introspection_cpp.so
-- Set runtime path of "/home/zech/exia_ws/install/exia_msgs/lib/libexia_msgs__rosidl_typesupport_introspection_cpp.so" to ""
-- Installing: /home/zech/exia_ws/install/exia_msgs/lib/libexia_msgs__rosidl_typesupport_cpp.so
-- Set runtime path of "/home/zech/exia_ws/install/exia_msgs/lib/libexia_msgs__rosidl_typesupport_cpp.so" to ""
-- Installing: /home/zech/exia_ws/install/exia_msgs/share/exia_msgs/environment/pythonpath.sh
-- Installing: /home/zech/exia_ws/install/exia_msgs/share/exia_msgs/environment/pythonpath.dsv
-- Installing: /home/zech/exia_ws/install/exia_msgs/local/lib/python3.10/dist-packages/exia_msgs-1.0.0-py3.10.egg-info
-- Installing: /home/zech/exia_ws/install/exia_msgs/local/lib/python3.10/dist-packages/exia_msgs-1.0.0-py3.10.egg-info/SOURCES.txt
-- Installing: /home/zech/exia_ws/install/exia_msgs/local/lib/python3.10/dist-packages/exia_msgs-1.0.0-py3.10.egg-info/dependency_links.txt
-- Installing: /home/zech/exia_ws/install/exia_msgs/local/lib/python3.10/dist-packages/exia_msgs-1.0.0-py3.10.egg-info/PKG-INFO
-- Installing: /home/zech/exia_ws/install/exia_msgs/local/lib/python3.10/dist-packages/exia_msgs-1.0.0-py3.10.egg-info/top_level.txt
-- Installing: /home/zech/exia_ws/install/exia_msgs/local/lib/python3.10/dist-packages/exia_msgs
-- Installing: /home/zech/exia_ws/install/exia_msgs/local/lib/python3.10/dist-packages/exia_msgs/exia_msgs_s__rosidl_typesupport_fastrtps_c.cpython-310-x86_64-linux-gnu.so
-- Installing: /home/zech/exia_ws/install/exia_msgs/local/lib/python3.10/dist-packages/exia_msgs/_exia_msgs_s.ep.rosidl_typesupport_fastrtps_c.c
-- Installing: /home/zech/exia_ws/install/exia_msgs/local/lib/python3.10/dist-packages/exia_msgs/__init__.py
-- Installing: /home/zech/exia_ws/install/exia_msgs/local/lib/python3.10/dist-packages/exia_msgs/libexia_msgs__rosidl_generator_py.so
-- Installing: /home/zech/exia_ws/install/exia_msgs/local/lib/python3.10/dist-packages/exia_msgs/exia_msgs_s__rosidl_typesupport_c.cpython-310-x86_64-linux-gnu.so
-- Installing: /home/zech/exia_ws/install/exia_msgs/local/lib/python3.10/dist-packages/exia_msgs/_exia_msgs_s.ep.rosidl_typesupport_c.c
-- Installing: /home/zech/exia_ws/install/exia_msgs/local/lib/python3.10/dist-packages/exia_msgs/msg
-- Installing: /home/zech/exia_ws/install/exia_msgs/local/lib/python3.10/dist-packages/exia_msgs/msg/_navigation_goal_s.c
-- Installing: /home/zech/exia_ws/install/exia_msgs/local/lib/python3.10/dist-packages/exia_msgs/msg/__init__.py
-- Installing: /home/zech/exia_ws/install/exia_msgs/local/lib/python3.10/dist-packages/exia_msgs/msg/_navigation_goal.py
-- Installing: /home/zech/exia_ws/install/exia_msgs/local/lib/python3.10/dist-packages/exia_msgs/exia_msgs_s__rosidl_typesupport_introspection_c.cpython-310-x86_64-linux-gnu.so
-- Installing: /home/zech/exia_ws/install/exia_msgs/local/lib/python3.10/dist-packages/exia_msgs/_exia_msgs_s.ep.rosidl_typesupport_introspection_c.c
Listing '/home/zech/exia_ws/install/exia_msgs/local/lib/python3.10/dist-packages/exia_msgs'...
Compiling '/home/zech/exia_ws/install/exia_msgs/local/lib/python3.10/dist-packages/exia_msgs/__init__.py'...
Listing '/home/zech/exia_ws/install/exia_msgs/local/lib/python3.10/dist-packages/exia_msgs/msg'...
Compiling '/home/zech/exia_ws/install/exia_msgs/local/lib/python3.10/dist-packages/exia_msgs/msg/__init__.py'...
Compiling '/home/zech/exia_ws/install/exia_msgs/local/lib/python3.10/dist-packages/exia_msgs/msg/_navigation_goal.py'...
-- Installing: /home/zech/exia_ws/install/exia_msgs/local/lib/python3.10/dist-packages/exia_msgs/exia_msgs_s__rosidl_typesupport_fastrtps_c.cpython-310-x86_64-linux-gnu.so
-- Set runtime path of "/home/zech/exia_ws/install/exia_msgs/local/lib/python3.10/dist-packages/exia_msgs/exia_msgs_s__rosidl_typesupport_fastrtps_c.cpython-310-x86_64-linux-gnu.so" to ""
-- Installing: /home/zech/exia_ws/install/exia_msgs/local/lib/python3.10/dist-packages/exia_msgs/exia_msgs_s__rosidl_typesupport_introspection_c.cpython-310-x86_64-linux-gnu.so
-- Set runtime path of "/home/zech/exia_ws/install/exia_msgs/local/lib/python3.10/dist-packages/exia_msgs/exia_msgs_s__rosidl_typesupport_introspection_c.cpython-310-x86_64-linux-gnu.so" to ""
-- Installing: /home/zech/exia_ws/install/exia_msgs/local/lib/python3.10/dist-packages/exia_msgs/exia_msgs_s__rosidl_typesupport_c.cpython-310-x86_64-linux-gnu.so
-- Set runtime path of "/home/zech/exia_ws/install/exia_msgs/local/lib/python3.10/dist-packages/exia_msgs/exia_msgs_s__rosidl_typesupport_c.cpython-310-x86_64-linux-gnu.so" to ""
-- Installing: /home/zech/exia_ws/install/exia_msgs/lib/libexia_msgs__rosidl_generator_py.so
-- Set runtime path of "/home/zech/exia_ws/install/exia_msgs/lib/libexia_msgs__rosidl_generator_py.so" to ""
-- Installing: /home/zech/exia_ws/install/exia_msgs/share/exia_msgs/msg/NavigationGoal.idl
-- Installing: /home/zech/exia_ws/install/exia_msgs/share/exia_msgs/msg/NavigationGoal.msg
-- Up-to-date: /home/zech/exia_ws/install/exia_msgs/share/ament_index/resource_index/package_run_dependencies/exia_msgs
-- Installing: /home/zech/exia_ws/install/exia_msgs/share/ament_index/resource_index/parent_prefix_path/exia_msgs
-- Up-to-date: /home/zech/exia_ws/install/exia_msgs/share/exia_msgs/environment/ament_prefix_path.sh
-- Installing: /home/zech/exia_ws/install/exia_msgs/share/exia_msgs/environment/ament_prefix_path.dsv
-- Up-to-date: /home/zech/exia_ws/install/exia_msgs/share/exia_msgs/environment/path.sh
-- Installing: /home/zech/exia_ws/install/exia_msgs/share/exia_msgs/environment/path.dsv
-- Up-to-date: /home/zech/exia_ws/install/exia_msgs/share/exia_msgs/local_setup.bash
-- Installing: /home/zech/exia_ws/install/exia_msgs/share/exia_msgs/local_setup.sh
-- Up-to-date: /home/zech/exia_ws/install/exia_msgs/share/exia_msgs/local_setup.zsh
-- Installing: /home/zech/exia_ws/install/exia_msgs/share/exia_msgs/local_setup.dsv
-- Installing: /home/zech/exia_ws/install/exia_msgs/share/exia_msgs/package.dsv
-- Up-to-date: /home/zech/exia_ws/install/exia_msgs/share/ament_index/resource_index/packages/exia_msgs
-- Installing: /home/zech/exia_ws/install/exia_msgs/share/exia_msgs/cmake/export_exia_msgs__rosidl_generator_cExport.cmake
-- Installing: /home/zech/exia_ws/install/exia_msgs/share/exia_msgs/cmake/export_exia_msgs__rosidl_generator_cExport-noconfig.cmake
-- Installing: /home/zech/exia_ws/install/exia_msgs/share/exia_msgs/cmake/export_exia_msgs__rosidl_typesupport_fastrtps_cExport.cmake
-- Installing: /home/zech/exia_ws/install/exia_msgs/share/exia_msgs/cmake/export_exia_msgs__rosidl_typesupport_fastrtps_cExport-noconfig.cmake
-- Installing: /home/zech/exia_ws/install/exia_msgs/share/exia_msgs/cmake/exia_msgs__rosidl_typesupport_introspection_cExport.cmake
-- Installing: /home/zech/exia_ws/install/exia_msgs/share/exia_msgs/cmake/exia_msgs__rosidl_typesupport_introspection_cExport-noconfig.cmake
-- Installing: /home/zech/exia_ws/install/exia_msgs/share/exia_msgs/cmake/exia_msgs__rosidl_typesupport_cExport.cmake
-- Installing: /home/zech/exia_ws/install/exia_msgs/share/exia_msgs/cmake/exia_msgs__rosidl_typesupport_cExport-noconfig.cmake
-- Installing: /home/zech/exia_ws/install/exia_msgs/share/exia_msgs/cmake/export_exia_msgs__rosidl_generator_cppExport.cmake
-- Installing: /home/zech/exia_ws/install/exia_msgs/share/exia_msgs/cmake/export_exia_msgs__rosidl_typesupport_fastrtps_cppExport.cmake
-- Installing: /home/zech/exia_ws/install/exia_msgs/share/exia_msgs/cmake/export_exia_msgs__rosidl_typesupport_fastrtps_cppExport-noconfig.cmake
-- Installing: /home/zech/exia_ws/install/exia_msgs/share/exia_msgs/cmake/exia_msgs__rosidl_typesupport_introspection_cppExport.cmake
-- Installing: /home/zech/exia_ws/install/exia_msgs/share/exia_msgs/cmake/exia_msgs__rosidl_typesupport_introspection_cppExport-noconfig.cmake
-- Installing: /home/zech/exia_ws/install/exia_msgs/share/exia_msgs/cmake/exia_msgs__rosidl_typesupport_cppExport.cmake
-- Installing: /home/zech/exia_ws/install/exia_msgs/share/exia_msgs/cmake/exia_msgs__rosidl_typesupport_cppExport-noconfig.cmake
-- Installing: /home/zech/exia_ws/install/exia_msgs/share/exia_msgs/cmake/export_exia_msgs__rosidl_generator_pyExport.cmake
-- Installing: /home/zech/exia_ws/install/exia_msgs/share/exia_msgs/cmake/export_exia_msgs__rosidl_generator_pyExport-noconfig.cmake
-- Installing: /home/zech/exia_ws/install/exia_msgs/share/exia_msgs/cmake/rosidl_cmake-extras.cmake
-- Installing: /home/zech/exia_ws/install/exia_msgs/share/exia_msgs/cmake/ament_cmake_export_include_directories-extras.cmake
-- Installing: /home/zech/exia_ws/install/exia_msgs/share/exia_msgs/cmake/ament_cmake_export_libraries-extras.cmake
-- Installing: /home/zech/exia_ws/install/exia_msgs/share/exia_msgs/cmake/ament_cmake_export_targets-extras.cmake
-- Installing: /home/zech/exia_ws/install/exia_msgs/share/exia_msgs/cmake/rosidl_cmake_export_typesupport_targets-extras.cmake
-- Installing: /home/zech/exia_ws/install/exia_msgs/share/exia_msgs/cmake/ament_cmake_export_dependencies-extras.cmake
-- Installing: /home/zech/exia_ws/install/exia_msgs/share/exia_msgs/cmake/rosidl_cmake_export_typesupport_libraries-extras.cmake
-- Installing: /home/zech/exia_ws/install/exia_msgs/share/exia_msgs/cmake/exia_msgsConfig.cmake
-- Up-to-date: /home/zech/exia_ws/install/exia_msgs/share/exia_msgs/cmake/exia_msgsConfig-version.cmake
-- Up-to-date: /home/zech/exia_ws/install/exia_msgs/share/exia_msgs/package.xml
