[0.006s] Invoking command in '/home/zech/exia_ws/build/exia_msgs': CMAKE_PREFIX_PATH=${CMAKE_PREFIX_PATH}:/home/zech/exia_ws/install/exia_driver:/home/zech/exia_ws/install/exia_control:/opt/ros/humble /usr/bin/cmake --build /home/zech/exia_ws/build/exia_msgs -- -j20 -l20
[0.043s] [  3%] Built target exia_msgs__cpp
[0.044s] [ 12%] Built target exia_msgs__rosidl_generator_c
[0.049s] [ 12%] Built target ament_cmake_python_copy_exia_msgs
[0.056s] [ 22%] Built target exia_msgs__rosidl_typesupport_introspection_cpp
[0.057s] [ 32%] Built target exia_msgs__rosidl_typesupport_fastrtps_cpp
[0.058s] [ 41%] Built target exia_msgs__rosidl_typesupport_cpp
[0.059s] [ 51%] Built target exia_msgs__rosidl_typesupport_fastrtps_c
[0.061s] [ 61%] Built target exia_msgs__rosidl_typesupport_introspection_c
[0.066s] [ 70%] Built target exia_msgs__rosidl_typesupport_c
[0.080s] [ 70%] Built target exia_msgs
[0.094s] [ 74%] Generating Python code for ROS interfaces
[0.162s] running egg_info
[0.162s] writing exia_msgs.egg-info/PKG-INFO
[0.162s] writing dependency_links to exia_msgs.egg-info/dependency_links.txt
[0.162s] writing top-level names to exia_msgs.egg-info/top_level.txt
[0.164s] reading manifest file 'exia_msgs.egg-info/SOURCES.txt'
[0.164s] writing manifest file 'exia_msgs.egg-info/SOURCES.txt'
[0.178s] [ 74%] Built target ament_cmake_python_build_exia_msgs_egg
[0.256s] [ 74%] Built target exia_msgs__py
[0.271s] [ 77%] Building C object CMakeFiles/exia_msgs__rosidl_generator_py.dir/rosidl_generator_py/exia_msgs/msg/_navigation_goal_s.c.o
[0.349s] [ 80%] Linking C shared library rosidl_generator_py/exia_msgs/libexia_msgs__rosidl_generator_py.so
[0.385s] [ 80%] Built target exia_msgs__rosidl_generator_py
[0.408s] [ 83%] Building C object CMakeFiles/exia_msgs__rosidl_typesupport_introspection_c__pyext.dir/rosidl_generator_py/exia_msgs/_exia_msgs_s.ep.rosidl_typesupport_introspection_c.c.o
[0.409s] [ 87%] Building C object CMakeFiles/exia_msgs__rosidl_typesupport_c__pyext.dir/rosidl_generator_py/exia_msgs/_exia_msgs_s.ep.rosidl_typesupport_c.c.o
[0.409s] [ 90%] Building C object CMakeFiles/exia_msgs__rosidl_typesupport_fastrtps_c__pyext.dir/rosidl_generator_py/exia_msgs/_exia_msgs_s.ep.rosidl_typesupport_fastrtps_c.c.o
[0.469s] [ 93%] Linking C shared library rosidl_generator_py/exia_msgs/exia_msgs_s__rosidl_typesupport_c.cpython-310-x86_64-linux-gnu.so
[0.470s] [ 96%] Linking C shared library rosidl_generator_py/exia_msgs/exia_msgs_s__rosidl_typesupport_introspection_c.cpython-310-x86_64-linux-gnu.so
[0.473s] [100%] Linking C shared library rosidl_generator_py/exia_msgs/exia_msgs_s__rosidl_typesupport_fastrtps_c.cpython-310-x86_64-linux-gnu.so
[0.494s] [100%] Built target exia_msgs__rosidl_typesupport_introspection_c__pyext
[0.494s] [100%] Built target exia_msgs__rosidl_typesupport_c__pyext
[0.495s] [100%] Built target exia_msgs__rosidl_typesupport_fastrtps_c__pyext
[0.503s] Invoked command in '/home/zech/exia_ws/build/exia_msgs' returned '0': CMAKE_PREFIX_PATH=${CMAKE_PREFIX_PATH}:/home/zech/exia_ws/install/exia_driver:/home/zech/exia_ws/install/exia_control:/opt/ros/humble /usr/bin/cmake --build /home/zech/exia_ws/build/exia_msgs -- -j20 -l20
[0.510s] Invoking command in '/home/zech/exia_ws/build/exia_msgs': CMAKE_PREFIX_PATH=${CMAKE_PREFIX_PATH}:/home/zech/exia_ws/install/exia_driver:/home/zech/exia_ws/install/exia_control:/opt/ros/humble /usr/bin/cmake --install /home/zech/exia_ws/build/exia_msgs
[0.516s] -- Install configuration: ""
[0.516s] -- Installing: /home/zech/exia_ws/install/exia_msgs/share/ament_index/resource_index/rosidl_interfaces/exia_msgs
[0.516s] -- Installing: /home/zech/exia_ws/install/exia_msgs/include/exia_msgs/exia_msgs
[0.516s] -- Installing: /home/zech/exia_ws/install/exia_msgs/include/exia_msgs/exia_msgs/msg
[0.516s] -- Installing: /home/zech/exia_ws/install/exia_msgs/include/exia_msgs/exia_msgs/msg/rosidl_generator_c__visibility_control.h
[0.516s] -- Installing: /home/zech/exia_ws/install/exia_msgs/include/exia_msgs/exia_msgs/msg/navigation_goal.h
[0.517s] -- Installing: /home/zech/exia_ws/install/exia_msgs/include/exia_msgs/exia_msgs/msg/detail
[0.517s] -- Installing: /home/zech/exia_ws/install/exia_msgs/include/exia_msgs/exia_msgs/msg/detail/navigation_goal__functions.c
[0.517s] -- Installing: /home/zech/exia_ws/install/exia_msgs/include/exia_msgs/exia_msgs/msg/detail/navigation_goal__type_support.h
[0.517s] -- Installing: /home/zech/exia_ws/install/exia_msgs/include/exia_msgs/exia_msgs/msg/detail/navigation_goal__struct.h
[0.517s] -- Installing: /home/zech/exia_ws/install/exia_msgs/include/exia_msgs/exia_msgs/msg/detail/navigation_goal__functions.h
[0.517s] -- Installing: /home/zech/exia_ws/install/exia_msgs/share/exia_msgs/environment/library_path.sh
[0.517s] -- Installing: /home/zech/exia_ws/install/exia_msgs/share/exia_msgs/environment/library_path.dsv
[0.517s] -- Installing: /home/zech/exia_ws/install/exia_msgs/lib/libexia_msgs__rosidl_generator_c.so
[0.518s] -- Set runtime path of "/home/zech/exia_ws/install/exia_msgs/lib/libexia_msgs__rosidl_generator_c.so" to ""
[0.518s] -- Up-to-date: /home/zech/exia_ws/install/exia_msgs/include/exia_msgs/exia_msgs
[0.518s] -- Up-to-date: /home/zech/exia_ws/install/exia_msgs/include/exia_msgs/exia_msgs/msg
[0.518s] -- Installing: /home/zech/exia_ws/install/exia_msgs/include/exia_msgs/exia_msgs/msg/rosidl_typesupport_fastrtps_c__visibility_control.h
[0.518s] -- Up-to-date: /home/zech/exia_ws/install/exia_msgs/include/exia_msgs/exia_msgs/msg/detail
[0.518s] -- Installing: /home/zech/exia_ws/install/exia_msgs/include/exia_msgs/exia_msgs/msg/detail/navigation_goal__rosidl_typesupport_fastrtps_c.h
[0.518s] -- Installing: /home/zech/exia_ws/install/exia_msgs/lib/libexia_msgs__rosidl_typesupport_fastrtps_c.so
[0.519s] -- Set runtime path of "/home/zech/exia_ws/install/exia_msgs/lib/libexia_msgs__rosidl_typesupport_fastrtps_c.so" to ""
[0.519s] -- Up-to-date: /home/zech/exia_ws/install/exia_msgs/include/exia_msgs/exia_msgs
[0.519s] -- Up-to-date: /home/zech/exia_ws/install/exia_msgs/include/exia_msgs/exia_msgs/msg
[0.519s] -- Installing: /home/zech/exia_ws/install/exia_msgs/include/exia_msgs/exia_msgs/msg/rosidl_typesupport_introspection_c__visibility_control.h
[0.519s] -- Up-to-date: /home/zech/exia_ws/install/exia_msgs/include/exia_msgs/exia_msgs/msg/detail
[0.519s] -- Installing: /home/zech/exia_ws/install/exia_msgs/include/exia_msgs/exia_msgs/msg/detail/navigation_goal__rosidl_typesupport_introspection_c.h
[0.519s] -- Installing: /home/zech/exia_ws/install/exia_msgs/include/exia_msgs/exia_msgs/msg/detail/navigation_goal__type_support.c
[0.519s] -- Installing: /home/zech/exia_ws/install/exia_msgs/lib/libexia_msgs__rosidl_typesupport_introspection_c.so
[0.519s] -- Set runtime path of "/home/zech/exia_ws/install/exia_msgs/lib/libexia_msgs__rosidl_typesupport_introspection_c.so" to ""
[0.519s] -- Installing: /home/zech/exia_ws/install/exia_msgs/lib/libexia_msgs__rosidl_typesupport_c.so
[0.520s] -- Set runtime path of "/home/zech/exia_ws/install/exia_msgs/lib/libexia_msgs__rosidl_typesupport_c.so" to ""
[0.520s] -- Up-to-date: /home/zech/exia_ws/install/exia_msgs/include/exia_msgs/exia_msgs
[0.520s] -- Up-to-date: /home/zech/exia_ws/install/exia_msgs/include/exia_msgs/exia_msgs/msg
[0.520s] -- Installing: /home/zech/exia_ws/install/exia_msgs/include/exia_msgs/exia_msgs/msg/rosidl_generator_cpp__visibility_control.hpp
[0.520s] -- Installing: /home/zech/exia_ws/install/exia_msgs/include/exia_msgs/exia_msgs/msg/navigation_goal.hpp
[0.520s] -- Up-to-date: /home/zech/exia_ws/install/exia_msgs/include/exia_msgs/exia_msgs/msg/detail
[0.520s] -- Installing: /home/zech/exia_ws/install/exia_msgs/include/exia_msgs/exia_msgs/msg/detail/navigation_goal__struct.hpp
[0.520s] -- Installing: /home/zech/exia_ws/install/exia_msgs/include/exia_msgs/exia_msgs/msg/detail/navigation_goal__traits.hpp
[0.521s] -- Installing: /home/zech/exia_ws/install/exia_msgs/include/exia_msgs/exia_msgs/msg/detail/navigation_goal__type_support.hpp
[0.521s] -- Installing: /home/zech/exia_ws/install/exia_msgs/include/exia_msgs/exia_msgs/msg/detail/navigation_goal__builder.hpp
[0.521s] -- Up-to-date: /home/zech/exia_ws/install/exia_msgs/include/exia_msgs/exia_msgs
[0.521s] -- Up-to-date: /home/zech/exia_ws/install/exia_msgs/include/exia_msgs/exia_msgs/msg
[0.521s] -- Installing: /home/zech/exia_ws/install/exia_msgs/include/exia_msgs/exia_msgs/msg/rosidl_typesupport_fastrtps_cpp__visibility_control.h
[0.521s] -- Up-to-date: /home/zech/exia_ws/install/exia_msgs/include/exia_msgs/exia_msgs/msg/detail
[0.521s] -- Installing: /home/zech/exia_ws/install/exia_msgs/include/exia_msgs/exia_msgs/msg/detail/navigation_goal__rosidl_typesupport_fastrtps_cpp.hpp
[0.521s] -- Installing: /home/zech/exia_ws/install/exia_msgs/include/exia_msgs/exia_msgs/msg/detail/dds_fastrtps
[0.521s] -- Installing: /home/zech/exia_ws/install/exia_msgs/lib/libexia_msgs__rosidl_typesupport_fastrtps_cpp.so
[0.521s] -- Set runtime path of "/home/zech/exia_ws/install/exia_msgs/lib/libexia_msgs__rosidl_typesupport_fastrtps_cpp.so" to ""
[0.521s] -- Up-to-date: /home/zech/exia_ws/install/exia_msgs/include/exia_msgs/exia_msgs
[0.521s] -- Up-to-date: /home/zech/exia_ws/install/exia_msgs/include/exia_msgs/exia_msgs/msg
[0.521s] -- Up-to-date: /home/zech/exia_ws/install/exia_msgs/include/exia_msgs/exia_msgs/msg/detail
[0.521s] -- Installing: /home/zech/exia_ws/install/exia_msgs/include/exia_msgs/exia_msgs/msg/detail/navigation_goal__rosidl_typesupport_introspection_cpp.hpp
[0.521s] -- Installing: /home/zech/exia_ws/install/exia_msgs/include/exia_msgs/exia_msgs/msg/detail/navigation_goal__type_support.cpp
[0.521s] -- Installing: /home/zech/exia_ws/install/exia_msgs/lib/libexia_msgs__rosidl_typesupport_introspection_cpp.so
[0.521s] -- Set runtime path of "/home/zech/exia_ws/install/exia_msgs/lib/libexia_msgs__rosidl_typesupport_introspection_cpp.so" to ""
[0.521s] -- Installing: /home/zech/exia_ws/install/exia_msgs/lib/libexia_msgs__rosidl_typesupport_cpp.so
[0.522s] -- Set runtime path of "/home/zech/exia_ws/install/exia_msgs/lib/libexia_msgs__rosidl_typesupport_cpp.so" to ""
[0.522s] -- Installing: /home/zech/exia_ws/install/exia_msgs/share/exia_msgs/environment/pythonpath.sh
[0.522s] -- Installing: /home/zech/exia_ws/install/exia_msgs/share/exia_msgs/environment/pythonpath.dsv
[0.522s] -- Installing: /home/zech/exia_ws/install/exia_msgs/local/lib/python3.10/dist-packages/exia_msgs-1.0.0-py3.10.egg-info
[0.522s] -- Installing: /home/zech/exia_ws/install/exia_msgs/local/lib/python3.10/dist-packages/exia_msgs-1.0.0-py3.10.egg-info/SOURCES.txt
[0.522s] -- Installing: /home/zech/exia_ws/install/exia_msgs/local/lib/python3.10/dist-packages/exia_msgs-1.0.0-py3.10.egg-info/dependency_links.txt
[0.522s] -- Installing: /home/zech/exia_ws/install/exia_msgs/local/lib/python3.10/dist-packages/exia_msgs-1.0.0-py3.10.egg-info/PKG-INFO
[0.522s] -- Installing: /home/zech/exia_ws/install/exia_msgs/local/lib/python3.10/dist-packages/exia_msgs-1.0.0-py3.10.egg-info/top_level.txt
[0.522s] -- Installing: /home/zech/exia_ws/install/exia_msgs/local/lib/python3.10/dist-packages/exia_msgs
[0.522s] -- Installing: /home/zech/exia_ws/install/exia_msgs/local/lib/python3.10/dist-packages/exia_msgs/exia_msgs_s__rosidl_typesupport_fastrtps_c.cpython-310-x86_64-linux-gnu.so
[0.522s] -- Installing: /home/zech/exia_ws/install/exia_msgs/local/lib/python3.10/dist-packages/exia_msgs/_exia_msgs_s.ep.rosidl_typesupport_fastrtps_c.c
[0.522s] -- Installing: /home/zech/exia_ws/install/exia_msgs/local/lib/python3.10/dist-packages/exia_msgs/__init__.py
[0.522s] -- Installing: /home/zech/exia_ws/install/exia_msgs/local/lib/python3.10/dist-packages/exia_msgs/libexia_msgs__rosidl_generator_py.so
[0.522s] -- Installing: /home/zech/exia_ws/install/exia_msgs/local/lib/python3.10/dist-packages/exia_msgs/exia_msgs_s__rosidl_typesupport_c.cpython-310-x86_64-linux-gnu.so
[0.522s] -- Installing: /home/zech/exia_ws/install/exia_msgs/local/lib/python3.10/dist-packages/exia_msgs/_exia_msgs_s.ep.rosidl_typesupport_c.c
[0.522s] -- Installing: /home/zech/exia_ws/install/exia_msgs/local/lib/python3.10/dist-packages/exia_msgs/msg
[0.522s] -- Installing: /home/zech/exia_ws/install/exia_msgs/local/lib/python3.10/dist-packages/exia_msgs/msg/_navigation_goal_s.c
[0.522s] -- Installing: /home/zech/exia_ws/install/exia_msgs/local/lib/python3.10/dist-packages/exia_msgs/msg/__init__.py
[0.522s] -- Installing: /home/zech/exia_ws/install/exia_msgs/local/lib/python3.10/dist-packages/exia_msgs/msg/_navigation_goal.py
[0.522s] -- Installing: /home/zech/exia_ws/install/exia_msgs/local/lib/python3.10/dist-packages/exia_msgs/exia_msgs_s__rosidl_typesupport_introspection_c.cpython-310-x86_64-linux-gnu.so
[0.522s] -- Installing: /home/zech/exia_ws/install/exia_msgs/local/lib/python3.10/dist-packages/exia_msgs/_exia_msgs_s.ep.rosidl_typesupport_introspection_c.c
[0.542s] Listing '/home/zech/exia_ws/install/exia_msgs/local/lib/python3.10/dist-packages/exia_msgs'...
[0.543s] Compiling '/home/zech/exia_ws/install/exia_msgs/local/lib/python3.10/dist-packages/exia_msgs/__init__.py'...
[0.543s] Listing '/home/zech/exia_ws/install/exia_msgs/local/lib/python3.10/dist-packages/exia_msgs/msg'...
[0.543s] Compiling '/home/zech/exia_ws/install/exia_msgs/local/lib/python3.10/dist-packages/exia_msgs/msg/__init__.py'...
[0.543s] Compiling '/home/zech/exia_ws/install/exia_msgs/local/lib/python3.10/dist-packages/exia_msgs/msg/_navigation_goal.py'...
[0.545s] -- Installing: /home/zech/exia_ws/install/exia_msgs/local/lib/python3.10/dist-packages/exia_msgs/exia_msgs_s__rosidl_typesupport_fastrtps_c.cpython-310-x86_64-linux-gnu.so
[0.545s] -- Set runtime path of "/home/zech/exia_ws/install/exia_msgs/local/lib/python3.10/dist-packages/exia_msgs/exia_msgs_s__rosidl_typesupport_fastrtps_c.cpython-310-x86_64-linux-gnu.so" to ""
[0.546s] -- Installing: /home/zech/exia_ws/install/exia_msgs/local/lib/python3.10/dist-packages/exia_msgs/exia_msgs_s__rosidl_typesupport_introspection_c.cpython-310-x86_64-linux-gnu.so
[0.546s] -- Set runtime path of "/home/zech/exia_ws/install/exia_msgs/local/lib/python3.10/dist-packages/exia_msgs/exia_msgs_s__rosidl_typesupport_introspection_c.cpython-310-x86_64-linux-gnu.so" to ""
[0.546s] -- Installing: /home/zech/exia_ws/install/exia_msgs/local/lib/python3.10/dist-packages/exia_msgs/exia_msgs_s__rosidl_typesupport_c.cpython-310-x86_64-linux-gnu.so
[0.546s] -- Set runtime path of "/home/zech/exia_ws/install/exia_msgs/local/lib/python3.10/dist-packages/exia_msgs/exia_msgs_s__rosidl_typesupport_c.cpython-310-x86_64-linux-gnu.so" to ""
[0.546s] -- Installing: /home/zech/exia_ws/install/exia_msgs/lib/libexia_msgs__rosidl_generator_py.so
[0.546s] -- Set runtime path of "/home/zech/exia_ws/install/exia_msgs/lib/libexia_msgs__rosidl_generator_py.so" to ""
[0.546s] -- Installing: /home/zech/exia_ws/install/exia_msgs/share/exia_msgs/msg/NavigationGoal.idl
[0.546s] -- Installing: /home/zech/exia_ws/install/exia_msgs/share/exia_msgs/msg/NavigationGoal.msg
[0.546s] -- Up-to-date: /home/zech/exia_ws/install/exia_msgs/share/ament_index/resource_index/package_run_dependencies/exia_msgs
[0.547s] -- Installing: /home/zech/exia_ws/install/exia_msgs/share/ament_index/resource_index/parent_prefix_path/exia_msgs
[0.547s] -- Up-to-date: /home/zech/exia_ws/install/exia_msgs/share/exia_msgs/environment/ament_prefix_path.sh
[0.547s] -- Installing: /home/zech/exia_ws/install/exia_msgs/share/exia_msgs/environment/ament_prefix_path.dsv
[0.547s] -- Up-to-date: /home/zech/exia_ws/install/exia_msgs/share/exia_msgs/environment/path.sh
[0.547s] -- Installing: /home/zech/exia_ws/install/exia_msgs/share/exia_msgs/environment/path.dsv
[0.547s] -- Up-to-date: /home/zech/exia_ws/install/exia_msgs/share/exia_msgs/local_setup.bash
[0.547s] -- Installing: /home/zech/exia_ws/install/exia_msgs/share/exia_msgs/local_setup.sh
[0.547s] -- Up-to-date: /home/zech/exia_ws/install/exia_msgs/share/exia_msgs/local_setup.zsh
[0.547s] -- Installing: /home/zech/exia_ws/install/exia_msgs/share/exia_msgs/local_setup.dsv
[0.547s] -- Installing: /home/zech/exia_ws/install/exia_msgs/share/exia_msgs/package.dsv
[0.547s] -- Up-to-date: /home/zech/exia_ws/install/exia_msgs/share/ament_index/resource_index/packages/exia_msgs
[0.547s] -- Installing: /home/zech/exia_ws/install/exia_msgs/share/exia_msgs/cmake/export_exia_msgs__rosidl_generator_cExport.cmake
[0.547s] -- Installing: /home/zech/exia_ws/install/exia_msgs/share/exia_msgs/cmake/export_exia_msgs__rosidl_generator_cExport-noconfig.cmake
[0.548s] -- Installing: /home/zech/exia_ws/install/exia_msgs/share/exia_msgs/cmake/export_exia_msgs__rosidl_typesupport_fastrtps_cExport.cmake
[0.548s] -- Installing: /home/zech/exia_ws/install/exia_msgs/share/exia_msgs/cmake/export_exia_msgs__rosidl_typesupport_fastrtps_cExport-noconfig.cmake
[0.548s] -- Installing: /home/zech/exia_ws/install/exia_msgs/share/exia_msgs/cmake/exia_msgs__rosidl_typesupport_introspection_cExport.cmake
[0.548s] -- Installing: /home/zech/exia_ws/install/exia_msgs/share/exia_msgs/cmake/exia_msgs__rosidl_typesupport_introspection_cExport-noconfig.cmake
[0.548s] -- Installing: /home/zech/exia_ws/install/exia_msgs/share/exia_msgs/cmake/exia_msgs__rosidl_typesupport_cExport.cmake
[0.548s] -- Installing: /home/zech/exia_ws/install/exia_msgs/share/exia_msgs/cmake/exia_msgs__rosidl_typesupport_cExport-noconfig.cmake
[0.548s] -- Installing: /home/zech/exia_ws/install/exia_msgs/share/exia_msgs/cmake/export_exia_msgs__rosidl_generator_cppExport.cmake
[0.548s] -- Installing: /home/zech/exia_ws/install/exia_msgs/share/exia_msgs/cmake/export_exia_msgs__rosidl_typesupport_fastrtps_cppExport.cmake
[0.548s] -- Installing: /home/zech/exia_ws/install/exia_msgs/share/exia_msgs/cmake/export_exia_msgs__rosidl_typesupport_fastrtps_cppExport-noconfig.cmake
[0.548s] -- Installing: /home/zech/exia_ws/install/exia_msgs/share/exia_msgs/cmake/exia_msgs__rosidl_typesupport_introspection_cppExport.cmake
[0.548s] -- Installing: /home/zech/exia_ws/install/exia_msgs/share/exia_msgs/cmake/exia_msgs__rosidl_typesupport_introspection_cppExport-noconfig.cmake
[0.548s] -- Installing: /home/zech/exia_ws/install/exia_msgs/share/exia_msgs/cmake/exia_msgs__rosidl_typesupport_cppExport.cmake
[0.548s] -- Installing: /home/zech/exia_ws/install/exia_msgs/share/exia_msgs/cmake/exia_msgs__rosidl_typesupport_cppExport-noconfig.cmake
[0.548s] -- Installing: /home/zech/exia_ws/install/exia_msgs/share/exia_msgs/cmake/export_exia_msgs__rosidl_generator_pyExport.cmake
[0.549s] -- Installing: /home/zech/exia_ws/install/exia_msgs/share/exia_msgs/cmake/export_exia_msgs__rosidl_generator_pyExport-noconfig.cmake
[0.549s] -- Installing: /home/zech/exia_ws/install/exia_msgs/share/exia_msgs/cmake/rosidl_cmake-extras.cmake
[0.549s] -- Installing: /home/zech/exia_ws/install/exia_msgs/share/exia_msgs/cmake/ament_cmake_export_include_directories-extras.cmake
[0.549s] -- Installing: /home/zech/exia_ws/install/exia_msgs/share/exia_msgs/cmake/ament_cmake_export_libraries-extras.cmake
[0.549s] -- Installing: /home/zech/exia_ws/install/exia_msgs/share/exia_msgs/cmake/ament_cmake_export_targets-extras.cmake
[0.549s] -- Installing: /home/zech/exia_ws/install/exia_msgs/share/exia_msgs/cmake/rosidl_cmake_export_typesupport_targets-extras.cmake
[0.549s] -- Installing: /home/zech/exia_ws/install/exia_msgs/share/exia_msgs/cmake/ament_cmake_export_dependencies-extras.cmake
[0.549s] -- Installing: /home/zech/exia_ws/install/exia_msgs/share/exia_msgs/cmake/rosidl_cmake_export_typesupport_libraries-extras.cmake
[0.549s] -- Installing: /home/zech/exia_ws/install/exia_msgs/share/exia_msgs/cmake/exia_msgsConfig.cmake
[0.550s] -- Up-to-date: /home/zech/exia_ws/install/exia_msgs/share/exia_msgs/cmake/exia_msgsConfig-version.cmake
[0.550s] -- Up-to-date: /home/zech/exia_ws/install/exia_msgs/share/exia_msgs/package.xml
[0.550s] Invoked command in '/home/zech/exia_ws/build/exia_msgs' returned '0': CMAKE_PREFIX_PATH=${CMAKE_PREFIX_PATH}:/home/zech/exia_ws/install/exia_driver:/home/zech/exia_ws/install/exia_control:/opt/ros/humble /usr/bin/cmake --install /home/zech/exia_ws/build/exia_msgs
